"686d5249-052b-4467-a46a-5b3917a2115b","4/6/2026, 8:41:35.705 AM",OpsManager,"SOC-LabTest-RG\claudio",User,"SOC-LabTest-RG","Microsoft-Windows-Security-Auditing",Security,12544,0,,4625,"4625 - An account failed to log on.",,,,,,,,,,,,,,,,,,,,NTLM,,,,,,,,,,,,,,,,,,,,,,,,,,,,,,,,,"%%2313",,,,,,,,,,,,,,,,"185.156.73.169",0,0,"-",,,,,,,,,"NtLmSsp ",3,"3 - Network",,,,,,,,,,,,,,,,,,,,,,,,,,,,,,,,,,,,,,,,,,,,,,,,,"-",0x0,"-",,,,,,,,,,,,,,,,,,,,,,,,,,,,,0xc000006d,"-\-",,,,"-",,0x0,,,"-","S-1-0-0",0xc0000064,,"SOC-LabTest-RG\claudio","SOC-LabTest-RG",,,,,,,,,,claudio,"S-1-0-0",,,,,,,,"-",,,,,,,,"-",LogAlways,"c30dff82-6b97-43a0-ac83-f134bafd8c78","c30dff82-6b97-43a0-ac83-f134bafd8c79","00000000-0000-0000-0000-000000000001","4/6/2026, 8:42:13.414 AM","AOI-686d5249-052b-4467-a46a-5b3917a2115b","N/A",0,0,0x8010000000000000,"{c30dff82-6b97-0001-3685-f50e8bc5dc01}",912,2964,2044,SecurityEvent,"/subscriptions/d2baea97-676b-4bde-acc8-351170ec332a/resourcegroups/rg-soc-lab-april/providers/microsoft.compute/virtualmachines/soc-labtest-rg"
"686d5249-052b-4467-a46a-5b3917a2115b","4/6/2026, 8:41:35.741 AM",OpsManager,"SOC-LabTest-RG\jadolt",User,"SOC-LabTest-RG","Microsoft-Windows-Security-Auditing",Security,12544,0,,4625,"4625 - An account failed to log on.",,,,,,,,,,,,,,,,,,,,NTLM,,,,,,,,,,,,,,,,,,,,,,,,,,,,,,,,,"%%2313",,,,,,,,,,,,,,,,"185.156.73.74",0,0,"-",,,,,,,,,"NtLmSsp ",3,"3 - Network",,,,,,,,,,,,,,,,,,,,,,,,,,,,,,,,,,,,,,,,,,,,,,,,,"-",0x0,"-",,,,,,,,,,,,,,,,,,,,,,,,,,,,,0xc000006d,"-\-",,,,"-",,0x0,,,"-","S-1-0-0",0xc0000064,,"SOC-LabTest-RG\jadolt","SOC-LabTest-RG",,,,,,,,,,jadolt,"S-1-0-0",,,,,,,,"-",,,,,,,,"-",LogAlways,"c30dff82-6b97-43a0-ac83-f134bafd8c78","c30dff82-6b97-43a0-ac83-f134bafd8c79","00000000-0000-0000-0000-000000000001","4/6/2026, 8:42:13.414 AM","AOI-686d5249-052b-4467-a46a-5b3917a2115b","N/A",0,0,0x8010000000000000,"{c30dff82-6b97-0001-3685-f50e8bc5dc01}",912,2964,2045,SecurityEvent,"/subscriptions/d2baea97-676b-4bde-acc8-351170ec332a/resourcegroups/rg-soc-lab-april/providers/microsoft.compute/virtualmachines/soc-labtest-rg"
"686d5249-052b-4467-a46a-5b3917a2115b","4/6/2026, 8:41:35.980 AM",OpsManager,"SOC-LabTest-RG\lasse",User,"SOC-LabTest-RG","Microsoft-Windows-Security-Auditing",Security,12544,0,,4625,"4625 - An account failed to log on.",,,,,,,,,,,,,,,,,,,,NTLM,,,,,,,,,,,,,,,,,,,,,,,,,,,,,,,,,"%%2313",,,,,,,,,,,,,,,,"185.156.73.169",0,0,"-",,,,,,,,,"NtLmSsp ",3,"3 - Network",,,,,,,,,,,,,,,,,,,,,,,,,,,,,,,,,,,,,,,,,,,,,,,,,"-",0x0,"-",,,,,,,,,,,,,,,,,,,,,,,,,,,,,0xc000006d,"-\-",,,,"-",,0x0,,,"-","S-1-0-0",0xc0000064,,"SOC-LabTest-RG\lasse","SOC-LabTest-RG",,,,,,,,,,lasse,"S-1-0-0",,,,,,,,"-",,,,,,,,"-",LogAlways,"c30dff82-6b97-43a0-ac83-f134bafd8c78","c30dff82-6b97-43a0-ac83-f134bafd8c79","00000000-0000-0000-0000-000000000001","4/6/2026, 8:42:13.414 AM","AOI-686d5249-052b-4467-a46a-5b3917a2115b","N/A",0,0,0x8010000000000000,"{c30dff82-6b97-0001-3685-f50e8bc5dc01}",912,2964,2046,SecurityEvent,"/subscriptions/d2baea97-676b-4bde-acc8-351170ec332a/resourcegroups/rg-soc-lab-april/providers/microsoft.compute/virtualmachines/soc-labtest-rg"
"686d5249-052b-4467-a46a-5b3917a2115b","4/6/2026, 8:41:36.110 AM",OpsManager,"SOC-LabTest-RG\admin",User,"SOC-LabTest-RG","Microsoft-Windows-Security-Auditing",Security,12544,0,,4625,"4625 - An account failed to log on.",,,,,,,,,,,,,,,,,,,,NTLM,,,,,,,,,,,,,,,,,,,,,,,,,,,,,,,,,"%%2313",,,,,,,,,,,,,,,,"185.156.73.74",0,0,"-",,,,,,,,,"NtLmSsp ",3,"3 - Network",,,,,,,,,,,,,,,,,,,,,,,,,,,,,,,,,,,,,,,,,,,,,,,,,"-",0x0,"-",,,,,,,,,,,,,,,,,,,,,,,,,,,,,0xc000006d,"-\-",,,,"-",,0x0,,,"-","S-1-0-0",0xc0000064,,"SOC-LabTest-RG\admin","SOC-LabTest-RG",,,,,,,,,,admin,"S-1-0-0",,,,,,,,"-",,,,,,,,"-",LogAlways,"c30dff82-6b97-43a0-ac83-f134bafd8c78","c30dff82-6b97-43a0-ac83-f134bafd8c79","00000000-0000-0000-0000-000000000001","4/6/2026, 8:42:13.414 AM","AOI-686d5249-052b-4467-a46a-5b3917a2115b","N/A",0,0,0x8010000000000000,"{c30dff82-6b97-0001-3685-f50e8bc5dc01}",912,2964,2047,SecurityEvent,"/subscriptions/d2baea97-676b-4bde-acc8-351170ec332a/resourcegroups/rg-soc-lab-april/providers/microsoft.compute/virtualmachines/soc-labtest-rg"
"686d5249-052b-4467-a46a-5b3917a2115b","4/6/2026, 8:41:36.411 AM",OpsManager,"SOC-LabTest-RG\test",User,"SOC-LabTest-RG","Microsoft-Windows-Security-Auditing",Security,12544,0,,4625,"4625 - An account failed to log on.",,,,,,,,,,,,,,,,,,,,NTLM,,,,,,,,,,,,,,,,,,,,,,,,,,,,,,,,,"%%2313",,,,,,,,,,,,,,,,"185.156.73.74",0,0,"-",,,,,,,,,"NtLmSsp ",3,"3 - Network",,,,,,,,,,,,,,,,,,,,,,,,,,,,,,,,,,,,,,,,,,,,,,,,,"-",0x0,"-",,,,,,,,,,,,,,,,,,,,,,,,,,,,,0xc000006d,"-\-",,,,"-",,0x0,,,"-","S-1-0-0",0xc0000064,,"SOC-LabTest-RG\test","SOC-LabTest-RG",,,,,,,,,,test,"S-1-0-0",,,,,,,,"-",,,,,,,,"-",LogAlways,"c30dff82-6b97-43a0-ac83-f134bafd8c78","c30dff82-6b97-43a0-ac83-f134bafd8c79","00000000-0000-0000-0000-000000000001","4/6/2026, 8:42:13.414 AM","AOI-686d5249-052b-4467-a46a-5b3917a2115b","N/A",0,0,0x8010000000000000,"{c30dff82-6b97-0001-3685-f50e8bc5dc01}",912,2964,2048,SecurityEvent,"/subscriptions/d2baea97-676b-4bde-acc8-351170ec332a/resourcegroups/rg-soc-lab-april/providers/microsoft.compute/virtualmachines/soc-labtest-rg"
"686d5249-052b-4467-a46a-5b3917a2115b","4/6/2026, 8:41:36.546 AM",OpsManager,"SOC-LabTest-RG\fire",User,"SOC-LabTest-RG","Microsoft-Windows-Security-Auditing",Security,12544,0,,4625,"4625 - An account failed to log on.",,,,,,,,,,,,,,,,,,,,NTLM,,,,,,,,,,,,,,,,,,,,,,,,,,,,,,,,,"%%2313",,,,,,,,,,,,,,,,"185.156.73.169",0,0,"-",,,,,,,,,"NtLmSsp ",3,"3 - Network",,,,,,,,,,,,,,,,,,,,,,,,,,,,,,,,,,,,,,,,,,,,,,,,,"-",0x0,"-",,,,,,,,,,,,,,,,,,,,,,,,,,,,,0xc000006d,"-\-",,,,"-",,0x0,,,"-","S-1-0-0",0xc0000064,,"SOC-LabTest-RG\fire","SOC-LabTest-RG",,,,,,,,,,fire,"S-1-0-0",,,,,,,,"-",,,,,,,,"-",LogAlways,"c30dff82-6b97-43a0-ac83-f134bafd8c78","c30dff82-6b97-43a0-ac83-f134bafd8c79","00000000-0000-0000-0000-000000000001","4/6/2026, 8:42:13.414 AM","AOI-686d5249-052b-4467-a46a-5b3917a2115b","N/A",0,0,0x8010000000000000,"{c30dff82-6b97-0001-3685-f50e8bc5dc01}",912,2964,2049,SecurityEvent,"/subscriptions/d2baea97-676b-4bde-acc8-351170ec332a/resourcegroups/rg-soc-lab-april/providers/microsoft.compute/virtualmachines/soc-labtest-rg"
"686d5249-052b-4467-a46a-5b3917a2115b","4/6/2026, 8:41:36.772 AM",OpsManager,"SOC-LabTest-RG\recepcion",User,"SOC-LabTest-RG","Microsoft-Windows-Security-Auditing",Security,12544,0,,4625,"4625 - An account failed to log on.",,,,,,,,,,,,,,,,,,,,NTLM,,,,,,,,,,,,,,,,,,,,,,,,,,,,,,,,,"%%2313",,,,,,,,,,,,,,,,"185.156.73.74",0,0,"-",,,,,,,,,"NtLmSsp ",3,"3 - Network",,,,,,,,,,,,,,,,,,,,,,,,,,,,,,,,,,,,,,,,,,,,,,,,,"-",0x0,"-",,,,,,,,,,,,,,,,,,,,,,,,,,,,,0xc000006d,"-\-",,,,"-",,0x0,,,"-","S-1-0-0",0xc0000064,,"SOC-LabTest-RG\recepcion","SOC-LabTest-RG",,,,,,,,,,recepcion,"S-1-0-0",,,,,,,,"-",,,,,,,,"-",LogAlways,"c30dff82-6b97-43a0-ac83-f134bafd8c78","c30dff82-6b97-43a0-ac83-f134bafd8c79","00000000-0000-0000-0000-000000000001","4/6/2026, 8:42:13.414 AM","AOI-686d5249-052b-4467-a46a-5b3917a2115b","N/A",0,0,0x8010000000000000,"{c30dff82-6b97-0001-3685-f50e8bc5dc01}",912,2964,2050,SecurityEvent,"/subscriptions/d2baea97-676b-4bde-acc8-351170ec332a/resourcegroups/rg-soc-lab-april/providers/microsoft.compute/virtualmachines/soc-labtest-rg"
"686d5249-052b-4467-a46a-5b3917a2115b","4/6/2026, 8:41:36.877 AM",OpsManager,"SOC-LabTest-RG\marsili",User,"SOC-LabTest-RG","Microsoft-Windows-Security-Auditing",Security,12544,0,,4625,"4625 - An account failed to log on.",,,,,,,,,,,,,,,,,,,,NTLM,,,,,,,,,,,,,,,,,,,,,,,,,,,,,,,,,"%%2313",,,,,,,,,,,,,,,,"185.156.73.169",0,0,"-",,,,,,,,,"NtLmSsp ",3,"3 - Network",,,,,,,,,,,,,,,,,,,,,,,,,,,,,,,,,,,,,,,,,,,,,,,,,"-",0x0,"-",,,,,,,,,,,,,,,,,,,,,,,,,,,,,0xc000006d,"-\-",,,,"-",,0x0,,,"-","S-1-0-0",0xc0000064,,"SOC-LabTest-RG\marsili","SOC-LabTest-RG",,,,,,,,,,marsili,"S-1-0-0",,,,,,,,"-",,,,,,,,"-",LogAlways,"c30dff82-6b97-43a0-ac83-f134bafd8c78","c30dff82-6b97-43a0-ac83-f134bafd8c79","00000000-0000-0000-0000-000000000001","4/6/2026, 8:42:13.414 AM","AOI-686d5249-052b-4467-a46a-5b3917a2115b","N/A",0,0,0x8010000000000000,"{c30dff82-6b97-0001-3685-f50e8bc5dc01}",912,2964,2051,SecurityEvent,"/subscriptions/d2baea97-676b-4bde-acc8-351170ec332a/resourcegroups/rg-soc-lab-april/providers/microsoft.compute/virtualmachines/soc-labtest-rg"
"686d5249-052b-4467-a46a-5b3917a2115b","4/6/2026, 8:41:37.153 AM",OpsManager,"SOC-LabTest-RG\cv",User,"SOC-LabTest-RG","Microsoft-Windows-Security-Auditing",Security,12544,0,,4625,"4625 - An account failed to log on.",,,,,,,,,,,,,,,,,,,,NTLM,,,,,,,,,,,,,,,,,,,,,,,,,,,,,,,,,"%%2313",,,,,,,,,,,,,,,,"185.156.73.169",0,0,"-",,,,,,,,,"NtLmSsp ",3,"3 - Network",,,,,,,,,,,,,,,,,,,,,,,,,,,,,,,,,,,,,,,,,,,,,,,,,"-",0x0,"-",,,,,,,,,,,,,,,,,,,,,,,,,,,,,0xc000006d,"-\-",,,,"-",,0x0,,,"-","S-1-0-0",0xc0000064,,"SOC-LabTest-RG\cv","SOC-LabTest-RG",,,,,,,,,,cv,"S-1-0-0",,,,,,,,"-",,,,,,,,"-",LogAlways,"c30dff82-6b97-43a0-ac83-f134bafd8c78","c30dff82-6b97-43a0-ac83-f134bafd8c79","00000000-0000-0000-0000-000000000001","4/6/2026, 8:42:13.414 AM","AOI-686d5249-052b-4467-a46a-5b3917a2115b","N/A",0,0,0x8010000000000000,"{c30dff82-6b97-0001-3685-f50e8bc5dc01}",912,2964,2052,SecurityEvent,"/subscriptions/d2baea97-676b-4bde-acc8-351170ec332a/resourcegroups/rg-soc-lab-april/providers/microsoft.compute/virtualmachines/soc-labtest-rg"
"686d5249-052b-4467-a46a-5b3917a2115b","4/6/2026, 8:41:37.274 AM",OpsManager,"SOC-LabTest-RG\administrator",User,"SOC-LabTest-RG","Microsoft-Windows-Security-Auditing",Security,12544,0,,4625,"4625 - An account failed to log on.",,,,,,,,,,,,,,,,,,,,NTLM,,,,,,,,,,,,,,,,,,,,,,,,,,,,,,,,,"%%2313",,,,,,,,,,,,,,,,"185.156.73.74",0,0,"-",,,,,,,,,"NtLmSsp ",3,"3 - Network",,,,,,,,,,,,,,,,,,,,,,,,,,,,,,,,,,,,,,,,,,,,,,,,,"-",0x0,"-",,,,,,,,,,,,,,,,,,,,,,,,,,,,,0xc000006d,"-\-",,,,"-",,0x0,,,"-","S-1-0-0",0xc0000064,,"SOC-LabTest-RG\administrator","SOC-LabTest-RG",,,,,,,,,,administrator,"S-1-0-0",,,,,,,,"-",,,,,,,,"-",LogAlways,"c30dff82-6b97-43a0-ac83-f134bafd8c78","c30dff82-6b97-43a0-ac83-f134bafd8c79","00000000-0000-0000-0000-000000000001","4/6/2026, 8:42:13.414 AM","AOI-686d5249-052b-4467-a46a-5b3917a2115b","N/A",0,0,0x8010000000000000,"{c30dff82-6b97-0001-3685-f50e8bc5dc01}",912,2964,2053,SecurityEvent,"/subscriptions/d2baea97-676b-4bde-acc8-351170ec332a/resourcegroups/rg-soc-lab-april/providers/microsoft.compute/virtualmachines/soc-labtest-rg"
"686d5249-052b-4467-a46a-5b3917a2115b","4/6/2026, 8:41:37.477 AM",OpsManager,"SOC-LabTest-RG\drojas",User,"SOC-LabTest-RG","Microsoft-Windows-Security-Auditing",Security,12544,0,,4625,"4625 - An account failed to log on.",,,,,,,,,,,,,,,,,,,,NTLM,,,,,,,,,,,,,,,,,,,,,,,,,,,,,,,,,"%%2313",,,,,,,,,,,,,,,,"185.156.73.169",0,0,"-",,,,,,,,,"NtLmSsp ",3,"3 - Network",,,,,,,,,,,,,,,,,,,,,,,,,,,,,,,,,,,,,,,,,,,,,,,,,"-",0x0,"-",,,,,,,,,,,,,,,,,,,,,,,,,,,,,0xc000006d,"-\-",,,,"-",,0x0,,,"-","S-1-0-0",0xc0000064,,"SOC-LabTest-RG\drojas","SOC-LabTest-RG",,,,,,,,,,drojas,"S-1-0-0",,,,,,,,"-",,,,,,,,"-",LogAlways,"c30dff82-6b97-43a0-ac83-f134bafd8c78","c30dff82-6b97-43a0-ac83-f134bafd8c79","00000000-0000-0000-0000-000000000001","4/6/2026, 8:42:13.414 AM","AOI-686d5249-052b-4467-a46a-5b3917a2115b","N/A",0,0,0x8010000000000000,"{c30dff82-6b97-0001-3685-f50e8bc5dc01}",912,2964,2054,SecurityEvent,"/subscriptions/d2baea97-676b-4bde-acc8-351170ec332a/resourcegroups/rg-soc-lab-april/providers/microsoft.compute/virtualmachines/soc-labtest-rg"
"686d5249-052b-4467-a46a-5b3917a2115b","4/6/2026, 8:41:37.558 AM",OpsManager,"SOC-LabTest-RG\user1",User,"SOC-LabTest-RG","Microsoft-Windows-Security-Auditing",Security,12544,0,,4625,"4625 - An account failed to log on.",,,,,,,,,,,,,,,,,,,,NTLM,,,,,,,,,,,,,,,,,,,,,,,,,,,,,,,,,"%%2313",,,,,,,,,,,,,,,,"185.156.73.74",0,0,"-",,,,,,,,,"NtLmSsp ",3,"3 - Network",,,,,,,,,,,,,,,,,,,,,,,,,,,,,,,,,,,,,,,,,,,,,,,,,"-",0x0,"-",,,,,,,,,,,,,,,,,,,,,,,,,,,,,0xc000006d,"-\-",,,,"-",,0x0,,,"-","S-1-0-0",0xc0000064,,"SOC-LabTest-RG\user1","SOC-LabTest-RG",,,,,,,,,,user1,"S-1-0-0",,,,,,,,"-",,,,,,,,"-",LogAlways,"c30dff82-6b97-43a0-ac83-f134bafd8c78","c30dff82-6b97-43a0-ac83-f134bafd8c79","00000000-0000-0000-0000-000000000001","4/6/2026, 8:42:13.414 AM","AOI-686d5249-052b-4467-a46a-5b3917a2115b","N/A",0,0,0x8010000000000000,"{c30dff82-6b97-0001-3685-f50e8bc5dc01}",912,2964,2055,SecurityEvent,"/subscriptions/d2baea97-676b-4bde-acc8-351170ec332a/resourcegroups/rg-soc-lab-april/providers/microsoft.compute/virtualmachines/soc-labtest-rg"
"686d5249-052b-4467-a46a-5b3917a2115b","4/6/2026, 8:41:37.991 AM",OpsManager,"SOC-LabTest-RG\adv2",User,"SOC-LabTest-RG","Microsoft-Windows-Security-Auditing",Security,12544,0,,4625,"4625 - An account failed to log on.",,,,,,,,,,,,,,,,,,,,NTLM,,,,,,,,,,,,,,,,,,,,,,,,,,,,,,,,,"%%2313",,,,,,,,,,,,,,,,"185.156.73.74",0,0,"-",,,,,,,,,"NtLmSsp ",3,"3 - Network",,,,,,,,,,,,,,,,,,,,,,,,,,,,,,,,,,,,,,,,,,,,,,,,,"-",0x0,"-",,,,,,,,,,,,,,,,,,,,,,,,,,,,,0xc000006d,"-\-",,,,"-",,0x0,,,"-","S-1-0-0",0xc0000064,,"SOC-LabTest-RG\adv2","SOC-LabTest-RG",,,,,,,,,,adv2,"S-1-0-0",,,,,,,,"-",,,,,,,,"-",LogAlways,"c30dff82-6b97-43a0-ac83-f134bafd8c78","c30dff82-6b97-43a0-ac83-f134bafd8c79","00000000-0000-0000-0000-000000000001","4/6/2026, 8:42:13.414 AM","AOI-686d5249-052b-4467-a46a-5b3917a2115b","N/A",0,0,0x8010000000000000,"{c30dff82-6b97-0001-3685-f50e8bc5dc01}",912,2964,2056,SecurityEvent,"/subscriptions/d2baea97-676b-4bde-acc8-351170ec332a/resourcegroups/rg-soc-lab-april/providers/microsoft.compute/virtualmachines/soc-labtest-rg"
"686d5249-052b-4467-a46a-5b3917a2115b","4/6/2026, 8:41:38.035 AM",OpsManager,"SOC-LabTest-RG\laj",User,"SOC-LabTest-RG","Microsoft-Windows-Security-Auditing",Security,12544,0,,4625,"4625 - An account failed to log on.",,,,,,,,,,,,,,,,,,,,NTLM,,,,,,,,,,,,,,,,,,,,,,,,,,,,,,,,,"%%2313",,,,,,,,,,,,,,,,"185.156.73.169",0,0,"-",,,,,,,,,"NtLmSsp ",3,"3 - Network",,,,,,,,,,,,,,,,,,,,,,,,,,,,,,,,,,,,,,,,,,,,,,,,,"-",0x0,"-",,,,,,,,,,,,,,,,,,,,,,,,,,,,,0xc000006d,"-\-",,,,"-",,0x0,,,"-","S-1-0-0",0xc0000064,,"SOC-LabTest-RG\laj","SOC-LabTest-RG",,,,,,,,,,laj,"S-1-0-0",,,,,,,,"-",,,,,,,,"-",LogAlways,"c30dff82-6b97-43a0-ac83-f134bafd8c78","c30dff82-6b97-43a0-ac83-f134bafd8c79","00000000-0000-0000-0000-000000000001","4/6/2026, 8:42:13.414 AM","AOI-686d5249-052b-4467-a46a-5b3917a2115b","N/A",0,0,0x8010000000000000,"{c30dff82-6b97-0001-3685-f50e8bc5dc01}",912,2964,2057,SecurityEvent,"/subscriptions/d2baea97-676b-4bde-acc8-351170ec332a/resourcegroups/rg-soc-lab-april/providers/microsoft.compute/virtualmachines/soc-labtest-rg"
"686d5249-052b-4467-a46a-5b3917a2115b","4/6/2026, 8:41:38.347 AM",OpsManager,"SOC-LabTest-RG\demo",User,"SOC-LabTest-RG","Microsoft-Windows-Security-Auditing",Security,12544,0,,4625,"4625 - An account failed to log on.",,,,,,,,,,,,,,,,,,,,NTLM,,,,,,,,,,,,,,,,,,,,,,,,,,,,,,,,,"%%2313",,,,,,,,,,,,,,,,"185.156.73.169",0,0,"-",,,,,,,,,"NtLmSsp ",3,"3 - Network",,,,,,,,,,,,,,,,,,,,,,,,,,,,,,,,,,,,,,,,,,,,,,,,,"-",0x0,"-",,,,,,,,,,,,,,,,,,,,,,,,,,,,,0xc000006d,"-\-",,,,"-",,0x0,,,"-","S-1-0-0",0xc0000064,,"SOC-LabTest-RG\demo","SOC-LabTest-RG",,,,,,,,,,demo,"S-1-0-0",,,,,,,,"-",,,,,,,,"-",LogAlways,"c30dff82-6b97-43a0-ac83-f134bafd8c78","c30dff82-6b97-43a0-ac83-f134bafd8c79","00000000-0000-0000-0000-000000000001","4/6/2026, 8:42:13.414 AM","AOI-686d5249-052b-4467-a46a-5b3917a2115b","N/A",0,0,0x8010000000000000,"{c30dff82-6b97-0001-3685-f50e8bc5dc01}",912,2964,2058,SecurityEvent,"/subscriptions/d2baea97-676b-4bde-acc8-351170ec332a/resourcegroups/rg-soc-lab-april/providers/microsoft.compute/virtualmachines/soc-labtest-rg"
"686d5249-052b-4467-a46a-5b3917a2115b","4/6/2026, 8:41:38.441 AM",OpsManager,"SOC-LabTest-RG\operador2",User,"SOC-LabTest-RG","Microsoft-Windows-Security-Auditing",Security,12544,0,,4625,"4625 - An account failed to log on.",,,,,,,,,,,,,,,,,,,,NTLM,,,,,,,,,,,,,,,,,,,,,,,,,,,,,,,,,"%%2313",,,,,,,,,,,,,,,,"185.156.73.74",0,0,"-",,,,,,,,,"NtLmSsp ",3,"3 - Network",,,,,,,,,,,,,,,,,,,,,,,,,,,,,,,,,,,,,,,,,,,,,,,,,"-",0x0,"-",,,,,,,,,,,,,,,,,,,,,,,,,,,,,0xc000006d,"-\-",,,,"-",,0x0,,,"-","S-1-0-0",0xc0000064,,"SOC-LabTest-RG\operador2","SOC-LabTest-RG",,,,,,,,,,operador2,"S-1-0-0",,,,,,,,"-",,,,,,,,"-",LogAlways,"c30dff82-6b97-43a0-ac83-f134bafd8c78","c30dff82-6b97-43a0-ac83-f134bafd8c79","00000000-0000-0000-0000-000000000001","4/6/2026, 8:42:13.414 AM","AOI-686d5249-052b-4467-a46a-5b3917a2115b","N/A",0,0,0x8010000000000000,"{c30dff82-6b97-0001-3685-f50e8bc5dc01}",912,2964,2059,SecurityEvent,"/subscriptions/d2baea97-676b-4bde-acc8-351170ec332a/resourcegroups/rg-soc-lab-april/providers/microsoft.compute/virtualmachines/soc-labtest-rg"
"686d5249-052b-4467-a46a-5b3917a2115b","4/6/2026, 8:41:38.638 AM",OpsManager,"SOC-LabTest-RG\bowo",User,"SOC-LabTest-RG","Microsoft-Windows-Security-Auditing",Security,12544,0,,4625,"4625 - An account failed to log on.",,,,,,,,,,,,,,,,,,,,NTLM,,,,,,,,,,,,,,,,,,,,,,,,,,,,,,,,,"%%2313",,,,,,,,,,,,,,,,"185.156.73.169",0,0,"-",,,,,,,,,"NtLmSsp ",3,"3 - Network",,,,,,,,,,,,,,,,,,,,,,,,,,,,,,,,,,,,,,,,,,,,,,,,,"-",0x0,"-",,,,,,,,,,,,,,,,,,,,,,,,,,,,,0xc000006d,"-\-",,,,"-",,0x0,,,"-","S-1-0-0",0xc0000064,,"SOC-LabTest-RG\bowo","SOC-LabTest-RG",,,,,,,,,,bowo,"S-1-0-0",,,,,,,,"-",,,,,,,,"-",LogAlways,"c30dff82-6b97-43a0-ac83-f134bafd8c78","c30dff82-6b97-43a0-ac83-f134bafd8c79","00000000-0000-0000-0000-000000000001","4/6/2026, 8:42:13.414 AM","AOI-686d5249-052b-4467-a46a-5b3917a2115b","N/A",0,0,0x8010000000000000,"{c30dff82-6b97-0001-3685-f50e8bc5dc01}",912,2964,2060,SecurityEvent,"/subscriptions/d2baea97-676b-4bde-acc8-351170ec332a/resourcegroups/rg-soc-lab-april/providers/microsoft.compute/virtualmachines/soc-labtest-rg"
"686d5249-052b-4467-a46a-5b3917a2115b","4/6/2026, 8:41:38.750 AM",OpsManager,"SOC-LabTest-RG\rodrigo",User,"SOC-LabTest-RG","Microsoft-Windows-Security-Auditing",Security,12544,0,,4625,"4625 - An account failed to log on.",,,,,,,,,,,,,,,,,,,,NTLM,,,,,,,,,,,,,,,,,,,,,,,,,,,,,,,,,"%%2313",,,,,,,,,,,,,,,,"185.156.73.74",0,0,"-",,,,,,,,,"NtLmSsp ",3,"3 - Network",,,,,,,,,,,,,,,,,,,,,,,,,,,,,,,,,,,,,,,,,,,,,,,,,"-",0x0,"-",,,,,,,,,,,,,,,,,,,,,,,,,,,,,0xc000006d,"-\-",,,,"-",,0x0,,,"-","S-1-0-0",0xc0000064,,"SOC-LabTest-RG\rodrigo","SOC-LabTest-RG",,,,,,,,,,rodrigo,"S-1-0-0",,,,,,,,"-",,,,,,,,"-",LogAlways,"c30dff82-6b97-43a0-ac83-f134bafd8c78","c30dff82-6b97-43a0-ac83-f134bafd8c79","00000000-0000-0000-0000-000000000001","4/6/2026, 8:42:13.414 AM","AOI-686d5249-052b-4467-a46a-5b3917a2115b","N/A",0,0,0x8010000000000000,"{c30dff82-6b97-0001-3685-f50e8bc5dc01}",912,2964,2061,SecurityEvent,"/subscriptions/d2baea97-676b-4bde-acc8-351170ec332a/resourcegroups/rg-soc-lab-april/providers/microsoft.compute/virtualmachines/soc-labtest-rg"
"686d5249-052b-4467-a46a-5b3917a2115b","4/6/2026, 8:41:39.069 AM",OpsManager,"SOC-LabTest-RG\vagrant",User,"SOC-LabTest-RG","Microsoft-Windows-Security-Auditing",Security,12544,0,,4625,"4625 - An account failed to log on.",,,,,,,,,,,,,,,,,,,,NTLM,,,,,,,,,,,,,,,,,,,,,,,,,,,,,,,,,"%%2313",,,,,,,,,,,,,,,,"185.156.73.74",0,0,"-",,,,,,,,,"NtLmSsp ",3,"3 - Network",,,,,,,,,,,,,,,,,,,,,,,,,,,,,,,,,,,,,,,,,,,,,,,,,"-",0x0,"-",,,,,,,,,,,,,,,,,,,,,,,,,,,,,0xc000006d,"-\-",,,,"-",,0x0,,,"-","S-1-0-0",0xc0000064,,"SOC-LabTest-RG\vagrant","SOC-LabTest-RG",,,,,,,,,,vagrant,"S-1-0-0",,,,,,,,"-",,,,,,,,"-",LogAlways,"c30dff82-6b97-43a0-ac83-f134bafd8c78","c30dff82-6b97-43a0-ac83-f134bafd8c79","00000000-0000-0000-0000-000000000001","4/6/2026, 8:42:13.414 AM","AOI-686d5249-052b-4467-a46a-5b3917a2115b","N/A",0,0,0x8010000000000000,"{c30dff82-6b97-0001-3685-f50e8bc5dc01}",912,2964,2062,SecurityEvent,"/subscriptions/d2baea97-676b-4bde-acc8-351170ec332a/resourcegroups/rg-soc-lab-april/providers/microsoft.compute/virtualmachines/soc-labtest-rg"
"686d5249-052b-4467-a46a-5b3917a2115b","4/6/2026, 8:41:39.158 AM",OpsManager,"SOC-LabTest-RG\hur",User,"SOC-LabTest-RG","Microsoft-Windows-Security-Auditing",Security,12544,0,,4625,"4625 - An account failed to log on.",,,,,,,,,,,,,,,,,,,,NTLM,,,,,,,,,,,,,,,,,,,,,,,,,,,,,,,,,"%%2313",,,,,,,,,,,,,,,,"185.156.73.169",0,0,"-",,,,,,,,,"NtLmSsp ",3,"3 - Network",,,,,,,,,,,,,,,,,,,,,,,,,,,,,,,,,,,,,,,,,,,,,,,,,"-",0x0,"-",,,,,,,,,,,,,,,,,,,,,,,,,,,,,0xc000006d,"-\-",,,,"-",,0x0,,,"-","S-1-0-0",0xc0000064,,"SOC-LabTest-RG\hur","SOC-LabTest-RG",,,,,,,,,,hur,"S-1-0-0",,,,,,,,"-",,,,,,,,"-",LogAlways,"c30dff82-6b97-43a0-ac83-f134bafd8c78","c30dff82-6b97-43a0-ac83-f134bafd8c79","00000000-0000-0000-0000-000000000001","4/6/2026, 8:42:13.414 AM","AOI-686d5249-052b-4467-a46a-5b3917a2115b","N/A",0,0,0x8010000000000000,"{c30dff82-6b97-0001-3685-f50e8bc5dc01}",912,2964,2063,SecurityEvent,"/subscriptions/d2baea97-676b-4bde-acc8-351170ec332a/resourcegroups/rg-soc-lab-april/providers/microsoft.compute/virtualmachines/soc-labtest-rg"
"686d5249-052b-4467-a46a-5b3917a2115b","4/6/2026, 8:41:39.788 AM",OpsManager,"SOC-LabTest-RG\fernanda",User,"SOC-LabTest-RG","Microsoft-Windows-Security-Auditing",Security,12544,0,,4625,"4625 - An account failed to log on.",,,,,,,,,,,,,,,,,,,,NTLM,,,,,,,,,,,,,,,,,,,,,,,,,,,,,,,,,"%%2313",,,,,,,,,,,,,,,,"185.156.73.74",0,0,"-",,,,,,,,,"NtLmSsp ",3,"3 - Network",,,,,,,,,,,,,,,,,,,,,,,,,,,,,,,,,,,,,,,,,,,,,,,,,"-",0x0,"-",,,,,,,,,,,,,,,,,,,,,,,,,,,,,0xc000006d,"-\-",,,,"-",,0x0,,,"-","S-1-0-0",0xc0000064,,"SOC-LabTest-RG\fernanda","SOC-LabTest-RG",,,,,,,,,,fernanda,"S-1-0-0",,,,,,,,"-",,,,,,,,"-",LogAlways,"c30dff82-6b97-43a0-ac83-f134bafd8c78","c30dff82-6b97-43a0-ac83-f134bafd8c79","00000000-0000-0000-0000-000000000001","4/6/2026, 8:42:13.414 AM","AOI-686d5249-052b-4467-a46a-5b3917a2115b","N/A",0,0,0x8010000000000000,"{c30dff82-6b97-0001-3685-f50e8bc5dc01}",912,2964,2064,SecurityEvent,"/subscriptions/d2baea97-676b-4bde-acc8-351170ec332a/resourcegroups/rg-soc-lab-april/providers/microsoft.compute/virtualmachines/soc-labtest-rg"
"686d5249-052b-4467-a46a-5b3917a2115b","4/6/2026, 8:41:39.788 AM",OpsManager,"SOC-LabTest-RG\servis1",User,"SOC-LabTest-RG","Microsoft-Windows-Security-Auditing",Security,12544,0,,4625,"4625 - An account failed to log on.",,,,,,,,,,,,,,,,,,,,NTLM,,,,,,,,,,,,,,,,,,,,,,,,,,,,,,,,,"%%2313",,,,,,,,,,,,,,,,"185.156.73.169",0,0,"-",,,,,,,,,"NtLmSsp ",3,"3 - Network",,,,,,,,,,,,,,,,,,,,,,,,,,,,,,,,,,,,,,,,,,,,,,,,,"-",0x0,"-",,,,,,,,,,,,,,,,,,,,,,,,,,,,,0xc000006d,"-\-",,,,"-",,0x0,,,"-","S-1-0-0",0xc0000064,,"SOC-LabTest-RG\servis1","SOC-LabTest-RG",,,,,,,,,,servis1,"S-1-0-0",,,,,,,,"-",,,,,,,,"-",LogAlways,"c30dff82-6b97-43a0-ac83-f134bafd8c78","c30dff82-6b97-43a0-ac83-f134bafd8c79","00000000-0000-0000-0000-000000000001","4/6/2026, 8:42:13.414 AM","AOI-686d5249-052b-4467-a46a-5b3917a2115b","N/A",0,0,0x8010000000000000,"{c30dff82-6b97-0001-3685-f50e8bc5dc01}",912,2388,2065,SecurityEvent,"/subscriptions/d2baea97-676b-4bde-acc8-351170ec332a/resourcegroups/rg-soc-lab-april/providers/microsoft.compute/virtualmachines/soc-labtest-rg"
"686d5249-052b-4467-a46a-5b3917a2115b","4/6/2026, 8:47:20.188 AM",OpsManager,"SOC-LabTest-RG\ms",User,"SOC-LabTest-RG","Microsoft-Windows-Security-Auditing",Security,12544,0,,4625,"4625 - An account failed to log on.",,,,,,,,,,,,,,,,,,,,NTLM,,,,,,,,,,,,,,,,,,,,,,,,,,,,,,,,,"%%2313",,,,,,,,,,,,,,,,"185.156.73.74",0,0,"-",,,,,,,,,"NtLmSsp ",3,"3 - Network",,,,,,,,,,,,,,,,,,,,,,,,,,,,,,,,,,,,,,,,,,,,,,,,,"-",0x0,"-",,,,,,,,,,,,,,,,,,,,,,,,,,,,,0xc000006d,"-\-",,,,"-",,0x0,,,"-","S-1-0-0",0xc0000064,,"SOC-LabTest-RG\ms","SOC-LabTest-RG",,,,,,,,,,ms,"S-1-0-0",,,,,,,,"-",,,,,,,,"-",LogAlways,"c30dff82-6b97-43a0-ac83-f134bafd8c78","c30dff82-6b97-43a0-ac83-f134bafd8c79","00000000-0000-0000-0000-000000000001","4/6/2026, 8:48:13.470 AM","AOI-686d5249-052b-4467-a46a-5b3917a2115b","N/A",0,0,0x8010000000000000,"{c30dff82-6b97-0001-3685-f50e8bc5dc01}",912,2964,3824,SecurityEvent,"/subscriptions/d2baea97-676b-4bde-acc8-351170ec332a/resourcegroups/rg-soc-lab-april/providers/microsoft.compute/virtualmachines/soc-labtest-rg"
"686d5249-052b-4467-a46a-5b3917a2115b","4/6/2026, 8:47:20.336 AM",OpsManager,"SOC-LabTest-RG\rp",User,"SOC-LabTest-RG","Microsoft-Windows-Security-Auditing",Security,12544,0,,4625,"4625 - An account failed to log on.",,,,,,,,,,,,,,,,,,,,NTLM,,,,,,,,,,,,,,,,,,,,,,,,,,,,,,,,,"%%2313",,,,,,,,,,,,,,,,"185.156.73.169",0,0,"-",,,,,,,,,"NtLmSsp ",3,"3 - Network",,,,,,,,,,,,,,,,,,,,,,,,,,,,,,,,,,,,,,,,,,,,,,,,,"-",0x0,"-",,,,,,,,,,,,,,,,,,,,,,,,,,,,,0xc000006d,"-\-",,,,"-",,0x0,,,"-","S-1-0-0",0xc0000064,,"SOC-LabTest-RG\rp","SOC-LabTest-RG",,,,,,,,,,rp,"S-1-0-0",,,,,,,,"-",,,,,,,,"-",LogAlways,"c30dff82-6b97-43a0-ac83-f134bafd8c78","c30dff82-6b97-43a0-ac83-f134bafd8c79","00000000-0000-0000-0000-000000000001","4/6/2026, 8:48:13.470 AM","AOI-686d5249-052b-4467-a46a-5b3917a2115b","N/A",0,0,0x8010000000000000,"{c30dff82-6b97-0001-3685-f50e8bc5dc01}",912,2964,3825,SecurityEvent,"/subscriptions/d2baea97-676b-4bde-acc8-351170ec332a/resourcegroups/rg-soc-lab-april/providers/microsoft.compute/virtualmachines/soc-labtest-rg"
"686d5249-052b-4467-a46a-5b3917a2115b","4/6/2026, 8:47:20.530 AM",OpsManager,"SOC-LabTest-RG\infodba",User,"SOC-LabTest-RG","Microsoft-Windows-Security-Auditing",Security,12544,0,,4625,"4625 - An account failed to log on.",,,,,,,,,,,,,,,,,,,,NTLM,,,,,,,,,,,,,,,,,,,,,,,,,,,,,,,,,"%%2313",,,,,,,,,,,,,,,,"185.156.73.74",0,0,"-",,,,,,,,,"NtLmSsp ",3,"3 - Network",,,,,,,,,,,,,,,,,,,,,,,,,,,,,,,,,,,,,,,,,,,,,,,,,"-",0x0,"-",,,,,,,,,,,,,,,,,,,,,,,,,,,,,0xc000006d,"-\-",,,,"-",,0x0,,,"-","S-1-0-0",0xc0000064,,"SOC-LabTest-RG\infodba","SOC-LabTest-RG",,,,,,,,,,infodba,"S-1-0-0",,,,,,,,"-",,,,,,,,"-",LogAlways,"c30dff82-6b97-43a0-ac83-f134bafd8c78","c30dff82-6b97-43a0-ac83-f134bafd8c79","00000000-0000-0000-0000-000000000001","4/6/2026, 8:48:13.470 AM","AOI-686d5249-052b-4467-a46a-5b3917a2115b","N/A",0,0,0x8010000000000000,"{c30dff82-6b97-0001-3685-f50e8bc5dc01}",912,2964,3826,SecurityEvent,"/subscriptions/d2baea97-676b-4bde-acc8-351170ec332a/resourcegroups/rg-soc-lab-april/providers/microsoft.compute/virtualmachines/soc-labtest-rg"
"686d5249-052b-4467-a46a-5b3917a2115b","4/6/2026, 8:47:20.680 AM",OpsManager,"SOC-LabTest-RG\marian2",User,"SOC-LabTest-RG","Microsoft-Windows-Security-Auditing",Security,12544,0,,4625,"4625 - An account failed to log on.",,,,,,,,,,,,,,,,,,,,NTLM,,,,,,,,,,,,,,,,,,,,,,,,,,,,,,,,,"%%2313",,,,,,,,,,,,,,,,"185.156.73.169",0,0,"-",,,,,,,,,"NtLmSsp ",3,"3 - Network",,,,,,,,,,,,,,,,,,,,,,,,,,,,,,,,,,,,,,,,,,,,,,,,,"-",0x0,"-",,,,,,,,,,,,,,,,,,,,,,,,,,,,,0xc000006d,"-\-",,,,"-",,0x0,,,"-","S-1-0-0",0xc0000064,,"SOC-LabTest-RG\marian2","SOC-LabTest-RG",,,,,,,,,,marian2,"S-1-0-0",,,,,,,,"-",,,,,,,,"-",LogAlways,"c30dff82-6b97-43a0-ac83-f134bafd8c78","c30dff82-6b97-43a0-ac83-f134bafd8c79","00000000-0000-0000-0000-000000000001","4/6/2026, 8:48:13.470 AM","AOI-686d5249-052b-4467-a46a-5b3917a2115b","N/A",0,0,0x8010000000000000,"{c30dff82-6b97-0001-3685-f50e8bc5dc01}",912,2964,3827,SecurityEvent,"/subscriptions/d2baea97-676b-4bde-acc8-351170ec332a/resourcegroups/rg-soc-lab-april/providers/microsoft.compute/virtualmachines/soc-labtest-rg"
"686d5249-052b-4467-a46a-5b3917a2115b","4/6/2026, 8:47:20.796 AM",OpsManager,"SOC-LabTest-RG\zentrale",User,"SOC-LabTest-RG","Microsoft-Windows-Security-Auditing",Security,12544,0,,4625,"4625 - An account failed to log on.",,,,,,,,,,,,,,,,,,,,NTLM,,,,,,,,,,,,,,,,,,,,,,,,,,,,,,,,,"%%2313",,,,,,,,,,,,,,,,"185.156.73.74",0,0,"-",,,,,,,,,"NtLmSsp ",3,"3 - Network",,,,,,,,,,,,,,,,,,,,,,,,,,,,,,,,,,,,,,,,,,,,,,,,,"-",0x0,"-",,,,,,,,,,,,,,,,,,,,,,,,,,,,,0xc000006d,"-\-",,,,"-",,0x0,,,"-","S-1-0-0",0xc0000064,,"SOC-LabTest-RG\zentrale","SOC-LabTest-RG",,,,,,,,,,zentrale,"S-1-0-0",,,,,,,,"-",,,,,,,,"-",LogAlways,"c30dff82-6b97-43a0-ac83-f134bafd8c78","c30dff82-6b97-43a0-ac83-f134bafd8c79","00000000-0000-0000-0000-000000000001","4/6/2026, 8:48:13.470 AM","AOI-686d5249-052b-4467-a46a-5b3917a2115b","N/A",0,0,0x8010000000000000,"{c30dff82-6b97-0001-3685-f50e8bc5dc01}",912,2964,3828,SecurityEvent,"/subscriptions/d2baea97-676b-4bde-acc8-351170ec332a/resourcegroups/rg-soc-lab-april/providers/microsoft.compute/virtualmachines/soc-labtest-rg"
"686d5249-052b-4467-a46a-5b3917a2115b","4/6/2026, 8:47:21.173 AM",OpsManager,"SOC-LabTest-RG\nabila",User,"SOC-LabTest-RG","Microsoft-Windows-Security-Auditing",Security,12544,0,,4625,"4625 - An account failed to log on.",,,,,,,,,,,,,,,,,,,,NTLM,,,,,,,,,,,,,,,,,,,,,,,,,,,,,,,,,"%%2313",,,,,,,,,,,,,,,,"185.156.73.169",0,0,"-",,,,,,,,,"NtLmSsp ",3,"3 - Network",,,,,,,,,,,,,,,,,,,,,,,,,,,,,,,,,,,,,,,,,,,,,,,,,"-",0x0,"-",,,,,,,,,,,,,,,,,,,,,,,,,,,,,0xc000006d,"-\-",,,,"-",,0x0,,,"-","S-1-0-0",0xc0000064,,"SOC-LabTest-RG\nabila","SOC-LabTest-RG",,,,,,,,,,nabila,"S-1-0-0",,,,,,,,"-",,,,,,,,"-",LogAlways,"c30dff82-6b97-43a0-ac83-f134bafd8c78","c30dff82-6b97-43a0-ac83-f134bafd8c79","00000000-0000-0000-0000-000000000001","4/6/2026, 8:48:13.470 AM","AOI-686d5249-052b-4467-a46a-5b3917a2115b","N/A",0,0,0x8010000000000000,"{c30dff82-6b97-0001-3685-f50e8bc5dc01}",912,2964,3829,SecurityEvent,"/subscriptions/d2baea97-676b-4bde-acc8-351170ec332a/resourcegroups/rg-soc-lab-april/providers/microsoft.compute/virtualmachines/soc-labtest-rg"
"686d5249-052b-4467-a46a-5b3917a2115b","4/6/2026, 8:47:21.367 AM",OpsManager,"SOC-LabTest-RG\lenovo",User,"SOC-LabTest-RG","Microsoft-Windows-Security-Auditing",Security,12544,0,,4625,"4625 - An account failed to log on.",,,,,,,,,,,,,,,,,,,,NTLM,,,,,,,,,,,,,,,,,,,,,,,,,,,,,,,,,"%%2313",,,,,,,,,,,,,,,,"185.156.73.74",0,0,"-",,,,,,,,,"NtLmSsp ",3,"3 - Network",,,,,,,,,,,,,,,,,,,,,,,,,,,,,,,,,,,,,,,,,,,,,,,,,"-",0x0,"-",,,,,,,,,,,,,,,,,,,,,,,,,,,,,0xc000006d,"-\-",,,,"-",,0x0,,,"-","S-1-0-0",0xc0000064,,"SOC-LabTest-RG\lenovo","SOC-LabTest-RG",,,,,,,,,,lenovo,"S-1-0-0",,,,,,,,"-",,,,,,,,"-",LogAlways,"c30dff82-6b97-43a0-ac83-f134bafd8c78","c30dff82-6b97-43a0-ac83-f134bafd8c79","00000000-0000-0000-0000-000000000001","4/6/2026, 8:48:13.470 AM","AOI-686d5249-052b-4467-a46a-5b3917a2115b","N/A",0,0,0x8010000000000000,"{c30dff82-6b97-0001-3685-f50e8bc5dc01}",912,2964,3830,SecurityEvent,"/subscriptions/d2baea97-676b-4bde-acc8-351170ec332a/resourcegroups/rg-soc-lab-april/providers/microsoft.compute/virtualmachines/soc-labtest-rg"
"686d5249-052b-4467-a46a-5b3917a2115b","4/6/2026, 8:47:21.533 AM",OpsManager,"SOC-LabTest-RG\wellington",User,"SOC-LabTest-RG","Microsoft-Windows-Security-Auditing",Security,12544,0,,4625,"4625 - An account failed to log on.",,,,,,,,,,,,,,,,,,,,NTLM,,,,,,,,,,,,,,,,,,,,,,,,,,,,,,,,,"%%2313",,,,,,,,,,,,,,,,"185.156.73.169",0,0,"-",,,,,,,,,"NtLmSsp ",3,"3 - Network",,,,,,,,,,,,,,,,,,,,,,,,,,,,,,,,,,,,,,,,,,,,,,,,,"-",0x0,"-",,,,,,,,,,,,,,,,,,,,,,,,,,,,,0xc000006d,"-\-",,,,"-",,0x0,,,"-","S-1-0-0",0xc0000064,,"SOC-LabTest-RG\wellington","SOC-LabTest-RG",,,,,,,,,,wellington,"S-1-0-0",,,,,,,,"-",,,,,,,,"-",LogAlways,"c30dff82-6b97-43a0-ac83-f134bafd8c78","c30dff82-6b97-43a0-ac83-f134bafd8c79","00000000-0000-0000-0000-000000000001","4/6/2026, 8:48:13.470 AM","AOI-686d5249-052b-4467-a46a-5b3917a2115b","N/A",0,0,0x8010000000000000,"{c30dff82-6b97-0001-3685-f50e8bc5dc01}",912,2964,3831,SecurityEvent,"/subscriptions/d2baea97-676b-4bde-acc8-351170ec332a/resourcegroups/rg-soc-lab-april/providers/microsoft.compute/virtualmachines/soc-labtest-rg"
"686d5249-052b-4467-a46a-5b3917a2115b","4/6/2026, 8:47:21.635 AM",OpsManager,"SOC-LabTest-RG\aluno",User,"SOC-LabTest-RG","Microsoft-Windows-Security-Auditing",Security,12544,0,,4625,"4625 - An account failed to log on.",,,,,,,,,,,,,,,,,,,,NTLM,,,,,,,,,,,,,,,,,,,,,,,,,,,,,,,,,"%%2313",,,,,,,,,,,,,,,,"185.156.73.74",0,0,"-",,,,,,,,,"NtLmSsp ",3,"3 - Network",,,,,,,,,,,,,,,,,,,,,,,,,,,,,,,,,,,,,,,,,,,,,,,,,"-",0x0,"-",,,,,,,,,,,,,,,,,,,,,,,,,,,,,0xc000006d,"-\-",,,,"-",,0x0,,,"-","S-1-0-0",0xc0000064,,"SOC-LabTest-RG\aluno","SOC-LabTest-RG",,,,,,,,,,aluno,"S-1-0-0",,,,,,,,"-",,,,,,,,"-",LogAlways,"c30dff82-6b97-43a0-ac83-f134bafd8c78","c30dff82-6b97-43a0-ac83-f134bafd8c79","00000000-0000-0000-0000-000000000001","4/6/2026, 8:48:13.470 AM","AOI-686d5249-052b-4467-a46a-5b3917a2115b","N/A",0,0,0x8010000000000000,"{c30dff82-6b97-0001-3685-f50e8bc5dc01}",912,2964,3832,SecurityEvent,"/subscriptions/d2baea97-676b-4bde-acc8-351170ec332a/resourcegroups/rg-soc-lab-april/providers/microsoft.compute/virtualmachines/soc-labtest-rg"
"686d5249-052b-4467-a46a-5b3917a2115b","4/6/2026, 8:47:21.829 AM",OpsManager,"SOC-LabTest-RG\mersin",User,"SOC-LabTest-RG","Microsoft-Windows-Security-Auditing",Security,12544,0,,4625,"4625 - An account failed to log on.",,,,,,,,,,,,,,,,,,,,NTLM,,,,,,,,,,,,,,,,,,,,,,,,,,,,,,,,,"%%2313",,,,,,,,,,,,,,,,"185.156.73.169",0,0,"-",,,,,,,,,"NtLmSsp ",3,"3 - Network",,,,,,,,,,,,,,,,,,,,,,,,,,,,,,,,,,,,,,,,,,,,,,,,,"-",0x0,"-",,,,,,,,,,,,,,,,,,,,,,,,,,,,,0xc000006d,"-\-",,,,"-",,0x0,,,"-","S-1-0-0",0xc0000064,,"SOC-LabTest-RG\mersin","SOC-LabTest-RG",,,,,,,,,,mersin,"S-1-0-0",,,,,,,,"-",,,,,,,,"-",LogAlways,"c30dff82-6b97-43a0-ac83-f134bafd8c78","c30dff82-6b97-43a0-ac83-f134bafd8c79","00000000-0000-0000-0000-000000000001","4/6/2026, 8:48:13.470 AM","AOI-686d5249-052b-4467-a46a-5b3917a2115b","N/A",0,0,0x8010000000000000,"{c30dff82-6b97-0001-3685-f50e8bc5dc01}",912,2964,3833,SecurityEvent,"/subscriptions/d2baea97-676b-4bde-acc8-351170ec332a/resourcegroups/rg-soc-lab-april/providers/microsoft.compute/virtualmachines/soc-labtest-rg"
"686d5249-052b-4467-a46a-5b3917a2115b","4/6/2026, 8:47:22.094 AM",OpsManager,"SOC-LabTest-RG\administrator",User,"SOC-LabTest-RG","Microsoft-Windows-Security-Auditing",Security,12544,0,,4625,"4625 - An account failed to log on.",,,,,,,,,,,,,,,,,,,,NTLM,,,,,,,,,,,,,,,,,,,,,,,,,,,,,,,,,"%%2313",,,,,,,,,,,,,,,,"185.156.73.74",0,0,"-",,,,,,,,,"NtLmSsp ",3,"3 - Network",,,,,,,,,,,,,,,,,,,,,,,,,,,,,,,,,,,,,,,,,,,,,,,,,"-",0x0,"-",,,,,,,,,,,,,,,,,,,,,,,,,,,,,0xc000006d,"-\-",,,,"-",,0x0,,,"-","S-1-0-0",0xc0000064,,"SOC-LabTest-RG\administrator","SOC-LabTest-RG",,,,,,,,,,administrator,"S-1-0-0",,,,,,,,"-",,,,,,,,"-",LogAlways,"c30dff82-6b97-43a0-ac83-f134bafd8c78","c30dff82-6b97-43a0-ac83-f134bafd8c79","00000000-0000-0000-0000-000000000001","4/6/2026, 8:48:13.470 AM","AOI-686d5249-052b-4467-a46a-5b3917a2115b","N/A",0,0,0x8010000000000000,"{c30dff82-6b97-0001-3685-f50e8bc5dc01}",912,2964,3834,SecurityEvent,"/subscriptions/d2baea97-676b-4bde-acc8-351170ec332a/resourcegroups/rg-soc-lab-april/providers/microsoft.compute/virtualmachines/soc-labtest-rg"
"686d5249-052b-4467-a46a-5b3917a2115b","4/6/2026, 8:47:22.198 AM",OpsManager,"SOC-LabTest-RG\mayte",User,"SOC-LabTest-RG","Microsoft-Windows-Security-Auditing",Security,12544,0,,4625,"4625 - An account failed to log on.",,,,,,,,,,,,,,,,,,,,NTLM,,,,,,,,,,,,,,,,,,,,,,,,,,,,,,,,,"%%2313",,,,,,,,,,,,,,,,"185.156.73.169",0,0,"-",,,,,,,,,"NtLmSsp ",3,"3 - Network",,,,,,,,,,,,,,,,,,,,,,,,,,,,,,,,,,,,,,,,,,,,,,,,,"-",0x0,"-",,,,,,,,,,,,,,,,,,,,,,,,,,,,,0xc000006d,"-\-",,,,"-",,0x0,,,"-","S-1-0-0",0xc0000064,,"SOC-LabTest-RG\mayte","SOC-LabTest-RG",,,,,,,,,,mayte,"S-1-0-0",,,,,,,,"-",,,,,,,,"-",LogAlways,"c30dff82-6b97-43a0-ac83-f134bafd8c78","c30dff82-6b97-43a0-ac83-f134bafd8c79","00000000-0000-0000-0000-000000000001","4/6/2026, 8:48:13.470 AM","AOI-686d5249-052b-4467-a46a-5b3917a2115b","N/A",0,0,0x8010000000000000,"{c30dff82-6b97-0001-3685-f50e8bc5dc01}",912,2964,3835,SecurityEvent,"/subscriptions/d2baea97-676b-4bde-acc8-351170ec332a/resourcegroups/rg-soc-lab-april/providers/microsoft.compute/virtualmachines/soc-labtest-rg"
"686d5249-052b-4467-a46a-5b3917a2115b","4/6/2026, 8:47:22.427 AM",OpsManager,"SOC-LabTest-RG\usuario",User,"SOC-LabTest-RG","Microsoft-Windows-Security-Auditing",Security,12544,0,,4625,"4625 - An account failed to log on.",,,,,,,,,,,,,,,,,,,,NTLM,,,,,,,,,,,,,,,,,,,,,,,,,,,,,,,,,"%%2313",,,,,,,,,,,,,,,,"185.156.73.74",0,0,"-",,,,,,,,,"NtLmSsp ",3,"3 - Network",,,,,,,,,,,,,,,,,,,,,,,,,,,,,,,,,,,,,,,,,,,,,,,,,"-",0x0,"-",,,,,,,,,,,,,,,,,,,,,,,,,,,,,0xc000006d,"-\-",,,,"-",,0x0,,,"-","S-1-0-0",0xc0000064,,"SOC-LabTest-RG\usuario","SOC-LabTest-RG",,,,,,,,,,usuario,"S-1-0-0",,,,,,,,"-",,,,,,,,"-",LogAlways,"c30dff82-6b97-43a0-ac83-f134bafd8c78","c30dff82-6b97-43a0-ac83-f134bafd8c79","00000000-0000-0000-0000-000000000001","4/6/2026, 8:48:13.470 AM","AOI-686d5249-052b-4467-a46a-5b3917a2115b","N/A",0,0,0x8010000000000000,"{c30dff82-6b97-0001-3685-f50e8bc5dc01}",912,2964,3836,SecurityEvent,"/subscriptions/d2baea97-676b-4bde-acc8-351170ec332a/resourcegroups/rg-soc-lab-april/providers/microsoft.compute/virtualmachines/soc-labtest-rg"
"686d5249-052b-4467-a46a-5b3917a2115b","4/6/2026, 8:47:22.767 AM",OpsManager,"SOC-LabTest-RG\grch2006",User,"SOC-LabTest-RG","Microsoft-Windows-Security-Auditing",Security,12544,0,,4625,"4625 - An account failed to log on.",,,,,,,,,,,,,,,,,,,,NTLM,,,,,,,,,,,,,,,,,,,,,,,,,,,,,,,,,"%%2313",,,,,,,,,,,,,,,,"185.156.73.169",0,0,"-",,,,,,,,,"NtLmSsp ",3,"3 - Network",,,,,,,,,,,,,,,,,,,,,,,,,,,,,,,,,,,,,,,,,,,,,,,,,"-",0x0,"-",,,,,,,,,,,,,,,,,,,,,,,,,,,,,0xc000006d,"-\-",,,,"-",,0x0,,,"-","S-1-0-0",0xc0000064,,"SOC-LabTest-RG\grch2006","SOC-LabTest-RG",,,,,,,,,,grch2006,"S-1-0-0",,,,,,,,"-",,,,,,,,"-",LogAlways,"c30dff82-6b97-43a0-ac83-f134bafd8c78","c30dff82-6b97-43a0-ac83-f134bafd8c79","00000000-0000-0000-0000-000000000001","4/6/2026, 8:48:13.470 AM","AOI-686d5249-052b-4467-a46a-5b3917a2115b","N/A",0,0,0x8010000000000000,"{c30dff82-6b97-0001-3685-f50e8bc5dc01}",912,2964,3837,SecurityEvent,"/subscriptions/d2baea97-676b-4bde-acc8-351170ec332a/resourcegroups/rg-soc-lab-april/providers/microsoft.compute/virtualmachines/soc-labtest-rg"
"686d5249-052b-4467-a46a-5b3917a2115b","4/6/2026, 8:47:22.825 AM",OpsManager,"SOC-LabTest-RG\owner",User,"SOC-LabTest-RG","Microsoft-Windows-Security-Auditing",Security,12544,0,,4625,"4625 - An account failed to log on.",,,,,,,,,,,,,,,,,,,,NTLM,,,,,,,,,,,,,,,,,,,,,,,,,,,,,,,,,"%%2313",,,,,,,,,,,,,,,,"185.156.73.74",0,0,"-",,,,,,,,,"NtLmSsp ",3,"3 - Network",,,,,,,,,,,,,,,,,,,,,,,,,,,,,,,,,,,,,,,,,,,,,,,,,"-",0x0,"-",,,,,,,,,,,,,,,,,,,,,,,,,,,,,0xc000006d,"-\-",,,,"-",,0x0,,,"-","S-1-0-0",0xc0000064,,"SOC-LabTest-RG\owner","SOC-LabTest-RG",,,,,,,,,,owner,"S-1-0-0",,,,,,,,"-",,,,,,,,"-",LogAlways,"c30dff82-6b97-43a0-ac83-f134bafd8c78","c30dff82-6b97-43a0-ac83-f134bafd8c79","00000000-0000-0000-0000-000000000001","4/6/2026, 8:48:13.470 AM","AOI-686d5249-052b-4467-a46a-5b3917a2115b","N/A",0,0,0x8010000000000000,"{c30dff82-6b97-0001-3685-f50e8bc5dc01}",912,2964,3838,SecurityEvent,"/subscriptions/d2baea97-676b-4bde-acc8-351170ec332a/resourcegroups/rg-soc-lab-april/providers/microsoft.compute/virtualmachines/soc-labtest-rg"
"686d5249-052b-4467-a46a-5b3917a2115b","4/6/2026, 8:47:23.084 AM",OpsManager,"SOC-LabTest-RG\telas",User,"SOC-LabTest-RG","Microsoft-Windows-Security-Auditing",Security,12544,0,,4625,"4625 - An account failed to log on.",,,,,,,,,,,,,,,,,,,,NTLM,,,,,,,,,,,,,,,,,,,,,,,,,,,,,,,,,"%%2313",,,,,,,,,,,,,,,,"185.156.73.169",0,0,"-",,,,,,,,,"NtLmSsp ",3,"3 - Network",,,,,,,,,,,,,,,,,,,,,,,,,,,,,,,,,,,,,,,,,,,,,,,,,"-",0x0,"-",,,,,,,,,,,,,,,,,,,,,,,,,,,,,0xc000006d,"-\-",,,,"-",,0x0,,,"-","S-1-0-0",0xc0000064,,"SOC-LabTest-RG\telas","SOC-LabTest-RG",,,,,,,,,,telas,"S-1-0-0",,,,,,,,"-",,,,,,,,"-",LogAlways,"c30dff82-6b97-43a0-ac83-f134bafd8c78","c30dff82-6b97-43a0-ac83-f134bafd8c79","00000000-0000-0000-0000-000000000001","4/6/2026, 8:48:13.470 AM","AOI-686d5249-052b-4467-a46a-5b3917a2115b","N/A",0,0,0x8010000000000000,"{c30dff82-6b97-0001-3685-f50e8bc5dc01}",912,2964,3839,SecurityEvent,"/subscriptions/d2baea97-676b-4bde-acc8-351170ec332a/resourcegroups/rg-soc-lab-april/providers/microsoft.compute/virtualmachines/soc-labtest-rg"
"686d5249-052b-4467-a46a-5b3917a2115b","4/6/2026, 8:47:23.324 AM",OpsManager,"SOC-LabTest-RG\oscar",User,"SOC-LabTest-RG","Microsoft-Windows-Security-Auditing",Security,12544,0,,4625,"4625 - An account failed to log on.",,,,,,,,,,,,,,,,,,,,NTLM,,,,,,,,,,,,,,,,,,,,,,,,,,,,,,,,,"%%2313",,,,,,,,,,,,,,,,"185.156.73.74",0,0,"-",,,,,,,,,"NtLmSsp ",3,"3 - Network",,,,,,,,,,,,,,,,,,,,,,,,,,,,,,,,,,,,,,,,,,,,,,,,,"-",0x0,"-",,,,,,,,,,,,,,,,,,,,,,,,,,,,,0xc000006d,"-\-",,,,"-",,0x0,,,"-","S-1-0-0",0xc0000064,,"SOC-LabTest-RG\oscar","SOC-LabTest-RG",,,,,,,,,,oscar,"S-1-0-0",,,,,,,,"-",,,,,,,,"-",LogAlways,"c30dff82-6b97-43a0-ac83-f134bafd8c78","c30dff82-6b97-43a0-ac83-f134bafd8c79","00000000-0000-0000-0000-000000000001","4/6/2026, 8:48:13.470 AM","AOI-686d5249-052b-4467-a46a-5b3917a2115b","N/A",0,0,0x8010000000000000,"{c30dff82-6b97-0001-3685-f50e8bc5dc01}",912,5600,3840,SecurityEvent,"/subscriptions/d2baea97-676b-4bde-acc8-351170ec332a/resourcegroups/rg-soc-lab-april/providers/microsoft.compute/virtualmachines/soc-labtest-rg"
"686d5249-052b-4467-a46a-5b3917a2115b","4/6/2026, 8:47:23.371 AM",OpsManager,"SOC-LabTest-RG\webadmin",User,"SOC-LabTest-RG","Microsoft-Windows-Security-Auditing",Security,12544,0,,4625,"4625 - An account failed to log on.",,,,,,,,,,,,,,,,,,,,NTLM,,,,,,,,,,,,,,,,,,,,,,,,,,,,,,,,,"%%2313",,,,,,,,,,,,,,,,"185.156.73.169",0,0,"-",,,,,,,,,"NtLmSsp ",3,"3 - Network",,,,,,,,,,,,,,,,,,,,,,,,,,,,,,,,,,,,,,,,,,,,,,,,,"-",0x0,"-",,,,,,,,,,,,,,,,,,,,,,,,,,,,,0xc000006d,"-\-",,,,"-",,0x0,,,"-","S-1-0-0",0xc0000064,,"SOC-LabTest-RG\webadmin","SOC-LabTest-RG",,,,,,,,,,webadmin,"S-1-0-0",,,,,,,,"-",,,,,,,,"-",LogAlways,"c30dff82-6b97-43a0-ac83-f134bafd8c78","c30dff82-6b97-43a0-ac83-f134bafd8c79","00000000-0000-0000-0000-000000000001","4/6/2026, 8:48:13.470 AM","AOI-686d5249-052b-4467-a46a-5b3917a2115b","N/A",0,0,0x8010000000000000,"{c30dff82-6b97-0001-3685-f50e8bc5dc01}",912,2964,3841,SecurityEvent,"/subscriptions/d2baea97-676b-4bde-acc8-351170ec332a/resourcegroups/rg-soc-lab-april/providers/microsoft.compute/virtualmachines/soc-labtest-rg"
"686d5249-052b-4467-a46a-5b3917a2115b","4/6/2026, 8:47:23.618 AM",OpsManager,"SOC-LabTest-RG\user5",User,"SOC-LabTest-RG","Microsoft-Windows-Security-Auditing",Security,12544,0,,4625,"4625 - An account failed to log on.",,,,,,,,,,,,,,,,,,,,NTLM,,,,,,,,,,,,,,,,,,,,,,,,,,,,,,,,,"%%2313",,,,,,,,,,,,,,,,"185.156.73.74",0,0,"-",,,,,,,,,"NtLmSsp ",3,"3 - Network",,,,,,,,,,,,,,,,,,,,,,,,,,,,,,,,,,,,,,,,,,,,,,,,,"-",0x0,"-",,,,,,,,,,,,,,,,,,,,,,,,,,,,,0xc000006d,"-\-",,,,"-",,0x0,,,"-","S-1-0-0",0xc0000064,,"SOC-LabTest-RG\user5","SOC-LabTest-RG",,,,,,,,,,user5,"S-1-0-0",,,,,,,,"-",,,,,,,,"-",LogAlways,"c30dff82-6b97-43a0-ac83-f134bafd8c78","c30dff82-6b97-43a0-ac83-f134bafd8c79","00000000-0000-0000-0000-000000000001","4/6/2026, 8:48:13.470 AM","AOI-686d5249-052b-4467-a46a-5b3917a2115b","N/A",0,0,0x8010000000000000,"{c30dff82-6b97-0001-3685-f50e8bc5dc01}",912,2964,3842,SecurityEvent,"/subscriptions/d2baea97-676b-4bde-acc8-351170ec332a/resourcegroups/rg-soc-lab-april/providers/microsoft.compute/virtualmachines/soc-labtest-rg"
"686d5249-052b-4467-a46a-5b3917a2115b","4/6/2026, 8:47:23.872 AM",OpsManager,"SOC-LabTest-RG\akaminska",User,"SOC-LabTest-RG","Microsoft-Windows-Security-Auditing",Security,12544,0,,4625,"4625 - An account failed to log on.",,,,,,,,,,,,,,,,,,,,NTLM,,,,,,,,,,,,,,,,,,,,,,,,,,,,,,,,,"%%2313",,,,,,,,,,,,,,,,"185.156.73.169",0,0,"-",,,,,,,,,"NtLmSsp ",3,"3 - Network",,,,,,,,,,,,,,,,,,,,,,,,,,,,,,,,,,,,,,,,,,,,,,,,,"-",0x0,"-",,,,,,,,,,,,,,,,,,,,,,,,,,,,,0xc000006d,"-\-",,,,"-",,0x0,,,"-","S-1-0-0",0xc0000064,,"SOC-LabTest-RG\akaminska","SOC-LabTest-RG",,,,,,,,,,akaminska,"S-1-0-0",,,,,,,,"-",,,,,,,,"-",LogAlways,"c30dff82-6b97-43a0-ac83-f134bafd8c78","c30dff82-6b97-43a0-ac83-f134bafd8c79","00000000-0000-0000-0000-000000000001","4/6/2026, 8:48:13.470 AM","AOI-686d5249-052b-4467-a46a-5b3917a2115b","N/A",0,0,0x8010000000000000,"{c30dff82-6b97-0001-3685-f50e8bc5dc01}",912,2964,3843,SecurityEvent,"/subscriptions/d2baea97-676b-4bde-acc8-351170ec332a/resourcegroups/rg-soc-lab-april/providers/microsoft.compute/virtualmachines/soc-labtest-rg"
"686d5249-052b-4467-a46a-5b3917a2115b","4/6/2026, 8:47:23.944 AM",OpsManager,"SOC-LabTest-RG\bruna",User,"SOC-LabTest-RG","Microsoft-Windows-Security-Auditing",Security,12544,0,,4625,"4625 - An account failed to log on.",,,,,,,,,,,,,,,,,,,,NTLM,,,,,,,,,,,,,,,,,,,,,,,,,,,,,,,,,"%%2313",,,,,,,,,,,,,,,,"185.156.73.74",0,0,"-",,,,,,,,,"NtLmSsp ",3,"3 - Network",,,,,,,,,,,,,,,,,,,,,,,,,,,,,,,,,,,,,,,,,,,,,,,,,"-",0x0,"-",,,,,,,,,,,,,,,,,,,,,,,,,,,,,0xc000006d,"-\-",,,,"-",,0x0,,,"-","S-1-0-0",0xc0000064,,"SOC-LabTest-RG\bruna","SOC-LabTest-RG",,,,,,,,,,bruna,"S-1-0-0",,,,,,,,"-",,,,,,,,"-",LogAlways,"c30dff82-6b97-43a0-ac83-f134bafd8c78","c30dff82-6b97-43a0-ac83-f134bafd8c79","00000000-0000-0000-0000-000000000001","4/6/2026, 8:48:13.470 AM","AOI-686d5249-052b-4467-a46a-5b3917a2115b","N/A",0,0,0x8010000000000000,"{c30dff82-6b97-0001-3685-f50e8bc5dc01}",912,2964,3844,SecurityEvent,"/subscriptions/d2baea97-676b-4bde-acc8-351170ec332a/resourcegroups/rg-soc-lab-april/providers/microsoft.compute/virtualmachines/soc-labtest-rg"
"686d5249-052b-4467-a46a-5b3917a2115b","4/6/2026, 8:47:24.175 AM",OpsManager,"SOC-LabTest-RG\best",User,"SOC-LabTest-RG","Microsoft-Windows-Security-Auditing",Security,12544,0,,4625,"4625 - An account failed to log on.",,,,,,,,,,,,,,,,,,,,NTLM,,,,,,,,,,,,,,,,,,,,,,,,,,,,,,,,,"%%2313",,,,,,,,,,,,,,,,"185.156.73.169",0,0,"-",,,,,,,,,"NtLmSsp ",3,"3 - Network",,,,,,,,,,,,,,,,,,,,,,,,,,,,,,,,,,,,,,,,,,,,,,,,,"-",0x0,"-",,,,,,,,,,,,,,,,,,,,,,,,,,,,,0xc000006d,"-\-",,,,"-",,0x0,,,"-","S-1-0-0",0xc0000064,,"SOC-LabTest-RG\best","SOC-LabTest-RG",,,,,,,,,,best,"S-1-0-0",,,,,,,,"-",,,,,,,,"-",LogAlways,"c30dff82-6b97-43a0-ac83-f134bafd8c78","c30dff82-6b97-43a0-ac83-f134bafd8c79","00000000-0000-0000-0000-000000000001","4/6/2026, 8:48:13.470 AM","AOI-686d5249-052b-4467-a46a-5b3917a2115b","N/A",0,0,0x8010000000000000,"{c30dff82-6b97-0001-3685-f50e8bc5dc01}",912,2964,3845,SecurityEvent,"/subscriptions/d2baea97-676b-4bde-acc8-351170ec332a/resourcegroups/rg-soc-lab-april/providers/microsoft.compute/virtualmachines/soc-labtest-rg"
"686d5249-052b-4467-a46a-5b3917a2115b","4/6/2026, 8:47:24.524 AM",OpsManager,"SOC-LabTest-RG\conference",User,"SOC-LabTest-RG","Microsoft-Windows-Security-Auditing",Security,12544,0,,4625,"4625 - An account failed to log on.",,,,,,,,,,,,,,,,,,,,NTLM,,,,,,,,,,,,,,,,,,,,,,,,,,,,,,,,,"%%2313",,,,,,,,,,,,,,,,"185.156.73.74",0,0,"-",,,,,,,,,"NtLmSsp ",3,"3 - Network",,,,,,,,,,,,,,,,,,,,,,,,,,,,,,,,,,,,,,,,,,,,,,,,,"-",0x0,"-",,,,,,,,,,,,,,,,,,,,,,,,,,,,,0xc000006d,"-\-",,,,"-",,0x0,,,"-","S-1-0-0",0xc0000064,,"SOC-LabTest-RG\conference","SOC-LabTest-RG",,,,,,,,,,conference,"S-1-0-0",,,,,,,,"-",,,,,,,,"-",LogAlways,"c30dff82-6b97-43a0-ac83-f134bafd8c78","c30dff82-6b97-43a0-ac83-f134bafd8c79","00000000-0000-0000-0000-000000000001","4/6/2026, 8:48:13.470 AM","AOI-686d5249-052b-4467-a46a-5b3917a2115b","N/A",0,0,0x8010000000000000,"{c30dff82-6b97-0001-3685-f50e8bc5dc01}",912,2964,3846,SecurityEvent,"/subscriptions/d2baea97-676b-4bde-acc8-351170ec332a/resourcegroups/rg-soc-lab-april/providers/microsoft.compute/virtualmachines/soc-labtest-rg"
"686d5249-052b-4467-a46a-5b3917a2115b","4/6/2026, 8:47:24.860 AM",OpsManager,"SOC-LabTest-RG\7",User,"SOC-LabTest-RG","Microsoft-Windows-Security-Auditing",Security,12544,0,,4625,"4625 - An account failed to log on.",,,,,,,,,,,,,,,,,,,,NTLM,,,,,,,,,,,,,,,,,,,,,,,,,,,,,,,,,"%%2313",,,,,,,,,,,,,,,,"185.156.73.74",0,0,"-",,,,,,,,,"NtLmSsp ",3,"3 - Network",,,,,,,,,,,,,,,,,,,,,,,,,,,,,,,,,,,,,,,,,,,,,,,,,"-",0x0,"-",,,,,,,,,,,,,,,,,,,,,,,,,,,,,0xc000006d,"-\-",,,,"-",,0x0,,,"-","S-1-0-0",0xc0000064,,"SOC-LabTest-RG\7","SOC-LabTest-RG",,,,,,,,,,7,"S-1-0-0",,,,,,,,"-",,,,,,,,"-",LogAlways,"c30dff82-6b97-43a0-ac83-f134bafd8c78","c30dff82-6b97-43a0-ac83-f134bafd8c79","00000000-0000-0000-0000-000000000001","4/6/2026, 8:48:13.470 AM","AOI-686d5249-052b-4467-a46a-5b3917a2115b","N/A",0,0,0x8010000000000000,"{c30dff82-6b97-0001-3685-f50e8bc5dc01}",912,5600,3847,SecurityEvent,"/subscriptions/d2baea97-676b-4bde-acc8-351170ec332a/resourcegroups/rg-soc-lab-april/providers/microsoft.compute/virtualmachines/soc-labtest-rg"
"686d5249-052b-4467-a46a-5b3917a2115b","4/6/2026, 8:47:25.066 AM",OpsManager,"SOC-LabTest-RG\talink",User,"SOC-LabTest-RG","Microsoft-Windows-Security-Auditing",Security,12544,0,,4625,"4625 - An account failed to log on.",,,,,,,,,,,,,,,,,,,,NTLM,,,,,,,,,,,,,,,,,,,,,,,,,,,,,,,,,"%%2313",,,,,,,,,,,,,,,,"185.156.73.169",0,0,"-",,,,,,,,,"NtLmSsp ",3,"3 - Network",,,,,,,,,,,,,,,,,,,,,,,,,,,,,,,,,,,,,,,,,,,,,,,,,"-",0x0,"-",,,,,,,,,,,,,,,,,,,,,,,,,,,,,0xc000006d,"-\-",,,,"-",,0x0,,,"-","S-1-0-0",0xc0000064,,"SOC-LabTest-RG\talink","SOC-LabTest-RG",,,,,,,,,,talink,"S-1-0-0",,,,,,,,"-",,,,,,,,"-",LogAlways,"c30dff82-6b97-43a0-ac83-f134bafd8c78","c30dff82-6b97-43a0-ac83-f134bafd8c79","00000000-0000-0000-0000-000000000001","4/6/2026, 8:48:13.470 AM","AOI-686d5249-052b-4467-a46a-5b3917a2115b","N/A",0,0,0x8010000000000000,"{c30dff82-6b97-0001-3685-f50e8bc5dc01}",912,5880,3848,SecurityEvent,"/subscriptions/d2baea97-676b-4bde-acc8-351170ec332a/resourcegroups/rg-soc-lab-april/providers/microsoft.compute/virtualmachines/soc-labtest-rg"
"686d5249-052b-4467-a46a-5b3917a2115b","4/6/2026, 8:47:25.110 AM",OpsManager,"SOC-LabTest-RG\administrador",User,"SOC-LabTest-RG","Microsoft-Windows-Security-Auditing",Security,12544,0,,4625,"4625 - An account failed to log on.",,,,,,,,,,,,,,,,,,,,NTLM,,,,,,,,,,,,,,,,,,,,,,,,,,,,,,,,,"%%2313",,,,,,,,,,,,,,,,"185.156.73.74",0,0,"-",,,,,,,,,"NtLmSsp ",3,"3 - Network",,,,,,,,,,,,,,,,,,,,,,,,,,,,,,,,,,,,,,,,,,,,,,,,,"-",0x0,"-",,,,,,,,,,,,,,,,,,,,,,,,,,,,,0xc000006d,"-\-",,,,"-",,0x0,,,"-","S-1-0-0",0xc0000064,,"SOC-LabTest-RG\administrador","SOC-LabTest-RG",,,,,,,,,,administrador,"S-1-0-0",,,,,,,,"-",,,,,,,,"-",LogAlways,"c30dff82-6b97-43a0-ac83-f134bafd8c78","c30dff82-6b97-43a0-ac83-f134bafd8c79","00000000-0000-0000-0000-000000000001","4/6/2026, 8:48:13.470 AM","AOI-686d5249-052b-4467-a46a-5b3917a2115b","N/A",0,0,0x8010000000000000,"{c30dff82-6b97-0001-3685-f50e8bc5dc01}",912,5880,3849,SecurityEvent,"/subscriptions/d2baea97-676b-4bde-acc8-351170ec332a/resourcegroups/rg-soc-lab-april/providers/microsoft.compute/virtualmachines/soc-labtest-rg"
