"686d5249-052b-4467-a46a-5b3917a2115b","4/6/2026, 8:59:14.791 AM",OpsManager,"SOC-LabTest-RG\acct01",User,"SOC-LabTest-RG","Microsoft-Windows-Security-Auditing",Security,12544,0,,4625,"4625 - An account failed to log on.",,,,,,,,,,,,,,,,,,,,NTLM,,,,,,,,,,,,,,,,,,,,,,,,,,,,,,,,,"%%2313",,,,,,,,,,,,,,,,"185.156.73.169",0,0,"-",,,,,,,,,"NtLmSsp ",3,"3 - Network",,,,,,,,,,,,,,,,,,,,,,,,,,,,,,,,,,,,,,,,,,,,,,,,,"-",0x0,"-",,,,,,,,,,,,,,,,,,,,,,,,,,,,,0xc000006d,"-\-",,,,"-",,0x0,,,"-","S-1-0-0",0xc0000064,,"SOC-LabTest-RG\acct01","SOC-LabTest-RG",,,,,,,,,,acct01,"S-1-0-0",,,,,,,,"-",,,,,,,,"-",LogAlways,"c30dff82-6b97-43a0-ac83-f134bafd8c78","c30dff82-6b97-43a0-ac83-f134bafd8c79","00000000-0000-0000-0000-000000000001","4/6/2026, 8:59:53.399 AM","AOI-686d5249-052b-4467-a46a-5b3917a2115b","N/A",0,0,0x8010000000000000,"{c30dff82-6b97-0001-3685-f50e8bc5dc01}",912,5880,7514,SecurityEvent,"/subscriptions/d2baea97-676b-4bde-acc8-351170ec332a/resourcegroups/rg-soc-lab-april/providers/microsoft.compute/virtualmachines/soc-labtest-rg"
"686d5249-052b-4467-a46a-5b3917a2115b","4/6/2026, 8:59:15.043 AM",OpsManager,"SOC-LabTest-RG\service",User,"SOC-LabTest-RG","Microsoft-Windows-Security-Auditing",Security,12544,0,,4625,"4625 - An account failed to log on.",,,,,,,,,,,,,,,,,,,,NTLM,,,,,,,,,,,,,,,,,,,,,,,,,,,,,,,,,"%%2313",,,,,,,,,,,,,,,,"185.156.73.169",0,0,"-",,,,,,,,,"NtLmSsp ",3,"3 - Network",,,,,,,,,,,,,,,,,,,,,,,,,,,,,,,,,,,,,,,,,,,,,,,,,"-",0x0,"-",,,,,,,,,,,,,,,,,,,,,,,,,,,,,0xc000006d,"-\-",,,,"-",,0x0,,,"-","S-1-0-0",0xc0000064,,"SOC-LabTest-RG\service","SOC-LabTest-RG",,,,,,,,,,service,"S-1-0-0",,,,,,,,"-",,,,,,,,"-",LogAlways,"c30dff82-6b97-43a0-ac83-f134bafd8c78","c30dff82-6b97-43a0-ac83-f134bafd8c79","00000000-0000-0000-0000-000000000001","4/6/2026, 8:59:53.399 AM","AOI-686d5249-052b-4467-a46a-5b3917a2115b","N/A",0,0,0x8010000000000000,"{c30dff82-6b97-0001-3685-f50e8bc5dc01}",912,5880,7515,SecurityEvent,"/subscriptions/d2baea97-676b-4bde-acc8-351170ec332a/resourcegroups/rg-soc-lab-april/providers/microsoft.compute/virtualmachines/soc-labtest-rg"
"686d5249-052b-4467-a46a-5b3917a2115b","4/6/2026, 8:59:15.137 AM",OpsManager,"SOC-LabTest-RG\scanner",User,"SOC-LabTest-RG","Microsoft-Windows-Security-Auditing",Security,12544,0,,4625,"4625 - An account failed to log on.",,,,,,,,,,,,,,,,,,,,NTLM,,,,,,,,,,,,,,,,,,,,,,,,,,,,,,,,,"%%2313",,,,,,,,,,,,,,,,"185.156.73.74",0,0,"-",,,,,,,,,"NtLmSsp ",3,"3 - Network",,,,,,,,,,,,,,,,,,,,,,,,,,,,,,,,,,,,,,,,,,,,,,,,,"-",0x0,"-",,,,,,,,,,,,,,,,,,,,,,,,,,,,,0xc000006d,"-\-",,,,"-",,0x0,,,"-","S-1-0-0",0xc0000064,,"SOC-LabTest-RG\scanner","SOC-LabTest-RG",,,,,,,,,,scanner,"S-1-0-0",,,,,,,,"-",,,,,,,,"-",LogAlways,"c30dff82-6b97-43a0-ac83-f134bafd8c78","c30dff82-6b97-43a0-ac83-f134bafd8c79","00000000-0000-0000-0000-000000000001","4/6/2026, 8:59:53.399 AM","AOI-686d5249-052b-4467-a46a-5b3917a2115b","N/A",0,0,0x8010000000000000,"{c30dff82-6b97-0001-3685-f50e8bc5dc01}",912,5880,7516,SecurityEvent,"/subscriptions/d2baea97-676b-4bde-acc8-351170ec332a/resourcegroups/rg-soc-lab-april/providers/microsoft.compute/virtualmachines/soc-labtest-rg"
"686d5249-052b-4467-a46a-5b3917a2115b","4/6/2026, 8:59:15.453 AM",OpsManager,"SOC-LabTest-RG\msosa",User,"SOC-LabTest-RG","Microsoft-Windows-Security-Auditing",Security,12544,0,,4625,"4625 - An account failed to log on.",,,,,,,,,,,,,,,,,,,,NTLM,,,,,,,,,,,,,,,,,,,,,,,,,,,,,,,,,"%%2313",,,,,,,,,,,,,,,,"185.156.73.74",0,0,"-",,,,,,,,,"NtLmSsp ",3,"3 - Network",,,,,,,,,,,,,,,,,,,,,,,,,,,,,,,,,,,,,,,,,,,,,,,,,"-",0x0,"-",,,,,,,,,,,,,,,,,,,,,,,,,,,,,0xc000006d,"-\-",,,,"-",,0x0,,,"-","S-1-0-0",0xc0000064,,"SOC-LabTest-RG\msosa","SOC-LabTest-RG",,,,,,,,,,msosa,"S-1-0-0",,,,,,,,"-",,,,,,,,"-",LogAlways,"c30dff82-6b97-43a0-ac83-f134bafd8c78","c30dff82-6b97-43a0-ac83-f134bafd8c79","00000000-0000-0000-0000-000000000001","4/6/2026, 8:59:53.399 AM","AOI-686d5249-052b-4467-a46a-5b3917a2115b","N/A",0,0,0x8010000000000000,"{c30dff82-6b97-0001-3685-f50e8bc5dc01}",912,5880,7517,SecurityEvent,"/subscriptions/d2baea97-676b-4bde-acc8-351170ec332a/resourcegroups/rg-soc-lab-april/providers/microsoft.compute/virtualmachines/soc-labtest-rg"
"686d5249-052b-4467-a46a-5b3917a2115b","4/6/2026, 8:59:15.577 AM",OpsManager,"SOC-LabTest-RG\rene",User,"SOC-LabTest-RG","Microsoft-Windows-Security-Auditing",Security,12544,0,,4625,"4625 - An account failed to log on.",,,,,,,,,,,,,,,,,,,,NTLM,,,,,,,,,,,,,,,,,,,,,,,,,,,,,,,,,"%%2313",,,,,,,,,,,,,,,,"185.156.73.169",0,0,"-",,,,,,,,,"NtLmSsp ",3,"3 - Network",,,,,,,,,,,,,,,,,,,,,,,,,,,,,,,,,,,,,,,,,,,,,,,,,"-",0x0,"-",,,,,,,,,,,,,,,,,,,,,,,,,,,,,0xc000006d,"-\-",,,,"-",,0x0,,,"-","S-1-0-0",0xc0000064,,"SOC-LabTest-RG\rene","SOC-LabTest-RG",,,,,,,,,,rene,"S-1-0-0",,,,,,,,"-",,,,,,,,"-",LogAlways,"c30dff82-6b97-43a0-ac83-f134bafd8c78","c30dff82-6b97-43a0-ac83-f134bafd8c79","00000000-0000-0000-0000-000000000001","4/6/2026, 8:59:53.399 AM","AOI-686d5249-052b-4467-a46a-5b3917a2115b","N/A",0,0,0x8010000000000000,"{c30dff82-6b97-0001-3685-f50e8bc5dc01}",912,5880,7518,SecurityEvent,"/subscriptions/d2baea97-676b-4bde-acc8-351170ec332a/resourcegroups/rg-soc-lab-april/providers/microsoft.compute/virtualmachines/soc-labtest-rg"
"686d5249-052b-4467-a46a-5b3917a2115b","4/6/2026, 8:59:15.744 AM",OpsManager,"SOC-LabTest-RG\zs",User,"SOC-LabTest-RG","Microsoft-Windows-Security-Auditing",Security,12544,0,,4625,"4625 - An account failed to log on.",,,,,,,,,,,,,,,,,,,,NTLM,,,,,,,,,,,,,,,,,,,,,,,,,,,,,,,,,"%%2313",,,,,,,,,,,,,,,,"185.156.73.74",0,0,"-",,,,,,,,,"NtLmSsp ",3,"3 - Network",,,,,,,,,,,,,,,,,,,,,,,,,,,,,,,,,,,,,,,,,,,,,,,,,"-",0x0,"-",,,,,,,,,,,,,,,,,,,,,,,,,,,,,0xc000006d,"-\-",,,,"-",,0x0,,,"-","S-1-0-0",0xc0000064,,"SOC-LabTest-RG\zs","SOC-LabTest-RG",,,,,,,,,,zs,"S-1-0-0",,,,,,,,"-",,,,,,,,"-",LogAlways,"c30dff82-6b97-43a0-ac83-f134bafd8c78","c30dff82-6b97-43a0-ac83-f134bafd8c79","00000000-0000-0000-0000-000000000001","4/6/2026, 8:59:53.399 AM","AOI-686d5249-052b-4467-a46a-5b3917a2115b","N/A",0,0,0x8010000000000000,"{c30dff82-6b97-0001-3685-f50e8bc5dc01}",912,5880,7519,SecurityEvent,"/subscriptions/d2baea97-676b-4bde-acc8-351170ec332a/resourcegroups/rg-soc-lab-april/providers/microsoft.compute/virtualmachines/soc-labtest-rg"
"686d5249-052b-4467-a46a-5b3917a2115b","4/6/2026, 8:59:15.896 AM",OpsManager,"SOC-LabTest-RG\mette",User,"SOC-LabTest-RG","Microsoft-Windows-Security-Auditing",Security,12544,0,,4625,"4625 - An account failed to log on.",,,,,,,,,,,,,,,,,,,,NTLM,,,,,,,,,,,,,,,,,,,,,,,,,,,,,,,,,"%%2313",,,,,,,,,,,,,,,,"185.156.73.169",0,0,"-",,,,,,,,,"NtLmSsp ",3,"3 - Network",,,,,,,,,,,,,,,,,,,,,,,,,,,,,,,,,,,,,,,,,,,,,,,,,"-",0x0,"-",,,,,,,,,,,,,,,,,,,,,,,,,,,,,0xc000006d,"-\-",,,,"-",,0x0,,,"-","S-1-0-0",0xc0000064,,"SOC-LabTest-RG\mette","SOC-LabTest-RG",,,,,,,,,,mette,"S-1-0-0",,,,,,,,"-",,,,,,,,"-",LogAlways,"c30dff82-6b97-43a0-ac83-f134bafd8c78","c30dff82-6b97-43a0-ac83-f134bafd8c79","00000000-0000-0000-0000-000000000001","4/6/2026, 8:59:53.399 AM","AOI-686d5249-052b-4467-a46a-5b3917a2115b","N/A",0,0,0x8010000000000000,"{c30dff82-6b97-0001-3685-f50e8bc5dc01}",912,5880,7520,SecurityEvent,"/subscriptions/d2baea97-676b-4bde-acc8-351170ec332a/resourcegroups/rg-soc-lab-april/providers/microsoft.compute/virtualmachines/soc-labtest-rg"
"686d5249-052b-4467-a46a-5b3917a2115b","4/6/2026, 8:59:16.156 AM",OpsManager,"SOC-LabTest-RG\tpv",User,"SOC-LabTest-RG","Microsoft-Windows-Security-Auditing",Security,12544,0,,4625,"4625 - An account failed to log on.",,,,,,,,,,,,,,,,,,,,NTLM,,,,,,,,,,,,,,,,,,,,,,,,,,,,,,,,,"%%2313",,,,,,,,,,,,,,,,"185.156.73.74",0,0,"-",,,,,,,,,"NtLmSsp ",3,"3 - Network",,,,,,,,,,,,,,,,,,,,,,,,,,,,,,,,,,,,,,,,,,,,,,,,,"-",0x0,"-",,,,,,,,,,,,,,,,,,,,,,,,,,,,,0xc000006d,"-\-",,,,"-",,0x0,,,"-","S-1-0-0",0xc0000064,,"SOC-LabTest-RG\tpv","SOC-LabTest-RG",,,,,,,,,,tpv,"S-1-0-0",,,,,,,,"-",,,,,,,,"-",LogAlways,"c30dff82-6b97-43a0-ac83-f134bafd8c78","c30dff82-6b97-43a0-ac83-f134bafd8c79","00000000-0000-0000-0000-000000000001","4/6/2026, 8:59:53.399 AM","AOI-686d5249-052b-4467-a46a-5b3917a2115b","N/A",0,0,0x8010000000000000,"{c30dff82-6b97-0001-3685-f50e8bc5dc01}",912,5880,7521,SecurityEvent,"/subscriptions/d2baea97-676b-4bde-acc8-351170ec332a/resourcegroups/rg-soc-lab-april/providers/microsoft.compute/virtualmachines/soc-labtest-rg"
"686d5249-052b-4467-a46a-5b3917a2115b","4/6/2026, 8:59:16.169 AM",OpsManager,"SOC-LabTest-RG\backup",User,"SOC-LabTest-RG","Microsoft-Windows-Security-Auditing",Security,12544,0,,4625,"4625 - An account failed to log on.",,,,,,,,,,,,,,,,,,,,NTLM,,,,,,,,,,,,,,,,,,,,,,,,,,,,,,,,,"%%2313",,,,,,,,,,,,,,,,"185.156.73.169",0,0,"-",,,,,,,,,"NtLmSsp ",3,"3 - Network",,,,,,,,,,,,,,,,,,,,,,,,,,,,,,,,,,,,,,,,,,,,,,,,,"-",0x0,"-",,,,,,,,,,,,,,,,,,,,,,,,,,,,,0xc000006d,"-\-",,,,"-",,0x0,,,"-","S-1-0-0",0xc0000064,,"SOC-LabTest-RG\backup","SOC-LabTest-RG",,,,,,,,,,backup,"S-1-0-0",,,,,,,,"-",,,,,,,,"-",LogAlways,"c30dff82-6b97-43a0-ac83-f134bafd8c78","c30dff82-6b97-43a0-ac83-f134bafd8c79","00000000-0000-0000-0000-000000000001","4/6/2026, 8:59:53.399 AM","AOI-686d5249-052b-4467-a46a-5b3917a2115b","N/A",0,0,0x8010000000000000,"{c30dff82-6b97-0001-3685-f50e8bc5dc01}",912,5880,7522,SecurityEvent,"/subscriptions/d2baea97-676b-4bde-acc8-351170ec332a/resourcegroups/rg-soc-lab-april/providers/microsoft.compute/virtualmachines/soc-labtest-rg"
"686d5249-052b-4467-a46a-5b3917a2115b","4/6/2026, 8:59:16.546 AM",OpsManager,"SOC-LabTest-RG\trainee",User,"SOC-LabTest-RG","Microsoft-Windows-Security-Auditing",Security,12544,0,,4625,"4625 - An account failed to log on.",,,,,,,,,,,,,,,,,,,,NTLM,,,,,,,,,,,,,,,,,,,,,,,,,,,,,,,,,"%%2313",,,,,,,,,,,,,,,,"185.156.73.74",0,0,"-",,,,,,,,,"NtLmSsp ",3,"3 - Network",,,,,,,,,,,,,,,,,,,,,,,,,,,,,,,,,,,,,,,,,,,,,,,,,"-",0x0,"-",,,,,,,,,,,,,,,,,,,,,,,,,,,,,0xc000006d,"-\-",,,,"-",,0x0,,,"-","S-1-0-0",0xc0000064,,"SOC-LabTest-RG\trainee","SOC-LabTest-RG",,,,,,,,,,trainee,"S-1-0-0",,,,,,,,"-",,,,,,,,"-",LogAlways,"c30dff82-6b97-43a0-ac83-f134bafd8c78","c30dff82-6b97-43a0-ac83-f134bafd8c79","00000000-0000-0000-0000-000000000001","4/6/2026, 8:59:53.399 AM","AOI-686d5249-052b-4467-a46a-5b3917a2115b","N/A",0,0,0x8010000000000000,"{c30dff82-6b97-0001-3685-f50e8bc5dc01}",912,5880,7523,SecurityEvent,"/subscriptions/d2baea97-676b-4bde-acc8-351170ec332a/resourcegroups/rg-soc-lab-april/providers/microsoft.compute/virtualmachines/soc-labtest-rg"
"686d5249-052b-4467-a46a-5b3917a2115b","4/6/2026, 8:59:16.650 AM",OpsManager,"SOC-LabTest-RG\belgraviaftp",User,"SOC-LabTest-RG","Microsoft-Windows-Security-Auditing",Security,12544,0,,4625,"4625 - An account failed to log on.",,,,,,,,,,,,,,,,,,,,NTLM,,,,,,,,,,,,,,,,,,,,,,,,,,,,,,,,,"%%2313",,,,,,,,,,,,,,,,"185.156.73.169",0,0,"-",,,,,,,,,"NtLmSsp ",3,"3 - Network",,,,,,,,,,,,,,,,,,,,,,,,,,,,,,,,,,,,,,,,,,,,,,,,,"-",0x0,"-",,,,,,,,,,,,,,,,,,,,,,,,,,,,,0xc000006d,"-\-",,,,"-",,0x0,,,"-","S-1-0-0",0xc0000064,,"SOC-LabTest-RG\belgraviaftp","SOC-LabTest-RG",,,,,,,,,,belgraviaftp,"S-1-0-0",,,,,,,,"-",,,,,,,,"-",LogAlways,"c30dff82-6b97-43a0-ac83-f134bafd8c78","c30dff82-6b97-43a0-ac83-f134bafd8c79","00000000-0000-0000-0000-000000000001","4/6/2026, 8:59:53.399 AM","AOI-686d5249-052b-4467-a46a-5b3917a2115b","N/A",0,0,0x8010000000000000,"{c30dff82-6b97-0001-3685-f50e8bc5dc01}",912,5880,7524,SecurityEvent,"/subscriptions/d2baea97-676b-4bde-acc8-351170ec332a/resourcegroups/rg-soc-lab-april/providers/microsoft.compute/virtualmachines/soc-labtest-rg"
"686d5249-052b-4467-a46a-5b3917a2115b","4/6/2026, 8:59:16.960 AM",OpsManager,"SOC-LabTest-RG\acacia",User,"SOC-LabTest-RG","Microsoft-Windows-Security-Auditing",Security,12544,0,,4625,"4625 - An account failed to log on.",,,,,,,,,,,,,,,,,,,,NTLM,,,,,,,,,,,,,,,,,,,,,,,,,,,,,,,,,"%%2313",,,,,,,,,,,,,,,,"185.156.73.169",0,0,"-",,,,,,,,,"NtLmSsp ",3,"3 - Network",,,,,,,,,,,,,,,,,,,,,,,,,,,,,,,,,,,,,,,,,,,,,,,,,"-",0x0,"-",,,,,,,,,,,,,,,,,,,,,,,,,,,,,0xc000006d,"-\-",,,,"-",,0x0,,,"-","S-1-0-0",0xc0000064,,"SOC-LabTest-RG\acacia","SOC-LabTest-RG",,,,,,,,,,acacia,"S-1-0-0",,,,,,,,"-",,,,,,,,"-",LogAlways,"c30dff82-6b97-43a0-ac83-f134bafd8c78","c30dff82-6b97-43a0-ac83-f134bafd8c79","00000000-0000-0000-0000-000000000001","4/6/2026, 8:59:53.399 AM","AOI-686d5249-052b-4467-a46a-5b3917a2115b","N/A",0,0,0x8010000000000000,"{c30dff82-6b97-0001-3685-f50e8bc5dc01}",912,5880,7525,SecurityEvent,"/subscriptions/d2baea97-676b-4bde-acc8-351170ec332a/resourcegroups/rg-soc-lab-april/providers/microsoft.compute/virtualmachines/soc-labtest-rg"
"686d5249-052b-4467-a46a-5b3917a2115b","4/6/2026, 8:59:17.040 AM",OpsManager,"SOC-LabTest-RG\jm",User,"SOC-LabTest-RG","Microsoft-Windows-Security-Auditing",Security,12544,0,,4625,"4625 - An account failed to log on.",,,,,,,,,,,,,,,,,,,,NTLM,,,,,,,,,,,,,,,,,,,,,,,,,,,,,,,,,"%%2313",,,,,,,,,,,,,,,,"185.156.73.74",0,0,"-",,,,,,,,,"NtLmSsp ",3,"3 - Network",,,,,,,,,,,,,,,,,,,,,,,,,,,,,,,,,,,,,,,,,,,,,,,,,"-",0x0,"-",,,,,,,,,,,,,,,,,,,,,,,,,,,,,0xc000006d,"-\-",,,,"-",,0x0,,,"-","S-1-0-0",0xc0000064,,"SOC-LabTest-RG\jm","SOC-LabTest-RG",,,,,,,,,,jm,"S-1-0-0",,,,,,,,"-",,,,,,,,"-",LogAlways,"c30dff82-6b97-43a0-ac83-f134bafd8c78","c30dff82-6b97-43a0-ac83-f134bafd8c79","00000000-0000-0000-0000-000000000001","4/6/2026, 8:59:53.399 AM","AOI-686d5249-052b-4467-a46a-5b3917a2115b","N/A",0,0,0x8010000000000000,"{c30dff82-6b97-0001-3685-f50e8bc5dc01}",912,5880,7526,SecurityEvent,"/subscriptions/d2baea97-676b-4bde-acc8-351170ec332a/resourcegroups/rg-soc-lab-april/providers/microsoft.compute/virtualmachines/soc-labtest-rg"
"686d5249-052b-4467-a46a-5b3917a2115b","4/6/2026, 8:59:17.133 AM",OpsManager,"SOC-LabTest-RG\administrator",User,"SOC-LabTest-RG","Microsoft-Windows-Security-Auditing",Security,12544,0,,4625,"4625 - An account failed to log on.",,,,,,,,,,,,,,,,,,,,NTLM,,,,,,,,,,,,,,,,,,,,,,,,,,,,,,,,,"%%2313",,,,,,,,,,,,,,,,"185.156.73.74",0,0,"-",,,,,,,,,"NtLmSsp ",3,"3 - Network",,,,,,,,,,,,,,,,,,,,,,,,,,,,,,,,,,,,,,,,,,,,,,,,,"-",0x0,"-",,,,,,,,,,,,,,,,,,,,,,,,,,,,,0xc000006d,"-\-",,,,"-",,0x0,,,"-","S-1-0-0",0xc0000064,,"SOC-LabTest-RG\administrator","SOC-LabTest-RG",,,,,,,,,,administrator,"S-1-0-0",,,,,,,,"-",,,,,,,,"-",LogAlways,"c30dff82-6b97-43a0-ac83-f134bafd8c78","c30dff82-6b97-43a0-ac83-f134bafd8c79","00000000-0000-0000-0000-000000000001","4/6/2026, 8:59:53.399 AM","AOI-686d5249-052b-4467-a46a-5b3917a2115b","N/A",0,0,0x8010000000000000,"{c30dff82-6b97-0001-3685-f50e8bc5dc01}",912,5880,7527,SecurityEvent,"/subscriptions/d2baea97-676b-4bde-acc8-351170ec332a/resourcegroups/rg-soc-lab-april/providers/microsoft.compute/virtualmachines/soc-labtest-rg"
"686d5249-052b-4467-a46a-5b3917a2115b","4/6/2026, 8:59:17.289 AM",OpsManager,"SOC-LabTest-RG\vmware_autostart",User,"SOC-LabTest-RG","Microsoft-Windows-Security-Auditing",Security,12544,0,,4625,"4625 - An account failed to log on.",,,,,,,,,,,,,,,,,,,,NTLM,,,,,,,,,,,,,,,,,,,,,,,,,,,,,,,,,"%%2313",,,,,,,,,,,,,,,,"185.156.73.169",0,0,"-",,,,,,,,,"NtLmSsp ",3,"3 - Network",,,,,,,,,,,,,,,,,,,,,,,,,,,,,,,,,,,,,,,,,,,,,,,,,"-",0x0,"-",,,,,,,,,,,,,,,,,,,,,,,,,,,,,0xc000006d,"-\-",,,,"-",,0x0,,,"-","S-1-0-0",0xc0000064,,"SOC-LabTest-RG\vmware_autostart","SOC-LabTest-RG",,,,,,,,,,"vmware_autostart","S-1-0-0",,,,,,,,"-",,,,,,,,"-",LogAlways,"c30dff82-6b97-43a0-ac83-f134bafd8c78","c30dff82-6b97-43a0-ac83-f134bafd8c79","00000000-0000-0000-0000-000000000001","4/6/2026, 8:59:53.399 AM","AOI-686d5249-052b-4467-a46a-5b3917a2115b","N/A",0,0,0x8010000000000000,"{c30dff82-6b97-0001-3685-f50e8bc5dc01}",912,5880,7528,SecurityEvent,"/subscriptions/d2baea97-676b-4bde-acc8-351170ec332a/resourcegroups/rg-soc-lab-april/providers/microsoft.compute/virtualmachines/soc-labtest-rg"
"686d5249-052b-4467-a46a-5b3917a2115b","4/6/2026, 8:59:17.566 AM",OpsManager,"SOC-LabTest-RG\servdat",User,"SOC-LabTest-RG","Microsoft-Windows-Security-Auditing",Security,12544,0,,4625,"4625 - An account failed to log on.",,,,,,,,,,,,,,,,,,,,NTLM,,,,,,,,,,,,,,,,,,,,,,,,,,,,,,,,,"%%2313",,,,,,,,,,,,,,,,"185.156.73.169",0,0,"-",,,,,,,,,"NtLmSsp ",3,"3 - Network",,,,,,,,,,,,,,,,,,,,,,,,,,,,,,,,,,,,,,,,,,,,,,,,,"-",0x0,"-",,,,,,,,,,,,,,,,,,,,,,,,,,,,,0xc000006d,"-\-",,,,"-",,0x0,,,"-","S-1-0-0",0xc0000064,,"SOC-LabTest-RG\servdat","SOC-LabTest-RG",,,,,,,,,,servdat,"S-1-0-0",,,,,,,,"-",,,,,,,,"-",LogAlways,"c30dff82-6b97-43a0-ac83-f134bafd8c78","c30dff82-6b97-43a0-ac83-f134bafd8c79","00000000-0000-0000-0000-000000000001","4/6/2026, 8:59:53.399 AM","AOI-686d5249-052b-4467-a46a-5b3917a2115b","N/A",0,0,0x8010000000000000,"{c30dff82-6b97-0001-3685-f50e8bc5dc01}",912,5880,7529,SecurityEvent,"/subscriptions/d2baea97-676b-4bde-acc8-351170ec332a/resourcegroups/rg-soc-lab-april/providers/microsoft.compute/virtualmachines/soc-labtest-rg"
"686d5249-052b-4467-a46a-5b3917a2115b","4/6/2026, 8:59:17.618 AM",OpsManager,"SOC-LabTest-RG\administrator",User,"SOC-LabTest-RG","Microsoft-Windows-Security-Auditing",Security,12544,0,,4625,"4625 - An account failed to log on.",,,,,,,,,,,,,,,,,,,,NTLM,,,,,,,,,,,,,,,,,,,,,,,,,,,,,,,,,"%%2313",,,,,,,,,,,,,,,,"185.156.73.74",0,0,"-",,,,,,,,,"NtLmSsp ",3,"3 - Network",,,,,,,,,,,,,,,,,,,,,,,,,,,,,,,,,,,,,,,,,,,,,,,,,"-",0x0,"-",,,,,,,,,,,,,,,,,,,,,,,,,,,,,0xc000006d,"-\-",,,,"-",,0x0,,,"-","S-1-0-0",0xc0000064,,"SOC-LabTest-RG\administrator","SOC-LabTest-RG",,,,,,,,,,administrator,"S-1-0-0",,,,,,,,"-",,,,,,,,"-",LogAlways,"c30dff82-6b97-43a0-ac83-f134bafd8c78","c30dff82-6b97-43a0-ac83-f134bafd8c79","00000000-0000-0000-0000-000000000001","4/6/2026, 8:59:53.399 AM","AOI-686d5249-052b-4467-a46a-5b3917a2115b","N/A",0,0,0x8010000000000000,"{c30dff82-6b97-0001-3685-f50e8bc5dc01}",912,5880,7530,SecurityEvent,"/subscriptions/d2baea97-676b-4bde-acc8-351170ec332a/resourcegroups/rg-soc-lab-april/providers/microsoft.compute/virtualmachines/soc-labtest-rg"
"686d5249-052b-4467-a46a-5b3917a2115b","4/6/2026, 8:59:17.896 AM",OpsManager,"SOC-LabTest-RG\administrator",User,"SOC-LabTest-RG","Microsoft-Windows-Security-Auditing",Security,12544,0,,4625,"4625 - An account failed to log on.",,,,,,,,,,,,,,,,,,,,NTLM,,,,,,,,,,,,,,,,,,,,,,,,,,,,,,,,,"%%2313",,,,,,,,,,,,,,,,"185.156.73.74",0,0,"-",,,,,,,,,"NtLmSsp ",3,"3 - Network",,,,,,,,,,,,,,,,,,,,,,,,,,,,,,,,,,,,,,,,,,,,,,,,,"-",0x0,"-",,,,,,,,,,,,,,,,,,,,,,,,,,,,,0xc000006d,"-\-",,,,"-",,0x0,,,"-","S-1-0-0",0xc0000064,,"SOC-LabTest-RG\administrator","SOC-LabTest-RG",,,,,,,,,,administrator,"S-1-0-0",,,,,,,,"-",,,,,,,,"-",LogAlways,"c30dff82-6b97-43a0-ac83-f134bafd8c78","c30dff82-6b97-43a0-ac83-f134bafd8c79","00000000-0000-0000-0000-000000000001","4/6/2026, 8:59:53.399 AM","AOI-686d5249-052b-4467-a46a-5b3917a2115b","N/A",0,0,0x8010000000000000,"{c30dff82-6b97-0001-3685-f50e8bc5dc01}",912,5880,7531,SecurityEvent,"/subscriptions/d2baea97-676b-4bde-acc8-351170ec332a/resourcegroups/rg-soc-lab-april/providers/microsoft.compute/virtualmachines/soc-labtest-rg"
"686d5249-052b-4467-a46a-5b3917a2115b","4/6/2026, 8:59:18.071 AM",OpsManager,"SOC-LabTest-RG\cav4",User,"SOC-LabTest-RG","Microsoft-Windows-Security-Auditing",Security,12544,0,,4625,"4625 - An account failed to log on.",,,,,,,,,,,,,,,,,,,,NTLM,,,,,,,,,,,,,,,,,,,,,,,,,,,,,,,,,"%%2313",,,,,,,,,,,,,,,,"185.156.73.169",0,0,"-",,,,,,,,,"NtLmSsp ",3,"3 - Network",,,,,,,,,,,,,,,,,,,,,,,,,,,,,,,,,,,,,,,,,,,,,,,,,"-",0x0,"-",,,,,,,,,,,,,,,,,,,,,,,,,,,,,0xc000006d,"-\-",,,,"-",,0x0,,,"-","S-1-0-0",0xc0000064,,"SOC-LabTest-RG\cav4","SOC-LabTest-RG",,,,,,,,,,cav4,"S-1-0-0",,,,,,,,"-",,,,,,,,"-",LogAlways,"c30dff82-6b97-43a0-ac83-f134bafd8c78","c30dff82-6b97-43a0-ac83-f134bafd8c79","00000000-0000-0000-0000-000000000001","4/6/2026, 8:59:53.399 AM","AOI-686d5249-052b-4467-a46a-5b3917a2115b","N/A",0,0,0x8010000000000000,"{c30dff82-6b97-0001-3685-f50e8bc5dc01}",912,5880,7532,SecurityEvent,"/subscriptions/d2baea97-676b-4bde-acc8-351170ec332a/resourcegroups/rg-soc-lab-april/providers/microsoft.compute/virtualmachines/soc-labtest-rg"
"686d5249-052b-4467-a46a-5b3917a2115b","4/6/2026, 8:59:18.241 AM",OpsManager,"SOC-LabTest-RG\administrator",User,"SOC-LabTest-RG","Microsoft-Windows-Security-Auditing",Security,12544,0,,4625,"4625 - An account failed to log on.",,,,,,,,,,,,,,,,,,,,NTLM,,,,,,,,,,,,,,,,,,,,,,,,,,,,,,,,,"%%2313",,,,,,,,,,,,,,,,"185.156.73.74",0,0,"-",,,,,,,,,"NtLmSsp ",3,"3 - Network",,,,,,,,,,,,,,,,,,,,,,,,,,,,,,,,,,,,,,,,,,,,,,,,,"-",0x0,"-",,,,,,,,,,,,,,,,,,,,,,,,,,,,,0xc000006d,"-\-",,,,"-",,0x0,,,"-","S-1-0-0",0xc0000064,,"SOC-LabTest-RG\administrator","SOC-LabTest-RG",,,,,,,,,,administrator,"S-1-0-0",,,,,,,,"-",,,,,,,,"-",LogAlways,"c30dff82-6b97-43a0-ac83-f134bafd8c78","c30dff82-6b97-43a0-ac83-f134bafd8c79","00000000-0000-0000-0000-000000000001","4/6/2026, 8:59:53.399 AM","AOI-686d5249-052b-4467-a46a-5b3917a2115b","N/A",0,0,0x8010000000000000,"{c30dff82-6b97-0001-3685-f50e8bc5dc01}",912,5880,7533,SecurityEvent,"/subscriptions/d2baea97-676b-4bde-acc8-351170ec332a/resourcegroups/rg-soc-lab-april/providers/microsoft.compute/virtualmachines/soc-labtest-rg"
"686d5249-052b-4467-a46a-5b3917a2115b","4/6/2026, 8:59:18.364 AM",OpsManager,"SOC-LabTest-RG\nomade",User,"SOC-LabTest-RG","Microsoft-Windows-Security-Auditing",Security,12544,0,,4625,"4625 - An account failed to log on.",,,,,,,,,,,,,,,,,,,,NTLM,,,,,,,,,,,,,,,,,,,,,,,,,,,,,,,,,"%%2313",,,,,,,,,,,,,,,,"185.156.73.169",0,0,"-",,,,,,,,,"NtLmSsp ",3,"3 - Network",,,,,,,,,,,,,,,,,,,,,,,,,,,,,,,,,,,,,,,,,,,,,,,,,"-",0x0,"-",,,,,,,,,,,,,,,,,,,,,,,,,,,,,0xc000006d,"-\-",,,,"-",,0x0,,,"-","S-1-0-0",0xc0000064,,"SOC-LabTest-RG\nomade","SOC-LabTest-RG",,,,,,,,,,nomade,"S-1-0-0",,,,,,,,"-",,,,,,,,"-",LogAlways,"c30dff82-6b97-43a0-ac83-f134bafd8c78","c30dff82-6b97-43a0-ac83-f134bafd8c79","00000000-0000-0000-0000-000000000001","4/6/2026, 8:59:53.399 AM","AOI-686d5249-052b-4467-a46a-5b3917a2115b","N/A",0,0,0x8010000000000000,"{c30dff82-6b97-0001-3685-f50e8bc5dc01}",912,5880,7534,SecurityEvent,"/subscriptions/d2baea97-676b-4bde-acc8-351170ec332a/resourcegroups/rg-soc-lab-april/providers/microsoft.compute/virtualmachines/soc-labtest-rg"
"686d5249-052b-4467-a46a-5b3917a2115b","4/6/2026, 8:59:18.652 AM",OpsManager,"SOC-LabTest-RG\extranet",User,"SOC-LabTest-RG","Microsoft-Windows-Security-Auditing",Security,12544,0,,4625,"4625 - An account failed to log on.",,,,,,,,,,,,,,,,,,,,NTLM,,,,,,,,,,,,,,,,,,,,,,,,,,,,,,,,,"%%2313",,,,,,,,,,,,,,,,"185.156.73.169",0,0,"-",,,,,,,,,"NtLmSsp ",3,"3 - Network",,,,,,,,,,,,,,,,,,,,,,,,,,,,,,,,,,,,,,,,,,,,,,,,,"-",0x0,"-",,,,,,,,,,,,,,,,,,,,,,,,,,,,,0xc000006d,"-\-",,,,"-",,0x0,,,"-","S-1-0-0",0xc0000064,,"SOC-LabTest-RG\extranet","SOC-LabTest-RG",,,,,,,,,,extranet,"S-1-0-0",,,,,,,,"-",,,,,,,,"-",LogAlways,"c30dff82-6b97-43a0-ac83-f134bafd8c78","c30dff82-6b97-43a0-ac83-f134bafd8c79","00000000-0000-0000-0000-000000000001","4/6/2026, 8:59:53.399 AM","AOI-686d5249-052b-4467-a46a-5b3917a2115b","N/A",0,0,0x8010000000000000,"{c30dff82-6b97-0001-3685-f50e8bc5dc01}",912,5880,7535,SecurityEvent,"/subscriptions/d2baea97-676b-4bde-acc8-351170ec332a/resourcegroups/rg-soc-lab-april/providers/microsoft.compute/virtualmachines/soc-labtest-rg"
"686d5249-052b-4467-a46a-5b3917a2115b","4/6/2026, 8:59:18.692 AM",OpsManager,"SOC-LabTest-RG\admin",User,"SOC-LabTest-RG","Microsoft-Windows-Security-Auditing",Security,12544,0,,4625,"4625 - An account failed to log on.",,,,,,,,,,,,,,,,,,,,NTLM,,,,,,,,,,,,,,,,,,,,,,,,,,,,,,,,,"%%2313",,,,,,,,,,,,,,,,"185.156.73.74",0,0,"-",,,,,,,,,"NtLmSsp ",3,"3 - Network",,,,,,,,,,,,,,,,,,,,,,,,,,,,,,,,,,,,,,,,,,,,,,,,,"-",0x0,"-",,,,,,,,,,,,,,,,,,,,,,,,,,,,,0xc000006d,"-\-",,,,"-",,0x0,,,"-","S-1-0-0",0xc0000064,,"SOC-LabTest-RG\admin","SOC-LabTest-RG",,,,,,,,,,admin,"S-1-0-0",,,,,,,,"-",,,,,,,,"-",LogAlways,"c30dff82-6b97-43a0-ac83-f134bafd8c78","c30dff82-6b97-43a0-ac83-f134bafd8c79","00000000-0000-0000-0000-000000000001","4/6/2026, 8:59:53.399 AM","AOI-686d5249-052b-4467-a46a-5b3917a2115b","N/A",0,0,0x8010000000000000,"{c30dff82-6b97-0001-3685-f50e8bc5dc01}",912,5880,7536,SecurityEvent,"/subscriptions/d2baea97-676b-4bde-acc8-351170ec332a/resourcegroups/rg-soc-lab-april/providers/microsoft.compute/virtualmachines/soc-labtest-rg"
"686d5249-052b-4467-a46a-5b3917a2115b","4/6/2026, 8:59:19.040 AM",OpsManager,"SOC-LabTest-RG\frank",User,"SOC-LabTest-RG","Microsoft-Windows-Security-Auditing",Security,12544,0,,4625,"4625 - An account failed to log on.",,,,,,,,,,,,,,,,,,,,NTLM,,,,,,,,,,,,,,,,,,,,,,,,,,,,,,,,,"%%2313",,,,,,,,,,,,,,,,"185.156.73.74",0,0,"-",,,,,,,,,"NtLmSsp ",3,"3 - Network",,,,,,,,,,,,,,,,,,,,,,,,,,,,,,,,,,,,,,,,,,,,,,,,,"-",0x0,"-",,,,,,,,,,,,,,,,,,,,,,,,,,,,,0xc000006d,"-\-",,,,"-",,0x0,,,"-","S-1-0-0",0xc0000064,,"SOC-LabTest-RG\frank","SOC-LabTest-RG",,,,,,,,,,frank,"S-1-0-0",,,,,,,,"-",,,,,,,,"-",LogAlways,"c30dff82-6b97-43a0-ac83-f134bafd8c78","c30dff82-6b97-43a0-ac83-f134bafd8c79","00000000-0000-0000-0000-000000000001","4/6/2026, 8:59:53.399 AM","AOI-686d5249-052b-4467-a46a-5b3917a2115b","N/A",0,0,0x8010000000000000,"{c30dff82-6b97-0001-3685-f50e8bc5dc01}",912,5880,7537,SecurityEvent,"/subscriptions/d2baea97-676b-4bde-acc8-351170ec332a/resourcegroups/rg-soc-lab-april/providers/microsoft.compute/virtualmachines/soc-labtest-rg"
"686d5249-052b-4467-a46a-5b3917a2115b","4/6/2026, 8:59:19.207 AM",OpsManager,"SOC-LabTest-RG\chien",User,"SOC-LabTest-RG","Microsoft-Windows-Security-Auditing",Security,12544,0,,4625,"4625 - An account failed to log on.",,,,,,,,,,,,,,,,,,,,NTLM,,,,,,,,,,,,,,,,,,,,,,,,,,,,,,,,,"%%2313",,,,,,,,,,,,,,,,"185.156.73.169",0,0,"-",,,,,,,,,"NtLmSsp ",3,"3 - Network",,,,,,,,,,,,,,,,,,,,,,,,,,,,,,,,,,,,,,,,,,,,,,,,,"-",0x0,"-",,,,,,,,,,,,,,,,,,,,,,,,,,,,,0xc000006d,"-\-",,,,"-",,0x0,,,"-","S-1-0-0",0xc0000064,,"SOC-LabTest-RG\chien","SOC-LabTest-RG",,,,,,,,,,chien,"S-1-0-0",,,,,,,,"-",,,,,,,,"-",LogAlways,"c30dff82-6b97-43a0-ac83-f134bafd8c78","c30dff82-6b97-43a0-ac83-f134bafd8c79","00000000-0000-0000-0000-000000000001","4/6/2026, 8:59:53.399 AM","AOI-686d5249-052b-4467-a46a-5b3917a2115b","N/A",0,0,0x8010000000000000,"{c30dff82-6b97-0001-3685-f50e8bc5dc01}",912,8456,7538,SecurityEvent,"/subscriptions/d2baea97-676b-4bde-acc8-351170ec332a/resourcegroups/rg-soc-lab-april/providers/microsoft.compute/virtualmachines/soc-labtest-rg"
"686d5249-052b-4467-a46a-5b3917a2115b","4/6/2026, 8:59:19.296 AM",OpsManager,"SOC-LabTest-RG\invitado",User,"SOC-LabTest-RG","Microsoft-Windows-Security-Auditing",Security,12544,0,,4625,"4625 - An account failed to log on.",,,,,,,,,,,,,,,,,,,,NTLM,,,,,,,,,,,,,,,,,,,,,,,,,,,,,,,,,"%%2313",,,,,,,,,,,,,,,,"185.156.73.74",0,0,"-",,,,,,,,,"NtLmSsp ",3,"3 - Network",,,,,,,,,,,,,,,,,,,,,,,,,,,,,,,,,,,,,,,,,,,,,,,,,"-",0x0,"-",,,,,,,,,,,,,,,,,,,,,,,,,,,,,0xc000006d,"-\-",,,,"-",,0x0,,,"-","S-1-0-0",0xc0000064,,"SOC-LabTest-RG\invitado","SOC-LabTest-RG",,,,,,,,,,invitado,"S-1-0-0",,,,,,,,"-",,,,,,,,"-",LogAlways,"c30dff82-6b97-43a0-ac83-f134bafd8c78","c30dff82-6b97-43a0-ac83-f134bafd8c79","00000000-0000-0000-0000-000000000001","4/6/2026, 8:59:53.399 AM","AOI-686d5249-052b-4467-a46a-5b3917a2115b","N/A",0,0,0x8010000000000000,"{c30dff82-6b97-0001-3685-f50e8bc5dc01}",912,8456,7539,SecurityEvent,"/subscriptions/d2baea97-676b-4bde-acc8-351170ec332a/resourcegroups/rg-soc-lab-april/providers/microsoft.compute/virtualmachines/soc-labtest-rg"
"686d5249-052b-4467-a46a-5b3917a2115b","4/6/2026, 8:59:19.480 AM",OpsManager,"SOC-LabTest-RG\panora",User,"SOC-LabTest-RG","Microsoft-Windows-Security-Auditing",Security,12544,0,,4625,"4625 - An account failed to log on.",,,,,,,,,,,,,,,,,,,,NTLM,,,,,,,,,,,,,,,,,,,,,,,,,,,,,,,,,"%%2313",,,,,,,,,,,,,,,,"185.156.73.169",0,0,"-",,,,,,,,,"NtLmSsp ",3,"3 - Network",,,,,,,,,,,,,,,,,,,,,,,,,,,,,,,,,,,,,,,,,,,,,,,,,"-",0x0,"-",,,,,,,,,,,,,,,,,,,,,,,,,,,,,0xc000006d,"-\-",,,,"-",,0x0,,,"-","S-1-0-0",0xc0000064,,"SOC-LabTest-RG\panora","SOC-LabTest-RG",,,,,,,,,,panora,"S-1-0-0",,,,,,,,"-",,,,,,,,"-",LogAlways,"c30dff82-6b97-43a0-ac83-f134bafd8c78","c30dff82-6b97-43a0-ac83-f134bafd8c79","00000000-0000-0000-0000-000000000001","4/6/2026, 8:59:53.399 AM","AOI-686d5249-052b-4467-a46a-5b3917a2115b","N/A",0,0,0x8010000000000000,"{c30dff82-6b97-0001-3685-f50e8bc5dc01}",912,8456,7540,SecurityEvent,"/subscriptions/d2baea97-676b-4bde-acc8-351170ec332a/resourcegroups/rg-soc-lab-april/providers/microsoft.compute/virtualmachines/soc-labtest-rg"
"686d5249-052b-4467-a46a-5b3917a2115b","4/6/2026, 8:59:19.774 AM",OpsManager,"SOC-LabTest-RG\dispo4",User,"SOC-LabTest-RG","Microsoft-Windows-Security-Auditing",Security,12544,0,,4625,"4625 - An account failed to log on.",,,,,,,,,,,,,,,,,,,,NTLM,,,,,,,,,,,,,,,,,,,,,,,,,,,,,,,,,"%%2313",,,,,,,,,,,,,,,,"185.156.73.169",0,0,"-",,,,,,,,,"NtLmSsp ",3,"3 - Network",,,,,,,,,,,,,,,,,,,,,,,,,,,,,,,,,,,,,,,,,,,,,,,,,"-",0x0,"-",,,,,,,,,,,,,,,,,,,,,,,,,,,,,0xc000006d,"-\-",,,,"-",,0x0,,,"-","S-1-0-0",0xc0000064,,"SOC-LabTest-RG\dispo4","SOC-LabTest-RG",,,,,,,,,,dispo4,"S-1-0-0",,,,,,,,"-",,,,,,,,"-",LogAlways,"c30dff82-6b97-43a0-ac83-f134bafd8c78","c30dff82-6b97-43a0-ac83-f134bafd8c79","00000000-0000-0000-0000-000000000001","4/6/2026, 8:59:53.399 AM","AOI-686d5249-052b-4467-a46a-5b3917a2115b","N/A",0,0,0x8010000000000000,"{c30dff82-6b97-0001-3685-f50e8bc5dc01}",912,8456,7541,SecurityEvent,"/subscriptions/d2baea97-676b-4bde-acc8-351170ec332a/resourcegroups/rg-soc-lab-april/providers/microsoft.compute/virtualmachines/soc-labtest-rg"
"686d5249-052b-4467-a46a-5b3917a2115b","4/6/2026, 8:59:19.795 AM",OpsManager,"SOC-LabTest-RG\ismail",User,"SOC-LabTest-RG","Microsoft-Windows-Security-Auditing",Security,12544,0,,4625,"4625 - An account failed to log on.",,,,,,,,,,,,,,,,,,,,NTLM,,,,,,,,,,,,,,,,,,,,,,,,,,,,,,,,,"%%2313",,,,,,,,,,,,,,,,"185.156.73.74",0,0,"-",,,,,,,,,"NtLmSsp ",3,"3 - Network",,,,,,,,,,,,,,,,,,,,,,,,,,,,,,,,,,,,,,,,,,,,,,,,,"-",0x0,"-",,,,,,,,,,,,,,,,,,,,,,,,,,,,,0xc000006d,"-\-",,,,"-",,0x0,,,"-","S-1-0-0",0xc0000064,,"SOC-LabTest-RG\ismail","SOC-LabTest-RG",,,,,,,,,,ismail,"S-1-0-0",,,,,,,,"-",,,,,,,,"-",LogAlways,"c30dff82-6b97-43a0-ac83-f134bafd8c78","c30dff82-6b97-43a0-ac83-f134bafd8c79","00000000-0000-0000-0000-000000000001","4/6/2026, 8:59:53.399 AM","AOI-686d5249-052b-4467-a46a-5b3917a2115b","N/A",0,0,0x8010000000000000,"{c30dff82-6b97-0001-3685-f50e8bc5dc01}",912,8456,7542,SecurityEvent,"/subscriptions/d2baea97-676b-4bde-acc8-351170ec332a/resourcegroups/rg-soc-lab-april/providers/microsoft.compute/virtualmachines/soc-labtest-rg"
"686d5249-052b-4467-a46a-5b3917a2115b","4/6/2026, 8:59:20.083 AM",OpsManager,"SOC-LabTest-RG\emma",User,"SOC-LabTest-RG","Microsoft-Windows-Security-Auditing",Security,12544,0,,4625,"4625 - An account failed to log on.",,,,,,,,,,,,,,,,,,,,NTLM,,,,,,,,,,,,,,,,,,,,,,,,,,,,,,,,,"%%2313",,,,,,,,,,,,,,,,"185.156.73.74",0,0,"-",,,,,,,,,"NtLmSsp ",3,"3 - Network",,,,,,,,,,,,,,,,,,,,,,,,,,,,,,,,,,,,,,,,,,,,,,,,,"-",0x0,"-",,,,,,,,,,,,,,,,,,,,,,,,,,,,,0xc000006d,"-\-",,,,"-",,0x0,,,"-","S-1-0-0",0xc0000064,,"SOC-LabTest-RG\emma","SOC-LabTest-RG",,,,,,,,,,emma,"S-1-0-0",,,,,,,,"-",,,,,,,,"-",LogAlways,"c30dff82-6b97-43a0-ac83-f134bafd8c78","c30dff82-6b97-43a0-ac83-f134bafd8c79","00000000-0000-0000-0000-000000000001","4/6/2026, 9:00:13.413 AM","AOI-686d5249-052b-4467-a46a-5b3917a2115b","N/A",0,0,0x8010000000000000,"{c30dff82-6b97-0001-3685-f50e8bc5dc01}",912,8456,7543,SecurityEvent,"/subscriptions/d2baea97-676b-4bde-acc8-351170ec332a/resourcegroups/rg-soc-lab-april/providers/microsoft.compute/virtualmachines/soc-labtest-rg"
"686d5249-052b-4467-a46a-5b3917a2115b","4/6/2026, 8:59:20.277 AM",OpsManager,"SOC-LabTest-RG\productie",User,"SOC-LabTest-RG","Microsoft-Windows-Security-Auditing",Security,12544,0,,4625,"4625 - An account failed to log on.",,,,,,,,,,,,,,,,,,,,NTLM,,,,,,,,,,,,,,,,,,,,,,,,,,,,,,,,,"%%2313",,,,,,,,,,,,,,,,"185.156.73.169",0,0,"-",,,,,,,,,"NtLmSsp ",3,"3 - Network",,,,,,,,,,,,,,,,,,,,,,,,,,,,,,,,,,,,,,,,,,,,,,,,,"-",0x0,"-",,,,,,,,,,,,,,,,,,,,,,,,,,,,,0xc000006d,"-\-",,,,"-",,0x0,,,"-","S-1-0-0",0xc0000064,,"SOC-LabTest-RG\productie","SOC-LabTest-RG",,,,,,,,,,productie,"S-1-0-0",,,,,,,,"-",,,,,,,,"-",LogAlways,"c30dff82-6b97-43a0-ac83-f134bafd8c78","c30dff82-6b97-43a0-ac83-f134bafd8c79","00000000-0000-0000-0000-000000000001","4/6/2026, 9:00:13.413 AM","AOI-686d5249-052b-4467-a46a-5b3917a2115b","N/A",0,0,0x8010000000000000,"{c30dff82-6b97-0001-3685-f50e8bc5dc01}",912,8456,7544,SecurityEvent,"/subscriptions/d2baea97-676b-4bde-acc8-351170ec332a/resourcegroups/rg-soc-lab-april/providers/microsoft.compute/virtualmachines/soc-labtest-rg"
"686d5249-052b-4467-a46a-5b3917a2115b","4/6/2026, 8:59:20.368 AM",OpsManager,"SOC-LabTest-RG\eduarda",User,"SOC-LabTest-RG","Microsoft-Windows-Security-Auditing",Security,12544,0,,4625,"4625 - An account failed to log on.",,,,,,,,,,,,,,,,,,,,NTLM,,,,,,,,,,,,,,,,,,,,,,,,,,,,,,,,,"%%2313",,,,,,,,,,,,,,,,"185.156.73.74",0,0,"-",,,,,,,,,"NtLmSsp ",3,"3 - Network",,,,,,,,,,,,,,,,,,,,,,,,,,,,,,,,,,,,,,,,,,,,,,,,,"-",0x0,"-",,,,,,,,,,,,,,,,,,,,,,,,,,,,,0xc000006d,"-\-",,,,"-",,0x0,,,"-","S-1-0-0",0xc0000064,,"SOC-LabTest-RG\eduarda","SOC-LabTest-RG",,,,,,,,,,eduarda,"S-1-0-0",,,,,,,,"-",,,,,,,,"-",LogAlways,"c30dff82-6b97-43a0-ac83-f134bafd8c78","c30dff82-6b97-43a0-ac83-f134bafd8c79","00000000-0000-0000-0000-000000000001","4/6/2026, 9:00:13.413 AM","AOI-686d5249-052b-4467-a46a-5b3917a2115b","N/A",0,0,0x8010000000000000,"{c30dff82-6b97-0001-3685-f50e8bc5dc01}",912,8456,7545,SecurityEvent,"/subscriptions/d2baea97-676b-4bde-acc8-351170ec332a/resourcegroups/rg-soc-lab-april/providers/microsoft.compute/virtualmachines/soc-labtest-rg"
"686d5249-052b-4467-a46a-5b3917a2115b","4/6/2026, 8:59:20.557 AM",OpsManager,"SOC-LabTest-RG\representante",User,"SOC-LabTest-RG","Microsoft-Windows-Security-Auditing",Security,12544,0,,4625,"4625 - An account failed to log on.",,,,,,,,,,,,,,,,,,,,NTLM,,,,,,,,,,,,,,,,,,,,,,,,,,,,,,,,,"%%2313",,,,,,,,,,,,,,,,"185.156.73.169",0,0,"-",,,,,,,,,"NtLmSsp ",3,"3 - Network",,,,,,,,,,,,,,,,,,,,,,,,,,,,,,,,,,,,,,,,,,,,,,,,,"-",0x0,"-",,,,,,,,,,,,,,,,,,,,,,,,,,,,,0xc000006d,"-\-",,,,"-",,0x0,,,"-","S-1-0-0",0xc0000064,,"SOC-LabTest-RG\representante","SOC-LabTest-RG",,,,,,,,,,representante,"S-1-0-0",,,,,,,,"-",,,,,,,,"-",LogAlways,"c30dff82-6b97-43a0-ac83-f134bafd8c78","c30dff82-6b97-43a0-ac83-f134bafd8c79","00000000-0000-0000-0000-000000000001","4/6/2026, 9:00:13.413 AM","AOI-686d5249-052b-4467-a46a-5b3917a2115b","N/A",0,0,0x8010000000000000,"{c30dff82-6b97-0001-3685-f50e8bc5dc01}",912,8456,7546,SecurityEvent,"/subscriptions/d2baea97-676b-4bde-acc8-351170ec332a/resourcegroups/rg-soc-lab-april/providers/microsoft.compute/virtualmachines/soc-labtest-rg"
"686d5249-052b-4467-a46a-5b3917a2115b","4/6/2026, 8:59:20.677 AM",OpsManager,"SOC-LabTest-RG\smortho",User,"SOC-LabTest-RG","Microsoft-Windows-Security-Auditing",Security,12544,0,,4625,"4625 - An account failed to log on.",,,,,,,,,,,,,,,,,,,,NTLM,,,,,,,,,,,,,,,,,,,,,,,,,,,,,,,,,"%%2313",,,,,,,,,,,,,,,,"185.156.73.74",0,0,"-",,,,,,,,,"NtLmSsp ",3,"3 - Network",,,,,,,,,,,,,,,,,,,,,,,,,,,,,,,,,,,,,,,,,,,,,,,,,"-",0x0,"-",,,,,,,,,,,,,,,,,,,,,,,,,,,,,0xc000006d,"-\-",,,,"-",,0x0,,,"-","S-1-0-0",0xc0000064,,"SOC-LabTest-RG\smortho","SOC-LabTest-RG",,,,,,,,,,smortho,"S-1-0-0",,,,,,,,"-",,,,,,,,"-",LogAlways,"c30dff82-6b97-43a0-ac83-f134bafd8c78","c30dff82-6b97-43a0-ac83-f134bafd8c79","00000000-0000-0000-0000-000000000001","4/6/2026, 9:00:13.413 AM","AOI-686d5249-052b-4467-a46a-5b3917a2115b","N/A",0,0,0x8010000000000000,"{c30dff82-6b97-0001-3685-f50e8bc5dc01}",912,8456,7547,SecurityEvent,"/subscriptions/d2baea97-676b-4bde-acc8-351170ec332a/resourcegroups/rg-soc-lab-april/providers/microsoft.compute/virtualmachines/soc-labtest-rg"
"686d5249-052b-4467-a46a-5b3917a2115b","4/6/2026, 8:59:21.149 AM",OpsManager,"SOC-LabTest-RG\reporting",User,"SOC-LabTest-RG","Microsoft-Windows-Security-Auditing",Security,12544,0,,4625,"4625 - An account failed to log on.",,,,,,,,,,,,,,,,,,,,NTLM,,,,,,,,,,,,,,,,,,,,,,,,,,,,,,,,,"%%2313",,,,,,,,,,,,,,,,"185.156.73.169",0,0,"-",,,,,,,,,"NtLmSsp ",3,"3 - Network",,,,,,,,,,,,,,,,,,,,,,,,,,,,,,,,,,,,,,,,,,,,,,,,,"-",0x0,"-",,,,,,,,,,,,,,,,,,,,,,,,,,,,,0xc000006d,"-\-",,,,"-",,0x0,,,"-","S-1-0-0",0xc0000064,,"SOC-LabTest-RG\reporting","SOC-LabTest-RG",,,,,,,,,,reporting,"S-1-0-0",,,,,,,,"-",,,,,,,,"-",LogAlways,"c30dff82-6b97-43a0-ac83-f134bafd8c78","c30dff82-6b97-43a0-ac83-f134bafd8c79","00000000-0000-0000-0000-000000000001","4/6/2026, 9:00:13.413 AM","AOI-686d5249-052b-4467-a46a-5b3917a2115b","N/A",0,0,0x8010000000000000,"{c30dff82-6b97-0001-3685-f50e8bc5dc01}",912,8456,7548,SecurityEvent,"/subscriptions/d2baea97-676b-4bde-acc8-351170ec332a/resourcegroups/rg-soc-lab-april/providers/microsoft.compute/virtualmachines/soc-labtest-rg"
"686d5249-052b-4467-a46a-5b3917a2115b","4/6/2026, 8:59:21.194 AM",OpsManager,"SOC-LabTest-RG\boek",User,"SOC-LabTest-RG","Microsoft-Windows-Security-Auditing",Security,12544,0,,4625,"4625 - An account failed to log on.",,,,,,,,,,,,,,,,,,,,NTLM,,,,,,,,,,,,,,,,,,,,,,,,,,,,,,,,,"%%2313",,,,,,,,,,,,,,,,"185.156.73.74",0,0,"-",,,,,,,,,"NtLmSsp ",3,"3 - Network",,,,,,,,,,,,,,,,,,,,,,,,,,,,,,,,,,,,,,,,,,,,,,,,,"-",0x0,"-",,,,,,,,,,,,,,,,,,,,,,,,,,,,,0xc000006d,"-\-",,,,"-",,0x0,,,"-","S-1-0-0",0xc0000064,,"SOC-LabTest-RG\boek","SOC-LabTest-RG",,,,,,,,,,boek,"S-1-0-0",,,,,,,,"-",,,,,,,,"-",LogAlways,"c30dff82-6b97-43a0-ac83-f134bafd8c78","c30dff82-6b97-43a0-ac83-f134bafd8c79","00000000-0000-0000-0000-000000000001","4/6/2026, 9:00:13.413 AM","AOI-686d5249-052b-4467-a46a-5b3917a2115b","N/A",0,0,0x8010000000000000,"{c30dff82-6b97-0001-3685-f50e8bc5dc01}",912,8456,7549,SecurityEvent,"/subscriptions/d2baea97-676b-4bde-acc8-351170ec332a/resourcegroups/rg-soc-lab-april/providers/microsoft.compute/virtualmachines/soc-labtest-rg"
"686d5249-052b-4467-a46a-5b3917a2115b","4/6/2026, 8:59:21.393 AM",OpsManager,"SOC-LabTest-RG\unysoft",User,"SOC-LabTest-RG","Microsoft-Windows-Security-Auditing",Security,12544,0,,4625,"4625 - An account failed to log on.",,,,,,,,,,,,,,,,,,,,NTLM,,,,,,,,,,,,,,,,,,,,,,,,,,,,,,,,,"%%2313",,,,,,,,,,,,,,,,"185.156.73.169",0,0,"-",,,,,,,,,"NtLmSsp ",3,"3 - Network",,,,,,,,,,,,,,,,,,,,,,,,,,,,,,,,,,,,,,,,,,,,,,,,,"-",0x0,"-",,,,,,,,,,,,,,,,,,,,,,,,,,,,,0xc000006d,"-\-",,,,"-",,0x0,,,"-","S-1-0-0",0xc0000064,,"SOC-LabTest-RG\unysoft","SOC-LabTest-RG",,,,,,,,,,unysoft,"S-1-0-0",,,,,,,,"-",,,,,,,,"-",LogAlways,"c30dff82-6b97-43a0-ac83-f134bafd8c78","c30dff82-6b97-43a0-ac83-f134bafd8c79","00000000-0000-0000-0000-000000000001","4/6/2026, 9:00:13.413 AM","AOI-686d5249-052b-4467-a46a-5b3917a2115b","N/A",0,0,0x8010000000000000,"{c30dff82-6b97-0001-3685-f50e8bc5dc01}",912,8456,7550,SecurityEvent,"/subscriptions/d2baea97-676b-4bde-acc8-351170ec332a/resourcegroups/rg-soc-lab-april/providers/microsoft.compute/virtualmachines/soc-labtest-rg"
"686d5249-052b-4467-a46a-5b3917a2115b","4/6/2026, 8:59:21.461 AM",OpsManager,"SOC-LabTest-RG\coletor02",User,"SOC-LabTest-RG","Microsoft-Windows-Security-Auditing",Security,12544,0,,4625,"4625 - An account failed to log on.",,,,,,,,,,,,,,,,,,,,NTLM,,,,,,,,,,,,,,,,,,,,,,,,,,,,,,,,,"%%2313",,,,,,,,,,,,,,,,"185.156.73.74",0,0,"-",,,,,,,,,"NtLmSsp ",3,"3 - Network",,,,,,,,,,,,,,,,,,,,,,,,,,,,,,,,,,,,,,,,,,,,,,,,,"-",0x0,"-",,,,,,,,,,,,,,,,,,,,,,,,,,,,,0xc000006d,"-\-",,,,"-",,0x0,,,"-","S-1-0-0",0xc0000064,,"SOC-LabTest-RG\coletor02","SOC-LabTest-RG",,,,,,,,,,coletor02,"S-1-0-0",,,,,,,,"-",,,,,,,,"-",LogAlways,"c30dff82-6b97-43a0-ac83-f134bafd8c78","c30dff82-6b97-43a0-ac83-f134bafd8c79","00000000-0000-0000-0000-000000000001","4/6/2026, 9:00:13.413 AM","AOI-686d5249-052b-4467-a46a-5b3917a2115b","N/A",0,0,0x8010000000000000,"{c30dff82-6b97-0001-3685-f50e8bc5dc01}",912,8456,7551,SecurityEvent,"/subscriptions/d2baea97-676b-4bde-acc8-351170ec332a/resourcegroups/rg-soc-lab-april/providers/microsoft.compute/virtualmachines/soc-labtest-rg"
"686d5249-052b-4467-a46a-5b3917a2115b","4/6/2026, 8:59:21.656 AM",OpsManager,"SOC-LabTest-RG\trynet",User,"SOC-LabTest-RG","Microsoft-Windows-Security-Auditing",Security,12544,0,,4625,"4625 - An account failed to log on.",,,,,,,,,,,,,,,,,,,,NTLM,,,,,,,,,,,,,,,,,,,,,,,,,,,,,,,,,"%%2313",,,,,,,,,,,,,,,,"185.156.73.169",0,0,"-",,,,,,,,,"NtLmSsp ",3,"3 - Network",,,,,,,,,,,,,,,,,,,,,,,,,,,,,,,,,,,,,,,,,,,,,,,,,"-",0x0,"-",,,,,,,,,,,,,,,,,,,,,,,,,,,,,0xc000006d,"-\-",,,,"-",,0x0,,,"-","S-1-0-0",0xc0000064,,"SOC-LabTest-RG\trynet","SOC-LabTest-RG",,,,,,,,,,trynet,"S-1-0-0",,,,,,,,"-",,,,,,,,"-",LogAlways,"c30dff82-6b97-43a0-ac83-f134bafd8c78","c30dff82-6b97-43a0-ac83-f134bafd8c79","00000000-0000-0000-0000-000000000001","4/6/2026, 9:00:13.413 AM","AOI-686d5249-052b-4467-a46a-5b3917a2115b","N/A",0,0,0x8010000000000000,"{c30dff82-6b97-0001-3685-f50e8bc5dc01}",912,8456,7552,SecurityEvent,"/subscriptions/d2baea97-676b-4bde-acc8-351170ec332a/resourcegroups/rg-soc-lab-april/providers/microsoft.compute/virtualmachines/soc-labtest-rg"
"686d5249-052b-4467-a46a-5b3917a2115b","4/6/2026, 8:59:21.750 AM",OpsManager,"SOC-LabTest-RG\test",User,"SOC-LabTest-RG","Microsoft-Windows-Security-Auditing",Security,12544,0,,4625,"4625 - An account failed to log on.",,,,,,,,,,,,,,,,,,,,NTLM,,,,,,,,,,,,,,,,,,,,,,,,,,,,,,,,,"%%2313",,,,,,,,,,,,,,,,"185.156.73.74",0,0,"-",,,,,,,,,"NtLmSsp ",3,"3 - Network",,,,,,,,,,,,,,,,,,,,,,,,,,,,,,,,,,,,,,,,,,,,,,,,,"-",0x0,"-",,,,,,,,,,,,,,,,,,,,,,,,,,,,,0xc000006d,"-\-",,,,"-",,0x0,,,"-","S-1-0-0",0xc0000064,,"SOC-LabTest-RG\test","SOC-LabTest-RG",,,,,,,,,,test,"S-1-0-0",,,,,,,,"-",,,,,,,,"-",LogAlways,"c30dff82-6b97-43a0-ac83-f134bafd8c78","c30dff82-6b97-43a0-ac83-f134bafd8c79","00000000-0000-0000-0000-000000000001","4/6/2026, 9:00:13.413 AM","AOI-686d5249-052b-4467-a46a-5b3917a2115b","N/A",0,0,0x8010000000000000,"{c30dff82-6b97-0001-3685-f50e8bc5dc01}",912,8456,7553,SecurityEvent,"/subscriptions/d2baea97-676b-4bde-acc8-351170ec332a/resourcegroups/rg-soc-lab-april/providers/microsoft.compute/virtualmachines/soc-labtest-rg"
"686d5249-052b-4467-a46a-5b3917a2115b","4/6/2026, 8:59:21.959 AM",OpsManager,"SOC-LabTest-RG\georgina.avila",User,"SOC-LabTest-RG","Microsoft-Windows-Security-Auditing",Security,12544,0,,4625,"4625 - An account failed to log on.",,,,,,,,,,,,,,,,,,,,NTLM,,,,,,,,,,,,,,,,,,,,,,,,,,,,,,,,,"%%2313",,,,,,,,,,,,,,,,"185.156.73.169",0,0,"-",,,,,,,,,"NtLmSsp ",3,"3 - Network",,,,,,,,,,,,,,,,,,,,,,,,,,,,,,,,,,,,,,,,,,,,,,,,,"-",0x0,"-",,,,,,,,,,,,,,,,,,,,,,,,,,,,,0xc000006d,"-\-",,,,"-",,0x0,,,"-","S-1-0-0",0xc0000064,,"SOC-LabTest-RG\georgina.avila","SOC-LabTest-RG",,,,,,,,,,"georgina.avila","S-1-0-0",,,,,,,,"-",,,,,,,,"-",LogAlways,"c30dff82-6b97-43a0-ac83-f134bafd8c78","c30dff82-6b97-43a0-ac83-f134bafd8c79","00000000-0000-0000-0000-000000000001","4/6/2026, 9:00:13.413 AM","AOI-686d5249-052b-4467-a46a-5b3917a2115b","N/A",0,0,0x8010000000000000,"{c30dff82-6b97-0001-3685-f50e8bc5dc01}",912,8456,7554,SecurityEvent,"/subscriptions/d2baea97-676b-4bde-acc8-351170ec332a/resourcegroups/rg-soc-lab-april/providers/microsoft.compute/virtualmachines/soc-labtest-rg"
"686d5249-052b-4467-a46a-5b3917a2115b","4/6/2026, 8:59:22.209 AM",OpsManager,"SOC-LabTest-RG\ts2",User,"SOC-LabTest-RG","Microsoft-Windows-Security-Auditing",Security,12544,0,,4625,"4625 - An account failed to log on.",,,,,,,,,,,,,,,,,,,,NTLM,,,,,,,,,,,,,,,,,,,,,,,,,,,,,,,,,"%%2313",,,,,,,,,,,,,,,,"185.156.73.74",0,0,"-",,,,,,,,,"NtLmSsp ",3,"3 - Network",,,,,,,,,,,,,,,,,,,,,,,,,,,,,,,,,,,,,,,,,,,,,,,,,"-",0x0,"-",,,,,,,,,,,,,,,,,,,,,,,,,,,,,0xc000006d,"-\-",,,,"-",,0x0,,,"-","S-1-0-0",0xc0000064,,"SOC-LabTest-RG\ts2","SOC-LabTest-RG",,,,,,,,,,ts2,"S-1-0-0",,,,,,,,"-",,,,,,,,"-",LogAlways,"c30dff82-6b97-43a0-ac83-f134bafd8c78","c30dff82-6b97-43a0-ac83-f134bafd8c79","00000000-0000-0000-0000-000000000001","4/6/2026, 9:00:13.413 AM","AOI-686d5249-052b-4467-a46a-5b3917a2115b","N/A",0,0,0x8010000000000000,"{c30dff82-6b97-0001-3685-f50e8bc5dc01}",912,8456,7555,SecurityEvent,"/subscriptions/d2baea97-676b-4bde-acc8-351170ec332a/resourcegroups/rg-soc-lab-april/providers/microsoft.compute/virtualmachines/soc-labtest-rg"
"686d5249-052b-4467-a46a-5b3917a2115b","4/6/2026, 8:59:22.471 AM",OpsManager,"SOC-LabTest-RG\moacyr",User,"SOC-LabTest-RG","Microsoft-Windows-Security-Auditing",Security,12544,0,,4625,"4625 - An account failed to log on.",,,,,,,,,,,,,,,,,,,,NTLM,,,,,,,,,,,,,,,,,,,,,,,,,,,,,,,,,"%%2313",,,,,,,,,,,,,,,,"185.156.73.169",0,0,"-",,,,,,,,,"NtLmSsp ",3,"3 - Network",,,,,,,,,,,,,,,,,,,,,,,,,,,,,,,,,,,,,,,,,,,,,,,,,"-",0x0,"-",,,,,,,,,,,,,,,,,,,,,,,,,,,,,0xc000006d,"-\-",,,,"-",,0x0,,,"-","S-1-0-0",0xc0000064,,"SOC-LabTest-RG\moacyr","SOC-LabTest-RG",,,,,,,,,,moacyr,"S-1-0-0",,,,,,,,"-",,,,,,,,"-",LogAlways,"c30dff82-6b97-43a0-ac83-f134bafd8c78","c30dff82-6b97-43a0-ac83-f134bafd8c79","00000000-0000-0000-0000-000000000001","4/6/2026, 9:00:13.413 AM","AOI-686d5249-052b-4467-a46a-5b3917a2115b","N/A",0,0,0x8010000000000000,"{c30dff82-6b97-0001-3685-f50e8bc5dc01}",912,5880,7556,SecurityEvent,"/subscriptions/d2baea97-676b-4bde-acc8-351170ec332a/resourcegroups/rg-soc-lab-april/providers/microsoft.compute/virtualmachines/soc-labtest-rg"
"686d5249-052b-4467-a46a-5b3917a2115b","4/6/2026, 8:59:22.502 AM",OpsManager,"SOC-LabTest-RG\8002",User,"SOC-LabTest-RG","Microsoft-Windows-Security-Auditing",Security,12544,0,,4625,"4625 - An account failed to log on.",,,,,,,,,,,,,,,,,,,,NTLM,,,,,,,,,,,,,,,,,,,,,,,,,,,,,,,,,"%%2313",,,,,,,,,,,,,,,,"185.156.73.74",0,0,"-",,,,,,,,,"NtLmSsp ",3,"3 - Network",,,,,,,,,,,,,,,,,,,,,,,,,,,,,,,,,,,,,,,,,,,,,,,,,"-",0x0,"-",,,,,,,,,,,,,,,,,,,,,,,,,,,,,0xc000006d,"-\-",,,,"-",,0x0,,,"-","S-1-0-0",0xc0000064,,"SOC-LabTest-RG\8002","SOC-LabTest-RG",,,,,,,,,,8002,"S-1-0-0",,,,,,,,"-",,,,,,,,"-",LogAlways,"c30dff82-6b97-43a0-ac83-f134bafd8c78","c30dff82-6b97-43a0-ac83-f134bafd8c79","00000000-0000-0000-0000-000000000001","4/6/2026, 9:00:13.413 AM","AOI-686d5249-052b-4467-a46a-5b3917a2115b","N/A",0,0,0x8010000000000000,"{c30dff82-6b97-0001-3685-f50e8bc5dc01}",912,5880,7557,SecurityEvent,"/subscriptions/d2baea97-676b-4bde-acc8-351170ec332a/resourcegroups/rg-soc-lab-april/providers/microsoft.compute/virtualmachines/soc-labtest-rg"
"686d5249-052b-4467-a46a-5b3917a2115b","4/6/2026, 8:59:22.785 AM",OpsManager,"SOC-LabTest-RG\david",User,"SOC-LabTest-RG","Microsoft-Windows-Security-Auditing",Security,12544,0,,4625,"4625 - An account failed to log on.",,,,,,,,,,,,,,,,,,,,NTLM,,,,,,,,,,,,,,,,,,,,,,,,,,,,,,,,,"%%2313",,,,,,,,,,,,,,,,"185.156.73.169",0,0,"-",,,,,,,,,"NtLmSsp ",3,"3 - Network",,,,,,,,,,,,,,,,,,,,,,,,,,,,,,,,,,,,,,,,,,,,,,,,,"-",0x0,"-",,,,,,,,,,,,,,,,,,,,,,,,,,,,,0xc000006d,"-\-",,,,"-",,0x0,,,"-","S-1-0-0",0xc0000064,,"SOC-LabTest-RG\david","SOC-LabTest-RG",,,,,,,,,,david,"S-1-0-0",,,,,,,,"-",,,,,,,,"-",LogAlways,"c30dff82-6b97-43a0-ac83-f134bafd8c78","c30dff82-6b97-43a0-ac83-f134bafd8c79","00000000-0000-0000-0000-000000000001","4/6/2026, 9:00:13.413 AM","AOI-686d5249-052b-4467-a46a-5b3917a2115b","N/A",0,0,0x8010000000000000,"{c30dff82-6b97-0001-3685-f50e8bc5dc01}",912,5880,7558,SecurityEvent,"/subscriptions/d2baea97-676b-4bde-acc8-351170ec332a/resourcegroups/rg-soc-lab-april/providers/microsoft.compute/virtualmachines/soc-labtest-rg"
"686d5249-052b-4467-a46a-5b3917a2115b","4/6/2026, 8:59:22.833 AM",OpsManager,"SOC-LabTest-RG\8007",User,"SOC-LabTest-RG","Microsoft-Windows-Security-Auditing",Security,12544,0,,4625,"4625 - An account failed to log on.",,,,,,,,,,,,,,,,,,,,NTLM,,,,,,,,,,,,,,,,,,,,,,,,,,,,,,,,,"%%2313",,,,,,,,,,,,,,,,"185.156.73.74",0,0,"-",,,,,,,,,"NtLmSsp ",3,"3 - Network",,,,,,,,,,,,,,,,,,,,,,,,,,,,,,,,,,,,,,,,,,,,,,,,,"-",0x0,"-",,,,,,,,,,,,,,,,,,,,,,,,,,,,,0xc000006d,"-\-",,,,"-",,0x0,,,"-","S-1-0-0",0xc0000064,,"SOC-LabTest-RG\8007","SOC-LabTest-RG",,,,,,,,,,8007,"S-1-0-0",,,,,,,,"-",,,,,,,,"-",LogAlways,"c30dff82-6b97-43a0-ac83-f134bafd8c78","c30dff82-6b97-43a0-ac83-f134bafd8c79","00000000-0000-0000-0000-000000000001","4/6/2026, 9:00:13.413 AM","AOI-686d5249-052b-4467-a46a-5b3917a2115b","N/A",0,0,0x8010000000000000,"{c30dff82-6b97-0001-3685-f50e8bc5dc01}",912,5880,7559,SecurityEvent,"/subscriptions/d2baea97-676b-4bde-acc8-351170ec332a/resourcegroups/rg-soc-lab-april/providers/microsoft.compute/virtualmachines/soc-labtest-rg"
"686d5249-052b-4467-a46a-5b3917a2115b","4/6/2026, 8:59:23.295 AM",OpsManager,"SOC-LabTest-RG\handel2",User,"SOC-LabTest-RG","Microsoft-Windows-Security-Auditing",Security,12544,0,,4625,"4625 - An account failed to log on.",,,,,,,,,,,,,,,,,,,,NTLM,,,,,,,,,,,,,,,,,,,,,,,,,,,,,,,,,"%%2313",,,,,,,,,,,,,,,,"185.156.73.169",0,0,"-",,,,,,,,,"NtLmSsp ",3,"3 - Network",,,,,,,,,,,,,,,,,,,,,,,,,,,,,,,,,,,,,,,,,,,,,,,,,"-",0x0,"-",,,,,,,,,,,,,,,,,,,,,,,,,,,,,0xc000006d,"-\-",,,,"-",,0x0,,,"-","S-1-0-0",0xc0000064,,"SOC-LabTest-RG\handel2","SOC-LabTest-RG",,,,,,,,,,handel2,"S-1-0-0",,,,,,,,"-",,,,,,,,"-",LogAlways,"c30dff82-6b97-43a0-ac83-f134bafd8c78","c30dff82-6b97-43a0-ac83-f134bafd8c79","00000000-0000-0000-0000-000000000001","4/6/2026, 9:00:13.413 AM","AOI-686d5249-052b-4467-a46a-5b3917a2115b","N/A",0,0,0x8010000000000000,"{c30dff82-6b97-0001-3685-f50e8bc5dc01}",912,5880,7560,SecurityEvent,"/subscriptions/d2baea97-676b-4bde-acc8-351170ec332a/resourcegroups/rg-soc-lab-april/providers/microsoft.compute/virtualmachines/soc-labtest-rg"
"686d5249-052b-4467-a46a-5b3917a2115b","4/6/2026, 8:59:23.311 AM",OpsManager,"SOC-LabTest-RG\sri",User,"SOC-LabTest-RG","Microsoft-Windows-Security-Auditing",Security,12544,0,,4625,"4625 - An account failed to log on.",,,,,,,,,,,,,,,,,,,,NTLM,,,,,,,,,,,,,,,,,,,,,,,,,,,,,,,,,"%%2313",,,,,,,,,,,,,,,,"185.156.73.74",0,0,"-",,,,,,,,,"NtLmSsp ",3,"3 - Network",,,,,,,,,,,,,,,,,,,,,,,,,,,,,,,,,,,,,,,,,,,,,,,,,"-",0x0,"-",,,,,,,,,,,,,,,,,,,,,,,,,,,,,0xc000006d,"-\-",,,,"-",,0x0,,,"-","S-1-0-0",0xc0000064,,"SOC-LabTest-RG\sri","SOC-LabTest-RG",,,,,,,,,,sri,"S-1-0-0",,,,,,,,"-",,,,,,,,"-",LogAlways,"c30dff82-6b97-43a0-ac83-f134bafd8c78","c30dff82-6b97-43a0-ac83-f134bafd8c79","00000000-0000-0000-0000-000000000001","4/6/2026, 9:00:13.413 AM","AOI-686d5249-052b-4467-a46a-5b3917a2115b","N/A",0,0,0x8010000000000000,"{c30dff82-6b97-0001-3685-f50e8bc5dc01}",912,5880,7561,SecurityEvent,"/subscriptions/d2baea97-676b-4bde-acc8-351170ec332a/resourcegroups/rg-soc-lab-april/providers/microsoft.compute/virtualmachines/soc-labtest-rg"
