"686d5249-052b-4467-a46a-5b3917a2115b","4/6/2026, 8:47:34.086 AM",OpsManager,"SOC-LabTest-RG\diego",User,"SOC-LabTest-RG","Microsoft-Windows-Security-Auditing",Security,12544,0,,4625,"4625 - An account failed to log on.",,,,,,,,,,,,,,,,,,,,NTLM,,,,,,,,,,,,,,,,,,,,,,,,,,,,,,,,,"%%2313",,,,,,,,,,,,,,,,"185.156.73.74",0,0,"-",,,,,,,,,"NtLmSsp ",3,"3 - Network",,,,,,,,,,,,,,,,,,,,,,,,,,,,,,,,,,,,,,,,,,,,,,,,,"-",0x0,"-",,,,,,,,,,,,,,,,,,,,,,,,,,,,,0xc000006d,"-\-",,,,"-",,0x0,,,"-","S-1-0-0",0xc0000064,,"SOC-LabTest-RG\diego","SOC-LabTest-RG",,,,,,,,,,diego,"S-1-0-0",,,,,,,,"-",,,,,,,,"-",LogAlways,"c30dff82-6b97-43a0-ac83-f134bafd8c78","c30dff82-6b97-43a0-ac83-f134bafd8c79","00000000-0000-0000-0000-000000000001","4/6/2026, 8:48:13.470 AM","AOI-686d5249-052b-4467-a46a-5b3917a2115b","N/A",0,0,0x8010000000000000,"{c30dff82-6b97-0001-3685-f50e8bc5dc01}",912,2964,3897,SecurityEvent,"/subscriptions/d2baea97-676b-4bde-acc8-351170ec332a/resourcegroups/rg-soc-lab-april/providers/microsoft.compute/virtualmachines/soc-labtest-rg"
"686d5249-052b-4467-a46a-5b3917a2115b","4/6/2026, 8:47:34.233 AM",OpsManager,"SOC-LabTest-RG\itower",User,"SOC-LabTest-RG","Microsoft-Windows-Security-Auditing",Security,12544,0,,4625,"4625 - An account failed to log on.",,,,,,,,,,,,,,,,,,,,NTLM,,,,,,,,,,,,,,,,,,,,,,,,,,,,,,,,,"%%2313",,,,,,,,,,,,,,,,"185.156.73.169",0,0,"-",,,,,,,,,"NtLmSsp ",3,"3 - Network",,,,,,,,,,,,,,,,,,,,,,,,,,,,,,,,,,,,,,,,,,,,,,,,,"-",0x0,"-",,,,,,,,,,,,,,,,,,,,,,,,,,,,,0xc000006d,"-\-",,,,"-",,0x0,,,"-","S-1-0-0",0xc0000064,,"SOC-LabTest-RG\itower","SOC-LabTest-RG",,,,,,,,,,itower,"S-1-0-0",,,,,,,,"-",,,,,,,,"-",LogAlways,"c30dff82-6b97-43a0-ac83-f134bafd8c78","c30dff82-6b97-43a0-ac83-f134bafd8c79","00000000-0000-0000-0000-000000000001","4/6/2026, 8:48:13.470 AM","AOI-686d5249-052b-4467-a46a-5b3917a2115b","N/A",0,0,0x8010000000000000,"{c30dff82-6b97-0001-3685-f50e8bc5dc01}",912,5600,3898,SecurityEvent,"/subscriptions/d2baea97-676b-4bde-acc8-351170ec332a/resourcegroups/rg-soc-lab-april/providers/microsoft.compute/virtualmachines/soc-labtest-rg"
"686d5249-052b-4467-a46a-5b3917a2115b","4/6/2026, 8:47:34.546 AM",OpsManager,"SOC-LabTest-RG\daniel",User,"SOC-LabTest-RG","Microsoft-Windows-Security-Auditing",Security,12544,0,,4625,"4625 - An account failed to log on.",,,,,,,,,,,,,,,,,,,,NTLM,,,,,,,,,,,,,,,,,,,,,,,,,,,,,,,,,"%%2313",,,,,,,,,,,,,,,,"185.156.73.74",0,0,"-",,,,,,,,,"NtLmSsp ",3,"3 - Network",,,,,,,,,,,,,,,,,,,,,,,,,,,,,,,,,,,,,,,,,,,,,,,,,"-",0x0,"-",,,,,,,,,,,,,,,,,,,,,,,,,,,,,0xc000006d,"-\-",,,,"-",,0x0,,,"-","S-1-0-0",0xc0000064,,"SOC-LabTest-RG\daniel","SOC-LabTest-RG",,,,,,,,,,daniel,"S-1-0-0",,,,,,,,"-",,,,,,,,"-",LogAlways,"c30dff82-6b97-43a0-ac83-f134bafd8c78","c30dff82-6b97-43a0-ac83-f134bafd8c79","00000000-0000-0000-0000-000000000001","4/6/2026, 8:48:13.470 AM","AOI-686d5249-052b-4467-a46a-5b3917a2115b","N/A",0,0,0x8010000000000000,"{c30dff82-6b97-0001-3685-f50e8bc5dc01}",912,2964,3899,SecurityEvent,"/subscriptions/d2baea97-676b-4bde-acc8-351170ec332a/resourcegroups/rg-soc-lab-april/providers/microsoft.compute/virtualmachines/soc-labtest-rg"
"686d5249-052b-4467-a46a-5b3917a2115b","4/6/2026, 8:47:34.552 AM",OpsManager,"SOC-LabTest-RG\newadmin",User,"SOC-LabTest-RG","Microsoft-Windows-Security-Auditing",Security,12544,0,,4625,"4625 - An account failed to log on.",,,,,,,,,,,,,,,,,,,,NTLM,,,,,,,,,,,,,,,,,,,,,,,,,,,,,,,,,"%%2313",,,,,,,,,,,,,,,,"185.156.73.169",0,0,"-",,,,,,,,,"NtLmSsp ",3,"3 - Network",,,,,,,,,,,,,,,,,,,,,,,,,,,,,,,,,,,,,,,,,,,,,,,,,"-",0x0,"-",,,,,,,,,,,,,,,,,,,,,,,,,,,,,0xc000006d,"-\-",,,,"-",,0x0,,,"-","S-1-0-0",0xc0000064,,"SOC-LabTest-RG\newadmin","SOC-LabTest-RG",,,,,,,,,,newadmin,"S-1-0-0",,,,,,,,"-",,,,,,,,"-",LogAlways,"c30dff82-6b97-43a0-ac83-f134bafd8c78","c30dff82-6b97-43a0-ac83-f134bafd8c79","00000000-0000-0000-0000-000000000001","4/6/2026, 8:48:13.470 AM","AOI-686d5249-052b-4467-a46a-5b3917a2115b","N/A",0,0,0x8010000000000000,"{c30dff82-6b97-0001-3685-f50e8bc5dc01}",912,2964,3900,SecurityEvent,"/subscriptions/d2baea97-676b-4bde-acc8-351170ec332a/resourcegroups/rg-soc-lab-april/providers/microsoft.compute/virtualmachines/soc-labtest-rg"
"686d5249-052b-4467-a46a-5b3917a2115b","4/6/2026, 8:47:34.854 AM",OpsManager,"SOC-LabTest-RG\daniel",User,"SOC-LabTest-RG","Microsoft-Windows-Security-Auditing",Security,12544,0,,4625,"4625 - An account failed to log on.",,,,,,,,,,,,,,,,,,,,NTLM,,,,,,,,,,,,,,,,,,,,,,,,,,,,,,,,,"%%2313",,,,,,,,,,,,,,,,"185.156.73.169",0,0,"-",,,,,,,,,"NtLmSsp ",3,"3 - Network",,,,,,,,,,,,,,,,,,,,,,,,,,,,,,,,,,,,,,,,,,,,,,,,,"-",0x0,"-",,,,,,,,,,,,,,,,,,,,,,,,,,,,,0xc000006d,"-\-",,,,"-",,0x0,,,"-","S-1-0-0",0xc0000064,,"SOC-LabTest-RG\daniel","SOC-LabTest-RG",,,,,,,,,,daniel,"S-1-0-0",,,,,,,,"-",,,,,,,,"-",LogAlways,"c30dff82-6b97-43a0-ac83-f134bafd8c78","c30dff82-6b97-43a0-ac83-f134bafd8c79","00000000-0000-0000-0000-000000000001","4/6/2026, 8:48:13.470 AM","AOI-686d5249-052b-4467-a46a-5b3917a2115b","N/A",0,0,0x8010000000000000,"{c30dff82-6b97-0001-3685-f50e8bc5dc01}",912,2964,3901,SecurityEvent,"/subscriptions/d2baea97-676b-4bde-acc8-351170ec332a/resourcegroups/rg-soc-lab-april/providers/microsoft.compute/virtualmachines/soc-labtest-rg"
"686d5249-052b-4467-a46a-5b3917a2115b","4/6/2026, 8:47:34.894 AM",OpsManager,"SOC-LabTest-RG\loja09",User,"SOC-LabTest-RG","Microsoft-Windows-Security-Auditing",Security,12544,0,,4625,"4625 - An account failed to log on.",,,,,,,,,,,,,,,,,,,,NTLM,,,,,,,,,,,,,,,,,,,,,,,,,,,,,,,,,"%%2313",,,,,,,,,,,,,,,,"185.156.73.74",0,0,"-",,,,,,,,,"NtLmSsp ",3,"3 - Network",,,,,,,,,,,,,,,,,,,,,,,,,,,,,,,,,,,,,,,,,,,,,,,,,"-",0x0,"-",,,,,,,,,,,,,,,,,,,,,,,,,,,,,0xc000006d,"-\-",,,,"-",,0x0,,,"-","S-1-0-0",0xc0000064,,"SOC-LabTest-RG\loja09","SOC-LabTest-RG",,,,,,,,,,loja09,"S-1-0-0",,,,,,,,"-",,,,,,,,"-",LogAlways,"c30dff82-6b97-43a0-ac83-f134bafd8c78","c30dff82-6b97-43a0-ac83-f134bafd8c79","00000000-0000-0000-0000-000000000001","4/6/2026, 8:48:13.470 AM","AOI-686d5249-052b-4467-a46a-5b3917a2115b","N/A",0,0,0x8010000000000000,"{c30dff82-6b97-0001-3685-f50e8bc5dc01}",912,2964,3902,SecurityEvent,"/subscriptions/d2baea97-676b-4bde-acc8-351170ec332a/resourcegroups/rg-soc-lab-april/providers/microsoft.compute/virtualmachines/soc-labtest-rg"
"686d5249-052b-4467-a46a-5b3917a2115b","4/6/2026, 8:47:35.190 AM",OpsManager,"SOC-LabTest-RG\hp",User,"SOC-LabTest-RG","Microsoft-Windows-Security-Auditing",Security,12544,0,,4625,"4625 - An account failed to log on.",,,,,,,,,,,,,,,,,,,,NTLM,,,,,,,,,,,,,,,,,,,,,,,,,,,,,,,,,"%%2313",,,,,,,,,,,,,,,,"185.156.73.74",0,0,"-",,,,,,,,,"NtLmSsp ",3,"3 - Network",,,,,,,,,,,,,,,,,,,,,,,,,,,,,,,,,,,,,,,,,,,,,,,,,"-",0x0,"-",,,,,,,,,,,,,,,,,,,,,,,,,,,,,0xc000006d,"-\-",,,,"-",,0x0,,,"-","S-1-0-0",0xc0000064,,"SOC-LabTest-RG\hp","SOC-LabTest-RG",,,,,,,,,,hp,"S-1-0-0",,,,,,,,"-",,,,,,,,"-",LogAlways,"c30dff82-6b97-43a0-ac83-f134bafd8c78","c30dff82-6b97-43a0-ac83-f134bafd8c79","00000000-0000-0000-0000-000000000001","4/6/2026, 8:48:13.470 AM","AOI-686d5249-052b-4467-a46a-5b3917a2115b","N/A",0,0,0x8010000000000000,"{c30dff82-6b97-0001-3685-f50e8bc5dc01}",912,2964,3903,SecurityEvent,"/subscriptions/d2baea97-676b-4bde-acc8-351170ec332a/resourcegroups/rg-soc-lab-april/providers/microsoft.compute/virtualmachines/soc-labtest-rg"
"686d5249-052b-4467-a46a-5b3917a2115b","4/6/2026, 8:47:35.195 AM",OpsManager,"SOC-LabTest-RG\asus",User,"SOC-LabTest-RG","Microsoft-Windows-Security-Auditing",Security,12544,0,,4625,"4625 - An account failed to log on.",,,,,,,,,,,,,,,,,,,,NTLM,,,,,,,,,,,,,,,,,,,,,,,,,,,,,,,,,"%%2313",,,,,,,,,,,,,,,,"185.156.73.169",0,0,"-",,,,,,,,,"NtLmSsp ",3,"3 - Network",,,,,,,,,,,,,,,,,,,,,,,,,,,,,,,,,,,,,,,,,,,,,,,,,"-",0x0,"-",,,,,,,,,,,,,,,,,,,,,,,,,,,,,0xc000006d,"-\-",,,,"-",,0x0,,,"-","S-1-0-0",0xc0000064,,"SOC-LabTest-RG\asus","SOC-LabTest-RG",,,,,,,,,,asus,"S-1-0-0",,,,,,,,"-",,,,,,,,"-",LogAlways,"c30dff82-6b97-43a0-ac83-f134bafd8c78","c30dff82-6b97-43a0-ac83-f134bafd8c79","00000000-0000-0000-0000-000000000001","4/6/2026, 8:48:13.470 AM","AOI-686d5249-052b-4467-a46a-5b3917a2115b","N/A",0,0,0x8010000000000000,"{c30dff82-6b97-0001-3685-f50e8bc5dc01}",912,2964,3904,SecurityEvent,"/subscriptions/d2baea97-676b-4bde-acc8-351170ec332a/resourcegroups/rg-soc-lab-april/providers/microsoft.compute/virtualmachines/soc-labtest-rg"
"686d5249-052b-4467-a46a-5b3917a2115b","4/6/2026, 8:47:35.787 AM",OpsManager,"SOC-LabTest-RG\vsilva",User,"SOC-LabTest-RG","Microsoft-Windows-Security-Auditing",Security,12544,0,,4625,"4625 - An account failed to log on.",,,,,,,,,,,,,,,,,,,,NTLM,,,,,,,,,,,,,,,,,,,,,,,,,,,,,,,,,"%%2313",,,,,,,,,,,,,,,,"185.156.73.169",0,0,"-",,,,,,,,,"NtLmSsp ",3,"3 - Network",,,,,,,,,,,,,,,,,,,,,,,,,,,,,,,,,,,,,,,,,,,,,,,,,"-",0x0,"-",,,,,,,,,,,,,,,,,,,,,,,,,,,,,0xc000006d,"-\-",,,,"-",,0x0,,,"-","S-1-0-0",0xc0000064,,"SOC-LabTest-RG\vsilva","SOC-LabTest-RG",,,,,,,,,,vsilva,"S-1-0-0",,,,,,,,"-",,,,,,,,"-",LogAlways,"c30dff82-6b97-43a0-ac83-f134bafd8c78","c30dff82-6b97-43a0-ac83-f134bafd8c79","00000000-0000-0000-0000-000000000001","4/6/2026, 8:48:13.470 AM","AOI-686d5249-052b-4467-a46a-5b3917a2115b","N/A",0,0,0x8010000000000000,"{c30dff82-6b97-0001-3685-f50e8bc5dc01}",912,188,3905,SecurityEvent,"/subscriptions/d2baea97-676b-4bde-acc8-351170ec332a/resourcegroups/rg-soc-lab-april/providers/microsoft.compute/virtualmachines/soc-labtest-rg"
"686d5249-052b-4467-a46a-5b3917a2115b","4/6/2026, 8:47:35.831 AM",OpsManager,"SOC-LabTest-RG\security",User,"SOC-LabTest-RG","Microsoft-Windows-Security-Auditing",Security,12544,0,,4625,"4625 - An account failed to log on.",,,,,,,,,,,,,,,,,,,,NTLM,,,,,,,,,,,,,,,,,,,,,,,,,,,,,,,,,"%%2313",,,,,,,,,,,,,,,,"185.156.73.74",0,0,"-",,,,,,,,,"NtLmSsp ",3,"3 - Network",,,,,,,,,,,,,,,,,,,,,,,,,,,,,,,,,,,,,,,,,,,,,,,,,"-",0x0,"-",,,,,,,,,,,,,,,,,,,,,,,,,,,,,0xc000006d,"-\-",,,,"-",,0x0,,,"-","S-1-0-0",0xc0000064,,"SOC-LabTest-RG\security","SOC-LabTest-RG",,,,,,,,,,security,"S-1-0-0",,,,,,,,"-",,,,,,,,"-",LogAlways,"c30dff82-6b97-43a0-ac83-f134bafd8c78","c30dff82-6b97-43a0-ac83-f134bafd8c79","00000000-0000-0000-0000-000000000001","4/6/2026, 8:48:13.470 AM","AOI-686d5249-052b-4467-a46a-5b3917a2115b","N/A",0,0,0x8010000000000000,"{c30dff82-6b97-0001-3685-f50e8bc5dc01}",912,2964,3906,SecurityEvent,"/subscriptions/d2baea97-676b-4bde-acc8-351170ec332a/resourcegroups/rg-soc-lab-april/providers/microsoft.compute/virtualmachines/soc-labtest-rg"
"686d5249-052b-4467-a46a-5b3917a2115b","4/6/2026, 8:47:36.016 AM",OpsManager,"SOC-LabTest-RG\robertpreisz",User,"SOC-LabTest-RG","Microsoft-Windows-Security-Auditing",Security,12544,0,,4625,"4625 - An account failed to log on.",,,,,,,,,,,,,,,,,,,,NTLM,,,,,,,,,,,,,,,,,,,,,,,,,,,,,,,,,"%%2313",,,,,,,,,,,,,,,,"185.156.73.169",0,0,"-",,,,,,,,,"NtLmSsp ",3,"3 - Network",,,,,,,,,,,,,,,,,,,,,,,,,,,,,,,,,,,,,,,,,,,,,,,,,"-",0x0,"-",,,,,,,,,,,,,,,,,,,,,,,,,,,,,0xc000006d,"-\-",,,,"-",,0x0,,,"-","S-1-0-0",0xc0000064,,"SOC-LabTest-RG\robertpreisz","SOC-LabTest-RG",,,,,,,,,,robertpreisz,"S-1-0-0",,,,,,,,"-",,,,,,,,"-",LogAlways,"c30dff82-6b97-43a0-ac83-f134bafd8c78","c30dff82-6b97-43a0-ac83-f134bafd8c79","00000000-0000-0000-0000-000000000001","4/6/2026, 8:48:13.470 AM","AOI-686d5249-052b-4467-a46a-5b3917a2115b","N/A",0,0,0x8010000000000000,"{c30dff82-6b97-0001-3685-f50e8bc5dc01}",912,2964,3907,SecurityEvent,"/subscriptions/d2baea97-676b-4bde-acc8-351170ec332a/resourcegroups/rg-soc-lab-april/providers/microsoft.compute/virtualmachines/soc-labtest-rg"
"686d5249-052b-4467-a46a-5b3917a2115b","4/6/2026, 8:47:36.025 AM",OpsManager,"SOC-LabTest-RG\olga",User,"SOC-LabTest-RG","Microsoft-Windows-Security-Auditing",Security,12544,0,,4625,"4625 - An account failed to log on.",,,,,,,,,,,,,,,,,,,,NTLM,,,,,,,,,,,,,,,,,,,,,,,,,,,,,,,,,"%%2313",,,,,,,,,,,,,,,,"185.156.73.74",0,0,"-",,,,,,,,,"NtLmSsp ",3,"3 - Network",,,,,,,,,,,,,,,,,,,,,,,,,,,,,,,,,,,,,,,,,,,,,,,,,"-",0x0,"-",,,,,,,,,,,,,,,,,,,,,,,,,,,,,0xc000006d,"-\-",,,,"-",,0x0,,,"-","S-1-0-0",0xc0000064,,"SOC-LabTest-RG\olga","SOC-LabTest-RG",,,,,,,,,,olga,"S-1-0-0",,,,,,,,"-",,,,,,,,"-",LogAlways,"c30dff82-6b97-43a0-ac83-f134bafd8c78","c30dff82-6b97-43a0-ac83-f134bafd8c79","00000000-0000-0000-0000-000000000001","4/6/2026, 8:48:13.470 AM","AOI-686d5249-052b-4467-a46a-5b3917a2115b","N/A",0,0,0x8010000000000000,"{c30dff82-6b97-0001-3685-f50e8bc5dc01}",912,2964,3908,SecurityEvent,"/subscriptions/d2baea97-676b-4bde-acc8-351170ec332a/resourcegroups/rg-soc-lab-april/providers/microsoft.compute/virtualmachines/soc-labtest-rg"
"686d5249-052b-4467-a46a-5b3917a2115b","4/6/2026, 8:47:36.364 AM",OpsManager,"SOC-LabTest-RG\netcad",User,"SOC-LabTest-RG","Microsoft-Windows-Security-Auditing",Security,12544,0,,4625,"4625 - An account failed to log on.",,,,,,,,,,,,,,,,,,,,NTLM,,,,,,,,,,,,,,,,,,,,,,,,,,,,,,,,,"%%2313",,,,,,,,,,,,,,,,"185.156.73.169",0,0,"-",,,,,,,,,"NtLmSsp ",3,"3 - Network",,,,,,,,,,,,,,,,,,,,,,,,,,,,,,,,,,,,,,,,,,,,,,,,,"-",0x0,"-",,,,,,,,,,,,,,,,,,,,,,,,,,,,,0xc000006d,"-\-",,,,"-",,0x0,,,"-","S-1-0-0",0xc0000064,,"SOC-LabTest-RG\netcad","SOC-LabTest-RG",,,,,,,,,,netcad,"S-1-0-0",,,,,,,,"-",,,,,,,,"-",LogAlways,"c30dff82-6b97-43a0-ac83-f134bafd8c78","c30dff82-6b97-43a0-ac83-f134bafd8c79","00000000-0000-0000-0000-000000000001","4/6/2026, 8:48:13.470 AM","AOI-686d5249-052b-4467-a46a-5b3917a2115b","N/A",0,0,0x8010000000000000,"{c30dff82-6b97-0001-3685-f50e8bc5dc01}",912,2964,3909,SecurityEvent,"/subscriptions/d2baea97-676b-4bde-acc8-351170ec332a/resourcegroups/rg-soc-lab-april/providers/microsoft.compute/virtualmachines/soc-labtest-rg"
"686d5249-052b-4467-a46a-5b3917a2115b","4/6/2026, 8:47:36.384 AM",OpsManager,"SOC-LabTest-RG\remote",User,"SOC-LabTest-RG","Microsoft-Windows-Security-Auditing",Security,12544,0,,4625,"4625 - An account failed to log on.",,,,,,,,,,,,,,,,,,,,NTLM,,,,,,,,,,,,,,,,,,,,,,,,,,,,,,,,,"%%2313",,,,,,,,,,,,,,,,"185.156.73.74",0,0,"-",,,,,,,,,"NtLmSsp ",3,"3 - Network",,,,,,,,,,,,,,,,,,,,,,,,,,,,,,,,,,,,,,,,,,,,,,,,,"-",0x0,"-",,,,,,,,,,,,,,,,,,,,,,,,,,,,,0xc000006d,"-\-",,,,"-",,0x0,,,"-","S-1-0-0",0xc0000064,,"SOC-LabTest-RG\remote","SOC-LabTest-RG",,,,,,,,,,remote,"S-1-0-0",,,,,,,,"-",,,,,,,,"-",LogAlways,"c30dff82-6b97-43a0-ac83-f134bafd8c78","c30dff82-6b97-43a0-ac83-f134bafd8c79","00000000-0000-0000-0000-000000000001","4/6/2026, 8:48:13.470 AM","AOI-686d5249-052b-4467-a46a-5b3917a2115b","N/A",0,0,0x8010000000000000,"{c30dff82-6b97-0001-3685-f50e8bc5dc01}",912,2964,3910,SecurityEvent,"/subscriptions/d2baea97-676b-4bde-acc8-351170ec332a/resourcegroups/rg-soc-lab-april/providers/microsoft.compute/virtualmachines/soc-labtest-rg"
"686d5249-052b-4467-a46a-5b3917a2115b","4/6/2026, 8:47:36.729 AM",OpsManager,"SOC-LabTest-RG\administrator",User,"SOC-LabTest-RG","Microsoft-Windows-Security-Auditing",Security,12544,0,,4625,"4625 - An account failed to log on.",,,,,,,,,,,,,,,,,,,,NTLM,,,,,,,,,,,,,,,,,,,,,,,,,,,,,,,,,"%%2313",,,,,,,,,,,,,,,,"185.156.73.74",0,0,"-",,,,,,,,,"NtLmSsp ",3,"3 - Network",,,,,,,,,,,,,,,,,,,,,,,,,,,,,,,,,,,,,,,,,,,,,,,,,"-",0x0,"-",,,,,,,,,,,,,,,,,,,,,,,,,,,,,0xc000006d,"-\-",,,,"-",,0x0,,,"-","S-1-0-0",0xc0000064,,"SOC-LabTest-RG\administrator","SOC-LabTest-RG",,,,,,,,,,administrator,"S-1-0-0",,,,,,,,"-",,,,,,,,"-",LogAlways,"c30dff82-6b97-43a0-ac83-f134bafd8c78","c30dff82-6b97-43a0-ac83-f134bafd8c79","00000000-0000-0000-0000-000000000001","4/6/2026, 8:48:13.470 AM","AOI-686d5249-052b-4467-a46a-5b3917a2115b","N/A",0,0,0x8010000000000000,"{c30dff82-6b97-0001-3685-f50e8bc5dc01}",912,2964,3911,SecurityEvent,"/subscriptions/d2baea97-676b-4bde-acc8-351170ec332a/resourcegroups/rg-soc-lab-april/providers/microsoft.compute/virtualmachines/soc-labtest-rg"
"686d5249-052b-4467-a46a-5b3917a2115b","4/6/2026, 8:47:36.902 AM",OpsManager,"SOC-LabTest-RG\xinhao",User,"SOC-LabTest-RG","Microsoft-Windows-Security-Auditing",Security,12544,0,,4625,"4625 - An account failed to log on.",,,,,,,,,,,,,,,,,,,,NTLM,,,,,,,,,,,,,,,,,,,,,,,,,,,,,,,,,"%%2313",,,,,,,,,,,,,,,,"185.156.73.169",0,0,"-",,,,,,,,,"NtLmSsp ",3,"3 - Network",,,,,,,,,,,,,,,,,,,,,,,,,,,,,,,,,,,,,,,,,,,,,,,,,"-",0x0,"-",,,,,,,,,,,,,,,,,,,,,,,,,,,,,0xc000006d,"-\-",,,,"-",,0x0,,,"-","S-1-0-0",0xc0000064,,"SOC-LabTest-RG\xinhao","SOC-LabTest-RG",,,,,,,,,,xinhao,"S-1-0-0",,,,,,,,"-",,,,,,,,"-",LogAlways,"c30dff82-6b97-43a0-ac83-f134bafd8c78","c30dff82-6b97-43a0-ac83-f134bafd8c79","00000000-0000-0000-0000-000000000001","4/6/2026, 8:48:13.470 AM","AOI-686d5249-052b-4467-a46a-5b3917a2115b","N/A",0,0,0x8010000000000000,"{c30dff82-6b97-0001-3685-f50e8bc5dc01}",912,188,3912,SecurityEvent,"/subscriptions/d2baea97-676b-4bde-acc8-351170ec332a/resourcegroups/rg-soc-lab-april/providers/microsoft.compute/virtualmachines/soc-labtest-rg"
"686d5249-052b-4467-a46a-5b3917a2115b","4/6/2026, 8:47:37.218 AM",OpsManager,"SOC-LabTest-RG\windows7",User,"SOC-LabTest-RG","Microsoft-Windows-Security-Auditing",Security,12544,0,,4625,"4625 - An account failed to log on.",,,,,,,,,,,,,,,,,,,,NTLM,,,,,,,,,,,,,,,,,,,,,,,,,,,,,,,,,"%%2313",,,,,,,,,,,,,,,,"185.156.73.169",0,0,"-",,,,,,,,,"NtLmSsp ",3,"3 - Network",,,,,,,,,,,,,,,,,,,,,,,,,,,,,,,,,,,,,,,,,,,,,,,,,"-",0x0,"-",,,,,,,,,,,,,,,,,,,,,,,,,,,,,0xc000006d,"-\-",,,,"-",,0x0,,,"-","S-1-0-0",0xc0000064,,"SOC-LabTest-RG\windows7","SOC-LabTest-RG",,,,,,,,,,windows7,"S-1-0-0",,,,,,,,"-",,,,,,,,"-",LogAlways,"c30dff82-6b97-43a0-ac83-f134bafd8c78","c30dff82-6b97-43a0-ac83-f134bafd8c79","00000000-0000-0000-0000-000000000001","4/6/2026, 8:48:13.470 AM","AOI-686d5249-052b-4467-a46a-5b3917a2115b","N/A",0,0,0x8010000000000000,"{c30dff82-6b97-0001-3685-f50e8bc5dc01}",912,2964,3913,SecurityEvent,"/subscriptions/d2baea97-676b-4bde-acc8-351170ec332a/resourcegroups/rg-soc-lab-april/providers/microsoft.compute/virtualmachines/soc-labtest-rg"
"686d5249-052b-4467-a46a-5b3917a2115b","4/6/2026, 8:47:37.224 AM",OpsManager,"SOC-LabTest-RG\user3",User,"SOC-LabTest-RG","Microsoft-Windows-Security-Auditing",Security,12544,0,,4625,"4625 - An account failed to log on.",,,,,,,,,,,,,,,,,,,,NTLM,,,,,,,,,,,,,,,,,,,,,,,,,,,,,,,,,"%%2313",,,,,,,,,,,,,,,,"185.156.73.74",0,0,"-",,,,,,,,,"NtLmSsp ",3,"3 - Network",,,,,,,,,,,,,,,,,,,,,,,,,,,,,,,,,,,,,,,,,,,,,,,,,"-",0x0,"-",,,,,,,,,,,,,,,,,,,,,,,,,,,,,0xc000006d,"-\-",,,,"-",,0x0,,,"-","S-1-0-0",0xc0000064,,"SOC-LabTest-RG\user3","SOC-LabTest-RG",,,,,,,,,,user3,"S-1-0-0",,,,,,,,"-",,,,,,,,"-",LogAlways,"c30dff82-6b97-43a0-ac83-f134bafd8c78","c30dff82-6b97-43a0-ac83-f134bafd8c79","00000000-0000-0000-0000-000000000001","4/6/2026, 8:48:13.470 AM","AOI-686d5249-052b-4467-a46a-5b3917a2115b","N/A",0,0,0x8010000000000000,"{c30dff82-6b97-0001-3685-f50e8bc5dc01}",912,2964,3914,SecurityEvent,"/subscriptions/d2baea97-676b-4bde-acc8-351170ec332a/resourcegroups/rg-soc-lab-april/providers/microsoft.compute/virtualmachines/soc-labtest-rg"
"686d5249-052b-4467-a46a-5b3917a2115b","4/6/2026, 8:47:37.533 AM",OpsManager,"SOC-LabTest-RG\acc2",User,"SOC-LabTest-RG","Microsoft-Windows-Security-Auditing",Security,12544,0,,4625,"4625 - An account failed to log on.",,,,,,,,,,,,,,,,,,,,NTLM,,,,,,,,,,,,,,,,,,,,,,,,,,,,,,,,,"%%2313",,,,,,,,,,,,,,,,"185.156.73.74",0,0,"-",,,,,,,,,"NtLmSsp ",3,"3 - Network",,,,,,,,,,,,,,,,,,,,,,,,,,,,,,,,,,,,,,,,,,,,,,,,,"-",0x0,"-",,,,,,,,,,,,,,,,,,,,,,,,,,,,,0xc000006d,"-\-",,,,"-",,0x0,,,"-","S-1-0-0",0xc0000064,,"SOC-LabTest-RG\acc2","SOC-LabTest-RG",,,,,,,,,,acc2,"S-1-0-0",,,,,,,,"-",,,,,,,,"-",LogAlways,"c30dff82-6b97-43a0-ac83-f134bafd8c78","c30dff82-6b97-43a0-ac83-f134bafd8c79","00000000-0000-0000-0000-000000000001","4/6/2026, 8:48:13.470 AM","AOI-686d5249-052b-4467-a46a-5b3917a2115b","N/A",0,0,0x8010000000000000,"{c30dff82-6b97-0001-3685-f50e8bc5dc01}",912,2964,3915,SecurityEvent,"/subscriptions/d2baea97-676b-4bde-acc8-351170ec332a/resourcegroups/rg-soc-lab-april/providers/microsoft.compute/virtualmachines/soc-labtest-rg"
"686d5249-052b-4467-a46a-5b3917a2115b","4/6/2026, 8:47:37.741 AM",OpsManager,"SOC-LabTest-RG\maggioli",User,"SOC-LabTest-RG","Microsoft-Windows-Security-Auditing",Security,12544,0,,4625,"4625 - An account failed to log on.",,,,,,,,,,,,,,,,,,,,NTLM,,,,,,,,,,,,,,,,,,,,,,,,,,,,,,,,,"%%2313",,,,,,,,,,,,,,,,"185.156.73.169",0,0,"-",,,,,,,,,"NtLmSsp ",3,"3 - Network",,,,,,,,,,,,,,,,,,,,,,,,,,,,,,,,,,,,,,,,,,,,,,,,,"-",0x0,"-",,,,,,,,,,,,,,,,,,,,,,,,,,,,,0xc000006d,"-\-",,,,"-",,0x0,,,"-","S-1-0-0",0xc0000064,,"SOC-LabTest-RG\maggioli","SOC-LabTest-RG",,,,,,,,,,maggioli,"S-1-0-0",,,,,,,,"-",,,,,,,,"-",LogAlways,"c30dff82-6b97-43a0-ac83-f134bafd8c78","c30dff82-6b97-43a0-ac83-f134bafd8c79","00000000-0000-0000-0000-000000000001","4/6/2026, 8:48:13.470 AM","AOI-686d5249-052b-4467-a46a-5b3917a2115b","N/A",0,0,0x8010000000000000,"{c30dff82-6b97-0001-3685-f50e8bc5dc01}",912,2964,3916,SecurityEvent,"/subscriptions/d2baea97-676b-4bde-acc8-351170ec332a/resourcegroups/rg-soc-lab-april/providers/microsoft.compute/virtualmachines/soc-labtest-rg"
"686d5249-052b-4467-a46a-5b3917a2115b","4/6/2026, 8:47:37.876 AM",OpsManager,"SOC-LabTest-RG\bodega",User,"SOC-LabTest-RG","Microsoft-Windows-Security-Auditing",Security,12544,0,,4625,"4625 - An account failed to log on.",,,,,,,,,,,,,,,,,,,,NTLM,,,,,,,,,,,,,,,,,,,,,,,,,,,,,,,,,"%%2313",,,,,,,,,,,,,,,,"185.156.73.74",0,0,"-",,,,,,,,,"NtLmSsp ",3,"3 - Network",,,,,,,,,,,,,,,,,,,,,,,,,,,,,,,,,,,,,,,,,,,,,,,,,"-",0x0,"-",,,,,,,,,,,,,,,,,,,,,,,,,,,,,0xc000006d,"-\-",,,,"-",,0x0,,,"-","S-1-0-0",0xc0000064,,"SOC-LabTest-RG\bodega","SOC-LabTest-RG",,,,,,,,,,bodega,"S-1-0-0",,,,,,,,"-",,,,,,,,"-",LogAlways,"c30dff82-6b97-43a0-ac83-f134bafd8c78","c30dff82-6b97-43a0-ac83-f134bafd8c79","00000000-0000-0000-0000-000000000001","4/6/2026, 8:48:13.470 AM","AOI-686d5249-052b-4467-a46a-5b3917a2115b","N/A",0,0,0x8010000000000000,"{c30dff82-6b97-0001-3685-f50e8bc5dc01}",912,2964,3917,SecurityEvent,"/subscriptions/d2baea97-676b-4bde-acc8-351170ec332a/resourcegroups/rg-soc-lab-april/providers/microsoft.compute/virtualmachines/soc-labtest-rg"
"686d5249-052b-4467-a46a-5b3917a2115b","4/6/2026, 8:47:38.017 AM",OpsManager,"SOC-LabTest-RG\jhernandez",User,"SOC-LabTest-RG","Microsoft-Windows-Security-Auditing",Security,12544,0,,4625,"4625 - An account failed to log on.",,,,,,,,,,,,,,,,,,,,NTLM,,,,,,,,,,,,,,,,,,,,,,,,,,,,,,,,,"%%2313",,,,,,,,,,,,,,,,"185.156.73.169",0,0,"-",,,,,,,,,"NtLmSsp ",3,"3 - Network",,,,,,,,,,,,,,,,,,,,,,,,,,,,,,,,,,,,,,,,,,,,,,,,,"-",0x0,"-",,,,,,,,,,,,,,,,,,,,,,,,,,,,,0xc000006d,"-\-",,,,"-",,0x0,,,"-","S-1-0-0",0xc0000064,,"SOC-LabTest-RG\jhernandez","SOC-LabTest-RG",,,,,,,,,,jhernandez,"S-1-0-0",,,,,,,,"-",,,,,,,,"-",LogAlways,"c30dff82-6b97-43a0-ac83-f134bafd8c78","c30dff82-6b97-43a0-ac83-f134bafd8c79","00000000-0000-0000-0000-000000000001","4/6/2026, 8:48:13.470 AM","AOI-686d5249-052b-4467-a46a-5b3917a2115b","N/A",0,0,0x8010000000000000,"{c30dff82-6b97-0001-3685-f50e8bc5dc01}",912,188,3918,SecurityEvent,"/subscriptions/d2baea97-676b-4bde-acc8-351170ec332a/resourcegroups/rg-soc-lab-april/providers/microsoft.compute/virtualmachines/soc-labtest-rg"
"686d5249-052b-4467-a46a-5b3917a2115b","4/6/2026, 8:47:38.364 AM",OpsManager,"SOC-LabTest-RG\teste",User,"SOC-LabTest-RG","Microsoft-Windows-Security-Auditing",Security,12544,0,,4625,"4625 - An account failed to log on.",,,,,,,,,,,,,,,,,,,,NTLM,,,,,,,,,,,,,,,,,,,,,,,,,,,,,,,,,"%%2313",,,,,,,,,,,,,,,,"185.156.73.74",0,0,"-",,,,,,,,,"NtLmSsp ",3,"3 - Network",,,,,,,,,,,,,,,,,,,,,,,,,,,,,,,,,,,,,,,,,,,,,,,,,"-",0x0,"-",,,,,,,,,,,,,,,,,,,,,,,,,,,,,0xc000006d,"-\-",,,,"-",,0x0,,,"-","S-1-0-0",0xc0000064,,"SOC-LabTest-RG\teste","SOC-LabTest-RG",,,,,,,,,,teste,"S-1-0-0",,,,,,,,"-",,,,,,,,"-",LogAlways,"c30dff82-6b97-43a0-ac83-f134bafd8c78","c30dff82-6b97-43a0-ac83-f134bafd8c79","00000000-0000-0000-0000-000000000001","4/6/2026, 8:48:13.470 AM","AOI-686d5249-052b-4467-a46a-5b3917a2115b","N/A",0,0,0x8010000000000000,"{c30dff82-6b97-0001-3685-f50e8bc5dc01}",912,2964,3919,SecurityEvent,"/subscriptions/d2baea97-676b-4bde-acc8-351170ec332a/resourcegroups/rg-soc-lab-april/providers/microsoft.compute/virtualmachines/soc-labtest-rg"
"686d5249-052b-4467-a46a-5b3917a2115b","4/6/2026, 8:47:38.575 AM",OpsManager,"SOC-LabTest-RG\etsau",User,"SOC-LabTest-RG","Microsoft-Windows-Security-Auditing",Security,12544,0,,4625,"4625 - An account failed to log on.",,,,,,,,,,,,,,,,,,,,NTLM,,,,,,,,,,,,,,,,,,,,,,,,,,,,,,,,,"%%2313",,,,,,,,,,,,,,,,"185.156.73.169",0,0,"-",,,,,,,,,"NtLmSsp ",3,"3 - Network",,,,,,,,,,,,,,,,,,,,,,,,,,,,,,,,,,,,,,,,,,,,,,,,,"-",0x0,"-",,,,,,,,,,,,,,,,,,,,,,,,,,,,,0xc000006d,"-\-",,,,"-",,0x0,,,"-","S-1-0-0",0xc0000064,,"SOC-LabTest-RG\etsau","SOC-LabTest-RG",,,,,,,,,,etsau,"S-1-0-0",,,,,,,,"-",,,,,,,,"-",LogAlways,"c30dff82-6b97-43a0-ac83-f134bafd8c78","c30dff82-6b97-43a0-ac83-f134bafd8c79","00000000-0000-0000-0000-000000000001","4/6/2026, 8:48:13.470 AM","AOI-686d5249-052b-4467-a46a-5b3917a2115b","N/A",0,0,0x8010000000000000,"{c30dff82-6b97-0001-3685-f50e8bc5dc01}",912,2964,3920,SecurityEvent,"/subscriptions/d2baea97-676b-4bde-acc8-351170ec332a/resourcegroups/rg-soc-lab-april/providers/microsoft.compute/virtualmachines/soc-labtest-rg"
"686d5249-052b-4467-a46a-5b3917a2115b","4/6/2026, 8:47:38.743 AM",OpsManager,"SOC-LabTest-RG\remote2",User,"SOC-LabTest-RG","Microsoft-Windows-Security-Auditing",Security,12544,0,,4625,"4625 - An account failed to log on.",,,,,,,,,,,,,,,,,,,,NTLM,,,,,,,,,,,,,,,,,,,,,,,,,,,,,,,,,"%%2313",,,,,,,,,,,,,,,,"185.156.73.74",0,0,"-",,,,,,,,,"NtLmSsp ",3,"3 - Network",,,,,,,,,,,,,,,,,,,,,,,,,,,,,,,,,,,,,,,,,,,,,,,,,"-",0x0,"-",,,,,,,,,,,,,,,,,,,,,,,,,,,,,0xc000006d,"-\-",,,,"-",,0x0,,,"-","S-1-0-0",0xc0000064,,"SOC-LabTest-RG\remote2","SOC-LabTest-RG",,,,,,,,,,remote2,"S-1-0-0",,,,,,,,"-",,,,,,,,"-",LogAlways,"c30dff82-6b97-43a0-ac83-f134bafd8c78","c30dff82-6b97-43a0-ac83-f134bafd8c79","00000000-0000-0000-0000-000000000001","4/6/2026, 8:48:13.470 AM","AOI-686d5249-052b-4467-a46a-5b3917a2115b","N/A",0,0,0x8010000000000000,"{c30dff82-6b97-0001-3685-f50e8bc5dc01}",912,2964,3921,SecurityEvent,"/subscriptions/d2baea97-676b-4bde-acc8-351170ec332a/resourcegroups/rg-soc-lab-april/providers/microsoft.compute/virtualmachines/soc-labtest-rg"
"686d5249-052b-4467-a46a-5b3917a2115b","4/6/2026, 8:47:38.886 AM",OpsManager,"SOC-LabTest-RG\hstanton",User,"SOC-LabTest-RG","Microsoft-Windows-Security-Auditing",Security,12544,0,,4625,"4625 - An account failed to log on.",,,,,,,,,,,,,,,,,,,,NTLM,,,,,,,,,,,,,,,,,,,,,,,,,,,,,,,,,"%%2313",,,,,,,,,,,,,,,,"185.156.73.169",0,0,"-",,,,,,,,,"NtLmSsp ",3,"3 - Network",,,,,,,,,,,,,,,,,,,,,,,,,,,,,,,,,,,,,,,,,,,,,,,,,"-",0x0,"-",,,,,,,,,,,,,,,,,,,,,,,,,,,,,0xc000006d,"-\-",,,,"-",,0x0,,,"-","S-1-0-0",0xc0000064,,"SOC-LabTest-RG\hstanton","SOC-LabTest-RG",,,,,,,,,,hstanton,"S-1-0-0",,,,,,,,"-",,,,,,,,"-",LogAlways,"c30dff82-6b97-43a0-ac83-f134bafd8c78","c30dff82-6b97-43a0-ac83-f134bafd8c79","00000000-0000-0000-0000-000000000001","4/6/2026, 8:48:13.470 AM","AOI-686d5249-052b-4467-a46a-5b3917a2115b","N/A",0,0,0x8010000000000000,"{c30dff82-6b97-0001-3685-f50e8bc5dc01}",912,2964,3922,SecurityEvent,"/subscriptions/d2baea97-676b-4bde-acc8-351170ec332a/resourcegroups/rg-soc-lab-april/providers/microsoft.compute/virtualmachines/soc-labtest-rg"
"686d5249-052b-4467-a46a-5b3917a2115b","4/6/2026, 8:47:39.188 AM",OpsManager,"SOC-LabTest-RG\erp",User,"SOC-LabTest-RG","Microsoft-Windows-Security-Auditing",Security,12544,0,,4625,"4625 - An account failed to log on.",,,,,,,,,,,,,,,,,,,,NTLM,,,,,,,,,,,,,,,,,,,,,,,,,,,,,,,,,"%%2313",,,,,,,,,,,,,,,,"185.156.73.169",0,0,"-",,,,,,,,,"NtLmSsp ",3,"3 - Network",,,,,,,,,,,,,,,,,,,,,,,,,,,,,,,,,,,,,,,,,,,,,,,,,"-",0x0,"-",,,,,,,,,,,,,,,,,,,,,,,,,,,,,0xc000006d,"-\-",,,,"-",,0x0,,,"-","S-1-0-0",0xc0000064,,"SOC-LabTest-RG\erp","SOC-LabTest-RG",,,,,,,,,,erp,"S-1-0-0",,,,,,,,"-",,,,,,,,"-",LogAlways,"c30dff82-6b97-43a0-ac83-f134bafd8c78","c30dff82-6b97-43a0-ac83-f134bafd8c79","00000000-0000-0000-0000-000000000001","4/6/2026, 8:48:13.470 AM","AOI-686d5249-052b-4467-a46a-5b3917a2115b","N/A",0,0,0x8010000000000000,"{c30dff82-6b97-0001-3685-f50e8bc5dc01}",912,2964,3923,SecurityEvent,"/subscriptions/d2baea97-676b-4bde-acc8-351170ec332a/resourcegroups/rg-soc-lab-april/providers/microsoft.compute/virtualmachines/soc-labtest-rg"
"686d5249-052b-4467-a46a-5b3917a2115b","4/6/2026, 8:47:39.301 AM",OpsManager,"SOC-LabTest-RG\caja1",User,"SOC-LabTest-RG","Microsoft-Windows-Security-Auditing",Security,12544,0,,4625,"4625 - An account failed to log on.",,,,,,,,,,,,,,,,,,,,NTLM,,,,,,,,,,,,,,,,,,,,,,,,,,,,,,,,,"%%2313",,,,,,,,,,,,,,,,"185.156.73.74",0,0,"-",,,,,,,,,"NtLmSsp ",3,"3 - Network",,,,,,,,,,,,,,,,,,,,,,,,,,,,,,,,,,,,,,,,,,,,,,,,,"-",0x0,"-",,,,,,,,,,,,,,,,,,,,,,,,,,,,,0xc000006d,"-\-",,,,"-",,0x0,,,"-","S-1-0-0",0xc0000064,,"SOC-LabTest-RG\caja1","SOC-LabTest-RG",,,,,,,,,,caja1,"S-1-0-0",,,,,,,,"-",,,,,,,,"-",LogAlways,"c30dff82-6b97-43a0-ac83-f134bafd8c78","c30dff82-6b97-43a0-ac83-f134bafd8c79","00000000-0000-0000-0000-000000000001","4/6/2026, 8:48:13.470 AM","AOI-686d5249-052b-4467-a46a-5b3917a2115b","N/A",0,0,0x8010000000000000,"{c30dff82-6b97-0001-3685-f50e8bc5dc01}",912,2964,3924,SecurityEvent,"/subscriptions/d2baea97-676b-4bde-acc8-351170ec332a/resourcegroups/rg-soc-lab-april/providers/microsoft.compute/virtualmachines/soc-labtest-rg"
"686d5249-052b-4467-a46a-5b3917a2115b","4/6/2026, 8:47:39.900 AM",OpsManager,"SOC-LabTest-RG\central",User,"SOC-LabTest-RG","Microsoft-Windows-Security-Auditing",Security,12544,0,,4625,"4625 - An account failed to log on.",,,,,,,,,,,,,,,,,,,,NTLM,,,,,,,,,,,,,,,,,,,,,,,,,,,,,,,,,"%%2313",,,,,,,,,,,,,,,,"185.156.73.74",0,0,"-",,,,,,,,,"NtLmSsp ",3,"3 - Network",,,,,,,,,,,,,,,,,,,,,,,,,,,,,,,,,,,,,,,,,,,,,,,,,"-",0x0,"-",,,,,,,,,,,,,,,,,,,,,,,,,,,,,0xc000006d,"-\-",,,,"-",,0x0,,,"-","S-1-0-0",0xc0000064,,"SOC-LabTest-RG\central","SOC-LabTest-RG",,,,,,,,,,central,"S-1-0-0",,,,,,,,"-",,,,,,,,"-",LogAlways,"c30dff82-6b97-43a0-ac83-f134bafd8c78","c30dff82-6b97-43a0-ac83-f134bafd8c79","00000000-0000-0000-0000-000000000001","4/6/2026, 8:48:13.470 AM","AOI-686d5249-052b-4467-a46a-5b3917a2115b","N/A",0,0,0x8010000000000000,"{c30dff82-6b97-0001-3685-f50e8bc5dc01}",912,188,3925,SecurityEvent,"/subscriptions/d2baea97-676b-4bde-acc8-351170ec332a/resourcegroups/rg-soc-lab-april/providers/microsoft.compute/virtualmachines/soc-labtest-rg"
"686d5249-052b-4467-a46a-5b3917a2115b","4/6/2026, 8:47:39.954 AM",OpsManager,"SOC-LabTest-RG\kiler",User,"SOC-LabTest-RG","Microsoft-Windows-Security-Auditing",Security,12544,0,,4625,"4625 - An account failed to log on.",,,,,,,,,,,,,,,,,,,,NTLM,,,,,,,,,,,,,,,,,,,,,,,,,,,,,,,,,"%%2313",,,,,,,,,,,,,,,,"185.156.73.169",0,0,"-",,,,,,,,,"NtLmSsp ",3,"3 - Network",,,,,,,,,,,,,,,,,,,,,,,,,,,,,,,,,,,,,,,,,,,,,,,,,"-",0x0,"-",,,,,,,,,,,,,,,,,,,,,,,,,,,,,0xc000006d,"-\-",,,,"-",,0x0,,,"-","S-1-0-0",0xc0000064,,"SOC-LabTest-RG\kiler","SOC-LabTest-RG",,,,,,,,,,kiler,"S-1-0-0",,,,,,,,"-",,,,,,,,"-",LogAlways,"c30dff82-6b97-43a0-ac83-f134bafd8c78","c30dff82-6b97-43a0-ac83-f134bafd8c79","00000000-0000-0000-0000-000000000001","4/6/2026, 8:48:13.470 AM","AOI-686d5249-052b-4467-a46a-5b3917a2115b","N/A",0,0,0x8010000000000000,"{c30dff82-6b97-0001-3685-f50e8bc5dc01}",912,188,3926,SecurityEvent,"/subscriptions/d2baea97-676b-4bde-acc8-351170ec332a/resourcegroups/rg-soc-lab-april/providers/microsoft.compute/virtualmachines/soc-labtest-rg"
"686d5249-052b-4467-a46a-5b3917a2115b","4/6/2026, 8:48:00.081 AM",OpsManager,"SOC-LabTest-RG\hbsys",User,"SOC-LabTest-RG","Microsoft-Windows-Security-Auditing",Security,12544,0,,4625,"4625 - An account failed to log on.",,,,,,,,,,,,,,,,,,,,NTLM,,,,,,,,,,,,,,,,,,,,,,,,,,,,,,,,,"%%2313",,,,,,,,,,,,,,,,"185.156.73.169",0,0,"-",,,,,,,,,"NtLmSsp ",3,"3 - Network",,,,,,,,,,,,,,,,,,,,,,,,,,,,,,,,,,,,,,,,,,,,,,,,,"-",0x0,"-",,,,,,,,,,,,,,,,,,,,,,,,,,,,,0xc000006d,"-\-",,,,"-",,0x0,,,"-","S-1-0-0",0xc0000064,,"SOC-LabTest-RG\hbsys","SOC-LabTest-RG",,,,,,,,,,hbsys,"S-1-0-0",,,,,,,,"-",,,,,,,,"-",LogAlways,"c30dff82-6b97-43a0-ac83-f134bafd8c78","c30dff82-6b97-43a0-ac83-f134bafd8c79","00000000-0000-0000-0000-000000000001","4/6/2026, 8:48:53.552 AM","AOI-686d5249-052b-4467-a46a-5b3917a2115b","N/A",0,0,0x8010000000000000,"{c30dff82-6b97-0001-3685-f50e8bc5dc01}",912,5600,4027,SecurityEvent,"/subscriptions/d2baea97-676b-4bde-acc8-351170ec332a/resourcegroups/rg-soc-lab-april/providers/microsoft.compute/virtualmachines/soc-labtest-rg"
"686d5249-052b-4467-a46a-5b3917a2115b","4/6/2026, 8:48:00.201 AM",OpsManager,"SOC-LabTest-RG\giselle",User,"SOC-LabTest-RG","Microsoft-Windows-Security-Auditing",Security,12544,0,,4625,"4625 - An account failed to log on.",,,,,,,,,,,,,,,,,,,,NTLM,,,,,,,,,,,,,,,,,,,,,,,,,,,,,,,,,"%%2313",,,,,,,,,,,,,,,,"185.156.73.74",0,0,"-",,,,,,,,,"NtLmSsp ",3,"3 - Network",,,,,,,,,,,,,,,,,,,,,,,,,,,,,,,,,,,,,,,,,,,,,,,,,"-",0x0,"-",,,,,,,,,,,,,,,,,,,,,,,,,,,,,0xc000006d,"-\-",,,,"-",,0x0,,,"-","S-1-0-0",0xc0000064,,"SOC-LabTest-RG\giselle","SOC-LabTest-RG",,,,,,,,,,giselle,"S-1-0-0",,,,,,,,"-",,,,,,,,"-",LogAlways,"c30dff82-6b97-43a0-ac83-f134bafd8c78","c30dff82-6b97-43a0-ac83-f134bafd8c79","00000000-0000-0000-0000-000000000001","4/6/2026, 8:48:53.552 AM","AOI-686d5249-052b-4467-a46a-5b3917a2115b","N/A",0,0,0x8010000000000000,"{c30dff82-6b97-0001-3685-f50e8bc5dc01}",912,5600,4028,SecurityEvent,"/subscriptions/d2baea97-676b-4bde-acc8-351170ec332a/resourcegroups/rg-soc-lab-april/providers/microsoft.compute/virtualmachines/soc-labtest-rg"
"686d5249-052b-4467-a46a-5b3917a2115b","4/6/2026, 8:48:00.405 AM",OpsManager,"SOC-LabTest-RG\administrator",User,"SOC-LabTest-RG","Microsoft-Windows-Security-Auditing",Security,12544,0,,4625,"4625 - An account failed to log on.",,,,,,,,,,,,,,,,,,,,NTLM,,,,,,,,,,,,,,,,,,,,,,,,,,,,,,,,,"%%2313",,,,,,,,,,,,,,,,"185.156.73.169",0,0,"-",,,,,,,,,"NtLmSsp ",3,"3 - Network",,,,,,,,,,,,,,,,,,,,,,,,,,,,,,,,,,,,,,,,,,,,,,,,,"-",0x0,"-",,,,,,,,,,,,,,,,,,,,,,,,,,,,,0xc000006d,"-\-",,,,"-",,0x0,,,"-","S-1-0-0",0xc0000064,,"SOC-LabTest-RG\administrator","SOC-LabTest-RG",,,,,,,,,,administrator,"S-1-0-0",,,,,,,,"-",,,,,,,,"-",LogAlways,"c30dff82-6b97-43a0-ac83-f134bafd8c78","c30dff82-6b97-43a0-ac83-f134bafd8c79","00000000-0000-0000-0000-000000000001","4/6/2026, 8:48:53.552 AM","AOI-686d5249-052b-4467-a46a-5b3917a2115b","N/A",0,0,0x8010000000000000,"{c30dff82-6b97-0001-3685-f50e8bc5dc01}",912,5600,4029,SecurityEvent,"/subscriptions/d2baea97-676b-4bde-acc8-351170ec332a/resourcegroups/rg-soc-lab-april/providers/microsoft.compute/virtualmachines/soc-labtest-rg"
"686d5249-052b-4467-a46a-5b3917a2115b","4/6/2026, 8:48:00.747 AM",OpsManager,"SOC-LabTest-RG\administrator",User,"SOC-LabTest-RG","Microsoft-Windows-Security-Auditing",Security,12544,0,,4625,"4625 - An account failed to log on.",,,,,,,,,,,,,,,,,,,,NTLM,,,,,,,,,,,,,,,,,,,,,,,,,,,,,,,,,"%%2313",,,,,,,,,,,,,,,,"185.156.73.74",0,0,"-",,,,,,,,,"NtLmSsp ",3,"3 - Network",,,,,,,,,,,,,,,,,,,,,,,,,,,,,,,,,,,,,,,,,,,,,,,,,"-",0x0,"-",,,,,,,,,,,,,,,,,,,,,,,,,,,,,0xc000006d,"-\-",,,,"-",,0x0,,,"-","S-1-0-0",0xc0000064,,"SOC-LabTest-RG\administrator","SOC-LabTest-RG",,,,,,,,,,administrator,"S-1-0-0",,,,,,,,"-",,,,,,,,"-",LogAlways,"c30dff82-6b97-43a0-ac83-f134bafd8c78","c30dff82-6b97-43a0-ac83-f134bafd8c79","00000000-0000-0000-0000-000000000001","4/6/2026, 8:48:53.552 AM","AOI-686d5249-052b-4467-a46a-5b3917a2115b","N/A",0,0,0x8010000000000000,"{c30dff82-6b97-0001-3685-f50e8bc5dc01}",912,5600,4030,SecurityEvent,"/subscriptions/d2baea97-676b-4bde-acc8-351170ec332a/resourcegroups/rg-soc-lab-april/providers/microsoft.compute/virtualmachines/soc-labtest-rg"
"686d5249-052b-4467-a46a-5b3917a2115b","4/6/2026, 8:48:00.952 AM",OpsManager,"SOC-LabTest-RG\etobar",User,"SOC-LabTest-RG","Microsoft-Windows-Security-Auditing",Security,12544,0,,4625,"4625 - An account failed to log on.",,,,,,,,,,,,,,,,,,,,NTLM,,,,,,,,,,,,,,,,,,,,,,,,,,,,,,,,,"%%2313",,,,,,,,,,,,,,,,"185.156.73.169",0,0,"-",,,,,,,,,"NtLmSsp ",3,"3 - Network",,,,,,,,,,,,,,,,,,,,,,,,,,,,,,,,,,,,,,,,,,,,,,,,,"-",0x0,"-",,,,,,,,,,,,,,,,,,,,,,,,,,,,,0xc000006d,"-\-",,,,"-",,0x0,,,"-","S-1-0-0",0xc0000064,,"SOC-LabTest-RG\etobar","SOC-LabTest-RG",,,,,,,,,,etobar,"S-1-0-0",,,,,,,,"-",,,,,,,,"-",LogAlways,"c30dff82-6b97-43a0-ac83-f134bafd8c78","c30dff82-6b97-43a0-ac83-f134bafd8c79","00000000-0000-0000-0000-000000000001","4/6/2026, 8:48:53.552 AM","AOI-686d5249-052b-4467-a46a-5b3917a2115b","N/A",0,0,0x8010000000000000,"{c30dff82-6b97-0001-3685-f50e8bc5dc01}",912,5600,4031,SecurityEvent,"/subscriptions/d2baea97-676b-4bde-acc8-351170ec332a/resourcegroups/rg-soc-lab-april/providers/microsoft.compute/virtualmachines/soc-labtest-rg"
"686d5249-052b-4467-a46a-5b3917a2115b","4/6/2026, 8:48:01.074 AM",OpsManager,"SOC-LabTest-RG\almoxarifado",User,"SOC-LabTest-RG","Microsoft-Windows-Security-Auditing",Security,12544,0,,4625,"4625 - An account failed to log on.",,,,,,,,,,,,,,,,,,,,NTLM,,,,,,,,,,,,,,,,,,,,,,,,,,,,,,,,,"%%2313",,,,,,,,,,,,,,,,"185.156.73.74",0,0,"-",,,,,,,,,"NtLmSsp ",3,"3 - Network",,,,,,,,,,,,,,,,,,,,,,,,,,,,,,,,,,,,,,,,,,,,,,,,,"-",0x0,"-",,,,,,,,,,,,,,,,,,,,,,,,,,,,,0xc000006d,"-\-",,,,"-",,0x0,,,"-","S-1-0-0",0xc0000064,,"SOC-LabTest-RG\almoxarifado","SOC-LabTest-RG",,,,,,,,,,almoxarifado,"S-1-0-0",,,,,,,,"-",,,,,,,,"-",LogAlways,"c30dff82-6b97-43a0-ac83-f134bafd8c78","c30dff82-6b97-43a0-ac83-f134bafd8c79","00000000-0000-0000-0000-000000000001","4/6/2026, 8:48:53.552 AM","AOI-686d5249-052b-4467-a46a-5b3917a2115b","N/A",0,0,0x8010000000000000,"{c30dff82-6b97-0001-3685-f50e8bc5dc01}",912,5600,4032,SecurityEvent,"/subscriptions/d2baea97-676b-4bde-acc8-351170ec332a/resourcegroups/rg-soc-lab-april/providers/microsoft.compute/virtualmachines/soc-labtest-rg"
"686d5249-052b-4467-a46a-5b3917a2115b","4/6/2026, 8:48:01.243 AM",OpsManager,"SOC-LabTest-RG\thomastaton",User,"SOC-LabTest-RG","Microsoft-Windows-Security-Auditing",Security,12544,0,,4625,"4625 - An account failed to log on.",,,,,,,,,,,,,,,,,,,,NTLM,,,,,,,,,,,,,,,,,,,,,,,,,,,,,,,,,"%%2313",,,,,,,,,,,,,,,,"185.156.73.169",0,0,"-",,,,,,,,,"NtLmSsp ",3,"3 - Network",,,,,,,,,,,,,,,,,,,,,,,,,,,,,,,,,,,,,,,,,,,,,,,,,"-",0x0,"-",,,,,,,,,,,,,,,,,,,,,,,,,,,,,0xc000006d,"-\-",,,,"-",,0x0,,,"-","S-1-0-0",0xc0000064,,"SOC-LabTest-RG\thomastaton","SOC-LabTest-RG",,,,,,,,,,thomastaton,"S-1-0-0",,,,,,,,"-",,,,,,,,"-",LogAlways,"c30dff82-6b97-43a0-ac83-f134bafd8c78","c30dff82-6b97-43a0-ac83-f134bafd8c79","00000000-0000-0000-0000-000000000001","4/6/2026, 8:48:53.552 AM","AOI-686d5249-052b-4467-a46a-5b3917a2115b","N/A",0,0,0x8010000000000000,"{c30dff82-6b97-0001-3685-f50e8bc5dc01}",912,5600,4033,SecurityEvent,"/subscriptions/d2baea97-676b-4bde-acc8-351170ec332a/resourcegroups/rg-soc-lab-april/providers/microsoft.compute/virtualmachines/soc-labtest-rg"
"686d5249-052b-4467-a46a-5b3917a2115b","4/6/2026, 8:48:01.591 AM",OpsManager,"SOC-LabTest-RG\luciana",User,"SOC-LabTest-RG","Microsoft-Windows-Security-Auditing",Security,12544,0,,4625,"4625 - An account failed to log on.",,,,,,,,,,,,,,,,,,,,NTLM,,,,,,,,,,,,,,,,,,,,,,,,,,,,,,,,,"%%2313",,,,,,,,,,,,,,,,"185.156.73.74",0,0,"-",,,,,,,,,"NtLmSsp ",3,"3 - Network",,,,,,,,,,,,,,,,,,,,,,,,,,,,,,,,,,,,,,,,,,,,,,,,,"-",0x0,"-",,,,,,,,,,,,,,,,,,,,,,,,,,,,,0xc000006d,"-\-",,,,"-",,0x0,,,"-","S-1-0-0",0xc0000064,,"SOC-LabTest-RG\luciana","SOC-LabTest-RG",,,,,,,,,,luciana,"S-1-0-0",,,,,,,,"-",,,,,,,,"-",LogAlways,"c30dff82-6b97-43a0-ac83-f134bafd8c78","c30dff82-6b97-43a0-ac83-f134bafd8c79","00000000-0000-0000-0000-000000000001","4/6/2026, 8:48:53.552 AM","AOI-686d5249-052b-4467-a46a-5b3917a2115b","N/A",0,0,0x8010000000000000,"{c30dff82-6b97-0001-3685-f50e8bc5dc01}",912,188,4034,SecurityEvent,"/subscriptions/d2baea97-676b-4bde-acc8-351170ec332a/resourcegroups/rg-soc-lab-april/providers/microsoft.compute/virtualmachines/soc-labtest-rg"
"686d5249-052b-4467-a46a-5b3917a2115b","4/6/2026, 8:48:01.618 AM",OpsManager,"SOC-LabTest-RG\ts13",User,"SOC-LabTest-RG","Microsoft-Windows-Security-Auditing",Security,12544,0,,4625,"4625 - An account failed to log on.",,,,,,,,,,,,,,,,,,,,NTLM,,,,,,,,,,,,,,,,,,,,,,,,,,,,,,,,,"%%2313",,,,,,,,,,,,,,,,"185.156.73.169",0,0,"-",,,,,,,,,"NtLmSsp ",3,"3 - Network",,,,,,,,,,,,,,,,,,,,,,,,,,,,,,,,,,,,,,,,,,,,,,,,,"-",0x0,"-",,,,,,,,,,,,,,,,,,,,,,,,,,,,,0xc000006d,"-\-",,,,"-",,0x0,,,"-","S-1-0-0",0xc0000064,,"SOC-LabTest-RG\ts13","SOC-LabTest-RG",,,,,,,,,,ts13,"S-1-0-0",,,,,,,,"-",,,,,,,,"-",LogAlways,"c30dff82-6b97-43a0-ac83-f134bafd8c78","c30dff82-6b97-43a0-ac83-f134bafd8c79","00000000-0000-0000-0000-000000000001","4/6/2026, 8:48:53.552 AM","AOI-686d5249-052b-4467-a46a-5b3917a2115b","N/A",0,0,0x8010000000000000,"{c30dff82-6b97-0001-3685-f50e8bc5dc01}",912,188,4035,SecurityEvent,"/subscriptions/d2baea97-676b-4bde-acc8-351170ec332a/resourcegroups/rg-soc-lab-april/providers/microsoft.compute/virtualmachines/soc-labtest-rg"
"686d5249-052b-4467-a46a-5b3917a2115b","4/6/2026, 8:48:01.947 AM",OpsManager,"SOC-LabTest-RG\estoque",User,"SOC-LabTest-RG","Microsoft-Windows-Security-Auditing",Security,12544,0,,4625,"4625 - An account failed to log on.",,,,,,,,,,,,,,,,,,,,NTLM,,,,,,,,,,,,,,,,,,,,,,,,,,,,,,,,,"%%2313",,,,,,,,,,,,,,,,"185.156.73.74",0,0,"-",,,,,,,,,"NtLmSsp ",3,"3 - Network",,,,,,,,,,,,,,,,,,,,,,,,,,,,,,,,,,,,,,,,,,,,,,,,,"-",0x0,"-",,,,,,,,,,,,,,,,,,,,,,,,,,,,,0xc000006d,"-\-",,,,"-",,0x0,,,"-","S-1-0-0",0xc0000064,,"SOC-LabTest-RG\estoque","SOC-LabTest-RG",,,,,,,,,,estoque,"S-1-0-0",,,,,,,,"-",,,,,,,,"-",LogAlways,"c30dff82-6b97-43a0-ac83-f134bafd8c78","c30dff82-6b97-43a0-ac83-f134bafd8c79","00000000-0000-0000-0000-000000000001","4/6/2026, 8:48:53.552 AM","AOI-686d5249-052b-4467-a46a-5b3917a2115b","N/A",0,0,0x8010000000000000,"{c30dff82-6b97-0001-3685-f50e8bc5dc01}",912,5600,4036,SecurityEvent,"/subscriptions/d2baea97-676b-4bde-acc8-351170ec332a/resourcegroups/rg-soc-lab-april/providers/microsoft.compute/virtualmachines/soc-labtest-rg"
"686d5249-052b-4467-a46a-5b3917a2115b","4/6/2026, 8:48:02.190 AM",OpsManager,"SOC-LabTest-RG\bec",User,"SOC-LabTest-RG","Microsoft-Windows-Security-Auditing",Security,12544,0,,4625,"4625 - An account failed to log on.",,,,,,,,,,,,,,,,,,,,NTLM,,,,,,,,,,,,,,,,,,,,,,,,,,,,,,,,,"%%2313",,,,,,,,,,,,,,,,"185.156.73.169",0,0,"-",,,,,,,,,"NtLmSsp ",3,"3 - Network",,,,,,,,,,,,,,,,,,,,,,,,,,,,,,,,,,,,,,,,,,,,,,,,,"-",0x0,"-",,,,,,,,,,,,,,,,,,,,,,,,,,,,,0xc000006d,"-\-",,,,"-",,0x0,,,"-","S-1-0-0",0xc0000064,,"SOC-LabTest-RG\bec","SOC-LabTest-RG",,,,,,,,,,bec,"S-1-0-0",,,,,,,,"-",,,,,,,,"-",LogAlways,"c30dff82-6b97-43a0-ac83-f134bafd8c78","c30dff82-6b97-43a0-ac83-f134bafd8c79","00000000-0000-0000-0000-000000000001","4/6/2026, 8:48:53.552 AM","AOI-686d5249-052b-4467-a46a-5b3917a2115b","N/A",0,0,0x8010000000000000,"{c30dff82-6b97-0001-3685-f50e8bc5dc01}",912,5600,4037,SecurityEvent,"/subscriptions/d2baea97-676b-4bde-acc8-351170ec332a/resourcegroups/rg-soc-lab-april/providers/microsoft.compute/virtualmachines/soc-labtest-rg"
"686d5249-052b-4467-a46a-5b3917a2115b","4/6/2026, 8:48:02.293 AM",OpsManager,"SOC-LabTest-RG\gerente",User,"SOC-LabTest-RG","Microsoft-Windows-Security-Auditing",Security,12544,0,,4625,"4625 - An account failed to log on.",,,,,,,,,,,,,,,,,,,,NTLM,,,,,,,,,,,,,,,,,,,,,,,,,,,,,,,,,"%%2313",,,,,,,,,,,,,,,,"185.156.73.74",0,0,"-",,,,,,,,,"NtLmSsp ",3,"3 - Network",,,,,,,,,,,,,,,,,,,,,,,,,,,,,,,,,,,,,,,,,,,,,,,,,"-",0x0,"-",,,,,,,,,,,,,,,,,,,,,,,,,,,,,0xc000006d,"-\-",,,,"-",,0x0,,,"-","S-1-0-0",0xc0000064,,"SOC-LabTest-RG\gerente","SOC-LabTest-RG",,,,,,,,,,gerente,"S-1-0-0",,,,,,,,"-",,,,,,,,"-",LogAlways,"c30dff82-6b97-43a0-ac83-f134bafd8c78","c30dff82-6b97-43a0-ac83-f134bafd8c79","00000000-0000-0000-0000-000000000001","4/6/2026, 8:48:53.552 AM","AOI-686d5249-052b-4467-a46a-5b3917a2115b","N/A",0,0,0x8010000000000000,"{c30dff82-6b97-0001-3685-f50e8bc5dc01}",912,5600,4038,SecurityEvent,"/subscriptions/d2baea97-676b-4bde-acc8-351170ec332a/resourcegroups/rg-soc-lab-april/providers/microsoft.compute/virtualmachines/soc-labtest-rg"
"686d5249-052b-4467-a46a-5b3917a2115b","4/6/2026, 8:48:02.477 AM",OpsManager,"SOC-LabTest-RG\jakob",User,"SOC-LabTest-RG","Microsoft-Windows-Security-Auditing",Security,12544,0,,4625,"4625 - An account failed to log on.",,,,,,,,,,,,,,,,,,,,NTLM,,,,,,,,,,,,,,,,,,,,,,,,,,,,,,,,,"%%2313",,,,,,,,,,,,,,,,"185.156.73.169",0,0,"-",,,,,,,,,"NtLmSsp ",3,"3 - Network",,,,,,,,,,,,,,,,,,,,,,,,,,,,,,,,,,,,,,,,,,,,,,,,,"-",0x0,"-",,,,,,,,,,,,,,,,,,,,,,,,,,,,,0xc000006d,"-\-",,,,"-",,0x0,,,"-","S-1-0-0",0xc0000064,,"SOC-LabTest-RG\jakob","SOC-LabTest-RG",,,,,,,,,,jakob,"S-1-0-0",,,,,,,,"-",,,,,,,,"-",LogAlways,"c30dff82-6b97-43a0-ac83-f134bafd8c78","c30dff82-6b97-43a0-ac83-f134bafd8c79","00000000-0000-0000-0000-000000000001","4/6/2026, 8:48:53.552 AM","AOI-686d5249-052b-4467-a46a-5b3917a2115b","N/A",0,0,0x8010000000000000,"{c30dff82-6b97-0001-3685-f50e8bc5dc01}",912,5600,4039,SecurityEvent,"/subscriptions/d2baea97-676b-4bde-acc8-351170ec332a/resourcegroups/rg-soc-lab-april/providers/microsoft.compute/virtualmachines/soc-labtest-rg"
"686d5249-052b-4467-a46a-5b3917a2115b","4/6/2026, 8:48:02.677 AM",OpsManager,"SOC-LabTest-RG\gerente",User,"SOC-LabTest-RG","Microsoft-Windows-Security-Auditing",Security,12544,0,,4625,"4625 - An account failed to log on.",,,,,,,,,,,,,,,,,,,,NTLM,,,,,,,,,,,,,,,,,,,,,,,,,,,,,,,,,"%%2313",,,,,,,,,,,,,,,,"185.156.73.74",0,0,"-",,,,,,,,,"NtLmSsp ",3,"3 - Network",,,,,,,,,,,,,,,,,,,,,,,,,,,,,,,,,,,,,,,,,,,,,,,,,"-",0x0,"-",,,,,,,,,,,,,,,,,,,,,,,,,,,,,0xc000006d,"-\-",,,,"-",,0x0,,,"-","S-1-0-0",0xc0000064,,"SOC-LabTest-RG\gerente","SOC-LabTest-RG",,,,,,,,,,gerente,"S-1-0-0",,,,,,,,"-",,,,,,,,"-",LogAlways,"c30dff82-6b97-43a0-ac83-f134bafd8c78","c30dff82-6b97-43a0-ac83-f134bafd8c79","00000000-0000-0000-0000-000000000001","4/6/2026, 8:48:53.552 AM","AOI-686d5249-052b-4467-a46a-5b3917a2115b","N/A",0,0,0x8010000000000000,"{c30dff82-6b97-0001-3685-f50e8bc5dc01}",912,5600,4040,SecurityEvent,"/subscriptions/d2baea97-676b-4bde-acc8-351170ec332a/resourcegroups/rg-soc-lab-april/providers/microsoft.compute/virtualmachines/soc-labtest-rg"
"686d5249-052b-4467-a46a-5b3917a2115b","4/6/2026, 8:48:03.044 AM",OpsManager,"SOC-LabTest-RG\hrxm2017",User,"SOC-LabTest-RG","Microsoft-Windows-Security-Auditing",Security,12544,0,,4625,"4625 - An account failed to log on.",,,,,,,,,,,,,,,,,,,,NTLM,,,,,,,,,,,,,,,,,,,,,,,,,,,,,,,,,"%%2313",,,,,,,,,,,,,,,,"185.156.73.169",0,0,"-",,,,,,,,,"NtLmSsp ",3,"3 - Network",,,,,,,,,,,,,,,,,,,,,,,,,,,,,,,,,,,,,,,,,,,,,,,,,"-",0x0,"-",,,,,,,,,,,,,,,,,,,,,,,,,,,,,0xc000006d,"-\-",,,,"-",,0x0,,,"-","S-1-0-0",0xc0000064,,"SOC-LabTest-RG\hrxm2017","SOC-LabTest-RG",,,,,,,,,,hrxm2017,"S-1-0-0",,,,,,,,"-",,,,,,,,"-",LogAlways,"c30dff82-6b97-43a0-ac83-f134bafd8c78","c30dff82-6b97-43a0-ac83-f134bafd8c79","00000000-0000-0000-0000-000000000001","4/6/2026, 8:48:53.552 AM","AOI-686d5249-052b-4467-a46a-5b3917a2115b","N/A",0,0,0x8010000000000000,"{c30dff82-6b97-0001-3685-f50e8bc5dc01}",912,2964,4041,SecurityEvent,"/subscriptions/d2baea97-676b-4bde-acc8-351170ec332a/resourcegroups/rg-soc-lab-april/providers/microsoft.compute/virtualmachines/soc-labtest-rg"
"686d5249-052b-4467-a46a-5b3917a2115b","4/6/2026, 8:48:03.175 AM",OpsManager,"SOC-LabTest-RG\administrator",User,"SOC-LabTest-RG","Microsoft-Windows-Security-Auditing",Security,12544,0,,4625,"4625 - An account failed to log on.",,,,,,,,,,,,,,,,,,,,NTLM,,,,,,,,,,,,,,,,,,,,,,,,,,,,,,,,,"%%2313",,,,,,,,,,,,,,,,"185.156.73.74",0,0,"-",,,,,,,,,"NtLmSsp ",3,"3 - Network",,,,,,,,,,,,,,,,,,,,,,,,,,,,,,,,,,,,,,,,,,,,,,,,,"-",0x0,"-",,,,,,,,,,,,,,,,,,,,,,,,,,,,,0xc000006d,"-\-",,,,"-",,0x0,,,"-","S-1-0-0",0xc0000064,,"SOC-LabTest-RG\administrator","SOC-LabTest-RG",,,,,,,,,,administrator,"S-1-0-0",,,,,,,,"-",,,,,,,,"-",LogAlways,"c30dff82-6b97-43a0-ac83-f134bafd8c78","c30dff82-6b97-43a0-ac83-f134bafd8c79","00000000-0000-0000-0000-000000000001","4/6/2026, 8:48:53.552 AM","AOI-686d5249-052b-4467-a46a-5b3917a2115b","N/A",0,0,0x8010000000000000,"{c30dff82-6b97-0001-3685-f50e8bc5dc01}",912,2964,4042,SecurityEvent,"/subscriptions/d2baea97-676b-4bde-acc8-351170ec332a/resourcegroups/rg-soc-lab-april/providers/microsoft.compute/virtualmachines/soc-labtest-rg"
"686d5249-052b-4467-a46a-5b3917a2115b","4/6/2026, 8:48:03.355 AM",OpsManager,"SOC-LabTest-RG\valledupar-remoto",User,"SOC-LabTest-RG","Microsoft-Windows-Security-Auditing",Security,12544,0,,4625,"4625 - An account failed to log on.",,,,,,,,,,,,,,,,,,,,NTLM,,,,,,,,,,,,,,,,,,,,,,,,,,,,,,,,,"%%2313",,,,,,,,,,,,,,,,"185.156.73.169",0,0,"-",,,,,,,,,"NtLmSsp ",3,"3 - Network",,,,,,,,,,,,,,,,,,,,,,,,,,,,,,,,,,,,,,,,,,,,,,,,,"-",0x0,"-",,,,,,,,,,,,,,,,,,,,,,,,,,,,,0xc000006d,"-\-",,,,"-",,0x0,,,"-","S-1-0-0",0xc0000064,,"SOC-LabTest-RG\valledupar-remoto","SOC-LabTest-RG",,,,,,,,,,"valledupar-remoto","S-1-0-0",,,,,,,,"-",,,,,,,,"-",LogAlways,"c30dff82-6b97-43a0-ac83-f134bafd8c78","c30dff82-6b97-43a0-ac83-f134bafd8c79","00000000-0000-0000-0000-000000000001","4/6/2026, 8:48:53.552 AM","AOI-686d5249-052b-4467-a46a-5b3917a2115b","N/A",0,0,0x8010000000000000,"{c30dff82-6b97-0001-3685-f50e8bc5dc01}",912,2964,4043,SecurityEvent,"/subscriptions/d2baea97-676b-4bde-acc8-351170ec332a/resourcegroups/rg-soc-lab-april/providers/microsoft.compute/virtualmachines/soc-labtest-rg"
"686d5249-052b-4467-a46a-5b3917a2115b","4/6/2026, 8:48:03.492 AM",OpsManager,"SOC-LabTest-RG\administrador",User,"SOC-LabTest-RG","Microsoft-Windows-Security-Auditing",Security,12544,0,,4625,"4625 - An account failed to log on.",,,,,,,,,,,,,,,,,,,,NTLM,,,,,,,,,,,,,,,,,,,,,,,,,,,,,,,,,"%%2313",,,,,,,,,,,,,,,,"185.156.73.74",0,0,"-",,,,,,,,,"NtLmSsp ",3,"3 - Network",,,,,,,,,,,,,,,,,,,,,,,,,,,,,,,,,,,,,,,,,,,,,,,,,"-",0x0,"-",,,,,,,,,,,,,,,,,,,,,,,,,,,,,0xc000006d,"-\-",,,,"-",,0x0,,,"-","S-1-0-0",0xc0000064,,"SOC-LabTest-RG\administrador","SOC-LabTest-RG",,,,,,,,,,administrador,"S-1-0-0",,,,,,,,"-",,,,,,,,"-",LogAlways,"c30dff82-6b97-43a0-ac83-f134bafd8c78","c30dff82-6b97-43a0-ac83-f134bafd8c79","00000000-0000-0000-0000-000000000001","4/6/2026, 8:48:53.552 AM","AOI-686d5249-052b-4467-a46a-5b3917a2115b","N/A",0,0,0x8010000000000000,"{c30dff82-6b97-0001-3685-f50e8bc5dc01}",912,188,4044,SecurityEvent,"/subscriptions/d2baea97-676b-4bde-acc8-351170ec332a/resourcegroups/rg-soc-lab-april/providers/microsoft.compute/virtualmachines/soc-labtest-rg"
