"686d5249-052b-4467-a46a-5b3917a2115b","4/6/2026, 8:41:17.192 AM",OpsManager,"SOC-LabTest-RG\knowledge",User,"SOC-LabTest-RG","Microsoft-Windows-Security-Auditing",Security,12544,0,,4625,"4625 - An account failed to log on.",,,,,,,,,,,,,,,,,,,,NTLM,,,,,,,,,,,,,,,,,,,,,,,,,,,,,,,,,"%%2313",,,,,,,,,,,,,,,,"185.156.73.169",0,0,"-",,,,,,,,,"NtLmSsp ",3,"3 - Network",,,,,,,,,,,,,,,,,,,,,,,,,,,,,,,,,,,,,,,,,,,,,,,,,"-",0x0,"-",,,,,,,,,,,,,,,,,,,,,,,,,,,,,0xc000006d,"-\-",,,,"-",,0x0,,,"-","S-1-0-0",0xc0000064,,"SOC-LabTest-RG\knowledge","SOC-LabTest-RG",,,,,,,,,,knowledge,"S-1-0-0",,,,,,,,"-",,,,,,,,"-",LogAlways,"c30dff82-6b97-43a0-ac83-f134bafd8c78","c30dff82-6b97-43a0-ac83-f134bafd8c79","00000000-0000-0000-0000-000000000001","4/6/2026, 8:41:53.375 AM","AOI-686d5249-052b-4467-a46a-5b3917a2115b","N/A",0,0,0x8010000000000000,"{c30dff82-6b97-0001-3685-f50e8bc5dc01}",912,2964,1948,SecurityEvent,"/subscriptions/d2baea97-676b-4bde-acc8-351170ec332a/resourcegroups/rg-soc-lab-april/providers/microsoft.compute/virtualmachines/soc-labtest-rg"
"686d5249-052b-4467-a46a-5b3917a2115b","4/6/2026, 8:41:17.367 AM",OpsManager,"SOC-LabTest-RG\a",User,"SOC-LabTest-RG","Microsoft-Windows-Security-Auditing",Security,12544,0,,4625,"4625 - An account failed to log on.",,,,,,,,,,,,,,,,,,,,NTLM,,,,,,,,,,,,,,,,,,,,,,,,,,,,,,,,,"%%2313",,,,,,,,,,,,,,,,"185.156.73.74",0,0,"-",,,,,,,,,"NtLmSsp ",3,"3 - Network",,,,,,,,,,,,,,,,,,,,,,,,,,,,,,,,,,,,,,,,,,,,,,,,,"-",0x0,"-",,,,,,,,,,,,,,,,,,,,,,,,,,,,,0xc000006d,"-\-",,,,"-",,0x0,,,"-","S-1-0-0",0xc0000064,,"SOC-LabTest-RG\a","SOC-LabTest-RG",,,,,,,,,,a,"S-1-0-0",,,,,,,,"-",,,,,,,,"-",LogAlways,"c30dff82-6b97-43a0-ac83-f134bafd8c78","c30dff82-6b97-43a0-ac83-f134bafd8c79","00000000-0000-0000-0000-000000000001","4/6/2026, 8:41:53.375 AM","AOI-686d5249-052b-4467-a46a-5b3917a2115b","N/A",0,0,0x8010000000000000,"{c30dff82-6b97-0001-3685-f50e8bc5dc01}",912,2964,1949,SecurityEvent,"/subscriptions/d2baea97-676b-4bde-acc8-351170ec332a/resourcegroups/rg-soc-lab-april/providers/microsoft.compute/virtualmachines/soc-labtest-rg"
"686d5249-052b-4467-a46a-5b3917a2115b","4/6/2026, 8:41:17.532 AM",OpsManager,"SOC-LabTest-RG\quocng",User,"SOC-LabTest-RG","Microsoft-Windows-Security-Auditing",Security,12544,0,,4625,"4625 - An account failed to log on.",,,,,,,,,,,,,,,,,,,,NTLM,,,,,,,,,,,,,,,,,,,,,,,,,,,,,,,,,"%%2313",,,,,,,,,,,,,,,,"185.156.73.169",0,0,"-",,,,,,,,,"NtLmSsp ",3,"3 - Network",,,,,,,,,,,,,,,,,,,,,,,,,,,,,,,,,,,,,,,,,,,,,,,,,"-",0x0,"-",,,,,,,,,,,,,,,,,,,,,,,,,,,,,0xc000006d,"-\-",,,,"-",,0x0,,,"-","S-1-0-0",0xc0000064,,"SOC-LabTest-RG\quocng","SOC-LabTest-RG",,,,,,,,,,quocng,"S-1-0-0",,,,,,,,"-",,,,,,,,"-",LogAlways,"c30dff82-6b97-43a0-ac83-f134bafd8c78","c30dff82-6b97-43a0-ac83-f134bafd8c79","00000000-0000-0000-0000-000000000001","4/6/2026, 8:41:53.375 AM","AOI-686d5249-052b-4467-a46a-5b3917a2115b","N/A",0,0,0x8010000000000000,"{c30dff82-6b97-0001-3685-f50e8bc5dc01}",912,2964,1950,SecurityEvent,"/subscriptions/d2baea97-676b-4bde-acc8-351170ec332a/resourcegroups/rg-soc-lab-april/providers/microsoft.compute/virtualmachines/soc-labtest-rg"
"686d5249-052b-4467-a46a-5b3917a2115b","4/6/2026, 8:41:17.678 AM",OpsManager,"SOC-LabTest-RG\renata",User,"SOC-LabTest-RG","Microsoft-Windows-Security-Auditing",Security,12544,0,,4625,"4625 - An account failed to log on.",,,,,,,,,,,,,,,,,,,,NTLM,,,,,,,,,,,,,,,,,,,,,,,,,,,,,,,,,"%%2313",,,,,,,,,,,,,,,,"185.156.73.74",0,0,"-",,,,,,,,,"NtLmSsp ",3,"3 - Network",,,,,,,,,,,,,,,,,,,,,,,,,,,,,,,,,,,,,,,,,,,,,,,,,"-",0x0,"-",,,,,,,,,,,,,,,,,,,,,,,,,,,,,0xc000006d,"-\-",,,,"-",,0x0,,,"-","S-1-0-0",0xc0000064,,"SOC-LabTest-RG\renata","SOC-LabTest-RG",,,,,,,,,,renata,"S-1-0-0",,,,,,,,"-",,,,,,,,"-",LogAlways,"c30dff82-6b97-43a0-ac83-f134bafd8c78","c30dff82-6b97-43a0-ac83-f134bafd8c79","00000000-0000-0000-0000-000000000001","4/6/2026, 8:41:53.375 AM","AOI-686d5249-052b-4467-a46a-5b3917a2115b","N/A",0,0,0x8010000000000000,"{c30dff82-6b97-0001-3685-f50e8bc5dc01}",912,2964,1951,SecurityEvent,"/subscriptions/d2baea97-676b-4bde-acc8-351170ec332a/resourcegroups/rg-soc-lab-april/providers/microsoft.compute/virtualmachines/soc-labtest-rg"
"686d5249-052b-4467-a46a-5b3917a2115b","4/6/2026, 8:41:17.852 AM",OpsManager,"SOC-LabTest-RG\avaya",User,"SOC-LabTest-RG","Microsoft-Windows-Security-Auditing",Security,12544,0,,4625,"4625 - An account failed to log on.",,,,,,,,,,,,,,,,,,,,NTLM,,,,,,,,,,,,,,,,,,,,,,,,,,,,,,,,,"%%2313",,,,,,,,,,,,,,,,"185.156.73.169",0,0,"-",,,,,,,,,"NtLmSsp ",3,"3 - Network",,,,,,,,,,,,,,,,,,,,,,,,,,,,,,,,,,,,,,,,,,,,,,,,,"-",0x0,"-",,,,,,,,,,,,,,,,,,,,,,,,,,,,,0xc000006d,"-\-",,,,"-",,0x0,,,"-","S-1-0-0",0xc0000064,,"SOC-LabTest-RG\avaya","SOC-LabTest-RG",,,,,,,,,,avaya,"S-1-0-0",,,,,,,,"-",,,,,,,,"-",LogAlways,"c30dff82-6b97-43a0-ac83-f134bafd8c78","c30dff82-6b97-43a0-ac83-f134bafd8c79","00000000-0000-0000-0000-000000000001","4/6/2026, 8:41:53.375 AM","AOI-686d5249-052b-4467-a46a-5b3917a2115b","N/A",0,0,0x8010000000000000,"{c30dff82-6b97-0001-3685-f50e8bc5dc01}",912,2964,1952,SecurityEvent,"/subscriptions/d2baea97-676b-4bde-acc8-351170ec332a/resourcegroups/rg-soc-lab-april/providers/microsoft.compute/virtualmachines/soc-labtest-rg"
"686d5249-052b-4467-a46a-5b3917a2115b","4/6/2026, 8:41:18.033 AM",OpsManager,"SOC-LabTest-RG\admin",User,"SOC-LabTest-RG","Microsoft-Windows-Security-Auditing",Security,12544,0,,4625,"4625 - An account failed to log on.",,,,,,,,,,,,,,,,,,,,NTLM,,,,,,,,,,,,,,,,,,,,,,,,,,,,,,,,,"%%2313",,,,,,,,,,,,,,,,"185.156.73.74",0,0,"-",,,,,,,,,"NtLmSsp ",3,"3 - Network",,,,,,,,,,,,,,,,,,,,,,,,,,,,,,,,,,,,,,,,,,,,,,,,,"-",0x0,"-",,,,,,,,,,,,,,,,,,,,,,,,,,,,,0xc000006d,"-\-",,,,"-",,0x0,,,"-","S-1-0-0",0xc0000064,,"SOC-LabTest-RG\admin","SOC-LabTest-RG",,,,,,,,,,admin,"S-1-0-0",,,,,,,,"-",,,,,,,,"-",LogAlways,"c30dff82-6b97-43a0-ac83-f134bafd8c78","c30dff82-6b97-43a0-ac83-f134bafd8c79","00000000-0000-0000-0000-000000000001","4/6/2026, 8:41:53.375 AM","AOI-686d5249-052b-4467-a46a-5b3917a2115b","N/A",0,0,0x8010000000000000,"{c30dff82-6b97-0001-3685-f50e8bc5dc01}",912,2964,1953,SecurityEvent,"/subscriptions/d2baea97-676b-4bde-acc8-351170ec332a/resourcegroups/rg-soc-lab-april/providers/microsoft.compute/virtualmachines/soc-labtest-rg"
"686d5249-052b-4467-a46a-5b3917a2115b","4/6/2026, 8:41:18.195 AM",OpsManager,"SOC-LabTest-RG\psidhu",User,"SOC-LabTest-RG","Microsoft-Windows-Security-Auditing",Security,12544,0,,4625,"4625 - An account failed to log on.",,,,,,,,,,,,,,,,,,,,NTLM,,,,,,,,,,,,,,,,,,,,,,,,,,,,,,,,,"%%2313",,,,,,,,,,,,,,,,"185.156.73.169",0,0,"-",,,,,,,,,"NtLmSsp ",3,"3 - Network",,,,,,,,,,,,,,,,,,,,,,,,,,,,,,,,,,,,,,,,,,,,,,,,,"-",0x0,"-",,,,,,,,,,,,,,,,,,,,,,,,,,,,,0xc000006d,"-\-",,,,"-",,0x0,,,"-","S-1-0-0",0xc0000064,,"SOC-LabTest-RG\psidhu","SOC-LabTest-RG",,,,,,,,,,psidhu,"S-1-0-0",,,,,,,,"-",,,,,,,,"-",LogAlways,"c30dff82-6b97-43a0-ac83-f134bafd8c78","c30dff82-6b97-43a0-ac83-f134bafd8c79","00000000-0000-0000-0000-000000000001","4/6/2026, 8:41:53.375 AM","AOI-686d5249-052b-4467-a46a-5b3917a2115b","N/A",0,0,0x8010000000000000,"{c30dff82-6b97-0001-3685-f50e8bc5dc01}",912,2964,1954,SecurityEvent,"/subscriptions/d2baea97-676b-4bde-acc8-351170ec332a/resourcegroups/rg-soc-lab-april/providers/microsoft.compute/virtualmachines/soc-labtest-rg"
"686d5249-052b-4467-a46a-5b3917a2115b","4/6/2026, 8:41:18.563 AM",OpsManager,"SOC-LabTest-RG\user3",User,"SOC-LabTest-RG","Microsoft-Windows-Security-Auditing",Security,12544,0,,4625,"4625 - An account failed to log on.",,,,,,,,,,,,,,,,,,,,NTLM,,,,,,,,,,,,,,,,,,,,,,,,,,,,,,,,,"%%2313",,,,,,,,,,,,,,,,"185.156.73.74",0,0,"-",,,,,,,,,"NtLmSsp ",3,"3 - Network",,,,,,,,,,,,,,,,,,,,,,,,,,,,,,,,,,,,,,,,,,,,,,,,,"-",0x0,"-",,,,,,,,,,,,,,,,,,,,,,,,,,,,,0xc000006d,"-\-",,,,"-",,0x0,,,"-","S-1-0-0",0xc0000064,,"SOC-LabTest-RG\user3","SOC-LabTest-RG",,,,,,,,,,user3,"S-1-0-0",,,,,,,,"-",,,,,,,,"-",LogAlways,"c30dff82-6b97-43a0-ac83-f134bafd8c78","c30dff82-6b97-43a0-ac83-f134bafd8c79","00000000-0000-0000-0000-000000000001","4/6/2026, 8:41:53.375 AM","AOI-686d5249-052b-4467-a46a-5b3917a2115b","N/A",0,0,0x8010000000000000,"{c30dff82-6b97-0001-3685-f50e8bc5dc01}",912,2964,1955,SecurityEvent,"/subscriptions/d2baea97-676b-4bde-acc8-351170ec332a/resourcegroups/rg-soc-lab-april/providers/microsoft.compute/virtualmachines/soc-labtest-rg"
"686d5249-052b-4467-a46a-5b3917a2115b","4/6/2026, 8:41:18.697 AM",OpsManager,"SOC-LabTest-RG\tehran",User,"SOC-LabTest-RG","Microsoft-Windows-Security-Auditing",Security,12544,0,,4625,"4625 - An account failed to log on.",,,,,,,,,,,,,,,,,,,,NTLM,,,,,,,,,,,,,,,,,,,,,,,,,,,,,,,,,"%%2313",,,,,,,,,,,,,,,,"185.156.73.169",0,0,"-",,,,,,,,,"NtLmSsp ",3,"3 - Network",,,,,,,,,,,,,,,,,,,,,,,,,,,,,,,,,,,,,,,,,,,,,,,,,"-",0x0,"-",,,,,,,,,,,,,,,,,,,,,,,,,,,,,0xc000006d,"-\-",,,,"-",,0x0,,,"-","S-1-0-0",0xc0000064,,"SOC-LabTest-RG\tehran","SOC-LabTest-RG",,,,,,,,,,tehran,"S-1-0-0",,,,,,,,"-",,,,,,,,"-",LogAlways,"c30dff82-6b97-43a0-ac83-f134bafd8c78","c30dff82-6b97-43a0-ac83-f134bafd8c79","00000000-0000-0000-0000-000000000001","4/6/2026, 8:41:53.375 AM","AOI-686d5249-052b-4467-a46a-5b3917a2115b","N/A",0,0,0x8010000000000000,"{c30dff82-6b97-0001-3685-f50e8bc5dc01}",912,2964,1956,SecurityEvent,"/subscriptions/d2baea97-676b-4bde-acc8-351170ec332a/resourcegroups/rg-soc-lab-april/providers/microsoft.compute/virtualmachines/soc-labtest-rg"
"686d5249-052b-4467-a46a-5b3917a2115b","4/6/2026, 8:41:18.911 AM",OpsManager,"SOC-LabTest-RG\matze",User,"SOC-LabTest-RG","Microsoft-Windows-Security-Auditing",Security,12544,0,,4625,"4625 - An account failed to log on.",,,,,,,,,,,,,,,,,,,,NTLM,,,,,,,,,,,,,,,,,,,,,,,,,,,,,,,,,"%%2313",,,,,,,,,,,,,,,,"185.156.73.74",0,0,"-",,,,,,,,,"NtLmSsp ",3,"3 - Network",,,,,,,,,,,,,,,,,,,,,,,,,,,,,,,,,,,,,,,,,,,,,,,,,"-",0x0,"-",,,,,,,,,,,,,,,,,,,,,,,,,,,,,0xc000006d,"-\-",,,,"-",,0x0,,,"-","S-1-0-0",0xc0000064,,"SOC-LabTest-RG\matze","SOC-LabTest-RG",,,,,,,,,,matze,"S-1-0-0",,,,,,,,"-",,,,,,,,"-",LogAlways,"c30dff82-6b97-43a0-ac83-f134bafd8c78","c30dff82-6b97-43a0-ac83-f134bafd8c79","00000000-0000-0000-0000-000000000001","4/6/2026, 8:41:53.375 AM","AOI-686d5249-052b-4467-a46a-5b3917a2115b","N/A",0,0,0x8010000000000000,"{c30dff82-6b97-0001-3685-f50e8bc5dc01}",912,2964,1957,SecurityEvent,"/subscriptions/d2baea97-676b-4bde-acc8-351170ec332a/resourcegroups/rg-soc-lab-april/providers/microsoft.compute/virtualmachines/soc-labtest-rg"
"686d5249-052b-4467-a46a-5b3917a2115b","4/6/2026, 8:41:19.027 AM",OpsManager,"SOC-LabTest-RG\lh1",User,"SOC-LabTest-RG","Microsoft-Windows-Security-Auditing",Security,12544,0,,4625,"4625 - An account failed to log on.",,,,,,,,,,,,,,,,,,,,NTLM,,,,,,,,,,,,,,,,,,,,,,,,,,,,,,,,,"%%2313",,,,,,,,,,,,,,,,"185.156.73.169",0,0,"-",,,,,,,,,"NtLmSsp ",3,"3 - Network",,,,,,,,,,,,,,,,,,,,,,,,,,,,,,,,,,,,,,,,,,,,,,,,,"-",0x0,"-",,,,,,,,,,,,,,,,,,,,,,,,,,,,,0xc000006d,"-\-",,,,"-",,0x0,,,"-","S-1-0-0",0xc0000064,,"SOC-LabTest-RG\lh1","SOC-LabTest-RG",,,,,,,,,,lh1,"S-1-0-0",,,,,,,,"-",,,,,,,,"-",LogAlways,"c30dff82-6b97-43a0-ac83-f134bafd8c78","c30dff82-6b97-43a0-ac83-f134bafd8c79","00000000-0000-0000-0000-000000000001","4/6/2026, 8:41:53.375 AM","AOI-686d5249-052b-4467-a46a-5b3917a2115b","N/A",0,0,0x8010000000000000,"{c30dff82-6b97-0001-3685-f50e8bc5dc01}",912,2964,1958,SecurityEvent,"/subscriptions/d2baea97-676b-4bde-acc8-351170ec332a/resourcegroups/rg-soc-lab-april/providers/microsoft.compute/virtualmachines/soc-labtest-rg"
"686d5249-052b-4467-a46a-5b3917a2115b","4/6/2026, 8:41:19.181 AM",OpsManager,"SOC-LabTest-RG\user1",User,"SOC-LabTest-RG","Microsoft-Windows-Security-Auditing",Security,12544,0,,4625,"4625 - An account failed to log on.",,,,,,,,,,,,,,,,,,,,NTLM,,,,,,,,,,,,,,,,,,,,,,,,,,,,,,,,,"%%2313",,,,,,,,,,,,,,,,"185.156.73.74",0,0,"-",,,,,,,,,"NtLmSsp ",3,"3 - Network",,,,,,,,,,,,,,,,,,,,,,,,,,,,,,,,,,,,,,,,,,,,,,,,,"-",0x0,"-",,,,,,,,,,,,,,,,,,,,,,,,,,,,,0xc000006d,"-\-",,,,"-",,0x0,,,"-","S-1-0-0",0xc0000064,,"SOC-LabTest-RG\user1","SOC-LabTest-RG",,,,,,,,,,user1,"S-1-0-0",,,,,,,,"-",,,,,,,,"-",LogAlways,"c30dff82-6b97-43a0-ac83-f134bafd8c78","c30dff82-6b97-43a0-ac83-f134bafd8c79","00000000-0000-0000-0000-000000000001","4/6/2026, 8:41:53.375 AM","AOI-686d5249-052b-4467-a46a-5b3917a2115b","N/A",0,0,0x8010000000000000,"{c30dff82-6b97-0001-3685-f50e8bc5dc01}",912,2964,1959,SecurityEvent,"/subscriptions/d2baea97-676b-4bde-acc8-351170ec332a/resourcegroups/rg-soc-lab-april/providers/microsoft.compute/virtualmachines/soc-labtest-rg"
"686d5249-052b-4467-a46a-5b3917a2115b","4/6/2026, 8:41:19.521 AM",OpsManager,"SOC-LabTest-RG\hester",User,"SOC-LabTest-RG","Microsoft-Windows-Security-Auditing",Security,12544,0,,4625,"4625 - An account failed to log on.",,,,,,,,,,,,,,,,,,,,NTLM,,,,,,,,,,,,,,,,,,,,,,,,,,,,,,,,,"%%2313",,,,,,,,,,,,,,,,"185.156.73.169",0,0,"-",,,,,,,,,"NtLmSsp ",3,"3 - Network",,,,,,,,,,,,,,,,,,,,,,,,,,,,,,,,,,,,,,,,,,,,,,,,,"-",0x0,"-",,,,,,,,,,,,,,,,,,,,,,,,,,,,,0xc000006d,"-\-",,,,"-",,0x0,,,"-","S-1-0-0",0xc0000064,,"SOC-LabTest-RG\hester","SOC-LabTest-RG",,,,,,,,,,hester,"S-1-0-0",,,,,,,,"-",,,,,,,,"-",LogAlways,"c30dff82-6b97-43a0-ac83-f134bafd8c78","c30dff82-6b97-43a0-ac83-f134bafd8c79","00000000-0000-0000-0000-000000000001","4/6/2026, 8:41:53.375 AM","AOI-686d5249-052b-4467-a46a-5b3917a2115b","N/A",0,0,0x8010000000000000,"{c30dff82-6b97-0001-3685-f50e8bc5dc01}",912,2964,1960,SecurityEvent,"/subscriptions/d2baea97-676b-4bde-acc8-351170ec332a/resourcegroups/rg-soc-lab-april/providers/microsoft.compute/virtualmachines/soc-labtest-rg"
"686d5249-052b-4467-a46a-5b3917a2115b","4/6/2026, 8:41:19.686 AM",OpsManager,"SOC-LabTest-RG\estagiario",User,"SOC-LabTest-RG","Microsoft-Windows-Security-Auditing",Security,12544,0,,4625,"4625 - An account failed to log on.",,,,,,,,,,,,,,,,,,,,NTLM,,,,,,,,,,,,,,,,,,,,,,,,,,,,,,,,,"%%2313",,,,,,,,,,,,,,,,"185.156.73.74",0,0,"-",,,,,,,,,"NtLmSsp ",3,"3 - Network",,,,,,,,,,,,,,,,,,,,,,,,,,,,,,,,,,,,,,,,,,,,,,,,,"-",0x0,"-",,,,,,,,,,,,,,,,,,,,,,,,,,,,,0xc000006d,"-\-",,,,"-",,0x0,,,"-","S-1-0-0",0xc0000064,,"SOC-LabTest-RG\estagiario","SOC-LabTest-RG",,,,,,,,,,estagiario,"S-1-0-0",,,,,,,,"-",,,,,,,,"-",LogAlways,"c30dff82-6b97-43a0-ac83-f134bafd8c78","c30dff82-6b97-43a0-ac83-f134bafd8c79","00000000-0000-0000-0000-000000000001","4/6/2026, 8:41:53.375 AM","AOI-686d5249-052b-4467-a46a-5b3917a2115b","N/A",0,0,0x8010000000000000,"{c30dff82-6b97-0001-3685-f50e8bc5dc01}",912,2964,1961,SecurityEvent,"/subscriptions/d2baea97-676b-4bde-acc8-351170ec332a/resourcegroups/rg-soc-lab-april/providers/microsoft.compute/virtualmachines/soc-labtest-rg"
"686d5249-052b-4467-a46a-5b3917a2115b","4/6/2026, 8:41:19.862 AM",OpsManager,"SOC-LabTest-RG\mschwarz",User,"SOC-LabTest-RG","Microsoft-Windows-Security-Auditing",Security,12544,0,,4625,"4625 - An account failed to log on.",,,,,,,,,,,,,,,,,,,,NTLM,,,,,,,,,,,,,,,,,,,,,,,,,,,,,,,,,"%%2313",,,,,,,,,,,,,,,,"185.156.73.169",0,0,"-",,,,,,,,,"NtLmSsp ",3,"3 - Network",,,,,,,,,,,,,,,,,,,,,,,,,,,,,,,,,,,,,,,,,,,,,,,,,"-",0x0,"-",,,,,,,,,,,,,,,,,,,,,,,,,,,,,0xc000006d,"-\-",,,,"-",,0x0,,,"-","S-1-0-0",0xc0000064,,"SOC-LabTest-RG\mschwarz","SOC-LabTest-RG",,,,,,,,,,mschwarz,"S-1-0-0",,,,,,,,"-",,,,,,,,"-",LogAlways,"c30dff82-6b97-43a0-ac83-f134bafd8c78","c30dff82-6b97-43a0-ac83-f134bafd8c79","00000000-0000-0000-0000-000000000001","4/6/2026, 8:41:53.375 AM","AOI-686d5249-052b-4467-a46a-5b3917a2115b","N/A",0,0,0x8010000000000000,"{c30dff82-6b97-0001-3685-f50e8bc5dc01}",912,2964,1962,SecurityEvent,"/subscriptions/d2baea97-676b-4bde-acc8-351170ec332a/resourcegroups/rg-soc-lab-april/providers/microsoft.compute/virtualmachines/soc-labtest-rg"
"686d5249-052b-4467-a46a-5b3917a2115b","4/6/2026, 8:41:19.981 AM",OpsManager,"SOC-LabTest-RG\sqlservice",User,"SOC-LabTest-RG","Microsoft-Windows-Security-Auditing",Security,12544,0,,4625,"4625 - An account failed to log on.",,,,,,,,,,,,,,,,,,,,NTLM,,,,,,,,,,,,,,,,,,,,,,,,,,,,,,,,,"%%2313",,,,,,,,,,,,,,,,"185.156.73.74",0,0,"-",,,,,,,,,"NtLmSsp ",3,"3 - Network",,,,,,,,,,,,,,,,,,,,,,,,,,,,,,,,,,,,,,,,,,,,,,,,,"-",0x0,"-",,,,,,,,,,,,,,,,,,,,,,,,,,,,,0xc000006d,"-\-",,,,"-",,0x0,,,"-","S-1-0-0",0xc0000064,,"SOC-LabTest-RG\sqlservice","SOC-LabTest-RG",,,,,,,,,,sqlservice,"S-1-0-0",,,,,,,,"-",,,,,,,,"-",LogAlways,"c30dff82-6b97-43a0-ac83-f134bafd8c78","c30dff82-6b97-43a0-ac83-f134bafd8c79","00000000-0000-0000-0000-000000000001","4/6/2026, 8:41:53.375 AM","AOI-686d5249-052b-4467-a46a-5b3917a2115b","N/A",0,0,0x8010000000000000,"{c30dff82-6b97-0001-3685-f50e8bc5dc01}",912,2964,1963,SecurityEvent,"/subscriptions/d2baea97-676b-4bde-acc8-351170ec332a/resourcegroups/rg-soc-lab-april/providers/microsoft.compute/virtualmachines/soc-labtest-rg"
"686d5249-052b-4467-a46a-5b3917a2115b","4/6/2026, 8:41:20.161 AM",OpsManager,"SOC-LabTest-RG\agalindo",User,"SOC-LabTest-RG","Microsoft-Windows-Security-Auditing",Security,12544,0,,4625,"4625 - An account failed to log on.",,,,,,,,,,,,,,,,,,,,NTLM,,,,,,,,,,,,,,,,,,,,,,,,,,,,,,,,,"%%2313",,,,,,,,,,,,,,,,"185.156.73.169",0,0,"-",,,,,,,,,"NtLmSsp ",3,"3 - Network",,,,,,,,,,,,,,,,,,,,,,,,,,,,,,,,,,,,,,,,,,,,,,,,,"-",0x0,"-",,,,,,,,,,,,,,,,,,,,,,,,,,,,,0xc000006d,"-\-",,,,"-",,0x0,,,"-","S-1-0-0",0xc0000064,,"SOC-LabTest-RG\agalindo","SOC-LabTest-RG",,,,,,,,,,agalindo,"S-1-0-0",,,,,,,,"-",,,,,,,,"-",LogAlways,"c30dff82-6b97-43a0-ac83-f134bafd8c78","c30dff82-6b97-43a0-ac83-f134bafd8c79","00000000-0000-0000-0000-000000000001","4/6/2026, 8:42:13.414 AM","AOI-686d5249-052b-4467-a46a-5b3917a2115b","N/A",0,0,0x8010000000000000,"{c30dff82-6b97-0001-3685-f50e8bc5dc01}",912,2964,1964,SecurityEvent,"/subscriptions/d2baea97-676b-4bde-acc8-351170ec332a/resourcegroups/rg-soc-lab-april/providers/microsoft.compute/virtualmachines/soc-labtest-rg"
"686d5249-052b-4467-a46a-5b3917a2115b","4/6/2026, 8:41:20.287 AM",OpsManager,"SOC-LabTest-RG\user",User,"SOC-LabTest-RG","Microsoft-Windows-Security-Auditing",Security,12544,0,,4625,"4625 - An account failed to log on.",,,,,,,,,,,,,,,,,,,,NTLM,,,,,,,,,,,,,,,,,,,,,,,,,,,,,,,,,"%%2313",,,,,,,,,,,,,,,,"185.156.73.74",0,0,"-",,,,,,,,,"NtLmSsp ",3,"3 - Network",,,,,,,,,,,,,,,,,,,,,,,,,,,,,,,,,,,,,,,,,,,,,,,,,"-",0x0,"-",,,,,,,,,,,,,,,,,,,,,,,,,,,,,0xc000006d,"-\-",,,,"-",,0x0,,,"-","S-1-0-0",0xc0000064,,"SOC-LabTest-RG\user","SOC-LabTest-RG",,,,,,,,,,user,"S-1-0-0",,,,,,,,"-",,,,,,,,"-",LogAlways,"c30dff82-6b97-43a0-ac83-f134bafd8c78","c30dff82-6b97-43a0-ac83-f134bafd8c79","00000000-0000-0000-0000-000000000001","4/6/2026, 8:42:13.414 AM","AOI-686d5249-052b-4467-a46a-5b3917a2115b","N/A",0,0,0x8010000000000000,"{c30dff82-6b97-0001-3685-f50e8bc5dc01}",912,2964,1965,SecurityEvent,"/subscriptions/d2baea97-676b-4bde-acc8-351170ec332a/resourcegroups/rg-soc-lab-april/providers/microsoft.compute/virtualmachines/soc-labtest-rg"
"686d5249-052b-4467-a46a-5b3917a2115b","4/6/2026, 8:41:20.502 AM",OpsManager,"SOC-LabTest-RG\grimm",User,"SOC-LabTest-RG","Microsoft-Windows-Security-Auditing",Security,12544,0,,4625,"4625 - An account failed to log on.",,,,,,,,,,,,,,,,,,,,NTLM,,,,,,,,,,,,,,,,,,,,,,,,,,,,,,,,,"%%2313",,,,,,,,,,,,,,,,"185.156.73.169",0,0,"-",,,,,,,,,"NtLmSsp ",3,"3 - Network",,,,,,,,,,,,,,,,,,,,,,,,,,,,,,,,,,,,,,,,,,,,,,,,,"-",0x0,"-",,,,,,,,,,,,,,,,,,,,,,,,,,,,,0xc000006d,"-\-",,,,"-",,0x0,,,"-","S-1-0-0",0xc0000064,,"SOC-LabTest-RG\grimm","SOC-LabTest-RG",,,,,,,,,,grimm,"S-1-0-0",,,,,,,,"-",,,,,,,,"-",LogAlways,"c30dff82-6b97-43a0-ac83-f134bafd8c78","c30dff82-6b97-43a0-ac83-f134bafd8c79","00000000-0000-0000-0000-000000000001","4/6/2026, 8:42:13.414 AM","AOI-686d5249-052b-4467-a46a-5b3917a2115b","N/A",0,0,0x8010000000000000,"{c30dff82-6b97-0001-3685-f50e8bc5dc01}",912,2964,1966,SecurityEvent,"/subscriptions/d2baea97-676b-4bde-acc8-351170ec332a/resourcegroups/rg-soc-lab-april/providers/microsoft.compute/virtualmachines/soc-labtest-rg"
"686d5249-052b-4467-a46a-5b3917a2115b","4/6/2026, 8:41:20.812 AM",OpsManager,"SOC-LabTest-RG\support",User,"SOC-LabTest-RG","Microsoft-Windows-Security-Auditing",Security,12544,0,,4625,"4625 - An account failed to log on.",,,,,,,,,,,,,,,,,,,,NTLM,,,,,,,,,,,,,,,,,,,,,,,,,,,,,,,,,"%%2313",,,,,,,,,,,,,,,,"185.156.73.74",0,0,"-",,,,,,,,,"NtLmSsp ",3,"3 - Network",,,,,,,,,,,,,,,,,,,,,,,,,,,,,,,,,,,,,,,,,,,,,,,,,"-",0x0,"-",,,,,,,,,,,,,,,,,,,,,,,,,,,,,0xc000006d,"-\-",,,,"-",,0x0,,,"-","S-1-0-0",0xc0000064,,"SOC-LabTest-RG\support","SOC-LabTest-RG",,,,,,,,,,support,"S-1-0-0",,,,,,,,"-",,,,,,,,"-",LogAlways,"c30dff82-6b97-43a0-ac83-f134bafd8c78","c30dff82-6b97-43a0-ac83-f134bafd8c79","00000000-0000-0000-0000-000000000001","4/6/2026, 8:42:13.414 AM","AOI-686d5249-052b-4467-a46a-5b3917a2115b","N/A",0,0,0x8010000000000000,"{c30dff82-6b97-0001-3685-f50e8bc5dc01}",912,2964,1967,SecurityEvent,"/subscriptions/d2baea97-676b-4bde-acc8-351170ec332a/resourcegroups/rg-soc-lab-april/providers/microsoft.compute/virtualmachines/soc-labtest-rg"
"686d5249-052b-4467-a46a-5b3917a2115b","4/6/2026, 8:41:21.029 AM",OpsManager,"SOC-LabTest-RG\agustina",User,"SOC-LabTest-RG","Microsoft-Windows-Security-Auditing",Security,12544,0,,4625,"4625 - An account failed to log on.",,,,,,,,,,,,,,,,,,,,NTLM,,,,,,,,,,,,,,,,,,,,,,,,,,,,,,,,,"%%2313",,,,,,,,,,,,,,,,"185.156.73.169",0,0,"-",,,,,,,,,"NtLmSsp ",3,"3 - Network",,,,,,,,,,,,,,,,,,,,,,,,,,,,,,,,,,,,,,,,,,,,,,,,,"-",0x0,"-",,,,,,,,,,,,,,,,,,,,,,,,,,,,,0xc000006d,"-\-",,,,"-",,0x0,,,"-","S-1-0-0",0xc0000064,,"SOC-LabTest-RG\agustina","SOC-LabTest-RG",,,,,,,,,,agustina,"S-1-0-0",,,,,,,,"-",,,,,,,,"-",LogAlways,"c30dff82-6b97-43a0-ac83-f134bafd8c78","c30dff82-6b97-43a0-ac83-f134bafd8c79","00000000-0000-0000-0000-000000000001","4/6/2026, 8:42:13.414 AM","AOI-686d5249-052b-4467-a46a-5b3917a2115b","N/A",0,0,0x8010000000000000,"{c30dff82-6b97-0001-3685-f50e8bc5dc01}",912,2964,1968,SecurityEvent,"/subscriptions/d2baea97-676b-4bde-acc8-351170ec332a/resourcegroups/rg-soc-lab-april/providers/microsoft.compute/virtualmachines/soc-labtest-rg"
"686d5249-052b-4467-a46a-5b3917a2115b","4/6/2026, 8:41:21.110 AM",OpsManager,"SOC-LabTest-RG\admin3",User,"SOC-LabTest-RG","Microsoft-Windows-Security-Auditing",Security,12544,0,,4625,"4625 - An account failed to log on.",,,,,,,,,,,,,,,,,,,,NTLM,,,,,,,,,,,,,,,,,,,,,,,,,,,,,,,,,"%%2313",,,,,,,,,,,,,,,,"185.156.73.74",0,0,"-",,,,,,,,,"NtLmSsp ",3,"3 - Network",,,,,,,,,,,,,,,,,,,,,,,,,,,,,,,,,,,,,,,,,,,,,,,,,"-",0x0,"-",,,,,,,,,,,,,,,,,,,,,,,,,,,,,0xc000006d,"-\-",,,,"-",,0x0,,,"-","S-1-0-0",0xc0000064,,"SOC-LabTest-RG\admin3","SOC-LabTest-RG",,,,,,,,,,admin3,"S-1-0-0",,,,,,,,"-",,,,,,,,"-",LogAlways,"c30dff82-6b97-43a0-ac83-f134bafd8c78","c30dff82-6b97-43a0-ac83-f134bafd8c79","00000000-0000-0000-0000-000000000001","4/6/2026, 8:42:13.414 AM","AOI-686d5249-052b-4467-a46a-5b3917a2115b","N/A",0,0,0x8010000000000000,"{c30dff82-6b97-0001-3685-f50e8bc5dc01}",912,2964,1969,SecurityEvent,"/subscriptions/d2baea97-676b-4bde-acc8-351170ec332a/resourcegroups/rg-soc-lab-april/providers/microsoft.compute/virtualmachines/soc-labtest-rg"
"686d5249-052b-4467-a46a-5b3917a2115b","4/6/2026, 8:41:21.340 AM",OpsManager,"SOC-LabTest-RG\catia",User,"SOC-LabTest-RG","Microsoft-Windows-Security-Auditing",Security,12544,0,,4625,"4625 - An account failed to log on.",,,,,,,,,,,,,,,,,,,,NTLM,,,,,,,,,,,,,,,,,,,,,,,,,,,,,,,,,"%%2313",,,,,,,,,,,,,,,,"185.156.73.169",0,0,"-",,,,,,,,,"NtLmSsp ",3,"3 - Network",,,,,,,,,,,,,,,,,,,,,,,,,,,,,,,,,,,,,,,,,,,,,,,,,"-",0x0,"-",,,,,,,,,,,,,,,,,,,,,,,,,,,,,0xc000006d,"-\-",,,,"-",,0x0,,,"-","S-1-0-0",0xc0000064,,"SOC-LabTest-RG\catia","SOC-LabTest-RG",,,,,,,,,,catia,"S-1-0-0",,,,,,,,"-",,,,,,,,"-",LogAlways,"c30dff82-6b97-43a0-ac83-f134bafd8c78","c30dff82-6b97-43a0-ac83-f134bafd8c79","00000000-0000-0000-0000-000000000001","4/6/2026, 8:42:13.414 AM","AOI-686d5249-052b-4467-a46a-5b3917a2115b","N/A",0,0,0x8010000000000000,"{c30dff82-6b97-0001-3685-f50e8bc5dc01}",912,2964,1970,SecurityEvent,"/subscriptions/d2baea97-676b-4bde-acc8-351170ec332a/resourcegroups/rg-soc-lab-april/providers/microsoft.compute/virtualmachines/soc-labtest-rg"
"686d5249-052b-4467-a46a-5b3917a2115b","4/6/2026, 8:41:21.427 AM",OpsManager,"SOC-LabTest-RG\pos",User,"SOC-LabTest-RG","Microsoft-Windows-Security-Auditing",Security,12544,0,,4625,"4625 - An account failed to log on.",,,,,,,,,,,,,,,,,,,,NTLM,,,,,,,,,,,,,,,,,,,,,,,,,,,,,,,,,"%%2313",,,,,,,,,,,,,,,,"185.156.73.74",0,0,"-",,,,,,,,,"NtLmSsp ",3,"3 - Network",,,,,,,,,,,,,,,,,,,,,,,,,,,,,,,,,,,,,,,,,,,,,,,,,"-",0x0,"-",,,,,,,,,,,,,,,,,,,,,,,,,,,,,0xc000006d,"-\-",,,,"-",,0x0,,,"-","S-1-0-0",0xc0000064,,"SOC-LabTest-RG\pos","SOC-LabTest-RG",,,,,,,,,,pos,"S-1-0-0",,,,,,,,"-",,,,,,,,"-",LogAlways,"c30dff82-6b97-43a0-ac83-f134bafd8c78","c30dff82-6b97-43a0-ac83-f134bafd8c79","00000000-0000-0000-0000-000000000001","4/6/2026, 8:42:13.414 AM","AOI-686d5249-052b-4467-a46a-5b3917a2115b","N/A",0,0,0x8010000000000000,"{c30dff82-6b97-0001-3685-f50e8bc5dc01}",912,2964,1971,SecurityEvent,"/subscriptions/d2baea97-676b-4bde-acc8-351170ec332a/resourcegroups/rg-soc-lab-april/providers/microsoft.compute/virtualmachines/soc-labtest-rg"
"686d5249-052b-4467-a46a-5b3917a2115b","4/6/2026, 8:41:21.643 AM",OpsManager,"SOC-LabTest-RG\desarrolloweb",User,"SOC-LabTest-RG","Microsoft-Windows-Security-Auditing",Security,12544,0,,4625,"4625 - An account failed to log on.",,,,,,,,,,,,,,,,,,,,NTLM,,,,,,,,,,,,,,,,,,,,,,,,,,,,,,,,,"%%2313",,,,,,,,,,,,,,,,"185.156.73.169",0,0,"-",,,,,,,,,"NtLmSsp ",3,"3 - Network",,,,,,,,,,,,,,,,,,,,,,,,,,,,,,,,,,,,,,,,,,,,,,,,,"-",0x0,"-",,,,,,,,,,,,,,,,,,,,,,,,,,,,,0xc000006d,"-\-",,,,"-",,0x0,,,"-","S-1-0-0",0xc0000064,,"SOC-LabTest-RG\desarrolloweb","SOC-LabTest-RG",,,,,,,,,,desarrolloweb,"S-1-0-0",,,,,,,,"-",,,,,,,,"-",LogAlways,"c30dff82-6b97-43a0-ac83-f134bafd8c78","c30dff82-6b97-43a0-ac83-f134bafd8c79","00000000-0000-0000-0000-000000000001","4/6/2026, 8:42:13.414 AM","AOI-686d5249-052b-4467-a46a-5b3917a2115b","N/A",0,0,0x8010000000000000,"{c30dff82-6b97-0001-3685-f50e8bc5dc01}",912,2964,1972,SecurityEvent,"/subscriptions/d2baea97-676b-4bde-acc8-351170ec332a/resourcegroups/rg-soc-lab-april/providers/microsoft.compute/virtualmachines/soc-labtest-rg"
"686d5249-052b-4467-a46a-5b3917a2115b","4/6/2026, 8:41:21.777 AM",OpsManager,"SOC-LabTest-RG\administrator",User,"SOC-LabTest-RG","Microsoft-Windows-Security-Auditing",Security,12544,0,,4625,"4625 - An account failed to log on.",,,,,,,,,,,,,,,,,,,,NTLM,,,,,,,,,,,,,,,,,,,,,,,,,,,,,,,,,"%%2313",,,,,,,,,,,,,,,,"185.156.73.74",0,0,"-",,,,,,,,,"NtLmSsp ",3,"3 - Network",,,,,,,,,,,,,,,,,,,,,,,,,,,,,,,,,,,,,,,,,,,,,,,,,"-",0x0,"-",,,,,,,,,,,,,,,,,,,,,,,,,,,,,0xc000006d,"-\-",,,,"-",,0x0,,,"-","S-1-0-0",0xc0000064,,"SOC-LabTest-RG\administrator","SOC-LabTest-RG",,,,,,,,,,administrator,"S-1-0-0",,,,,,,,"-",,,,,,,,"-",LogAlways,"c30dff82-6b97-43a0-ac83-f134bafd8c78","c30dff82-6b97-43a0-ac83-f134bafd8c79","00000000-0000-0000-0000-000000000001","4/6/2026, 8:42:13.414 AM","AOI-686d5249-052b-4467-a46a-5b3917a2115b","N/A",0,0,0x8010000000000000,"{c30dff82-6b97-0001-3685-f50e8bc5dc01}",912,2964,1973,SecurityEvent,"/subscriptions/d2baea97-676b-4bde-acc8-351170ec332a/resourcegroups/rg-soc-lab-april/providers/microsoft.compute/virtualmachines/soc-labtest-rg"
"686d5249-052b-4467-a46a-5b3917a2115b","4/6/2026, 8:41:22.154 AM",OpsManager,"SOC-LabTest-RG\rmoussa",User,"SOC-LabTest-RG","Microsoft-Windows-Security-Auditing",Security,12544,0,,4625,"4625 - An account failed to log on.",,,,,,,,,,,,,,,,,,,,NTLM,,,,,,,,,,,,,,,,,,,,,,,,,,,,,,,,,"%%2313",,,,,,,,,,,,,,,,"185.156.73.169",0,0,"-",,,,,,,,,"NtLmSsp ",3,"3 - Network",,,,,,,,,,,,,,,,,,,,,,,,,,,,,,,,,,,,,,,,,,,,,,,,,"-",0x0,"-",,,,,,,,,,,,,,,,,,,,,,,,,,,,,0xc000006d,"-\-",,,,"-",,0x0,,,"-","S-1-0-0",0xc0000064,,"SOC-LabTest-RG\rmoussa","SOC-LabTest-RG",,,,,,,,,,rmoussa,"S-1-0-0",,,,,,,,"-",,,,,,,,"-",LogAlways,"c30dff82-6b97-43a0-ac83-f134bafd8c78","c30dff82-6b97-43a0-ac83-f134bafd8c79","00000000-0000-0000-0000-000000000001","4/6/2026, 8:42:13.414 AM","AOI-686d5249-052b-4467-a46a-5b3917a2115b","N/A",0,0,0x8010000000000000,"{c30dff82-6b97-0001-3685-f50e8bc5dc01}",912,2964,1974,SecurityEvent,"/subscriptions/d2baea97-676b-4bde-acc8-351170ec332a/resourcegroups/rg-soc-lab-april/providers/microsoft.compute/virtualmachines/soc-labtest-rg"
"686d5249-052b-4467-a46a-5b3917a2115b","4/6/2026, 8:41:22.316 AM",OpsManager,"SOC-LabTest-RG\administrador",User,"SOC-LabTest-RG","Microsoft-Windows-Security-Auditing",Security,12544,0,,4625,"4625 - An account failed to log on.",,,,,,,,,,,,,,,,,,,,NTLM,,,,,,,,,,,,,,,,,,,,,,,,,,,,,,,,,"%%2313",,,,,,,,,,,,,,,,"185.156.73.74",0,0,"-",,,,,,,,,"NtLmSsp ",3,"3 - Network",,,,,,,,,,,,,,,,,,,,,,,,,,,,,,,,,,,,,,,,,,,,,,,,,"-",0x0,"-",,,,,,,,,,,,,,,,,,,,,,,,,,,,,0xc000006d,"-\-",,,,"-",,0x0,,,"-","S-1-0-0",0xc0000064,,"SOC-LabTest-RG\administrador","SOC-LabTest-RG",,,,,,,,,,administrador,"S-1-0-0",,,,,,,,"-",,,,,,,,"-",LogAlways,"c30dff82-6b97-43a0-ac83-f134bafd8c78","c30dff82-6b97-43a0-ac83-f134bafd8c79","00000000-0000-0000-0000-000000000001","4/6/2026, 8:42:13.414 AM","AOI-686d5249-052b-4467-a46a-5b3917a2115b","N/A",0,0,0x8010000000000000,"{c30dff82-6b97-0001-3685-f50e8bc5dc01}",912,2964,1975,SecurityEvent,"/subscriptions/d2baea97-676b-4bde-acc8-351170ec332a/resourcegroups/rg-soc-lab-april/providers/microsoft.compute/virtualmachines/soc-labtest-rg"
"686d5249-052b-4467-a46a-5b3917a2115b","4/6/2026, 8:41:22.473 AM",OpsManager,"SOC-LabTest-RG\surabaya",User,"SOC-LabTest-RG","Microsoft-Windows-Security-Auditing",Security,12544,0,,4625,"4625 - An account failed to log on.",,,,,,,,,,,,,,,,,,,,NTLM,,,,,,,,,,,,,,,,,,,,,,,,,,,,,,,,,"%%2313",,,,,,,,,,,,,,,,"185.156.73.169",0,0,"-",,,,,,,,,"NtLmSsp ",3,"3 - Network",,,,,,,,,,,,,,,,,,,,,,,,,,,,,,,,,,,,,,,,,,,,,,,,,"-",0x0,"-",,,,,,,,,,,,,,,,,,,,,,,,,,,,,0xc000006d,"-\-",,,,"-",,0x0,,,"-","S-1-0-0",0xc0000064,,"SOC-LabTest-RG\surabaya","SOC-LabTest-RG",,,,,,,,,,surabaya,"S-1-0-0",,,,,,,,"-",,,,,,,,"-",LogAlways,"c30dff82-6b97-43a0-ac83-f134bafd8c78","c30dff82-6b97-43a0-ac83-f134bafd8c79","00000000-0000-0000-0000-000000000001","4/6/2026, 8:42:13.414 AM","AOI-686d5249-052b-4467-a46a-5b3917a2115b","N/A",0,0,0x8010000000000000,"{c30dff82-6b97-0001-3685-f50e8bc5dc01}",912,2964,1976,SecurityEvent,"/subscriptions/d2baea97-676b-4bde-acc8-351170ec332a/resourcegroups/rg-soc-lab-april/providers/microsoft.compute/virtualmachines/soc-labtest-rg"
"686d5249-052b-4467-a46a-5b3917a2115b","4/6/2026, 8:41:22.597 AM",OpsManager,"SOC-LabTest-RG\marketing",User,"SOC-LabTest-RG","Microsoft-Windows-Security-Auditing",Security,12544,0,,4625,"4625 - An account failed to log on.",,,,,,,,,,,,,,,,,,,,NTLM,,,,,,,,,,,,,,,,,,,,,,,,,,,,,,,,,"%%2313",,,,,,,,,,,,,,,,"185.156.73.74",0,0,"-",,,,,,,,,"NtLmSsp ",3,"3 - Network",,,,,,,,,,,,,,,,,,,,,,,,,,,,,,,,,,,,,,,,,,,,,,,,,"-",0x0,"-",,,,,,,,,,,,,,,,,,,,,,,,,,,,,0xc000006d,"-\-",,,,"-",,0x0,,,"-","S-1-0-0",0xc0000064,,"SOC-LabTest-RG\marketing","SOC-LabTest-RG",,,,,,,,,,marketing,"S-1-0-0",,,,,,,,"-",,,,,,,,"-",LogAlways,"c30dff82-6b97-43a0-ac83-f134bafd8c78","c30dff82-6b97-43a0-ac83-f134bafd8c79","00000000-0000-0000-0000-000000000001","4/6/2026, 8:42:13.414 AM","AOI-686d5249-052b-4467-a46a-5b3917a2115b","N/A",0,0,0x8010000000000000,"{c30dff82-6b97-0001-3685-f50e8bc5dc01}",912,2964,1977,SecurityEvent,"/subscriptions/d2baea97-676b-4bde-acc8-351170ec332a/resourcegroups/rg-soc-lab-april/providers/microsoft.compute/virtualmachines/soc-labtest-rg"
"686d5249-052b-4467-a46a-5b3917a2115b","4/6/2026, 8:41:22.964 AM",OpsManager,"SOC-LabTest-RG\tanakorn",User,"SOC-LabTest-RG","Microsoft-Windows-Security-Auditing",Security,12544,0,,4625,"4625 - An account failed to log on.",,,,,,,,,,,,,,,,,,,,NTLM,,,,,,,,,,,,,,,,,,,,,,,,,,,,,,,,,"%%2313",,,,,,,,,,,,,,,,"185.156.73.169",0,0,"-",,,,,,,,,"NtLmSsp ",3,"3 - Network",,,,,,,,,,,,,,,,,,,,,,,,,,,,,,,,,,,,,,,,,,,,,,,,,"-",0x0,"-",,,,,,,,,,,,,,,,,,,,,,,,,,,,,0xc000006d,"-\-",,,,"-",,0x0,,,"-","S-1-0-0",0xc0000064,,"SOC-LabTest-RG\tanakorn","SOC-LabTest-RG",,,,,,,,,,tanakorn,"S-1-0-0",,,,,,,,"-",,,,,,,,"-",LogAlways,"c30dff82-6b97-43a0-ac83-f134bafd8c78","c30dff82-6b97-43a0-ac83-f134bafd8c79","00000000-0000-0000-0000-000000000001","4/6/2026, 8:42:13.414 AM","AOI-686d5249-052b-4467-a46a-5b3917a2115b","N/A",0,0,0x8010000000000000,"{c30dff82-6b97-0001-3685-f50e8bc5dc01}",912,2964,1978,SecurityEvent,"/subscriptions/d2baea97-676b-4bde-acc8-351170ec332a/resourcegroups/rg-soc-lab-april/providers/microsoft.compute/virtualmachines/soc-labtest-rg"
"686d5249-052b-4467-a46a-5b3917a2115b","4/6/2026, 8:41:23.051 AM",OpsManager,"SOC-LabTest-RG\arcserve",User,"SOC-LabTest-RG","Microsoft-Windows-Security-Auditing",Security,12544,0,,4625,"4625 - An account failed to log on.",,,,,,,,,,,,,,,,,,,,NTLM,,,,,,,,,,,,,,,,,,,,,,,,,,,,,,,,,"%%2313",,,,,,,,,,,,,,,,"185.156.73.74",0,0,"-",,,,,,,,,"NtLmSsp ",3,"3 - Network",,,,,,,,,,,,,,,,,,,,,,,,,,,,,,,,,,,,,,,,,,,,,,,,,"-",0x0,"-",,,,,,,,,,,,,,,,,,,,,,,,,,,,,0xc000006d,"-\-",,,,"-",,0x0,,,"-","S-1-0-0",0xc0000064,,"SOC-LabTest-RG\arcserve","SOC-LabTest-RG",,,,,,,,,,arcserve,"S-1-0-0",,,,,,,,"-",,,,,,,,"-",LogAlways,"c30dff82-6b97-43a0-ac83-f134bafd8c78","c30dff82-6b97-43a0-ac83-f134bafd8c79","00000000-0000-0000-0000-000000000001","4/6/2026, 8:42:13.414 AM","AOI-686d5249-052b-4467-a46a-5b3917a2115b","N/A",0,0,0x8010000000000000,"{c30dff82-6b97-0001-3685-f50e8bc5dc01}",912,2964,1979,SecurityEvent,"/subscriptions/d2baea97-676b-4bde-acc8-351170ec332a/resourcegroups/rg-soc-lab-april/providers/microsoft.compute/virtualmachines/soc-labtest-rg"
"686d5249-052b-4467-a46a-5b3917a2115b","4/6/2026, 8:41:23.390 AM",OpsManager,"SOC-LabTest-RG\recepcion",User,"SOC-LabTest-RG","Microsoft-Windows-Security-Auditing",Security,12544,0,,4625,"4625 - An account failed to log on.",,,,,,,,,,,,,,,,,,,,NTLM,,,,,,,,,,,,,,,,,,,,,,,,,,,,,,,,,"%%2313",,,,,,,,,,,,,,,,"185.156.73.74",0,0,"-",,,,,,,,,"NtLmSsp ",3,"3 - Network",,,,,,,,,,,,,,,,,,,,,,,,,,,,,,,,,,,,,,,,,,,,,,,,,"-",0x0,"-",,,,,,,,,,,,,,,,,,,,,,,,,,,,,0xc000006d,"-\-",,,,"-",,0x0,,,"-","S-1-0-0",0xc0000064,,"SOC-LabTest-RG\recepcion","SOC-LabTest-RG",,,,,,,,,,recepcion,"S-1-0-0",,,,,,,,"-",,,,,,,,"-",LogAlways,"c30dff82-6b97-43a0-ac83-f134bafd8c78","c30dff82-6b97-43a0-ac83-f134bafd8c79","00000000-0000-0000-0000-000000000001","4/6/2026, 8:42:13.414 AM","AOI-686d5249-052b-4467-a46a-5b3917a2115b","N/A",0,0,0x8010000000000000,"{c30dff82-6b97-0001-3685-f50e8bc5dc01}",912,2964,1980,SecurityEvent,"/subscriptions/d2baea97-676b-4bde-acc8-351170ec332a/resourcegroups/rg-soc-lab-april/providers/microsoft.compute/virtualmachines/soc-labtest-rg"
"686d5249-052b-4467-a46a-5b3917a2115b","4/6/2026, 8:41:23.504 AM",OpsManager,"SOC-LabTest-RG\kruse",User,"SOC-LabTest-RG","Microsoft-Windows-Security-Auditing",Security,12544,0,,4625,"4625 - An account failed to log on.",,,,,,,,,,,,,,,,,,,,NTLM,,,,,,,,,,,,,,,,,,,,,,,,,,,,,,,,,"%%2313",,,,,,,,,,,,,,,,"185.156.73.169",0,0,"-",,,,,,,,,"NtLmSsp ",3,"3 - Network",,,,,,,,,,,,,,,,,,,,,,,,,,,,,,,,,,,,,,,,,,,,,,,,,"-",0x0,"-",,,,,,,,,,,,,,,,,,,,,,,,,,,,,0xc000006d,"-\-",,,,"-",,0x0,,,"-","S-1-0-0",0xc0000064,,"SOC-LabTest-RG\kruse","SOC-LabTest-RG",,,,,,,,,,kruse,"S-1-0-0",,,,,,,,"-",,,,,,,,"-",LogAlways,"c30dff82-6b97-43a0-ac83-f134bafd8c78","c30dff82-6b97-43a0-ac83-f134bafd8c79","00000000-0000-0000-0000-000000000001","4/6/2026, 8:42:13.414 AM","AOI-686d5249-052b-4467-a46a-5b3917a2115b","N/A",0,0,0x8010000000000000,"{c30dff82-6b97-0001-3685-f50e8bc5dc01}",912,2964,1981,SecurityEvent,"/subscriptions/d2baea97-676b-4bde-acc8-351170ec332a/resourcegroups/rg-soc-lab-april/providers/microsoft.compute/virtualmachines/soc-labtest-rg"
"686d5249-052b-4467-a46a-5b3917a2115b","4/6/2026, 8:41:23.601 AM",OpsManager,"SOC-LabTest-RG\mlb",User,"SOC-LabTest-RG","Microsoft-Windows-Security-Auditing",Security,12544,0,,4625,"4625 - An account failed to log on.",,,,,,,,,,,,,,,,,,,,NTLM,,,,,,,,,,,,,,,,,,,,,,,,,,,,,,,,,"%%2313",,,,,,,,,,,,,,,,"185.156.73.169",0,0,"-",,,,,,,,,"NtLmSsp ",3,"3 - Network",,,,,,,,,,,,,,,,,,,,,,,,,,,,,,,,,,,,,,,,,,,,,,,,,"-",0x0,"-",,,,,,,,,,,,,,,,,,,,,,,,,,,,,0xc000006d,"-\-",,,,"-",,0x0,,,"-","S-1-0-0",0xc0000064,,"SOC-LabTest-RG\mlb","SOC-LabTest-RG",,,,,,,,,,mlb,"S-1-0-0",,,,,,,,"-",,,,,,,,"-",LogAlways,"c30dff82-6b97-43a0-ac83-f134bafd8c78","c30dff82-6b97-43a0-ac83-f134bafd8c79","00000000-0000-0000-0000-000000000001","4/6/2026, 8:42:13.414 AM","AOI-686d5249-052b-4467-a46a-5b3917a2115b","N/A",0,0,0x8010000000000000,"{c30dff82-6b97-0001-3685-f50e8bc5dc01}",912,2964,1982,SecurityEvent,"/subscriptions/d2baea97-676b-4bde-acc8-351170ec332a/resourcegroups/rg-soc-lab-april/providers/microsoft.compute/virtualmachines/soc-labtest-rg"
"686d5249-052b-4467-a46a-5b3917a2115b","4/6/2026, 8:41:23.733 AM",OpsManager,"SOC-LabTest-RG\user10",User,"SOC-LabTest-RG","Microsoft-Windows-Security-Auditing",Security,12544,0,,4625,"4625 - An account failed to log on.",,,,,,,,,,,,,,,,,,,,NTLM,,,,,,,,,,,,,,,,,,,,,,,,,,,,,,,,,"%%2313",,,,,,,,,,,,,,,,"185.156.73.74",0,0,"-",,,,,,,,,"NtLmSsp ",3,"3 - Network",,,,,,,,,,,,,,,,,,,,,,,,,,,,,,,,,,,,,,,,,,,,,,,,,"-",0x0,"-",,,,,,,,,,,,,,,,,,,,,,,,,,,,,0xc000006d,"-\-",,,,"-",,0x0,,,"-","S-1-0-0",0xc0000064,,"SOC-LabTest-RG\user10","SOC-LabTest-RG",,,,,,,,,,user10,"S-1-0-0",,,,,,,,"-",,,,,,,,"-",LogAlways,"c30dff82-6b97-43a0-ac83-f134bafd8c78","c30dff82-6b97-43a0-ac83-f134bafd8c79","00000000-0000-0000-0000-000000000001","4/6/2026, 8:42:13.414 AM","AOI-686d5249-052b-4467-a46a-5b3917a2115b","N/A",0,0,0x8010000000000000,"{c30dff82-6b97-0001-3685-f50e8bc5dc01}",912,2964,1983,SecurityEvent,"/subscriptions/d2baea97-676b-4bde-acc8-351170ec332a/resourcegroups/rg-soc-lab-april/providers/microsoft.compute/virtualmachines/soc-labtest-rg"
"686d5249-052b-4467-a46a-5b3917a2115b","4/6/2026, 8:41:23.953 AM",OpsManager,"SOC-LabTest-RG\bos",User,"SOC-LabTest-RG","Microsoft-Windows-Security-Auditing",Security,12544,0,,4625,"4625 - An account failed to log on.",,,,,,,,,,,,,,,,,,,,NTLM,,,,,,,,,,,,,,,,,,,,,,,,,,,,,,,,,"%%2313",,,,,,,,,,,,,,,,"185.156.73.169",0,0,"-",,,,,,,,,"NtLmSsp ",3,"3 - Network",,,,,,,,,,,,,,,,,,,,,,,,,,,,,,,,,,,,,,,,,,,,,,,,,"-",0x0,"-",,,,,,,,,,,,,,,,,,,,,,,,,,,,,0xc000006d,"-\-",,,,"-",,0x0,,,"-","S-1-0-0",0xc0000064,,"SOC-LabTest-RG\bos","SOC-LabTest-RG",,,,,,,,,,bos,"S-1-0-0",,,,,,,,"-",,,,,,,,"-",LogAlways,"c30dff82-6b97-43a0-ac83-f134bafd8c78","c30dff82-6b97-43a0-ac83-f134bafd8c79","00000000-0000-0000-0000-000000000001","4/6/2026, 8:42:13.414 AM","AOI-686d5249-052b-4467-a46a-5b3917a2115b","N/A",0,0,0x8010000000000000,"{c30dff82-6b97-0001-3685-f50e8bc5dc01}",912,2964,1984,SecurityEvent,"/subscriptions/d2baea97-676b-4bde-acc8-351170ec332a/resourcegroups/rg-soc-lab-april/providers/microsoft.compute/virtualmachines/soc-labtest-rg"
"686d5249-052b-4467-a46a-5b3917a2115b","4/6/2026, 8:41:24.464 AM",OpsManager,"SOC-LabTest-RG\maria",User,"SOC-LabTest-RG","Microsoft-Windows-Security-Auditing",Security,12544,0,,4625,"4625 - An account failed to log on.",,,,,,,,,,,,,,,,,,,,NTLM,,,,,,,,,,,,,,,,,,,,,,,,,,,,,,,,,"%%2313",,,,,,,,,,,,,,,,"185.156.73.74",0,0,"-",,,,,,,,,"NtLmSsp ",3,"3 - Network",,,,,,,,,,,,,,,,,,,,,,,,,,,,,,,,,,,,,,,,,,,,,,,,,"-",0x0,"-",,,,,,,,,,,,,,,,,,,,,,,,,,,,,0xc000006d,"-\-",,,,"-",,0x0,,,"-","S-1-0-0",0xc0000064,,"SOC-LabTest-RG\maria","SOC-LabTest-RG",,,,,,,,,,maria,"S-1-0-0",,,,,,,,"-",,,,,,,,"-",LogAlways,"c30dff82-6b97-43a0-ac83-f134bafd8c78","c30dff82-6b97-43a0-ac83-f134bafd8c79","00000000-0000-0000-0000-000000000001","4/6/2026, 8:42:13.414 AM","AOI-686d5249-052b-4467-a46a-5b3917a2115b","N/A",0,0,0x8010000000000000,"{c30dff82-6b97-0001-3685-f50e8bc5dc01}",912,2964,1985,SecurityEvent,"/subscriptions/d2baea97-676b-4bde-acc8-351170ec332a/resourcegroups/rg-soc-lab-april/providers/microsoft.compute/virtualmachines/soc-labtest-rg"
"686d5249-052b-4467-a46a-5b3917a2115b","4/6/2026, 8:41:24.501 AM",OpsManager,"SOC-LabTest-RG\tdmflatfile",User,"SOC-LabTest-RG","Microsoft-Windows-Security-Auditing",Security,12544,0,,4625,"4625 - An account failed to log on.",,,,,,,,,,,,,,,,,,,,NTLM,,,,,,,,,,,,,,,,,,,,,,,,,,,,,,,,,"%%2313",,,,,,,,,,,,,,,,"185.156.73.169",0,0,"-",,,,,,,,,"NtLmSsp ",3,"3 - Network",,,,,,,,,,,,,,,,,,,,,,,,,,,,,,,,,,,,,,,,,,,,,,,,,"-",0x0,"-",,,,,,,,,,,,,,,,,,,,,,,,,,,,,0xc000006d,"-\-",,,,"-",,0x0,,,"-","S-1-0-0",0xc0000064,,"SOC-LabTest-RG\tdmflatfile","SOC-LabTest-RG",,,,,,,,,,tdmflatfile,"S-1-0-0",,,,,,,,"-",,,,,,,,"-",LogAlways,"c30dff82-6b97-43a0-ac83-f134bafd8c78","c30dff82-6b97-43a0-ac83-f134bafd8c79","00000000-0000-0000-0000-000000000001","4/6/2026, 8:42:13.414 AM","AOI-686d5249-052b-4467-a46a-5b3917a2115b","N/A",0,0,0x8010000000000000,"{c30dff82-6b97-0001-3685-f50e8bc5dc01}",912,2964,1986,SecurityEvent,"/subscriptions/d2baea97-676b-4bde-acc8-351170ec332a/resourcegroups/rg-soc-lab-april/providers/microsoft.compute/virtualmachines/soc-labtest-rg"
"686d5249-052b-4467-a46a-5b3917a2115b","4/6/2026, 8:41:24.699 AM",OpsManager,"SOC-LabTest-RG\usuario",User,"SOC-LabTest-RG","Microsoft-Windows-Security-Auditing",Security,12544,0,,4625,"4625 - An account failed to log on.",,,,,,,,,,,,,,,,,,,,NTLM,,,,,,,,,,,,,,,,,,,,,,,,,,,,,,,,,"%%2313",,,,,,,,,,,,,,,,"185.156.73.74",0,0,"-",,,,,,,,,"NtLmSsp ",3,"3 - Network",,,,,,,,,,,,,,,,,,,,,,,,,,,,,,,,,,,,,,,,,,,,,,,,,"-",0x0,"-",,,,,,,,,,,,,,,,,,,,,,,,,,,,,0xc000006d,"-\-",,,,"-",,0x0,,,"-","S-1-0-0",0xc0000064,,"SOC-LabTest-RG\usuario","SOC-LabTest-RG",,,,,,,,,,usuario,"S-1-0-0",,,,,,,,"-",,,,,,,,"-",LogAlways,"c30dff82-6b97-43a0-ac83-f134bafd8c78","c30dff82-6b97-43a0-ac83-f134bafd8c79","00000000-0000-0000-0000-000000000001","4/6/2026, 8:42:13.414 AM","AOI-686d5249-052b-4467-a46a-5b3917a2115b","N/A",0,0,0x8010000000000000,"{c30dff82-6b97-0001-3685-f50e8bc5dc01}",912,2964,1987,SecurityEvent,"/subscriptions/d2baea97-676b-4bde-acc8-351170ec332a/resourcegroups/rg-soc-lab-april/providers/microsoft.compute/virtualmachines/soc-labtest-rg"
"686d5249-052b-4467-a46a-5b3917a2115b","4/6/2026, 8:41:24.771 AM",OpsManager,"SOC-LabTest-RG\workshop",User,"SOC-LabTest-RG","Microsoft-Windows-Security-Auditing",Security,12544,0,,4625,"4625 - An account failed to log on.",,,,,,,,,,,,,,,,,,,,NTLM,,,,,,,,,,,,,,,,,,,,,,,,,,,,,,,,,"%%2313",,,,,,,,,,,,,,,,"185.156.73.169",0,0,"-",,,,,,,,,"NtLmSsp ",3,"3 - Network",,,,,,,,,,,,,,,,,,,,,,,,,,,,,,,,,,,,,,,,,,,,,,,,,"-",0x0,"-",,,,,,,,,,,,,,,,,,,,,,,,,,,,,0xc000006d,"-\-",,,,"-",,0x0,,,"-","S-1-0-0",0xc0000064,,"SOC-LabTest-RG\workshop","SOC-LabTest-RG",,,,,,,,,,workshop,"S-1-0-0",,,,,,,,"-",,,,,,,,"-",LogAlways,"c30dff82-6b97-43a0-ac83-f134bafd8c78","c30dff82-6b97-43a0-ac83-f134bafd8c79","00000000-0000-0000-0000-000000000001","4/6/2026, 8:42:13.414 AM","AOI-686d5249-052b-4467-a46a-5b3917a2115b","N/A",0,0,0x8010000000000000,"{c30dff82-6b97-0001-3685-f50e8bc5dc01}",912,2964,1988,SecurityEvent,"/subscriptions/d2baea97-676b-4bde-acc8-351170ec332a/resourcegroups/rg-soc-lab-april/providers/microsoft.compute/virtualmachines/soc-labtest-rg"
"686d5249-052b-4467-a46a-5b3917a2115b","4/6/2026, 8:41:25.005 AM",OpsManager,"SOC-LabTest-RG\cameras",User,"SOC-LabTest-RG","Microsoft-Windows-Security-Auditing",Security,12544,0,,4625,"4625 - An account failed to log on.",,,,,,,,,,,,,,,,,,,,NTLM,,,,,,,,,,,,,,,,,,,,,,,,,,,,,,,,,"%%2313",,,,,,,,,,,,,,,,"185.156.73.74",0,0,"-",,,,,,,,,"NtLmSsp ",3,"3 - Network",,,,,,,,,,,,,,,,,,,,,,,,,,,,,,,,,,,,,,,,,,,,,,,,,"-",0x0,"-",,,,,,,,,,,,,,,,,,,,,,,,,,,,,0xc000006d,"-\-",,,,"-",,0x0,,,"-","S-1-0-0",0xc0000064,,"SOC-LabTest-RG\cameras","SOC-LabTest-RG",,,,,,,,,,cameras,"S-1-0-0",,,,,,,,"-",,,,,,,,"-",LogAlways,"c30dff82-6b97-43a0-ac83-f134bafd8c78","c30dff82-6b97-43a0-ac83-f134bafd8c79","00000000-0000-0000-0000-000000000001","4/6/2026, 8:42:13.414 AM","AOI-686d5249-052b-4467-a46a-5b3917a2115b","N/A",0,0,0x8010000000000000,"{c30dff82-6b97-0001-3685-f50e8bc5dc01}",912,2964,1989,SecurityEvent,"/subscriptions/d2baea97-676b-4bde-acc8-351170ec332a/resourcegroups/rg-soc-lab-april/providers/microsoft.compute/virtualmachines/soc-labtest-rg"
"686d5249-052b-4467-a46a-5b3917a2115b","4/6/2026, 8:41:25.091 AM",OpsManager,"SOC-LabTest-RG\yahya",User,"SOC-LabTest-RG","Microsoft-Windows-Security-Auditing",Security,12544,0,,4625,"4625 - An account failed to log on.",,,,,,,,,,,,,,,,,,,,NTLM,,,,,,,,,,,,,,,,,,,,,,,,,,,,,,,,,"%%2313",,,,,,,,,,,,,,,,"185.156.73.169",0,0,"-",,,,,,,,,"NtLmSsp ",3,"3 - Network",,,,,,,,,,,,,,,,,,,,,,,,,,,,,,,,,,,,,,,,,,,,,,,,,"-",0x0,"-",,,,,,,,,,,,,,,,,,,,,,,,,,,,,0xc000006d,"-\-",,,,"-",,0x0,,,"-","S-1-0-0",0xc0000064,,"SOC-LabTest-RG\yahya","SOC-LabTest-RG",,,,,,,,,,yahya,"S-1-0-0",,,,,,,,"-",,,,,,,,"-",LogAlways,"c30dff82-6b97-43a0-ac83-f134bafd8c78","c30dff82-6b97-43a0-ac83-f134bafd8c79","00000000-0000-0000-0000-000000000001","4/6/2026, 8:42:13.414 AM","AOI-686d5249-052b-4467-a46a-5b3917a2115b","N/A",0,0,0x8010000000000000,"{c30dff82-6b97-0001-3685-f50e8bc5dc01}",912,2964,1990,SecurityEvent,"/subscriptions/d2baea97-676b-4bde-acc8-351170ec332a/resourcegroups/rg-soc-lab-april/providers/microsoft.compute/virtualmachines/soc-labtest-rg"
"686d5249-052b-4467-a46a-5b3917a2115b","4/6/2026, 8:41:25.301 AM",OpsManager,"SOC-LabTest-RG\admin",User,"SOC-LabTest-RG","Microsoft-Windows-Security-Auditing",Security,12544,0,,4625,"4625 - An account failed to log on.",,,,,,,,,,,,,,,,,,,,NTLM,,,,,,,,,,,,,,,,,,,,,,,,,,,,,,,,,"%%2313",,,,,,,,,,,,,,,,"185.156.73.74",0,0,"-",,,,,,,,,"NtLmSsp ",3,"3 - Network",,,,,,,,,,,,,,,,,,,,,,,,,,,,,,,,,,,,,,,,,,,,,,,,,"-",0x0,"-",,,,,,,,,,,,,,,,,,,,,,,,,,,,,0xc000006d,"-\-",,,,"-",,0x0,,,"-","S-1-0-0",0xc0000064,,"SOC-LabTest-RG\admin","SOC-LabTest-RG",,,,,,,,,,admin,"S-1-0-0",,,,,,,,"-",,,,,,,,"-",LogAlways,"c30dff82-6b97-43a0-ac83-f134bafd8c78","c30dff82-6b97-43a0-ac83-f134bafd8c79","00000000-0000-0000-0000-000000000001","4/6/2026, 8:42:13.414 AM","AOI-686d5249-052b-4467-a46a-5b3917a2115b","N/A",0,0,0x8010000000000000,"{c30dff82-6b97-0001-3685-f50e8bc5dc01}",912,2964,1991,SecurityEvent,"/subscriptions/d2baea97-676b-4bde-acc8-351170ec332a/resourcegroups/rg-soc-lab-april/providers/microsoft.compute/virtualmachines/soc-labtest-rg"
"686d5249-052b-4467-a46a-5b3917a2115b","4/6/2026, 8:41:25.628 AM",OpsManager,"SOC-LabTest-RG\s12",User,"SOC-LabTest-RG","Microsoft-Windows-Security-Auditing",Security,12544,0,,4625,"4625 - An account failed to log on.",,,,,,,,,,,,,,,,,,,,NTLM,,,,,,,,,,,,,,,,,,,,,,,,,,,,,,,,,"%%2313",,,,,,,,,,,,,,,,"185.156.73.169",0,0,"-",,,,,,,,,"NtLmSsp ",3,"3 - Network",,,,,,,,,,,,,,,,,,,,,,,,,,,,,,,,,,,,,,,,,,,,,,,,,"-",0x0,"-",,,,,,,,,,,,,,,,,,,,,,,,,,,,,0xc000006d,"-\-",,,,"-",,0x0,,,"-","S-1-0-0",0xc0000064,,"SOC-LabTest-RG\s12","SOC-LabTest-RG",,,,,,,,,,s12,"S-1-0-0",,,,,,,,"-",,,,,,,,"-",LogAlways,"c30dff82-6b97-43a0-ac83-f134bafd8c78","c30dff82-6b97-43a0-ac83-f134bafd8c79","00000000-0000-0000-0000-000000000001","4/6/2026, 8:42:13.414 AM","AOI-686d5249-052b-4467-a46a-5b3917a2115b","N/A",0,0,0x8010000000000000,"{c30dff82-6b97-0001-3685-f50e8bc5dc01}",912,2964,1992,SecurityEvent,"/subscriptions/d2baea97-676b-4bde-acc8-351170ec332a/resourcegroups/rg-soc-lab-april/providers/microsoft.compute/virtualmachines/soc-labtest-rg"
"686d5249-052b-4467-a46a-5b3917a2115b","4/6/2026, 8:41:25.721 AM",OpsManager,"SOC-LabTest-RG\almoxarifado",User,"SOC-LabTest-RG","Microsoft-Windows-Security-Auditing",Security,12544,0,,4625,"4625 - An account failed to log on.",,,,,,,,,,,,,,,,,,,,NTLM,,,,,,,,,,,,,,,,,,,,,,,,,,,,,,,,,"%%2313",,,,,,,,,,,,,,,,"185.156.73.74",0,0,"-",,,,,,,,,"NtLmSsp ",3,"3 - Network",,,,,,,,,,,,,,,,,,,,,,,,,,,,,,,,,,,,,,,,,,,,,,,,,"-",0x0,"-",,,,,,,,,,,,,,,,,,,,,,,,,,,,,0xc000006d,"-\-",,,,"-",,0x0,,,"-","S-1-0-0",0xc0000064,,"SOC-LabTest-RG\almoxarifado","SOC-LabTest-RG",,,,,,,,,,almoxarifado,"S-1-0-0",,,,,,,,"-",,,,,,,,"-",LogAlways,"c30dff82-6b97-43a0-ac83-f134bafd8c78","c30dff82-6b97-43a0-ac83-f134bafd8c79","00000000-0000-0000-0000-000000000001","4/6/2026, 8:42:13.414 AM","AOI-686d5249-052b-4467-a46a-5b3917a2115b","N/A",0,0,0x8010000000000000,"{c30dff82-6b97-0001-3685-f50e8bc5dc01}",912,2964,1993,SecurityEvent,"/subscriptions/d2baea97-676b-4bde-acc8-351170ec332a/resourcegroups/rg-soc-lab-april/providers/microsoft.compute/virtualmachines/soc-labtest-rg"
"686d5249-052b-4467-a46a-5b3917a2115b","4/6/2026, 8:41:25.909 AM",OpsManager,"SOC-LabTest-RG\hehk",User,"SOC-LabTest-RG","Microsoft-Windows-Security-Auditing",Security,12544,0,,4625,"4625 - An account failed to log on.",,,,,,,,,,,,,,,,,,,,NTLM,,,,,,,,,,,,,,,,,,,,,,,,,,,,,,,,,"%%2313",,,,,,,,,,,,,,,,"185.156.73.169",0,0,"-",,,,,,,,,"NtLmSsp ",3,"3 - Network",,,,,,,,,,,,,,,,,,,,,,,,,,,,,,,,,,,,,,,,,,,,,,,,,"-",0x0,"-",,,,,,,,,,,,,,,,,,,,,,,,,,,,,0xc000006d,"-\-",,,,"-",,0x0,,,"-","S-1-0-0",0xc0000064,,"SOC-LabTest-RG\hehk","SOC-LabTest-RG",,,,,,,,,,hehk,"S-1-0-0",,,,,,,,"-",,,,,,,,"-",LogAlways,"c30dff82-6b97-43a0-ac83-f134bafd8c78","c30dff82-6b97-43a0-ac83-f134bafd8c79","00000000-0000-0000-0000-000000000001","4/6/2026, 8:42:13.414 AM","AOI-686d5249-052b-4467-a46a-5b3917a2115b","N/A",0,0,0x8010000000000000,"{c30dff82-6b97-0001-3685-f50e8bc5dc01}",912,2964,1994,SecurityEvent,"/subscriptions/d2baea97-676b-4bde-acc8-351170ec332a/resourcegroups/rg-soc-lab-april/providers/microsoft.compute/virtualmachines/soc-labtest-rg"
"686d5249-052b-4467-a46a-5b3917a2115b","4/6/2026, 8:41:26.065 AM",OpsManager,"SOC-LabTest-RG\caixa",User,"SOC-LabTest-RG","Microsoft-Windows-Security-Auditing",Security,12544,0,,4625,"4625 - An account failed to log on.",,,,,,,,,,,,,,,,,,,,NTLM,,,,,,,,,,,,,,,,,,,,,,,,,,,,,,,,,"%%2313",,,,,,,,,,,,,,,,"185.156.73.74",0,0,"-",,,,,,,,,"NtLmSsp ",3,"3 - Network",,,,,,,,,,,,,,,,,,,,,,,,,,,,,,,,,,,,,,,,,,,,,,,,,"-",0x0,"-",,,,,,,,,,,,,,,,,,,,,,,,,,,,,0xc000006d,"-\-",,,,"-",,0x0,,,"-","S-1-0-0",0xc0000064,,"SOC-LabTest-RG\caixa","SOC-LabTest-RG",,,,,,,,,,caixa,"S-1-0-0",,,,,,,,"-",,,,,,,,"-",LogAlways,"c30dff82-6b97-43a0-ac83-f134bafd8c78","c30dff82-6b97-43a0-ac83-f134bafd8c79","00000000-0000-0000-0000-000000000001","4/6/2026, 8:42:13.414 AM","AOI-686d5249-052b-4467-a46a-5b3917a2115b","N/A",0,0,0x8010000000000000,"{c30dff82-6b97-0001-3685-f50e8bc5dc01}",912,2964,1995,SecurityEvent,"/subscriptions/d2baea97-676b-4bde-acc8-351170ec332a/resourcegroups/rg-soc-lab-april/providers/microsoft.compute/virtualmachines/soc-labtest-rg"
