"686d5249-052b-4467-a46a-5b3917a2115b","4/6/2026, 8:58:48.839 AM",OpsManager,"SOC-LabTest-RG\work",User,"SOC-LabTest-RG","Microsoft-Windows-Security-Auditing",Security,12544,0,,4625,"4625 - An account failed to log on.",,,,,,,,,,,,,,,,,,,,NTLM,,,,,,,,,,,,,,,,,,,,,,,,,,,,,,,,,"%%2313",,,,,,,,,,,,,,,,"185.156.73.74",0,0,"-",,,,,,,,,"NtLmSsp ",3,"3 - Network",,,,,,,,,,,,,,,,,,,,,,,,,,,,,,,,,,,,,,,,,,,,,,,,,"-",0x0,"-",,,,,,,,,,,,,,,,,,,,,,,,,,,,,0xc000006d,"-\-",,,,"-",,0x0,,,"-","S-1-0-0",0xc0000064,,"SOC-LabTest-RG\work","SOC-LabTest-RG",,,,,,,,,,work,"S-1-0-0",,,,,,,,"-",,,,,,,,"-",LogAlways,"c30dff82-6b97-43a0-ac83-f134bafd8c78","c30dff82-6b97-43a0-ac83-f134bafd8c79","00000000-0000-0000-0000-000000000001","4/6/2026, 8:59:33.406 AM","AOI-686d5249-052b-4467-a46a-5b3917a2115b","N/A",0,0,0x8010000000000000,"{c30dff82-6b97-0001-3685-f50e8bc5dc01}",912,8456,7370,SecurityEvent,"/subscriptions/d2baea97-676b-4bde-acc8-351170ec332a/resourcegroups/rg-soc-lab-april/providers/microsoft.compute/virtualmachines/soc-labtest-rg"
"686d5249-052b-4467-a46a-5b3917a2115b","4/6/2026, 8:58:48.915 AM",OpsManager,"SOC-LabTest-RG\valisettes",User,"SOC-LabTest-RG","Microsoft-Windows-Security-Auditing",Security,12544,0,,4625,"4625 - An account failed to log on.",,,,,,,,,,,,,,,,,,,,NTLM,,,,,,,,,,,,,,,,,,,,,,,,,,,,,,,,,"%%2313",,,,,,,,,,,,,,,,"185.156.73.169",0,0,"-",,,,,,,,,"NtLmSsp ",3,"3 - Network",,,,,,,,,,,,,,,,,,,,,,,,,,,,,,,,,,,,,,,,,,,,,,,,,"-",0x0,"-",,,,,,,,,,,,,,,,,,,,,,,,,,,,,0xc000006d,"-\-",,,,"-",,0x0,,,"-","S-1-0-0",0xc0000064,,"SOC-LabTest-RG\valisettes","SOC-LabTest-RG",,,,,,,,,,valisettes,"S-1-0-0",,,,,,,,"-",,,,,,,,"-",LogAlways,"c30dff82-6b97-43a0-ac83-f134bafd8c78","c30dff82-6b97-43a0-ac83-f134bafd8c79","00000000-0000-0000-0000-000000000001","4/6/2026, 8:59:33.406 AM","AOI-686d5249-052b-4467-a46a-5b3917a2115b","N/A",0,0,0x8010000000000000,"{c30dff82-6b97-0001-3685-f50e8bc5dc01}",912,8456,7371,SecurityEvent,"/subscriptions/d2baea97-676b-4bde-acc8-351170ec332a/resourcegroups/rg-soc-lab-april/providers/microsoft.compute/virtualmachines/soc-labtest-rg"
"686d5249-052b-4467-a46a-5b3917a2115b","4/6/2026, 8:58:49.093 AM",OpsManager,"SOC-LabTest-RG\bandar2",User,"SOC-LabTest-RG","Microsoft-Windows-Security-Auditing",Security,12544,0,,4625,"4625 - An account failed to log on.",,,,,,,,,,,,,,,,,,,,NTLM,,,,,,,,,,,,,,,,,,,,,,,,,,,,,,,,,"%%2313",,,,,,,,,,,,,,,,"185.156.73.74",0,0,"-",,,,,,,,,"NtLmSsp ",3,"3 - Network",,,,,,,,,,,,,,,,,,,,,,,,,,,,,,,,,,,,,,,,,,,,,,,,,"-",0x0,"-",,,,,,,,,,,,,,,,,,,,,,,,,,,,,0xc000006d,"-\-",,,,"-",,0x0,,,"-","S-1-0-0",0xc0000064,,"SOC-LabTest-RG\bandar2","SOC-LabTest-RG",,,,,,,,,,bandar2,"S-1-0-0",,,,,,,,"-",,,,,,,,"-",LogAlways,"c30dff82-6b97-43a0-ac83-f134bafd8c78","c30dff82-6b97-43a0-ac83-f134bafd8c79","00000000-0000-0000-0000-000000000001","4/6/2026, 8:59:33.406 AM","AOI-686d5249-052b-4467-a46a-5b3917a2115b","N/A",0,0,0x8010000000000000,"{c30dff82-6b97-0001-3685-f50e8bc5dc01}",912,5880,7372,SecurityEvent,"/subscriptions/d2baea97-676b-4bde-acc8-351170ec332a/resourcegroups/rg-soc-lab-april/providers/microsoft.compute/virtualmachines/soc-labtest-rg"
"686d5249-052b-4467-a46a-5b3917a2115b","4/6/2026, 8:58:49.283 AM",OpsManager,"SOC-LabTest-RG\ruan",User,"SOC-LabTest-RG","Microsoft-Windows-Security-Auditing",Security,12544,0,,4625,"4625 - An account failed to log on.",,,,,,,,,,,,,,,,,,,,NTLM,,,,,,,,,,,,,,,,,,,,,,,,,,,,,,,,,"%%2313",,,,,,,,,,,,,,,,"185.156.73.169",0,0,"-",,,,,,,,,"NtLmSsp ",3,"3 - Network",,,,,,,,,,,,,,,,,,,,,,,,,,,,,,,,,,,,,,,,,,,,,,,,,"-",0x0,"-",,,,,,,,,,,,,,,,,,,,,,,,,,,,,0xc000006d,"-\-",,,,"-",,0x0,,,"-","S-1-0-0",0xc0000064,,"SOC-LabTest-RG\ruan","SOC-LabTest-RG",,,,,,,,,,ruan,"S-1-0-0",,,,,,,,"-",,,,,,,,"-",LogAlways,"c30dff82-6b97-43a0-ac83-f134bafd8c78","c30dff82-6b97-43a0-ac83-f134bafd8c79","00000000-0000-0000-0000-000000000001","4/6/2026, 8:59:33.406 AM","AOI-686d5249-052b-4467-a46a-5b3917a2115b","N/A",0,0,0x8010000000000000,"{c30dff82-6b97-0001-3685-f50e8bc5dc01}",912,5880,7373,SecurityEvent,"/subscriptions/d2baea97-676b-4bde-acc8-351170ec332a/resourcegroups/rg-soc-lab-april/providers/microsoft.compute/virtualmachines/soc-labtest-rg"
"686d5249-052b-4467-a46a-5b3917a2115b","4/6/2026, 8:58:49.452 AM",OpsManager,"SOC-LabTest-RG\remote",User,"SOC-LabTest-RG","Microsoft-Windows-Security-Auditing",Security,12544,0,,4625,"4625 - An account failed to log on.",,,,,,,,,,,,,,,,,,,,NTLM,,,,,,,,,,,,,,,,,,,,,,,,,,,,,,,,,"%%2313",,,,,,,,,,,,,,,,"185.156.73.74",0,0,"-",,,,,,,,,"NtLmSsp ",3,"3 - Network",,,,,,,,,,,,,,,,,,,,,,,,,,,,,,,,,,,,,,,,,,,,,,,,,"-",0x0,"-",,,,,,,,,,,,,,,,,,,,,,,,,,,,,0xc000006d,"-\-",,,,"-",,0x0,,,"-","S-1-0-0",0xc0000064,,"SOC-LabTest-RG\remote","SOC-LabTest-RG",,,,,,,,,,remote,"S-1-0-0",,,,,,,,"-",,,,,,,,"-",LogAlways,"c30dff82-6b97-43a0-ac83-f134bafd8c78","c30dff82-6b97-43a0-ac83-f134bafd8c79","00000000-0000-0000-0000-000000000001","4/6/2026, 8:59:33.406 AM","AOI-686d5249-052b-4467-a46a-5b3917a2115b","N/A",0,0,0x8010000000000000,"{c30dff82-6b97-0001-3685-f50e8bc5dc01}",912,5880,7374,SecurityEvent,"/subscriptions/d2baea97-676b-4bde-acc8-351170ec332a/resourcegroups/rg-soc-lab-april/providers/microsoft.compute/virtualmachines/soc-labtest-rg"
"686d5249-052b-4467-a46a-5b3917a2115b","4/6/2026, 8:58:49.597 AM",OpsManager,"SOC-LabTest-RG\webmaster",User,"SOC-LabTest-RG","Microsoft-Windows-Security-Auditing",Security,12544,0,,4625,"4625 - An account failed to log on.",,,,,,,,,,,,,,,,,,,,NTLM,,,,,,,,,,,,,,,,,,,,,,,,,,,,,,,,,"%%2313",,,,,,,,,,,,,,,,"185.156.73.169",0,0,"-",,,,,,,,,"NtLmSsp ",3,"3 - Network",,,,,,,,,,,,,,,,,,,,,,,,,,,,,,,,,,,,,,,,,,,,,,,,,"-",0x0,"-",,,,,,,,,,,,,,,,,,,,,,,,,,,,,0xc000006d,"-\-",,,,"-",,0x0,,,"-","S-1-0-0",0xc0000064,,"SOC-LabTest-RG\webmaster","SOC-LabTest-RG",,,,,,,,,,webmaster,"S-1-0-0",,,,,,,,"-",,,,,,,,"-",LogAlways,"c30dff82-6b97-43a0-ac83-f134bafd8c78","c30dff82-6b97-43a0-ac83-f134bafd8c79","00000000-0000-0000-0000-000000000001","4/6/2026, 8:59:33.406 AM","AOI-686d5249-052b-4467-a46a-5b3917a2115b","N/A",0,0,0x8010000000000000,"{c30dff82-6b97-0001-3685-f50e8bc5dc01}",912,5880,7375,SecurityEvent,"/subscriptions/d2baea97-676b-4bde-acc8-351170ec332a/resourcegroups/rg-soc-lab-april/providers/microsoft.compute/virtualmachines/soc-labtest-rg"
"686d5249-052b-4467-a46a-5b3917a2115b","4/6/2026, 8:58:49.723 AM",OpsManager,"SOC-LabTest-RG\puesto3",User,"SOC-LabTest-RG","Microsoft-Windows-Security-Auditing",Security,12544,0,,4625,"4625 - An account failed to log on.",,,,,,,,,,,,,,,,,,,,NTLM,,,,,,,,,,,,,,,,,,,,,,,,,,,,,,,,,"%%2313",,,,,,,,,,,,,,,,"185.156.73.74",0,0,"-",,,,,,,,,"NtLmSsp ",3,"3 - Network",,,,,,,,,,,,,,,,,,,,,,,,,,,,,,,,,,,,,,,,,,,,,,,,,"-",0x0,"-",,,,,,,,,,,,,,,,,,,,,,,,,,,,,0xc000006d,"-\-",,,,"-",,0x0,,,"-","S-1-0-0",0xc0000064,,"SOC-LabTest-RG\puesto3","SOC-LabTest-RG",,,,,,,,,,puesto3,"S-1-0-0",,,,,,,,"-",,,,,,,,"-",LogAlways,"c30dff82-6b97-43a0-ac83-f134bafd8c78","c30dff82-6b97-43a0-ac83-f134bafd8c79","00000000-0000-0000-0000-000000000001","4/6/2026, 8:59:33.406 AM","AOI-686d5249-052b-4467-a46a-5b3917a2115b","N/A",0,0,0x8010000000000000,"{c30dff82-6b97-0001-3685-f50e8bc5dc01}",912,5880,7376,SecurityEvent,"/subscriptions/d2baea97-676b-4bde-acc8-351170ec332a/resourcegroups/rg-soc-lab-april/providers/microsoft.compute/virtualmachines/soc-labtest-rg"
"686d5249-052b-4467-a46a-5b3917a2115b","4/6/2026, 8:58:50.067 AM",OpsManager,"SOC-LabTest-RG\streaming",User,"SOC-LabTest-RG","Microsoft-Windows-Security-Auditing",Security,12544,0,,4625,"4625 - An account failed to log on.",,,,,,,,,,,,,,,,,,,,NTLM,,,,,,,,,,,,,,,,,,,,,,,,,,,,,,,,,"%%2313",,,,,,,,,,,,,,,,"185.156.73.169",0,0,"-",,,,,,,,,"NtLmSsp ",3,"3 - Network",,,,,,,,,,,,,,,,,,,,,,,,,,,,,,,,,,,,,,,,,,,,,,,,,"-",0x0,"-",,,,,,,,,,,,,,,,,,,,,,,,,,,,,0xc000006d,"-\-",,,,"-",,0x0,,,"-","S-1-0-0",0xc0000064,,"SOC-LabTest-RG\streaming","SOC-LabTest-RG",,,,,,,,,,streaming,"S-1-0-0",,,,,,,,"-",,,,,,,,"-",LogAlways,"c30dff82-6b97-43a0-ac83-f134bafd8c78","c30dff82-6b97-43a0-ac83-f134bafd8c79","00000000-0000-0000-0000-000000000001","4/6/2026, 8:59:33.406 AM","AOI-686d5249-052b-4467-a46a-5b3917a2115b","N/A",0,0,0x8010000000000000,"{c30dff82-6b97-0001-3685-f50e8bc5dc01}",912,8456,7377,SecurityEvent,"/subscriptions/d2baea97-676b-4bde-acc8-351170ec332a/resourcegroups/rg-soc-lab-april/providers/microsoft.compute/virtualmachines/soc-labtest-rg"
"686d5249-052b-4467-a46a-5b3917a2115b","4/6/2026, 8:58:50.238 AM",OpsManager,"SOC-LabTest-RG\bandar09",User,"SOC-LabTest-RG","Microsoft-Windows-Security-Auditing",Security,12544,0,,4625,"4625 - An account failed to log on.",,,,,,,,,,,,,,,,,,,,NTLM,,,,,,,,,,,,,,,,,,,,,,,,,,,,,,,,,"%%2313",,,,,,,,,,,,,,,,"185.156.73.74",0,0,"-",,,,,,,,,"NtLmSsp ",3,"3 - Network",,,,,,,,,,,,,,,,,,,,,,,,,,,,,,,,,,,,,,,,,,,,,,,,,"-",0x0,"-",,,,,,,,,,,,,,,,,,,,,,,,,,,,,0xc000006d,"-\-",,,,"-",,0x0,,,"-","S-1-0-0",0xc0000064,,"SOC-LabTest-RG\bandar09","SOC-LabTest-RG",,,,,,,,,,bandar09,"S-1-0-0",,,,,,,,"-",,,,,,,,"-",LogAlways,"c30dff82-6b97-43a0-ac83-f134bafd8c78","c30dff82-6b97-43a0-ac83-f134bafd8c79","00000000-0000-0000-0000-000000000001","4/6/2026, 8:59:33.406 AM","AOI-686d5249-052b-4467-a46a-5b3917a2115b","N/A",0,0,0x8010000000000000,"{c30dff82-6b97-0001-3685-f50e8bc5dc01}",912,8456,7378,SecurityEvent,"/subscriptions/d2baea97-676b-4bde-acc8-351170ec332a/resourcegroups/rg-soc-lab-april/providers/microsoft.compute/virtualmachines/soc-labtest-rg"
"686d5249-052b-4467-a46a-5b3917a2115b","4/6/2026, 8:58:50.394 AM",OpsManager,"SOC-LabTest-RG\paola",User,"SOC-LabTest-RG","Microsoft-Windows-Security-Auditing",Security,12544,0,,4625,"4625 - An account failed to log on.",,,,,,,,,,,,,,,,,,,,NTLM,,,,,,,,,,,,,,,,,,,,,,,,,,,,,,,,,"%%2313",,,,,,,,,,,,,,,,"185.156.73.169",0,0,"-",,,,,,,,,"NtLmSsp ",3,"3 - Network",,,,,,,,,,,,,,,,,,,,,,,,,,,,,,,,,,,,,,,,,,,,,,,,,"-",0x0,"-",,,,,,,,,,,,,,,,,,,,,,,,,,,,,0xc000006d,"-\-",,,,"-",,0x0,,,"-","S-1-0-0",0xc0000064,,"SOC-LabTest-RG\paola","SOC-LabTest-RG",,,,,,,,,,paola,"S-1-0-0",,,,,,,,"-",,,,,,,,"-",LogAlways,"c30dff82-6b97-43a0-ac83-f134bafd8c78","c30dff82-6b97-43a0-ac83-f134bafd8c79","00000000-0000-0000-0000-000000000001","4/6/2026, 8:59:33.406 AM","AOI-686d5249-052b-4467-a46a-5b3917a2115b","N/A",0,0,0x8010000000000000,"{c30dff82-6b97-0001-3685-f50e8bc5dc01}",912,8456,7379,SecurityEvent,"/subscriptions/d2baea97-676b-4bde-acc8-351170ec332a/resourcegroups/rg-soc-lab-april/providers/microsoft.compute/virtualmachines/soc-labtest-rg"
"686d5249-052b-4467-a46a-5b3917a2115b","4/6/2026, 8:58:50.502 AM",OpsManager,"SOC-LabTest-RG\milena",User,"SOC-LabTest-RG","Microsoft-Windows-Security-Auditing",Security,12544,0,,4625,"4625 - An account failed to log on.",,,,,,,,,,,,,,,,,,,,NTLM,,,,,,,,,,,,,,,,,,,,,,,,,,,,,,,,,"%%2313",,,,,,,,,,,,,,,,"185.156.73.74",0,0,"-",,,,,,,,,"NtLmSsp ",3,"3 - Network",,,,,,,,,,,,,,,,,,,,,,,,,,,,,,,,,,,,,,,,,,,,,,,,,"-",0x0,"-",,,,,,,,,,,,,,,,,,,,,,,,,,,,,0xc000006d,"-\-",,,,"-",,0x0,,,"-","S-1-0-0",0xc0000064,,"SOC-LabTest-RG\milena","SOC-LabTest-RG",,,,,,,,,,milena,"S-1-0-0",,,,,,,,"-",,,,,,,,"-",LogAlways,"c30dff82-6b97-43a0-ac83-f134bafd8c78","c30dff82-6b97-43a0-ac83-f134bafd8c79","00000000-0000-0000-0000-000000000001","4/6/2026, 8:59:33.406 AM","AOI-686d5249-052b-4467-a46a-5b3917a2115b","N/A",0,0,0x8010000000000000,"{c30dff82-6b97-0001-3685-f50e8bc5dc01}",912,8456,7380,SecurityEvent,"/subscriptions/d2baea97-676b-4bde-acc8-351170ec332a/resourcegroups/rg-soc-lab-april/providers/microsoft.compute/virtualmachines/soc-labtest-rg"
"686d5249-052b-4467-a46a-5b3917a2115b","4/6/2026, 8:58:50.695 AM",OpsManager,"SOC-LabTest-RG\aida",User,"SOC-LabTest-RG","Microsoft-Windows-Security-Auditing",Security,12544,0,,4625,"4625 - An account failed to log on.",,,,,,,,,,,,,,,,,,,,NTLM,,,,,,,,,,,,,,,,,,,,,,,,,,,,,,,,,"%%2313",,,,,,,,,,,,,,,,"185.156.73.169",0,0,"-",,,,,,,,,"NtLmSsp ",3,"3 - Network",,,,,,,,,,,,,,,,,,,,,,,,,,,,,,,,,,,,,,,,,,,,,,,,,"-",0x0,"-",,,,,,,,,,,,,,,,,,,,,,,,,,,,,0xc000006d,"-\-",,,,"-",,0x0,,,"-","S-1-0-0",0xc0000064,,"SOC-LabTest-RG\aida","SOC-LabTest-RG",,,,,,,,,,aida,"S-1-0-0",,,,,,,,"-",,,,,,,,"-",LogAlways,"c30dff82-6b97-43a0-ac83-f134bafd8c78","c30dff82-6b97-43a0-ac83-f134bafd8c79","00000000-0000-0000-0000-000000000001","4/6/2026, 8:59:33.406 AM","AOI-686d5249-052b-4467-a46a-5b3917a2115b","N/A",0,0,0x8010000000000000,"{c30dff82-6b97-0001-3685-f50e8bc5dc01}",912,8456,7381,SecurityEvent,"/subscriptions/d2baea97-676b-4bde-acc8-351170ec332a/resourcegroups/rg-soc-lab-april/providers/microsoft.compute/virtualmachines/soc-labtest-rg"
"686d5249-052b-4467-a46a-5b3917a2115b","4/6/2026, 8:58:50.818 AM",OpsManager,"SOC-LabTest-RG\cav1",User,"SOC-LabTest-RG","Microsoft-Windows-Security-Auditing",Security,12544,0,,4625,"4625 - An account failed to log on.",,,,,,,,,,,,,,,,,,,,NTLM,,,,,,,,,,,,,,,,,,,,,,,,,,,,,,,,,"%%2313",,,,,,,,,,,,,,,,"185.156.73.74",0,0,"-",,,,,,,,,"NtLmSsp ",3,"3 - Network",,,,,,,,,,,,,,,,,,,,,,,,,,,,,,,,,,,,,,,,,,,,,,,,,"-",0x0,"-",,,,,,,,,,,,,,,,,,,,,,,,,,,,,0xc000006d,"-\-",,,,"-",,0x0,,,"-","S-1-0-0",0xc0000064,,"SOC-LabTest-RG\cav1","SOC-LabTest-RG",,,,,,,,,,cav1,"S-1-0-0",,,,,,,,"-",,,,,,,,"-",LogAlways,"c30dff82-6b97-43a0-ac83-f134bafd8c78","c30dff82-6b97-43a0-ac83-f134bafd8c79","00000000-0000-0000-0000-000000000001","4/6/2026, 8:59:33.406 AM","AOI-686d5249-052b-4467-a46a-5b3917a2115b","N/A",0,0,0x8010000000000000,"{c30dff82-6b97-0001-3685-f50e8bc5dc01}",912,5880,7382,SecurityEvent,"/subscriptions/d2baea97-676b-4bde-acc8-351170ec332a/resourcegroups/rg-soc-lab-april/providers/microsoft.compute/virtualmachines/soc-labtest-rg"
"686d5249-052b-4467-a46a-5b3917a2115b","4/6/2026, 8:58:51.265 AM",OpsManager,"SOC-LabTest-RG\kilian",User,"SOC-LabTest-RG","Microsoft-Windows-Security-Auditing",Security,12544,0,,4625,"4625 - An account failed to log on.",,,,,,,,,,,,,,,,,,,,NTLM,,,,,,,,,,,,,,,,,,,,,,,,,,,,,,,,,"%%2313",,,,,,,,,,,,,,,,"185.156.73.169",0,0,"-",,,,,,,,,"NtLmSsp ",3,"3 - Network",,,,,,,,,,,,,,,,,,,,,,,,,,,,,,,,,,,,,,,,,,,,,,,,,"-",0x0,"-",,,,,,,,,,,,,,,,,,,,,,,,,,,,,0xc000006d,"-\-",,,,"-",,0x0,,,"-","S-1-0-0",0xc0000064,,"SOC-LabTest-RG\kilian","SOC-LabTest-RG",,,,,,,,,,kilian,"S-1-0-0",,,,,,,,"-",,,,,,,,"-",LogAlways,"c30dff82-6b97-43a0-ac83-f134bafd8c78","c30dff82-6b97-43a0-ac83-f134bafd8c79","00000000-0000-0000-0000-000000000001","4/6/2026, 8:59:33.406 AM","AOI-686d5249-052b-4467-a46a-5b3917a2115b","N/A",0,0,0x8010000000000000,"{c30dff82-6b97-0001-3685-f50e8bc5dc01}",912,5880,7383,SecurityEvent,"/subscriptions/d2baea97-676b-4bde-acc8-351170ec332a/resourcegroups/rg-soc-lab-april/providers/microsoft.compute/virtualmachines/soc-labtest-rg"
"686d5249-052b-4467-a46a-5b3917a2115b","4/6/2026, 8:58:51.299 AM",OpsManager,"SOC-LabTest-RG\accounts",User,"SOC-LabTest-RG","Microsoft-Windows-Security-Auditing",Security,12544,0,,4625,"4625 - An account failed to log on.",,,,,,,,,,,,,,,,,,,,NTLM,,,,,,,,,,,,,,,,,,,,,,,,,,,,,,,,,"%%2313",,,,,,,,,,,,,,,,"185.156.73.74",0,0,"-",,,,,,,,,"NtLmSsp ",3,"3 - Network",,,,,,,,,,,,,,,,,,,,,,,,,,,,,,,,,,,,,,,,,,,,,,,,,"-",0x0,"-",,,,,,,,,,,,,,,,,,,,,,,,,,,,,0xc000006d,"-\-",,,,"-",,0x0,,,"-","S-1-0-0",0xc0000064,,"SOC-LabTest-RG\accounts","SOC-LabTest-RG",,,,,,,,,,accounts,"S-1-0-0",,,,,,,,"-",,,,,,,,"-",LogAlways,"c30dff82-6b97-43a0-ac83-f134bafd8c78","c30dff82-6b97-43a0-ac83-f134bafd8c79","00000000-0000-0000-0000-000000000001","4/6/2026, 8:59:33.406 AM","AOI-686d5249-052b-4467-a46a-5b3917a2115b","N/A",0,0,0x8010000000000000,"{c30dff82-6b97-0001-3685-f50e8bc5dc01}",912,5880,7384,SecurityEvent,"/subscriptions/d2baea97-676b-4bde-acc8-351170ec332a/resourcegroups/rg-soc-lab-april/providers/microsoft.compute/virtualmachines/soc-labtest-rg"
"686d5249-052b-4467-a46a-5b3917a2115b","4/6/2026, 8:58:51.603 AM",OpsManager,"SOC-LabTest-RG\mdl",User,"SOC-LabTest-RG","Microsoft-Windows-Security-Auditing",Security,12544,0,,4625,"4625 - An account failed to log on.",,,,,,,,,,,,,,,,,,,,NTLM,,,,,,,,,,,,,,,,,,,,,,,,,,,,,,,,,"%%2313",,,,,,,,,,,,,,,,"185.156.73.74",0,0,"-",,,,,,,,,"NtLmSsp ",3,"3 - Network",,,,,,,,,,,,,,,,,,,,,,,,,,,,,,,,,,,,,,,,,,,,,,,,,"-",0x0,"-",,,,,,,,,,,,,,,,,,,,,,,,,,,,,0xc000006d,"-\-",,,,"-",,0x0,,,"-","S-1-0-0",0xc0000064,,"SOC-LabTest-RG\mdl","SOC-LabTest-RG",,,,,,,,,,mdl,"S-1-0-0",,,,,,,,"-",,,,,,,,"-",LogAlways,"c30dff82-6b97-43a0-ac83-f134bafd8c78","c30dff82-6b97-43a0-ac83-f134bafd8c79","00000000-0000-0000-0000-000000000001","4/6/2026, 8:59:33.406 AM","AOI-686d5249-052b-4467-a46a-5b3917a2115b","N/A",0,0,0x8010000000000000,"{c30dff82-6b97-0001-3685-f50e8bc5dc01}",912,5880,7385,SecurityEvent,"/subscriptions/d2baea97-676b-4bde-acc8-351170ec332a/resourcegroups/rg-soc-lab-april/providers/microsoft.compute/virtualmachines/soc-labtest-rg"
"686d5249-052b-4467-a46a-5b3917a2115b","4/6/2026, 8:58:51.942 AM",OpsManager,"SOC-LabTest-RG\temp",User,"SOC-LabTest-RG","Microsoft-Windows-Security-Auditing",Security,12544,0,,4625,"4625 - An account failed to log on.",,,,,,,,,,,,,,,,,,,,NTLM,,,,,,,,,,,,,,,,,,,,,,,,,,,,,,,,,"%%2313",,,,,,,,,,,,,,,,"185.156.73.74",0,0,"-",,,,,,,,,"NtLmSsp ",3,"3 - Network",,,,,,,,,,,,,,,,,,,,,,,,,,,,,,,,,,,,,,,,,,,,,,,,,"-",0x0,"-",,,,,,,,,,,,,,,,,,,,,,,,,,,,,0xc000006d,"-\-",,,,"-",,0x0,,,"-","S-1-0-0",0xc0000064,,"SOC-LabTest-RG\temp","SOC-LabTest-RG",,,,,,,,,,temp,"S-1-0-0",,,,,,,,"-",,,,,,,,"-",LogAlways,"c30dff82-6b97-43a0-ac83-f134bafd8c78","c30dff82-6b97-43a0-ac83-f134bafd8c79","00000000-0000-0000-0000-000000000001","4/6/2026, 8:59:33.406 AM","AOI-686d5249-052b-4467-a46a-5b3917a2115b","N/A",0,0,0x8010000000000000,"{c30dff82-6b97-0001-3685-f50e8bc5dc01}",912,5880,7386,SecurityEvent,"/subscriptions/d2baea97-676b-4bde-acc8-351170ec332a/resourcegroups/rg-soc-lab-april/providers/microsoft.compute/virtualmachines/soc-labtest-rg"
"686d5249-052b-4467-a46a-5b3917a2115b","4/6/2026, 8:58:52.027 AM",OpsManager,"SOC-LabTest-RG\uretim",User,"SOC-LabTest-RG","Microsoft-Windows-Security-Auditing",Security,12544,0,,4625,"4625 - An account failed to log on.",,,,,,,,,,,,,,,,,,,,NTLM,,,,,,,,,,,,,,,,,,,,,,,,,,,,,,,,,"%%2313",,,,,,,,,,,,,,,,"185.156.73.169",0,0,"-",,,,,,,,,"NtLmSsp ",3,"3 - Network",,,,,,,,,,,,,,,,,,,,,,,,,,,,,,,,,,,,,,,,,,,,,,,,,"-",0x0,"-",,,,,,,,,,,,,,,,,,,,,,,,,,,,,0xc000006d,"-\-",,,,"-",,0x0,,,"-","S-1-0-0",0xc0000064,,"SOC-LabTest-RG\uretim","SOC-LabTest-RG",,,,,,,,,,uretim,"S-1-0-0",,,,,,,,"-",,,,,,,,"-",LogAlways,"c30dff82-6b97-43a0-ac83-f134bafd8c78","c30dff82-6b97-43a0-ac83-f134bafd8c79","00000000-0000-0000-0000-000000000001","4/6/2026, 8:59:33.406 AM","AOI-686d5249-052b-4467-a46a-5b3917a2115b","N/A",0,0,0x8010000000000000,"{c30dff82-6b97-0001-3685-f50e8bc5dc01}",912,5880,7387,SecurityEvent,"/subscriptions/d2baea97-676b-4bde-acc8-351170ec332a/resourcegroups/rg-soc-lab-april/providers/microsoft.compute/virtualmachines/soc-labtest-rg"
"686d5249-052b-4467-a46a-5b3917a2115b","4/6/2026, 8:58:52.086 AM",OpsManager,"SOC-LabTest-RG\laguas",User,"SOC-LabTest-RG","Microsoft-Windows-Security-Auditing",Security,12544,0,,4625,"4625 - An account failed to log on.",,,,,,,,,,,,,,,,,,,,NTLM,,,,,,,,,,,,,,,,,,,,,,,,,,,,,,,,,"%%2313",,,,,,,,,,,,,,,,"185.156.73.169",0,0,"-",,,,,,,,,"NtLmSsp ",3,"3 - Network",,,,,,,,,,,,,,,,,,,,,,,,,,,,,,,,,,,,,,,,,,,,,,,,,"-",0x0,"-",,,,,,,,,,,,,,,,,,,,,,,,,,,,,0xc000006d,"-\-",,,,"-",,0x0,,,"-","S-1-0-0",0xc0000064,,"SOC-LabTest-RG\laguas","SOC-LabTest-RG",,,,,,,,,,laguas,"S-1-0-0",,,,,,,,"-",,,,,,,,"-",LogAlways,"c30dff82-6b97-43a0-ac83-f134bafd8c78","c30dff82-6b97-43a0-ac83-f134bafd8c79","00000000-0000-0000-0000-000000000001","4/6/2026, 8:59:33.406 AM","AOI-686d5249-052b-4467-a46a-5b3917a2115b","N/A",0,0,0x8010000000000000,"{c30dff82-6b97-0001-3685-f50e8bc5dc01}",912,5880,7388,SecurityEvent,"/subscriptions/d2baea97-676b-4bde-acc8-351170ec332a/resourcegroups/rg-soc-lab-april/providers/microsoft.compute/virtualmachines/soc-labtest-rg"
"686d5249-052b-4467-a46a-5b3917a2115b","4/6/2026, 8:58:52.437 AM",OpsManager,"SOC-LabTest-RG\teste",User,"SOC-LabTest-RG","Microsoft-Windows-Security-Auditing",Security,12544,0,,4625,"4625 - An account failed to log on.",,,,,,,,,,,,,,,,,,,,NTLM,,,,,,,,,,,,,,,,,,,,,,,,,,,,,,,,,"%%2313",,,,,,,,,,,,,,,,"185.156.73.74",0,0,"-",,,,,,,,,"NtLmSsp ",3,"3 - Network",,,,,,,,,,,,,,,,,,,,,,,,,,,,,,,,,,,,,,,,,,,,,,,,,"-",0x0,"-",,,,,,,,,,,,,,,,,,,,,,,,,,,,,0xc000006d,"-\-",,,,"-",,0x0,,,"-","S-1-0-0",0xc0000064,,"SOC-LabTest-RG\teste","SOC-LabTest-RG",,,,,,,,,,teste,"S-1-0-0",,,,,,,,"-",,,,,,,,"-",LogAlways,"c30dff82-6b97-43a0-ac83-f134bafd8c78","c30dff82-6b97-43a0-ac83-f134bafd8c79","00000000-0000-0000-0000-000000000001","4/6/2026, 8:59:33.406 AM","AOI-686d5249-052b-4467-a46a-5b3917a2115b","N/A",0,0,0x8010000000000000,"{c30dff82-6b97-0001-3685-f50e8bc5dc01}",912,5880,7389,SecurityEvent,"/subscriptions/d2baea97-676b-4bde-acc8-351170ec332a/resourcegroups/rg-soc-lab-april/providers/microsoft.compute/virtualmachines/soc-labtest-rg"
"686d5249-052b-4467-a46a-5b3917a2115b","4/6/2026, 8:58:52.536 AM",OpsManager,"SOC-LabTest-RG\atendimento01",User,"SOC-LabTest-RG","Microsoft-Windows-Security-Auditing",Security,12544,0,,4625,"4625 - An account failed to log on.",,,,,,,,,,,,,,,,,,,,NTLM,,,,,,,,,,,,,,,,,,,,,,,,,,,,,,,,,"%%2313",,,,,,,,,,,,,,,,"185.156.73.169",0,0,"-",,,,,,,,,"NtLmSsp ",3,"3 - Network",,,,,,,,,,,,,,,,,,,,,,,,,,,,,,,,,,,,,,,,,,,,,,,,,"-",0x0,"-",,,,,,,,,,,,,,,,,,,,,,,,,,,,,0xc000006d,"-\-",,,,"-",,0x0,,,"-","S-1-0-0",0xc0000064,,"SOC-LabTest-RG\atendimento01","SOC-LabTest-RG",,,,,,,,,,atendimento01,"S-1-0-0",,,,,,,,"-",,,,,,,,"-",LogAlways,"c30dff82-6b97-43a0-ac83-f134bafd8c78","c30dff82-6b97-43a0-ac83-f134bafd8c79","00000000-0000-0000-0000-000000000001","4/6/2026, 8:59:33.406 AM","AOI-686d5249-052b-4467-a46a-5b3917a2115b","N/A",0,0,0x8010000000000000,"{c30dff82-6b97-0001-3685-f50e8bc5dc01}",912,5880,7390,SecurityEvent,"/subscriptions/d2baea97-676b-4bde-acc8-351170ec332a/resourcegroups/rg-soc-lab-april/providers/microsoft.compute/virtualmachines/soc-labtest-rg"
"686d5249-052b-4467-a46a-5b3917a2115b","4/6/2026, 8:58:52.828 AM",OpsManager,"SOC-LabTest-RG\shane",User,"SOC-LabTest-RG","Microsoft-Windows-Security-Auditing",Security,12544,0,,4625,"4625 - An account failed to log on.",,,,,,,,,,,,,,,,,,,,NTLM,,,,,,,,,,,,,,,,,,,,,,,,,,,,,,,,,"%%2313",,,,,,,,,,,,,,,,"185.156.73.169",0,0,"-",,,,,,,,,"NtLmSsp ",3,"3 - Network",,,,,,,,,,,,,,,,,,,,,,,,,,,,,,,,,,,,,,,,,,,,,,,,,"-",0x0,"-",,,,,,,,,,,,,,,,,,,,,,,,,,,,,0xc000006d,"-\-",,,,"-",,0x0,,,"-","S-1-0-0",0xc0000064,,"SOC-LabTest-RG\shane","SOC-LabTest-RG",,,,,,,,,,shane,"S-1-0-0",,,,,,,,"-",,,,,,,,"-",LogAlways,"c30dff82-6b97-43a0-ac83-f134bafd8c78","c30dff82-6b97-43a0-ac83-f134bafd8c79","00000000-0000-0000-0000-000000000001","4/6/2026, 8:59:33.406 AM","AOI-686d5249-052b-4467-a46a-5b3917a2115b","N/A",0,0,0x8010000000000000,"{c30dff82-6b97-0001-3685-f50e8bc5dc01}",912,5880,7391,SecurityEvent,"/subscriptions/d2baea97-676b-4bde-acc8-351170ec332a/resourcegroups/rg-soc-lab-april/providers/microsoft.compute/virtualmachines/soc-labtest-rg"
"686d5249-052b-4467-a46a-5b3917a2115b","4/6/2026, 8:58:52.982 AM",OpsManager,"SOC-LabTest-RG\empfang",User,"SOC-LabTest-RG","Microsoft-Windows-Security-Auditing",Security,12544,0,,4625,"4625 - An account failed to log on.",,,,,,,,,,,,,,,,,,,,NTLM,,,,,,,,,,,,,,,,,,,,,,,,,,,,,,,,,"%%2313",,,,,,,,,,,,,,,,"185.156.73.74",0,0,"-",,,,,,,,,"NtLmSsp ",3,"3 - Network",,,,,,,,,,,,,,,,,,,,,,,,,,,,,,,,,,,,,,,,,,,,,,,,,"-",0x0,"-",,,,,,,,,,,,,,,,,,,,,,,,,,,,,0xc000006d,"-\-",,,,"-",,0x0,,,"-","S-1-0-0",0xc0000064,,"SOC-LabTest-RG\empfang","SOC-LabTest-RG",,,,,,,,,,empfang,"S-1-0-0",,,,,,,,"-",,,,,,,,"-",LogAlways,"c30dff82-6b97-43a0-ac83-f134bafd8c78","c30dff82-6b97-43a0-ac83-f134bafd8c79","00000000-0000-0000-0000-000000000001","4/6/2026, 8:59:33.406 AM","AOI-686d5249-052b-4467-a46a-5b3917a2115b","N/A",0,0,0x8010000000000000,"{c30dff82-6b97-0001-3685-f50e8bc5dc01}",912,5880,7392,SecurityEvent,"/subscriptions/d2baea97-676b-4bde-acc8-351170ec332a/resourcegroups/rg-soc-lab-april/providers/microsoft.compute/virtualmachines/soc-labtest-rg"
"686d5249-052b-4467-a46a-5b3917a2115b","4/6/2026, 8:58:53.013 AM",OpsManager,"SOC-LabTest-RG\user",User,"SOC-LabTest-RG","Microsoft-Windows-Security-Auditing",Security,12544,0,,4625,"4625 - An account failed to log on.",,,,,,,,,,,,,,,,,,,,NTLM,,,,,,,,,,,,,,,,,,,,,,,,,,,,,,,,,"%%2313",,,,,,,,,,,,,,,,"185.156.73.74",0,0,"-",,,,,,,,,"NtLmSsp ",3,"3 - Network",,,,,,,,,,,,,,,,,,,,,,,,,,,,,,,,,,,,,,,,,,,,,,,,,"-",0x0,"-",,,,,,,,,,,,,,,,,,,,,,,,,,,,,0xc000006d,"-\-",,,,"-",,0x0,,,"-","S-1-0-0",0xc0000064,,"SOC-LabTest-RG\user","SOC-LabTest-RG",,,,,,,,,,user,"S-1-0-0",,,,,,,,"-",,,,,,,,"-",LogAlways,"c30dff82-6b97-43a0-ac83-f134bafd8c78","c30dff82-6b97-43a0-ac83-f134bafd8c79","00000000-0000-0000-0000-000000000001","4/6/2026, 8:59:33.406 AM","AOI-686d5249-052b-4467-a46a-5b3917a2115b","N/A",0,0,0x8010000000000000,"{c30dff82-6b97-0001-3685-f50e8bc5dc01}",912,5880,7393,SecurityEvent,"/subscriptions/d2baea97-676b-4bde-acc8-351170ec332a/resourcegroups/rg-soc-lab-april/providers/microsoft.compute/virtualmachines/soc-labtest-rg"
"686d5249-052b-4467-a46a-5b3917a2115b","4/6/2026, 8:58:53.193 AM",OpsManager,"SOC-LabTest-RG\pascal",User,"SOC-LabTest-RG","Microsoft-Windows-Security-Auditing",Security,12544,0,,4625,"4625 - An account failed to log on.",,,,,,,,,,,,,,,,,,,,NTLM,,,,,,,,,,,,,,,,,,,,,,,,,,,,,,,,,"%%2313",,,,,,,,,,,,,,,,"185.156.73.169",0,0,"-",,,,,,,,,"NtLmSsp ",3,"3 - Network",,,,,,,,,,,,,,,,,,,,,,,,,,,,,,,,,,,,,,,,,,,,,,,,,"-",0x0,"-",,,,,,,,,,,,,,,,,,,,,,,,,,,,,0xc000006d,"-\-",,,,"-",,0x0,,,"-","S-1-0-0",0xc0000064,,"SOC-LabTest-RG\pascal","SOC-LabTest-RG",,,,,,,,,,pascal,"S-1-0-0",,,,,,,,"-",,,,,,,,"-",LogAlways,"c30dff82-6b97-43a0-ac83-f134bafd8c78","c30dff82-6b97-43a0-ac83-f134bafd8c79","00000000-0000-0000-0000-000000000001","4/6/2026, 8:59:33.406 AM","AOI-686d5249-052b-4467-a46a-5b3917a2115b","N/A",0,0,0x8010000000000000,"{c30dff82-6b97-0001-3685-f50e8bc5dc01}",912,5880,7394,SecurityEvent,"/subscriptions/d2baea97-676b-4bde-acc8-351170ec332a/resourcegroups/rg-soc-lab-april/providers/microsoft.compute/virtualmachines/soc-labtest-rg"
"686d5249-052b-4467-a46a-5b3917a2115b","4/6/2026, 8:58:53.446 AM",OpsManager,"SOC-LabTest-RG\administrator",User,"SOC-LabTest-RG","Microsoft-Windows-Security-Auditing",Security,12544,0,,4625,"4625 - An account failed to log on.",,,,,,,,,,,,,,,,,,,,NTLM,,,,,,,,,,,,,,,,,,,,,,,,,,,,,,,,,"%%2313",,,,,,,,,,,,,,,,"185.156.73.74",0,0,"-",,,,,,,,,"NtLmSsp ",3,"3 - Network",,,,,,,,,,,,,,,,,,,,,,,,,,,,,,,,,,,,,,,,,,,,,,,,,"-",0x0,"-",,,,,,,,,,,,,,,,,,,,,,,,,,,,,0xc000006d,"-\-",,,,"-",,0x0,,,"-","S-1-0-0",0xc0000064,,"SOC-LabTest-RG\administrator","SOC-LabTest-RG",,,,,,,,,,administrator,"S-1-0-0",,,,,,,,"-",,,,,,,,"-",LogAlways,"c30dff82-6b97-43a0-ac83-f134bafd8c78","c30dff82-6b97-43a0-ac83-f134bafd8c79","00000000-0000-0000-0000-000000000001","4/6/2026, 8:59:33.406 AM","AOI-686d5249-052b-4467-a46a-5b3917a2115b","N/A",0,0,0x8010000000000000,"{c30dff82-6b97-0001-3685-f50e8bc5dc01}",912,5880,7395,SecurityEvent,"/subscriptions/d2baea97-676b-4bde-acc8-351170ec332a/resourcegroups/rg-soc-lab-april/providers/microsoft.compute/virtualmachines/soc-labtest-rg"
"686d5249-052b-4467-a46a-5b3917a2115b","4/6/2026, 8:58:53.493 AM",OpsManager,"SOC-LabTest-RG\t1",User,"SOC-LabTest-RG","Microsoft-Windows-Security-Auditing",Security,12544,0,,4625,"4625 - An account failed to log on.",,,,,,,,,,,,,,,,,,,,NTLM,,,,,,,,,,,,,,,,,,,,,,,,,,,,,,,,,"%%2313",,,,,,,,,,,,,,,,"185.156.73.169",0,0,"-",,,,,,,,,"NtLmSsp ",3,"3 - Network",,,,,,,,,,,,,,,,,,,,,,,,,,,,,,,,,,,,,,,,,,,,,,,,,"-",0x0,"-",,,,,,,,,,,,,,,,,,,,,,,,,,,,,0xc000006d,"-\-",,,,"-",,0x0,,,"-","S-1-0-0",0xc0000064,,"SOC-LabTest-RG\t1","SOC-LabTest-RG",,,,,,,,,,t1,"S-1-0-0",,,,,,,,"-",,,,,,,,"-",LogAlways,"c30dff82-6b97-43a0-ac83-f134bafd8c78","c30dff82-6b97-43a0-ac83-f134bafd8c79","00000000-0000-0000-0000-000000000001","4/6/2026, 8:59:33.406 AM","AOI-686d5249-052b-4467-a46a-5b3917a2115b","N/A",0,0,0x8010000000000000,"{c30dff82-6b97-0001-3685-f50e8bc5dc01}",912,8456,7396,SecurityEvent,"/subscriptions/d2baea97-676b-4bde-acc8-351170ec332a/resourcegroups/rg-soc-lab-april/providers/microsoft.compute/virtualmachines/soc-labtest-rg"
"686d5249-052b-4467-a46a-5b3917a2115b","4/6/2026, 8:58:53.802 AM",OpsManager,"SOC-LabTest-RG\depositob",User,"SOC-LabTest-RG","Microsoft-Windows-Security-Auditing",Security,12544,0,,4625,"4625 - An account failed to log on.",,,,,,,,,,,,,,,,,,,,NTLM,,,,,,,,,,,,,,,,,,,,,,,,,,,,,,,,,"%%2313",,,,,,,,,,,,,,,,"185.156.73.74",0,0,"-",,,,,,,,,"NtLmSsp ",3,"3 - Network",,,,,,,,,,,,,,,,,,,,,,,,,,,,,,,,,,,,,,,,,,,,,,,,,"-",0x0,"-",,,,,,,,,,,,,,,,,,,,,,,,,,,,,0xc000006d,"-\-",,,,"-",,0x0,,,"-","S-1-0-0",0xc0000064,,"SOC-LabTest-RG\depositob","SOC-LabTest-RG",,,,,,,,,,depositob,"S-1-0-0",,,,,,,,"-",,,,,,,,"-",LogAlways,"c30dff82-6b97-43a0-ac83-f134bafd8c78","c30dff82-6b97-43a0-ac83-f134bafd8c79","00000000-0000-0000-0000-000000000001","4/6/2026, 8:59:33.406 AM","AOI-686d5249-052b-4467-a46a-5b3917a2115b","N/A",0,0,0x8010000000000000,"{c30dff82-6b97-0001-3685-f50e8bc5dc01}",912,8456,7397,SecurityEvent,"/subscriptions/d2baea97-676b-4bde-acc8-351170ec332a/resourcegroups/rg-soc-lab-april/providers/microsoft.compute/virtualmachines/soc-labtest-rg"
"686d5249-052b-4467-a46a-5b3917a2115b","4/6/2026, 8:58:54.017 AM",OpsManager,"SOC-LabTest-RG\xico",User,"SOC-LabTest-RG","Microsoft-Windows-Security-Auditing",Security,12544,0,,4625,"4625 - An account failed to log on.",,,,,,,,,,,,,,,,,,,,NTLM,,,,,,,,,,,,,,,,,,,,,,,,,,,,,,,,,"%%2313",,,,,,,,,,,,,,,,"185.156.73.169",0,0,"-",,,,,,,,,"NtLmSsp ",3,"3 - Network",,,,,,,,,,,,,,,,,,,,,,,,,,,,,,,,,,,,,,,,,,,,,,,,,"-",0x0,"-",,,,,,,,,,,,,,,,,,,,,,,,,,,,,0xc000006d,"-\-",,,,"-",,0x0,,,"-","S-1-0-0",0xc0000064,,"SOC-LabTest-RG\xico","SOC-LabTest-RG",,,,,,,,,,xico,"S-1-0-0",,,,,,,,"-",,,,,,,,"-",LogAlways,"c30dff82-6b97-43a0-ac83-f134bafd8c78","c30dff82-6b97-43a0-ac83-f134bafd8c79","00000000-0000-0000-0000-000000000001","4/6/2026, 8:59:33.406 AM","AOI-686d5249-052b-4467-a46a-5b3917a2115b","N/A",0,0,0x8010000000000000,"{c30dff82-6b97-0001-3685-f50e8bc5dc01}",912,8456,7398,SecurityEvent,"/subscriptions/d2baea97-676b-4bde-acc8-351170ec332a/resourcegroups/rg-soc-lab-april/providers/microsoft.compute/virtualmachines/soc-labtest-rg"
"686d5249-052b-4467-a46a-5b3917a2115b","4/6/2026, 8:58:54.067 AM",OpsManager,"SOC-LabTest-RG\ventas5",User,"SOC-LabTest-RG","Microsoft-Windows-Security-Auditing",Security,12544,0,,4625,"4625 - An account failed to log on.",,,,,,,,,,,,,,,,,,,,NTLM,,,,,,,,,,,,,,,,,,,,,,,,,,,,,,,,,"%%2313",,,,,,,,,,,,,,,,"185.156.73.74",0,0,"-",,,,,,,,,"NtLmSsp ",3,"3 - Network",,,,,,,,,,,,,,,,,,,,,,,,,,,,,,,,,,,,,,,,,,,,,,,,,"-",0x0,"-",,,,,,,,,,,,,,,,,,,,,,,,,,,,,0xc000006d,"-\-",,,,"-",,0x0,,,"-","S-1-0-0",0xc0000064,,"SOC-LabTest-RG\ventas5","SOC-LabTest-RG",,,,,,,,,,ventas5,"S-1-0-0",,,,,,,,"-",,,,,,,,"-",LogAlways,"c30dff82-6b97-43a0-ac83-f134bafd8c78","c30dff82-6b97-43a0-ac83-f134bafd8c79","00000000-0000-0000-0000-000000000001","4/6/2026, 8:59:33.406 AM","AOI-686d5249-052b-4467-a46a-5b3917a2115b","N/A",0,0,0x8010000000000000,"{c30dff82-6b97-0001-3685-f50e8bc5dc01}",912,8456,7399,SecurityEvent,"/subscriptions/d2baea97-676b-4bde-acc8-351170ec332a/resourcegroups/rg-soc-lab-april/providers/microsoft.compute/virtualmachines/soc-labtest-rg"
"686d5249-052b-4467-a46a-5b3917a2115b","4/6/2026, 8:58:54.384 AM",OpsManager,"SOC-LabTest-RG\mari",User,"SOC-LabTest-RG","Microsoft-Windows-Security-Auditing",Security,12544,0,,4625,"4625 - An account failed to log on.",,,,,,,,,,,,,,,,,,,,NTLM,,,,,,,,,,,,,,,,,,,,,,,,,,,,,,,,,"%%2313",,,,,,,,,,,,,,,,"185.156.73.74",0,0,"-",,,,,,,,,"NtLmSsp ",3,"3 - Network",,,,,,,,,,,,,,,,,,,,,,,,,,,,,,,,,,,,,,,,,,,,,,,,,"-",0x0,"-",,,,,,,,,,,,,,,,,,,,,,,,,,,,,0xc000006d,"-\-",,,,"-",,0x0,,,"-","S-1-0-0",0xc0000064,,"SOC-LabTest-RG\mari","SOC-LabTest-RG",,,,,,,,,,mari,"S-1-0-0",,,,,,,,"-",,,,,,,,"-",LogAlways,"c30dff82-6b97-43a0-ac83-f134bafd8c78","c30dff82-6b97-43a0-ac83-f134bafd8c79","00000000-0000-0000-0000-000000000001","4/6/2026, 8:59:33.406 AM","AOI-686d5249-052b-4467-a46a-5b3917a2115b","N/A",0,0,0x8010000000000000,"{c30dff82-6b97-0001-3685-f50e8bc5dc01}",912,8456,7400,SecurityEvent,"/subscriptions/d2baea97-676b-4bde-acc8-351170ec332a/resourcegroups/rg-soc-lab-april/providers/microsoft.compute/virtualmachines/soc-labtest-rg"
"686d5249-052b-4467-a46a-5b3917a2115b","4/6/2026, 8:58:54.434 AM",OpsManager,"SOC-LabTest-RG\izin",User,"SOC-LabTest-RG","Microsoft-Windows-Security-Auditing",Security,12544,0,,4625,"4625 - An account failed to log on.",,,,,,,,,,,,,,,,,,,,NTLM,,,,,,,,,,,,,,,,,,,,,,,,,,,,,,,,,"%%2313",,,,,,,,,,,,,,,,"185.156.73.169",0,0,"-",,,,,,,,,"NtLmSsp ",3,"3 - Network",,,,,,,,,,,,,,,,,,,,,,,,,,,,,,,,,,,,,,,,,,,,,,,,,"-",0x0,"-",,,,,,,,,,,,,,,,,,,,,,,,,,,,,0xc000006d,"-\-",,,,"-",,0x0,,,"-","S-1-0-0",0xc0000064,,"SOC-LabTest-RG\izin","SOC-LabTest-RG",,,,,,,,,,izin,"S-1-0-0",,,,,,,,"-",,,,,,,,"-",LogAlways,"c30dff82-6b97-43a0-ac83-f134bafd8c78","c30dff82-6b97-43a0-ac83-f134bafd8c79","00000000-0000-0000-0000-000000000001","4/6/2026, 8:59:33.406 AM","AOI-686d5249-052b-4467-a46a-5b3917a2115b","N/A",0,0,0x8010000000000000,"{c30dff82-6b97-0001-3685-f50e8bc5dc01}",912,8456,7401,SecurityEvent,"/subscriptions/d2baea97-676b-4bde-acc8-351170ec332a/resourcegroups/rg-soc-lab-april/providers/microsoft.compute/virtualmachines/soc-labtest-rg"
"686d5249-052b-4467-a46a-5b3917a2115b","4/6/2026, 8:58:54.536 AM",OpsManager,"SOC-LabTest-RG\yaoyuhai",User,"SOC-LabTest-RG","Microsoft-Windows-Security-Auditing",Security,12544,0,,4625,"4625 - An account failed to log on.",,,,,,,,,,,,,,,,,,,,NTLM,,,,,,,,,,,,,,,,,,,,,,,,,,,,,,,,,"%%2313",,,,,,,,,,,,,,,,"185.156.73.169",0,0,"-",,,,,,,,,"NtLmSsp ",3,"3 - Network",,,,,,,,,,,,,,,,,,,,,,,,,,,,,,,,,,,,,,,,,,,,,,,,,"-",0x0,"-",,,,,,,,,,,,,,,,,,,,,,,,,,,,,0xc000006d,"-\-",,,,"-",,0x0,,,"-","S-1-0-0",0xc0000064,,"SOC-LabTest-RG\yaoyuhai","SOC-LabTest-RG",,,,,,,,,,yaoyuhai,"S-1-0-0",,,,,,,,"-",,,,,,,,"-",LogAlways,"c30dff82-6b97-43a0-ac83-f134bafd8c78","c30dff82-6b97-43a0-ac83-f134bafd8c79","00000000-0000-0000-0000-000000000001","4/6/2026, 8:59:33.406 AM","AOI-686d5249-052b-4467-a46a-5b3917a2115b","N/A",0,0,0x8010000000000000,"{c30dff82-6b97-0001-3685-f50e8bc5dc01}",912,8456,7402,SecurityEvent,"/subscriptions/d2baea97-676b-4bde-acc8-351170ec332a/resourcegroups/rg-soc-lab-april/providers/microsoft.compute/virtualmachines/soc-labtest-rg"
"686d5249-052b-4467-a46a-5b3917a2115b","4/6/2026, 8:58:54.893 AM",OpsManager,"SOC-LabTest-RG\protocolo",User,"SOC-LabTest-RG","Microsoft-Windows-Security-Auditing",Security,12544,0,,4625,"4625 - An account failed to log on.",,,,,,,,,,,,,,,,,,,,NTLM,,,,,,,,,,,,,,,,,,,,,,,,,,,,,,,,,"%%2313",,,,,,,,,,,,,,,,"185.156.73.74",0,0,"-",,,,,,,,,"NtLmSsp ",3,"3 - Network",,,,,,,,,,,,,,,,,,,,,,,,,,,,,,,,,,,,,,,,,,,,,,,,,"-",0x0,"-",,,,,,,,,,,,,,,,,,,,,,,,,,,,,0xc000006d,"-\-",,,,"-",,0x0,,,"-","S-1-0-0",0xc0000064,,"SOC-LabTest-RG\protocolo","SOC-LabTest-RG",,,,,,,,,,protocolo,"S-1-0-0",,,,,,,,"-",,,,,,,,"-",LogAlways,"c30dff82-6b97-43a0-ac83-f134bafd8c78","c30dff82-6b97-43a0-ac83-f134bafd8c79","00000000-0000-0000-0000-000000000001","4/6/2026, 8:59:33.406 AM","AOI-686d5249-052b-4467-a46a-5b3917a2115b","N/A",0,0,0x8010000000000000,"{c30dff82-6b97-0001-3685-f50e8bc5dc01}",912,8456,7403,SecurityEvent,"/subscriptions/d2baea97-676b-4bde-acc8-351170ec332a/resourcegroups/rg-soc-lab-april/providers/microsoft.compute/virtualmachines/soc-labtest-rg"
"686d5249-052b-4467-a46a-5b3917a2115b","4/6/2026, 8:58:55.020 AM",OpsManager,"SOC-LabTest-RG\lx",User,"SOC-LabTest-RG","Microsoft-Windows-Security-Auditing",Security,12544,0,,4625,"4625 - An account failed to log on.",,,,,,,,,,,,,,,,,,,,NTLM,,,,,,,,,,,,,,,,,,,,,,,,,,,,,,,,,"%%2313",,,,,,,,,,,,,,,,"185.156.73.169",0,0,"-",,,,,,,,,"NtLmSsp ",3,"3 - Network",,,,,,,,,,,,,,,,,,,,,,,,,,,,,,,,,,,,,,,,,,,,,,,,,"-",0x0,"-",,,,,,,,,,,,,,,,,,,,,,,,,,,,,0xc000006d,"-\-",,,,"-",,0x0,,,"-","S-1-0-0",0xc0000064,,"SOC-LabTest-RG\lx","SOC-LabTest-RG",,,,,,,,,,lx,"S-1-0-0",,,,,,,,"-",,,,,,,,"-",LogAlways,"c30dff82-6b97-43a0-ac83-f134bafd8c78","c30dff82-6b97-43a0-ac83-f134bafd8c79","00000000-0000-0000-0000-000000000001","4/6/2026, 8:59:33.406 AM","AOI-686d5249-052b-4467-a46a-5b3917a2115b","N/A",0,0,0x8010000000000000,"{c30dff82-6b97-0001-3685-f50e8bc5dc01}",912,8456,7404,SecurityEvent,"/subscriptions/d2baea97-676b-4bde-acc8-351170ec332a/resourcegroups/rg-soc-lab-april/providers/microsoft.compute/virtualmachines/soc-labtest-rg"
"686d5249-052b-4467-a46a-5b3917a2115b","4/6/2026, 8:58:55.298 AM",OpsManager,"SOC-LabTest-RG\tonia",User,"SOC-LabTest-RG","Microsoft-Windows-Security-Auditing",Security,12544,0,,4625,"4625 - An account failed to log on.",,,,,,,,,,,,,,,,,,,,NTLM,,,,,,,,,,,,,,,,,,,,,,,,,,,,,,,,,"%%2313",,,,,,,,,,,,,,,,"185.156.73.169",0,0,"-",,,,,,,,,"NtLmSsp ",3,"3 - Network",,,,,,,,,,,,,,,,,,,,,,,,,,,,,,,,,,,,,,,,,,,,,,,,,"-",0x0,"-",,,,,,,,,,,,,,,,,,,,,,,,,,,,,0xc000006d,"-\-",,,,"-",,0x0,,,"-","S-1-0-0",0xc0000064,,"SOC-LabTest-RG\tonia","SOC-LabTest-RG",,,,,,,,,,tonia,"S-1-0-0",,,,,,,,"-",,,,,,,,"-",LogAlways,"c30dff82-6b97-43a0-ac83-f134bafd8c78","c30dff82-6b97-43a0-ac83-f134bafd8c79","00000000-0000-0000-0000-000000000001","4/6/2026, 8:59:33.406 AM","AOI-686d5249-052b-4467-a46a-5b3917a2115b","N/A",0,0,0x8010000000000000,"{c30dff82-6b97-0001-3685-f50e8bc5dc01}",912,8456,7405,SecurityEvent,"/subscriptions/d2baea97-676b-4bde-acc8-351170ec332a/resourcegroups/rg-soc-lab-april/providers/microsoft.compute/virtualmachines/soc-labtest-rg"
"686d5249-052b-4467-a46a-5b3917a2115b","4/6/2026, 8:58:55.327 AM",OpsManager,"SOC-LabTest-RG\support",User,"SOC-LabTest-RG","Microsoft-Windows-Security-Auditing",Security,12544,0,,4625,"4625 - An account failed to log on.",,,,,,,,,,,,,,,,,,,,NTLM,,,,,,,,,,,,,,,,,,,,,,,,,,,,,,,,,"%%2313",,,,,,,,,,,,,,,,"185.156.73.74",0,0,"-",,,,,,,,,"NtLmSsp ",3,"3 - Network",,,,,,,,,,,,,,,,,,,,,,,,,,,,,,,,,,,,,,,,,,,,,,,,,"-",0x0,"-",,,,,,,,,,,,,,,,,,,,,,,,,,,,,0xc000006d,"-\-",,,,"-",,0x0,,,"-","S-1-0-0",0xc0000064,,"SOC-LabTest-RG\support","SOC-LabTest-RG",,,,,,,,,,support,"S-1-0-0",,,,,,,,"-",,,,,,,,"-",LogAlways,"c30dff82-6b97-43a0-ac83-f134bafd8c78","c30dff82-6b97-43a0-ac83-f134bafd8c79","00000000-0000-0000-0000-000000000001","4/6/2026, 8:59:33.406 AM","AOI-686d5249-052b-4467-a46a-5b3917a2115b","N/A",0,0,0x8010000000000000,"{c30dff82-6b97-0001-3685-f50e8bc5dc01}",912,8456,7406,SecurityEvent,"/subscriptions/d2baea97-676b-4bde-acc8-351170ec332a/resourcegroups/rg-soc-lab-april/providers/microsoft.compute/virtualmachines/soc-labtest-rg"
"686d5249-052b-4467-a46a-5b3917a2115b","4/6/2026, 8:58:55.614 AM",OpsManager,"SOC-LabTest-RG\driver",User,"SOC-LabTest-RG","Microsoft-Windows-Security-Auditing",Security,12544,0,,4625,"4625 - An account failed to log on.",,,,,,,,,,,,,,,,,,,,NTLM,,,,,,,,,,,,,,,,,,,,,,,,,,,,,,,,,"%%2313",,,,,,,,,,,,,,,,"185.156.73.74",0,0,"-",,,,,,,,,"NtLmSsp ",3,"3 - Network",,,,,,,,,,,,,,,,,,,,,,,,,,,,,,,,,,,,,,,,,,,,,,,,,"-",0x0,"-",,,,,,,,,,,,,,,,,,,,,,,,,,,,,0xc000006d,"-\-",,,,"-",,0x0,,,"-","S-1-0-0",0xc0000064,,"SOC-LabTest-RG\driver","SOC-LabTest-RG",,,,,,,,,,driver,"S-1-0-0",,,,,,,,"-",,,,,,,,"-",LogAlways,"c30dff82-6b97-43a0-ac83-f134bafd8c78","c30dff82-6b97-43a0-ac83-f134bafd8c79","00000000-0000-0000-0000-000000000001","4/6/2026, 8:59:33.406 AM","AOI-686d5249-052b-4467-a46a-5b3917a2115b","N/A",0,0,0x8010000000000000,"{c30dff82-6b97-0001-3685-f50e8bc5dc01}",912,8456,7407,SecurityEvent,"/subscriptions/d2baea97-676b-4bde-acc8-351170ec332a/resourcegroups/rg-soc-lab-april/providers/microsoft.compute/virtualmachines/soc-labtest-rg"
"686d5249-052b-4467-a46a-5b3917a2115b","4/6/2026, 8:58:55.892 AM",OpsManager,"SOC-LabTest-RG\chapas",User,"SOC-LabTest-RG","Microsoft-Windows-Security-Auditing",Security,12544,0,,4625,"4625 - An account failed to log on.",,,,,,,,,,,,,,,,,,,,NTLM,,,,,,,,,,,,,,,,,,,,,,,,,,,,,,,,,"%%2313",,,,,,,,,,,,,,,,"185.156.73.169",0,0,"-",,,,,,,,,"NtLmSsp ",3,"3 - Network",,,,,,,,,,,,,,,,,,,,,,,,,,,,,,,,,,,,,,,,,,,,,,,,,"-",0x0,"-",,,,,,,,,,,,,,,,,,,,,,,,,,,,,0xc000006d,"-\-",,,,"-",,0x0,,,"-","S-1-0-0",0xc0000064,,"SOC-LabTest-RG\chapas","SOC-LabTest-RG",,,,,,,,,,chapas,"S-1-0-0",,,,,,,,"-",,,,,,,,"-",LogAlways,"c30dff82-6b97-43a0-ac83-f134bafd8c78","c30dff82-6b97-43a0-ac83-f134bafd8c79","00000000-0000-0000-0000-000000000001","4/6/2026, 8:59:33.406 AM","AOI-686d5249-052b-4467-a46a-5b3917a2115b","N/A",0,0,0x8010000000000000,"{c30dff82-6b97-0001-3685-f50e8bc5dc01}",912,8456,7408,SecurityEvent,"/subscriptions/d2baea97-676b-4bde-acc8-351170ec332a/resourcegroups/rg-soc-lab-april/providers/microsoft.compute/virtualmachines/soc-labtest-rg"
"686d5249-052b-4467-a46a-5b3917a2115b","4/6/2026, 8:58:55.944 AM",OpsManager,"SOC-LabTest-RG\lin",User,"SOC-LabTest-RG","Microsoft-Windows-Security-Auditing",Security,12544,0,,4625,"4625 - An account failed to log on.",,,,,,,,,,,,,,,,,,,,NTLM,,,,,,,,,,,,,,,,,,,,,,,,,,,,,,,,,"%%2313",,,,,,,,,,,,,,,,"185.156.73.74",0,0,"-",,,,,,,,,"NtLmSsp ",3,"3 - Network",,,,,,,,,,,,,,,,,,,,,,,,,,,,,,,,,,,,,,,,,,,,,,,,,"-",0x0,"-",,,,,,,,,,,,,,,,,,,,,,,,,,,,,0xc000006d,"-\-",,,,"-",,0x0,,,"-","S-1-0-0",0xc0000064,,"SOC-LabTest-RG\lin","SOC-LabTest-RG",,,,,,,,,,lin,"S-1-0-0",,,,,,,,"-",,,,,,,,"-",LogAlways,"c30dff82-6b97-43a0-ac83-f134bafd8c78","c30dff82-6b97-43a0-ac83-f134bafd8c79","00000000-0000-0000-0000-000000000001","4/6/2026, 8:59:33.406 AM","AOI-686d5249-052b-4467-a46a-5b3917a2115b","N/A",0,0,0x8010000000000000,"{c30dff82-6b97-0001-3685-f50e8bc5dc01}",912,8456,7409,SecurityEvent,"/subscriptions/d2baea97-676b-4bde-acc8-351170ec332a/resourcegroups/rg-soc-lab-april/providers/microsoft.compute/virtualmachines/soc-labtest-rg"
"686d5249-052b-4467-a46a-5b3917a2115b","4/6/2026, 8:58:56.095 AM",OpsManager,"SOC-LabTest-RG\ems",User,"SOC-LabTest-RG","Microsoft-Windows-Security-Auditing",Security,12544,0,,4625,"4625 - An account failed to log on.",,,,,,,,,,,,,,,,,,,,NTLM,,,,,,,,,,,,,,,,,,,,,,,,,,,,,,,,,"%%2313",,,,,,,,,,,,,,,,"185.156.73.169",0,0,"-",,,,,,,,,"NtLmSsp ",3,"3 - Network",,,,,,,,,,,,,,,,,,,,,,,,,,,,,,,,,,,,,,,,,,,,,,,,,"-",0x0,"-",,,,,,,,,,,,,,,,,,,,,,,,,,,,,0xc000006d,"-\-",,,,"-",,0x0,,,"-","S-1-0-0",0xc0000064,,"SOC-LabTest-RG\ems","SOC-LabTest-RG",,,,,,,,,,ems,"S-1-0-0",,,,,,,,"-",,,,,,,,"-",LogAlways,"c30dff82-6b97-43a0-ac83-f134bafd8c78","c30dff82-6b97-43a0-ac83-f134bafd8c79","00000000-0000-0000-0000-000000000001","4/6/2026, 8:59:33.406 AM","AOI-686d5249-052b-4467-a46a-5b3917a2115b","N/A",0,0,0x8010000000000000,"{c30dff82-6b97-0001-3685-f50e8bc5dc01}",912,8456,7410,SecurityEvent,"/subscriptions/d2baea97-676b-4bde-acc8-351170ec332a/resourcegroups/rg-soc-lab-april/providers/microsoft.compute/virtualmachines/soc-labtest-rg"
"686d5249-052b-4467-a46a-5b3917a2115b","4/6/2026, 8:58:56.246 AM",OpsManager,"SOC-LabTest-RG\administrator",User,"SOC-LabTest-RG","Microsoft-Windows-Security-Auditing",Security,12544,0,,4625,"4625 - An account failed to log on.",,,,,,,,,,,,,,,,,,,,NTLM,,,,,,,,,,,,,,,,,,,,,,,,,,,,,,,,,"%%2313",,,,,,,,,,,,,,,,"185.156.73.74",0,0,"-",,,,,,,,,"NtLmSsp ",3,"3 - Network",,,,,,,,,,,,,,,,,,,,,,,,,,,,,,,,,,,,,,,,,,,,,,,,,"-",0x0,"-",,,,,,,,,,,,,,,,,,,,,,,,,,,,,0xc000006d,"-\-",,,,"-",,0x0,,,"-","S-1-0-0",0xc0000064,,"SOC-LabTest-RG\administrator","SOC-LabTest-RG",,,,,,,,,,administrator,"S-1-0-0",,,,,,,,"-",,,,,,,,"-",LogAlways,"c30dff82-6b97-43a0-ac83-f134bafd8c78","c30dff82-6b97-43a0-ac83-f134bafd8c79","00000000-0000-0000-0000-000000000001","4/6/2026, 8:59:33.406 AM","AOI-686d5249-052b-4467-a46a-5b3917a2115b","N/A",0,0,0x8010000000000000,"{c30dff82-6b97-0001-3685-f50e8bc5dc01}",912,8456,7411,SecurityEvent,"/subscriptions/d2baea97-676b-4bde-acc8-351170ec332a/resourcegroups/rg-soc-lab-april/providers/microsoft.compute/virtualmachines/soc-labtest-rg"
"686d5249-052b-4467-a46a-5b3917a2115b","4/6/2026, 8:58:56.423 AM",OpsManager,"SOC-LabTest-RG\cgutierrez",User,"SOC-LabTest-RG","Microsoft-Windows-Security-Auditing",Security,12544,0,,4625,"4625 - An account failed to log on.",,,,,,,,,,,,,,,,,,,,NTLM,,,,,,,,,,,,,,,,,,,,,,,,,,,,,,,,,"%%2313",,,,,,,,,,,,,,,,"185.156.73.169",0,0,"-",,,,,,,,,"NtLmSsp ",3,"3 - Network",,,,,,,,,,,,,,,,,,,,,,,,,,,,,,,,,,,,,,,,,,,,,,,,,"-",0x0,"-",,,,,,,,,,,,,,,,,,,,,,,,,,,,,0xc000006d,"-\-",,,,"-",,0x0,,,"-","S-1-0-0",0xc0000064,,"SOC-LabTest-RG\cgutierrez","SOC-LabTest-RG",,,,,,,,,,cgutierrez,"S-1-0-0",,,,,,,,"-",,,,,,,,"-",LogAlways,"c30dff82-6b97-43a0-ac83-f134bafd8c78","c30dff82-6b97-43a0-ac83-f134bafd8c79","00000000-0000-0000-0000-000000000001","4/6/2026, 8:59:33.406 AM","AOI-686d5249-052b-4467-a46a-5b3917a2115b","N/A",0,0,0x8010000000000000,"{c30dff82-6b97-0001-3685-f50e8bc5dc01}",912,8456,7412,SecurityEvent,"/subscriptions/d2baea97-676b-4bde-acc8-351170ec332a/resourcegroups/rg-soc-lab-april/providers/microsoft.compute/virtualmachines/soc-labtest-rg"
"686d5249-052b-4467-a46a-5b3917a2115b","4/6/2026, 8:58:56.562 AM",OpsManager,"SOC-LabTest-RG\user14",User,"SOC-LabTest-RG","Microsoft-Windows-Security-Auditing",Security,12544,0,,4625,"4625 - An account failed to log on.",,,,,,,,,,,,,,,,,,,,NTLM,,,,,,,,,,,,,,,,,,,,,,,,,,,,,,,,,"%%2313",,,,,,,,,,,,,,,,"185.156.73.74",0,0,"-",,,,,,,,,"NtLmSsp ",3,"3 - Network",,,,,,,,,,,,,,,,,,,,,,,,,,,,,,,,,,,,,,,,,,,,,,,,,"-",0x0,"-",,,,,,,,,,,,,,,,,,,,,,,,,,,,,0xc000006d,"-\-",,,,"-",,0x0,,,"-","S-1-0-0",0xc0000064,,"SOC-LabTest-RG\user14","SOC-LabTest-RG",,,,,,,,,,user14,"S-1-0-0",,,,,,,,"-",,,,,,,,"-",LogAlways,"c30dff82-6b97-43a0-ac83-f134bafd8c78","c30dff82-6b97-43a0-ac83-f134bafd8c79","00000000-0000-0000-0000-000000000001","4/6/2026, 8:59:33.406 AM","AOI-686d5249-052b-4467-a46a-5b3917a2115b","N/A",0,0,0x8010000000000000,"{c30dff82-6b97-0001-3685-f50e8bc5dc01}",912,8456,7413,SecurityEvent,"/subscriptions/d2baea97-676b-4bde-acc8-351170ec332a/resourcegroups/rg-soc-lab-april/providers/microsoft.compute/virtualmachines/soc-labtest-rg"
"686d5249-052b-4467-a46a-5b3917a2115b","4/6/2026, 8:58:56.746 AM",OpsManager,"SOC-LabTest-RG\pelicano",User,"SOC-LabTest-RG","Microsoft-Windows-Security-Auditing",Security,12544,0,,4625,"4625 - An account failed to log on.",,,,,,,,,,,,,,,,,,,,NTLM,,,,,,,,,,,,,,,,,,,,,,,,,,,,,,,,,"%%2313",,,,,,,,,,,,,,,,"185.156.73.169",0,0,"-",,,,,,,,,"NtLmSsp ",3,"3 - Network",,,,,,,,,,,,,,,,,,,,,,,,,,,,,,,,,,,,,,,,,,,,,,,,,"-",0x0,"-",,,,,,,,,,,,,,,,,,,,,,,,,,,,,0xc000006d,"-\-",,,,"-",,0x0,,,"-","S-1-0-0",0xc0000064,,"SOC-LabTest-RG\pelicano","SOC-LabTest-RG",,,,,,,,,,pelicano,"S-1-0-0",,,,,,,,"-",,,,,,,,"-",LogAlways,"c30dff82-6b97-43a0-ac83-f134bafd8c78","c30dff82-6b97-43a0-ac83-f134bafd8c79","00000000-0000-0000-0000-000000000001","4/6/2026, 8:59:33.406 AM","AOI-686d5249-052b-4467-a46a-5b3917a2115b","N/A",0,0,0x8010000000000000,"{c30dff82-6b97-0001-3685-f50e8bc5dc01}",912,8456,7414,SecurityEvent,"/subscriptions/d2baea97-676b-4bde-acc8-351170ec332a/resourcegroups/rg-soc-lab-april/providers/microsoft.compute/virtualmachines/soc-labtest-rg"
"686d5249-052b-4467-a46a-5b3917a2115b","4/6/2026, 8:58:57.037 AM",OpsManager,"SOC-LabTest-RG\sagar",User,"SOC-LabTest-RG","Microsoft-Windows-Security-Auditing",Security,12544,0,,4625,"4625 - An account failed to log on.",,,,,,,,,,,,,,,,,,,,NTLM,,,,,,,,,,,,,,,,,,,,,,,,,,,,,,,,,"%%2313",,,,,,,,,,,,,,,,"185.156.73.74",0,0,"-",,,,,,,,,"NtLmSsp ",3,"3 - Network",,,,,,,,,,,,,,,,,,,,,,,,,,,,,,,,,,,,,,,,,,,,,,,,,"-",0x0,"-",,,,,,,,,,,,,,,,,,,,,,,,,,,,,0xc000006d,"-\-",,,,"-",,0x0,,,"-","S-1-0-0",0xc0000064,,"SOC-LabTest-RG\sagar","SOC-LabTest-RG",,,,,,,,,,sagar,"S-1-0-0",,,,,,,,"-",,,,,,,,"-",LogAlways,"c30dff82-6b97-43a0-ac83-f134bafd8c78","c30dff82-6b97-43a0-ac83-f134bafd8c79","00000000-0000-0000-0000-000000000001","4/6/2026, 8:59:33.406 AM","AOI-686d5249-052b-4467-a46a-5b3917a2115b","N/A",0,0,0x8010000000000000,"{c30dff82-6b97-0001-3685-f50e8bc5dc01}",912,8456,7415,SecurityEvent,"/subscriptions/d2baea97-676b-4bde-acc8-351170ec332a/resourcegroups/rg-soc-lab-april/providers/microsoft.compute/virtualmachines/soc-labtest-rg"
"686d5249-052b-4467-a46a-5b3917a2115b","4/6/2026, 8:58:57.271 AM",OpsManager,"SOC-LabTest-RG\cle",User,"SOC-LabTest-RG","Microsoft-Windows-Security-Auditing",Security,12544,0,,4625,"4625 - An account failed to log on.",,,,,,,,,,,,,,,,,,,,NTLM,,,,,,,,,,,,,,,,,,,,,,,,,,,,,,,,,"%%2313",,,,,,,,,,,,,,,,"185.156.73.169",0,0,"-",,,,,,,,,"NtLmSsp ",3,"3 - Network",,,,,,,,,,,,,,,,,,,,,,,,,,,,,,,,,,,,,,,,,,,,,,,,,"-",0x0,"-",,,,,,,,,,,,,,,,,,,,,,,,,,,,,0xc000006d,"-\-",,,,"-",,0x0,,,"-","S-1-0-0",0xc0000064,,"SOC-LabTest-RG\cle","SOC-LabTest-RG",,,,,,,,,,cle,"S-1-0-0",,,,,,,,"-",,,,,,,,"-",LogAlways,"c30dff82-6b97-43a0-ac83-f134bafd8c78","c30dff82-6b97-43a0-ac83-f134bafd8c79","00000000-0000-0000-0000-000000000001","4/6/2026, 8:59:33.406 AM","AOI-686d5249-052b-4467-a46a-5b3917a2115b","N/A",0,0,0x8010000000000000,"{c30dff82-6b97-0001-3685-f50e8bc5dc01}",912,8456,7416,SecurityEvent,"/subscriptions/d2baea97-676b-4bde-acc8-351170ec332a/resourcegroups/rg-soc-lab-april/providers/microsoft.compute/virtualmachines/soc-labtest-rg"
"686d5249-052b-4467-a46a-5b3917a2115b","4/6/2026, 8:58:57.351 AM",OpsManager,"SOC-LabTest-RG\korisnik",User,"SOC-LabTest-RG","Microsoft-Windows-Security-Auditing",Security,12544,0,,4625,"4625 - An account failed to log on.",,,,,,,,,,,,,,,,,,,,NTLM,,,,,,,,,,,,,,,,,,,,,,,,,,,,,,,,,"%%2313",,,,,,,,,,,,,,,,"185.156.73.74",0,0,"-",,,,,,,,,"NtLmSsp ",3,"3 - Network",,,,,,,,,,,,,,,,,,,,,,,,,,,,,,,,,,,,,,,,,,,,,,,,,"-",0x0,"-",,,,,,,,,,,,,,,,,,,,,,,,,,,,,0xc000006d,"-\-",,,,"-",,0x0,,,"-","S-1-0-0",0xc0000064,,"SOC-LabTest-RG\korisnik","SOC-LabTest-RG",,,,,,,,,,korisnik,"S-1-0-0",,,,,,,,"-",,,,,,,,"-",LogAlways,"c30dff82-6b97-43a0-ac83-f134bafd8c78","c30dff82-6b97-43a0-ac83-f134bafd8c79","00000000-0000-0000-0000-000000000001","4/6/2026, 8:59:33.406 AM","AOI-686d5249-052b-4467-a46a-5b3917a2115b","N/A",0,0,0x8010000000000000,"{c30dff82-6b97-0001-3685-f50e8bc5dc01}",912,8456,7417,SecurityEvent,"/subscriptions/d2baea97-676b-4bde-acc8-351170ec332a/resourcegroups/rg-soc-lab-april/providers/microsoft.compute/virtualmachines/soc-labtest-rg"
